
Gurobi 12.0.0 (mac64[arm]) logging started Wed Dec 10 00:32:14 2025

Set parameter LogFile to value "/Users/lennardhansmann/Desktop/Newspaperlayout/newspaperlayout/Instances/Diss/Large/L30P180(A)/sol/L30P180A2(A).log"
Set parameter Threads to value 1
Gurobi Optimizer version 12.0.0 build v12.0.0rc1 (mac64[arm] - Darwin 24.6.0 24G90)

CPU model: Apple M3 Pro
Thread count: 11 physical cores, 11 logical processors, using up to 1 threads

Non-default parameters:
TimeLimit  3600
Threads  1

Optimize a model with 30910 rows, 79551 columns and 1002755 nonzeros
Model fingerprint: 0x36121ae1
Variable types: 8107 continuous, 71444 integer (71444 binary)
Coefficient statistics:
  Matrix range     [3e-03, 1e+04]
  Objective range  [1e+00, 1e+00]
  Bounds range     [1e+00, 1e+04]
  RHS range        [9e-01, 1e+04]
Presolve removed 4250 rows and 21294 columns (presolve time = 5s)...
Presolve removed 5125 rows and 41630 columns
Presolve time: 8.83s
Presolved: 25785 rows, 37921 columns, 457451 nonzeros
Variable types: 3184 continuous, 34737 integer (31743 binary)
Found heuristic solution: objective -14.5812182

Root simplex log...

Iteration    Objective       Primal Inf.    Dual Inf.      Time
       0    1.3080832e+02   2.759690e+02   0.000000e+00      9s
   21447    1.4919611e+01   1.791346e+05   0.000000e+00     10s
   31282    1.3599970e+01   0.000000e+00   0.000000e+00     11s
   31282    1.3599970e+01   0.000000e+00   0.000000e+00     12s

Root relaxation: objective 1.359997e+01, 31282 iterations, 2.51 seconds (5.42 work units)

    Nodes    |    Current Node    |     Objective Bounds      |     Work
 Expl Unexpl |  Obj  Depth IntInf | Incumbent    BestBd   Gap | It/Node Time

     0     0   13.59997    0  894  -14.58122   13.59997   193%     -   11s
H    0     0                      -1.6481004   13.59997   925%     -   11s
H    0     0                      -0.4419883   13.59997  3177%     -   12s
H    0     0                      -0.3419883   13.59997  4077%     -   12s
H    0     0                      -0.0669883   13.59997      -     -   12s
     0     0   13.34146    0 1138   -0.06699   13.34146      -     -   13s
H    0     0                       0.4415151   13.34146  2922%     -   14s
H    0     0                       0.7336884   13.34146  1718%     -   14s
     0     0   13.33373    0 1096    0.73369   13.33373  1717%     -   14s
     0     0   12.99217    0 1194    0.73369   12.99217  1671%     -   18s
H    0     0                       1.3966523   12.99217   830%     -   18s
H    0     0                       1.4882445   12.99217   773%     -   18s
H    0     0                       1.6164283   12.99217   704%     -   18s
H    0     0                       1.8417541   12.99217   605%     -   18s
H    0     0                       2.0179407   12.99217   544%     -   18s
H    0     0                       2.4479476   12.99217   431%     -   18s
H    0     0                       2.7229476   12.99217   377%     -   18s
H    0     0                       2.9001719   12.99217   348%     -   18s
H    0     0                       3.0748009   12.99217   323%     -   18s
H    0     0                       3.0851103   12.99217   321%     -   18s
     0     0   12.96028    0 1360    3.08511   12.96028   320%     -   19s
     0     0   12.95123    0 1364    3.08511   12.95123   320%     -   19s
     0     0   12.95106    0 1367    3.08511   12.95106   320%     -   19s
     0     0   12.32010    0 1483    3.08511   12.32010   299%     -   26s
H    0     0                       3.2056148   12.32010   284%     -   27s
     0     0   12.24971    0 1722    3.20561   12.24971   282%     -   29s
     0     0   12.22881    0 1692    3.20561   12.22881   281%     -   31s
     0     0   12.22425    0 1642    3.20561   12.22425   281%     -   32s
     0     0   12.22327    0 1748    3.20561   12.22327   281%     -   32s
     0     0   12.22327    0 1748    3.20561   12.22327   281%     -   32s
     0     0   11.64153    0 1489    3.20561   11.64153   263%     -   41s
H    0     0                       4.6921697   11.64153   148%     -   41s
H    0     0                       4.6947624   11.64153   148%     -   41s
H    0     0                       4.8042153   11.64153   142%     -   41s
H    0     0                       5.7001052   11.64153   104%     -   41s
H    0     0                       5.9284959   11.64153  96.4%     -   41s
H    0     0                       6.1543979   11.64153  89.2%     -   41s
H    0     0                       6.2629646   11.64153  85.9%     -   42s
H    0     0                       6.2719463   11.64153  85.6%     -   42s
H    0     0                       6.4218618   11.64153  81.3%     -   42s
     0     0   11.61282    0 1540    6.42186   11.61282  80.8%     -   43s
     0     0   11.61169    0 1604    6.42186   11.61169  80.8%     -   43s
     0     0   11.61078    0 1570    6.42186   11.61078  80.8%     -   44s
     0     0   11.61056    0 1566    6.42186   11.61056  80.8%     -   44s
     0     0   11.28586    0 1554    6.42186   11.28586  75.7%     -   49s
     0     0   11.28432    0 1625    6.42186   11.28432  75.7%     -   50s
     0     0   11.25769    0 1577    6.42186   11.25769  75.3%     -   52s
     0     0   11.25206    0 1707    6.42186   11.25206  75.2%     -   53s
     0     0   11.25155    0 1762    6.42186   11.25155  75.2%     -   53s
     0     0   10.94108    0 1511    6.42186   10.94108  70.4%     -   59s
H    0     0                       6.4897609   10.94045  68.6%     -   60s
H    0     0                       6.4931008   10.94045  68.5%     -   60s
H    0     0                       6.5086940   10.94045  68.1%     -   61s
H    0     0                       6.8832817   10.94045  58.9%     -   61s
H    0     0                       6.9291943   10.94045  57.9%     -   61s
H    0     0                       6.9347866   10.94045  57.8%     -   62s
H    0     0                       7.0139189   10.94045  56.0%     -   62s
     0     0   10.90613    0 1535    7.01392   10.90613  55.5%     -   64s
     0     0   10.90372    0 1514    7.01392   10.90372  55.5%     -   64s
     0     0   10.90251    0 1545    7.01392   10.90251  55.4%     -   65s
     0     0   10.90146    0 1580    7.01392   10.90146  55.4%     -   65s
     0     0   10.67847    0 1499    7.01392   10.67847  52.2%     -   71s
H    0     0                       7.2889189   10.67797  46.5%     -   71s
     0     0   10.65153    0 1368    7.28892   10.65153  46.1%     -   73s
     0     0   10.64456    0 1513    7.28892   10.64456  46.0%     -   74s
     0     0   10.64138    0 1544    7.28892   10.64138  46.0%     -   75s
     0     0   10.64099    0 1476    7.28892   10.64099  46.0%     -   75s
     0     0   10.45945    0 1363    7.28892   10.45945  43.5%     -   80s
     0     0   10.45304    0 1427    7.28892   10.45304  43.4%     -   81s
H    0     0                       7.5639189   10.45304  38.2%     -   81s
H    0     0                       7.5715418   10.45304  38.1%     -   82s
H    0     0                       7.5945991   10.45304  37.6%     -   82s
H    0     0                       7.6095507   10.45304  37.4%     -   83s
     0     0   10.43660    0 1611    7.60955   10.43660  37.2%     -   84s
     0     0   10.43210    0 1577    7.60955   10.43210  37.1%     -   85s
     0     0   10.43099    0 1562    7.60955   10.43099  37.1%     -   85s
     0     0   10.25829    0 1484    7.60955   10.25829  34.8%     -   90s
     0     0   10.25758    0 1469    7.60955   10.25758  34.8%     -   90s
     0     0   10.21730    0 1601    7.60955   10.21730  34.3%     -   92s
     0     0   10.21318    0 1559    7.60955   10.21318  34.2%     -   93s
     0     0   10.21222    0 1541    7.60955   10.21222  34.2%     -   93s
     0     0   10.08623    0 1371    7.60955   10.08623  32.5%     -   98s
     0     0   10.06749    0 1445    7.60955   10.06749  32.3%     -  100s
     0     0   10.06494    0 1485    7.60955   10.06494  32.3%     -  100s
     0     0   10.06469    0 1465    7.60955   10.06469  32.3%     -  100s
     0     0    9.90302    0 1426    7.60955    9.90302  30.1%     -  106s
H    0     0                       7.6142447    9.90302  30.1%     -  106s
     0     0    9.87560    0 1458    7.61424    9.87560  29.7%     -  107s
     0     0    9.87373    0 1455    7.61424    9.87373  29.7%     -  108s
     0     0    9.75685    0 1556    7.61424    9.75685  28.1%     -  114s
     0     0    9.73131    0 1394    7.61424    9.73131  27.8%     -  116s
     0     0    9.72510    0 1364    7.61424    9.72510  27.7%     -  117s
     0     0    9.72379    0 1413    7.61424    9.72379  27.7%     -  117s
     0     0    9.62811    0 1415    7.61424    9.62811  26.4%     -  121s
     0     0    9.61149    0 1459    7.61424    9.61149  26.2%     -  124s
     0     0    9.60512    0 1482    7.61424    9.60512  26.1%     -  125s
     0     0    9.60450    0 1373    7.61424    9.60450  26.1%     -  125s
     0     0    9.51035    0 1655    7.61424    9.51035  24.9%     -  131s
H    0     0                       7.6776891    9.51014  23.9%     -  132s
H    0     0                       7.6832450    9.51014  23.8%     -  132s
     0     0    9.50249    0 1352    7.68324    9.50249  23.7%     -  134s
     0     0    9.50033    0 1448    7.68324    9.50033  23.6%     -  134s
     0     0    9.41652    0 1548    7.68324    9.41652  22.6%     -  140s
     0     0    9.40606    0 1603    7.68324    9.40606  22.4%     -  142s
     0     0    9.40249    0 1698    7.68324    9.40249  22.4%     -  143s
     0     0    9.40204    0 1610    7.68324    9.40204  22.4%     -  143s
     0     0    9.30426    0 1610    7.68324    9.30426  21.1%     -  148s
     0     0    9.28122    0 1808    7.68324    9.28122  20.8%     -  151s
     0     0    9.27865    0 1575    7.68324    9.27865  20.8%     -  152s
     0     0    9.21535    0 1592    7.68324    9.21535  19.9%     -  156s
     0     0    9.20488    0 1592    7.68324    9.20488  19.8%     -  158s
     0     0    9.20369    0 1616    7.68324    9.20369  19.8%     -  159s
     0     0    9.13564    0 1295    7.68324    9.13564  18.9%     -  163s
H    0     0                       7.8354009    9.13564  16.6%     -  165s
H    0     0                       7.8888244    9.13564  15.8%     -  165s
H    0     0                       7.8993376    9.13564  15.7%     -  167s
     0     0    9.12810    0 1533    7.89934    9.12810  15.6%     -  170s
     0     0    9.12714    0 1381    7.89934    9.12714  15.5%     -  170s
     0     0    9.07925    0 1256    7.89934    9.07925  14.9%     -  174s
     0     0    9.07066    0 1474    7.89934    9.07066  14.8%     -  177s
     0     0    9.06891    0 1495    7.89934    9.06891  14.8%     -  178s
     0     0    9.02264    0 1518    7.89934    9.02264  14.2%     -  182s
     0     0    9.00710    0 1647    7.89934    9.00710  14.0%     -  184s
     0     0    9.00413    0 1461    7.89934    9.00413  14.0%     -  185s
     0     0    8.97156    0 1512    7.89934    8.97156  13.6%     -  188s
H    0     0                       7.9376881    8.97156  13.0%     -  189s
H    0     0                       7.9408447    8.97156  13.0%     -  189s
H    0     0                       7.9441846    8.97156  12.9%     -  189s
     0     0    8.96212    0 1532    7.94418    8.96212  12.8%     -  192s
     0     0    8.95946    0 1431    7.94418    8.95946  12.8%     -  193s
     0     0    8.92423    0 1194    7.94418    8.92423  12.3%     -  196s
     0     0    8.91813    0 1244    7.94418    8.91813  12.3%     -  197s
     0     0    8.91644    0 1303    7.94418    8.91644  12.2%     -  197s
     0     0    8.88901    0 1494    7.94418    8.88901  11.9%     -  201s
     0     0    8.88559    0 1469    7.94418    8.88559  11.9%     -  202s
     0     0    8.86127    0 1250    7.94418    8.86127  11.5%     -  205s
     0     0    8.86000    0 1271    7.94418    8.86000  11.5%     -  206s
     0     0    8.84223    0 1343    7.94418    8.84223  11.3%     -  208s
     0     0    8.84223    0 1321    7.94418    8.84223  11.3%     -  209s
H    0     0                       8.0058039    8.84223  10.4%     -  215s
H    0     0                       8.0077235    8.84223  10.4%     -  215s
     0     2    8.84223    0 1320    8.00772    8.84223  10.4%     -  218s
     3     5    8.83992    3 1292    8.00772    8.84223  10.4%  1322  221s
     7     9    8.83679    7 1352    8.00772    8.84223  10.4%  1771  225s
    18    20    8.82475   17 1384    8.00772    8.84223  10.4%  1874  232s
H   26    26                       8.0233167    8.84223  10.2%  1456  236s
H   26    26                       8.0364393    8.84223  10.0%  1456  236s
    27    29    8.82035   26 1217    8.03644    8.84223  10.0%  1581  240s
    42    44    8.81303   40 1307    8.03644    8.84223  10.0%  1326  245s
    52    54    8.80776   48 1375    8.03644    8.84223  10.0%  1272  253s
    55    57    8.80670   51 1389    8.03644    8.84223  10.0%  1240  255s
H   78    78                       8.0376486    8.84223  10.0%  1021  261s
H   78    78                       8.0436208    8.84223  9.93%  1021  264s
    78    80    8.79905   73 1309    8.04362    8.84223  9.93%  1022  266s
H   81    81                       8.0728095    8.84223  9.53%   996  268s
    85    87    8.79389   78 1272    8.07281    8.84223  9.53%  1012  270s
   107   109    8.78538  100 1253    8.07281    8.84223  9.53%   933  275s
   132   134    8.73079  124 1055    8.07281    8.84223  9.53%   863  280s
   148   150    8.76519  139 1326    8.07281    8.84223  9.53%   861  285s
   171   173    8.75904  161 1153    8.07281    8.84223  9.53%   816  290s
   202   204    8.75031  191 1280    8.07281    8.84223  9.53%   760  295s
   231   233    8.74058  220 1219    8.07281    8.84223  9.53%   715  300s
   263   265    8.70746  249 1012    8.07281    8.84223  9.53%   675  305s
   296   298    8.70132  282 1063    8.07281    8.84223  9.53%   625  310s
   321   323    8.68842  302 1114    8.07281    8.84223  9.53%   621  315s
   345   347    8.65367  323 1063    8.07281    8.84223  9.53%   615  320s
   389   391    8.60868  365  913    8.07281    8.84223  9.53%   572  325s
   430   432    8.59309  405  912    8.07281    8.84223  9.53%   548  330s
H  456   456                       8.0971254    8.84223  9.20%   539  337s
   456   458    8.57995  429  990    8.09713    8.84223  9.20%   540  341s
   487   489    8.57152  459 1082    8.09713    8.84223  9.20%   526  345s
H  494   494                       8.1439007    8.84223  8.57%   521  345s
   531   533    8.56146  502  880    8.14390    8.84223  8.57%   504  350s
   567   569    8.55341  537  802    8.14390    8.84223  8.57%   485  355s
   609   611    8.53796  577  850    8.14390    8.84223  8.57%   472  360s
   649   651    8.51950  616  884    8.14390    8.84223  8.57%   462  365s
   709   711    8.48911  675  801    8.14390    8.84223  8.57%   443  370s
   774   774    8.45861  736  854    8.14390    8.84223  8.57%   422  375s
   859   859    8.43001  820  815    8.14390    8.84223  8.57%   391  380s
   930   930    8.40903  890  690    8.14390    8.84223  8.57%   373  385s
   991   991    8.39489  951  872    8.14390    8.84223  8.57%   363  390s
  1065  1065    8.38261 1025  823    8.14390    8.84223  8.57%   347  395s
  1123  1123    8.37288 1081  802    8.14390    8.84223  8.57%   342  400s
  1231  1231    8.34510 1188  767    8.14390    8.84223  8.57%   318  405s
  1353  1351    8.28309 1305  608    8.14390    8.84223  8.57%   295  410s
  1487  1485    8.24369 1439  702    8.14390    8.84223  8.57%   273  415s
  1625  1620    8.22770 1577  718    8.14390    8.84223  8.57%   254  420s
  1754  1747    8.20225 1704  510    8.14390    8.84223  8.57%   240  425s
  1780  1766    8.59502    1 1209    8.14390    8.84115  8.56%   242  436s
  1782  1767    8.43874  781 1321    8.14390    8.84115  8.56%   242  461s
  1784  1768    8.51156  633 1175    8.14390    8.84115  8.56%   242  467s
  1785  1769    8.75690  168 1369    8.14390    8.84115  8.56%   242  473s
  1786  1770    8.47272  700 1271    8.14390    8.84115  8.56%   242  481s
  1787  1770    8.61223  355 1454    8.14390    8.84115  8.56%   241  488s
  1788  1771    8.28271 1307 1583    8.14390    8.84115  8.56%   241  498s
  1789  1772    8.33954 1205 1725    8.14390    8.84115  8.56%   241  508s
  1790  1772    8.59985  387 1452    8.14390    8.84115  8.56%   241  516s
  1791  1773    8.81582   37 1365    8.14390    8.84115  8.56%   241  524s
  1792  1774    8.36410 1173 1865    8.14390    8.84115  8.56%   241  531s
  1793  1774    8.21894 1604 1377    8.14390    8.84115  8.56%   241  539s
  1794  1775    8.40082  915 1293    8.14390    8.84115  8.56%   240  544s
H 1794  1686                       8.1471254    8.78306  7.81%   240  553s
  1795  1687    8.70468  268 1488    8.14713    8.78306  7.81%   240  556s
  1796  1687    8.43874  781 1464    8.14713    8.71825  7.01%   240  561s
  1797  1688    8.27394 1345 1348    8.14713    8.65760  6.27%   240  566s
  1798  1689    8.36379 1182 1172    8.14713    8.60438  5.61%   240  571s
  1799  1689    8.56026  138 1194    8.14713    8.56026  5.07%   240  576s
  1801  1691    8.21058 1661  914    8.14713    8.49102  4.22%   240  585s
H 1802  1606                       8.1593624    8.44127  3.46%   239  594s
H 1802  1525                       8.1624636    8.44127  3.42%   239  594s
  1804  1527    8.33254 1230  980    8.16246    8.42668  3.24%   239  597s
  1805  1527    8.40833  176  929    8.16246    8.40833  3.01%   239  602s
  1806  1528    8.39580  431  952    8.16246    8.39580  2.86%   239  605s
  1807  1529    8.38526  969  943    8.16246    8.38526  2.73%   239  610s
  1809  1530    8.35172  889  808    8.16246    8.35172  2.32%   238  616s
  1811  1531    8.32180  278  705    8.16246    8.32180  1.95%   238  622s
  1813  1533    8.31031 1052  721    8.16246    8.31031  1.81%   238  629s
  1814  1533    8.28720 1276  856    8.16246    8.28720  1.53%   238  634s
  1815  1534    8.25051 1239  842    8.16246    8.25051  1.08%   238  640s
  1818  1537    8.24179 1278 1321    8.16246    8.24179  0.97%   464  646s
  1821  1539    8.24179 1438 1483    8.16246    8.24179  0.97%   463  652s
  1822  1540    8.24179 1022 1509    8.16246    8.24179  0.97%   462  655s
  1824  1541    8.24179 1271 1485    8.16246    8.24179  0.97%   462  661s
  1826  1542    8.24179 1444 1215    8.16246    8.24179  0.97%   461  667s
  1827  1543    8.24179  252 1215    8.16246    8.24179  0.97%   461  670s
  1829  1544    8.24179 1329  940    8.16246    8.24179  0.97%   461  675s
  1831  1546    8.24179  516  777    8.16246    8.24179  0.97%   460  680s
  1836  1550    8.23598  770 1177    8.16246    8.23598  0.90%   527  687s
  1838  1552    8.23598   96 1485    8.16246    8.23598  0.90%   526  690s
  1841  1554    8.23598 1250 1098    8.16246    8.23598  0.90%   525  696s
  1844  1556    8.23598 1281  858    8.16246    8.23598  0.90%   524  701s
H 1846  1478                       8.1706156    8.23386  0.77%   524  705s
  1856  1486    8.20435  318  712    8.17062    8.20435  0.41%   575  710s

Cutting planes:
  Learned: 19
  Gomory: 25
  Cover: 63
  Implied bound: 475
  Projected implied bound: 8
  Clique: 97
  MIR: 76
  Mixing: 3
  StrongCG: 3
  Flow cover: 264
  GUB cover: 60
  Zero half: 1
  Mod-K: 2
  RLT: 155
  Relax-and-lift: 394
  BQP: 5
  PSD: 1

Explored 1861 nodes (1657095 simplex iterations) in 712.58 seconds (1577.70 work units)
Thread count was 1 (of 11 available processors)

Solution count 10: 8.17062 8.16246 8.15936 ... 8.03644

Optimal solution found (tolerance 1.00e-04)
Best objective 8.170615595303e+00, best bound 8.171238289568e+00, gap 0.0076%
