
Gurobi 12.0.0 (mac64[arm]) logging started Tue Dec  9 20:33:38 2025

Set parameter LogFile to value "/Users/lennardhansmann/Desktop/Newspaperlayout/newspaperlayout/Instances/Diss/Large/L30P180(A)/sol/L30P180A4(A).log"
Set parameter Threads to value 1
Gurobi Optimizer version 12.0.0 build v12.0.0rc1 (mac64[arm] - Darwin 24.6.0 24G90)

CPU model: Apple M3 Pro
Thread count: 11 physical cores, 11 logical processors, using up to 1 threads

Non-default parameters:
TimeLimit  3600
Threads  1

Optimize a model with 33987 rows, 85583 columns and 1073090 nonzeros
Model fingerprint: 0xda0f7e9e
Variable types: 8948 continuous, 76635 integer (76635 binary)
Coefficient statistics:
  Matrix range     [2e-04, 1e+04]
  Objective range  [1e+00, 1e+00]
  Bounds range     [1e+00, 1e+04]
  RHS range        [9e-01, 1e+04]
Presolve removed 4319 rows and 25911 columns (presolve time = 5s)...
Presolve removed 5213 rows and 43283 columns
Presolve time: 8.86s
Presolved: 28774 rows, 42300 columns, 450307 nonzeros
Variable types: 3523 continuous, 38777 integer (35448 binary)
Found heuristic solution: objective -15.0000000
Found heuristic solution: objective -14.9259890
Found heuristic solution: objective -14.7250000

Root simplex log...

Iteration    Objective       Primal Inf.    Dual Inf.      Time
       0    1.3600574e+02   2.892759e+02   0.000000e+00      9s
   21716    1.4932804e+01   1.274280e+05   0.000000e+00     10s
   39071    1.3033189e+01   0.000000e+00   0.000000e+00     13s
   39071    1.3033189e+01   0.000000e+00   0.000000e+00     13s

Root relaxation: objective 1.303319e+01, 39071 iterations, 3.43 seconds (7.59 work units)

    Nodes    |    Current Node    |     Objective Bounds      |     Work
 Expl Unexpl |  Obj  Depth IntInf | Incumbent    BestBd   Gap | It/Node Time

     0     0   13.03319    0  759  -14.72500   13.03319   189%     -   13s
H    0     0                      -0.1308849   13.03319      -     -   13s
H    0     0                      -0.0067874   13.03319      -     -   13s
H    0     0                       0.2248342   13.03319  5697%     -   13s
H    0     0                       0.9827076   13.03319  1226%     -   13s
H    0     0                       1.0462306   13.03319  1146%     -   13s
     0     0   12.75514    0 1247    1.04623   12.75514  1119%     -   17s
H    0     0                       2.1765024   12.75514   486%     -   17s
H    0     0                       2.5156050   12.75514   407%     -   17s
     0     0   12.70750    0 1224    2.51560   12.70750   405%     -   18s
     0     0   12.39973    0 1362    2.51560   12.39973   393%     -   22s
     0     0   12.39955    0 1363    2.51560   12.39955   393%     -   22s
H    0     0                       2.5272559   12.39897   391%     -   23s
H    0     0                       2.5339888   12.39897   389%     -   23s
H    0     0                       3.1950916   12.39897   288%     -   23s
H    0     0                       3.3865391   12.39897   266%     -   23s
H    0     0                       3.6419204   12.39897   240%     -   23s
H    0     0                       3.6998028   12.39897   235%     -   23s
H    0     0                       3.7749661   12.39897   228%     -   23s
H    0     0                       3.9560507   12.39897   213%     -   23s
H    0     0                       4.0263098   12.39897   208%     -   23s
H    0     0                       4.0303719   12.39897   208%     -   23s
H    0     0                       4.2286684   12.39897   193%     -   23s
H    0     0                       4.2428315   12.39897   192%     -   23s
H    0     0                       4.2914466   12.39897   189%     -   23s
     0     0   12.35586    0 1398    4.29145   12.35586   188%     -   24s
     0     0   12.35301    0 1462    4.29145   12.35301   188%     -   25s
     0     0   12.35248    0 1407    4.29145   12.35248   188%     -   25s
     0     0   12.35248    0 1407    4.29145   12.35248   188%     -   25s
     0     0   11.85439    0 1417    4.29145   11.85439   176%     -   32s
H    0     0                       4.4692165   11.85439   165%     -   32s
     0     0   11.78387    0 1490    4.46922   11.78387   164%     -   34s
     0     0   11.77904    0 1553    4.46922   11.77904   164%     -   34s
     0     0   11.77783    0 1530    4.46922   11.77783   164%     -   34s
     0     0   11.36422    0 1560    4.46922   11.36422   154%     -   43s
H    0     0                       5.1564948   11.36422   120%     -   44s
H    0     0                       5.2233934   11.36422   118%     -   44s
H    0     0                       5.2495055   11.36422   116%     -   44s
H    0     0                       5.3377454   11.36422   113%     -   44s
H    0     0                       5.5654042   11.36422   104%     -   44s
H    0     0                       5.6122616   11.36422   102%     -   44s
H    0     0                       5.6818772   11.36422   100%     -   44s
H    0     0                       5.6877537   11.36422   100%     -   44s
H    0     0                       5.7282787   11.36422  98.4%     -   44s
H    0     0                       5.8260715   11.36422  95.1%     -   44s
     0     0   11.32762    0 1448    5.82607   11.32762  94.4%     -   46s
     0     0   11.32604    0 1470    5.82607   11.32604  94.4%     -   47s
     0     0   11.32549    0 1554    5.82607   11.32549  94.4%     -   47s
     0     0   11.32536    0 1540    5.82607   11.32536  94.4%     -   48s
     0     0   11.07344    0 1758    5.82607   11.07344  90.1%     -   56s
     0     0   11.04275    0 1765    5.82607   11.04275  89.5%     -   58s
     0     0   11.03697    0 1927    5.82607   11.03697  89.4%     -   60s
     0     0   11.03564    0 1739    5.82607   11.03564  89.4%     -   60s
     0     0   11.03541    0 1753    5.82607   11.03541  89.4%     -   60s
     0     0   10.85256    0 1617    5.82607   10.85256  86.3%     -   66s
H    0     0                       5.9233016   10.85256  83.2%     -   67s
H    0     0                       6.5141142   10.85256  66.6%     -   67s
H    0     0                       6.7547507   10.85256  60.7%     -   67s
H    0     0                       6.7581261   10.85256  60.6%     -   67s
H    0     0                       6.8479288   10.85256  58.5%     -   68s
H    0     0                       6.8855411   10.85256  57.6%     -   68s
H    0     0                       6.9600471   10.85256  55.9%     -   69s
     0     0   10.83928    0 1636    6.96005   10.83928  55.7%     -   72s
     0     0   10.83790    0 1636    6.96005   10.83790  55.7%     -   73s
     0     0   10.83787    0 1671    6.96005   10.83787  55.7%     -   73s
     0     0   10.62462    0 1743    6.96005   10.62462  52.7%     -   81s
     0     0   10.60619    0 1996    6.96005   10.60619  52.4%     -   83s
     0     0   10.60356    0 2047    6.96005   10.60356  52.3%     -   85s
     0     0   10.60261    0 1980    6.96005   10.60261  52.3%     -   85s
     0     0   10.60249    0 1940    6.96005   10.60249  52.3%     -   86s
     0     0   10.45566    0 1827    6.96005   10.45566  50.2%     -   95s
H    0     0                       7.0614367   10.45566  48.1%     -   96s
H    0     0                       7.0852190   10.45566  47.6%     -   96s
H    0     0                       7.0940426   10.45566  47.4%     -   97s
     0     0   10.43979    0 1930    7.09404   10.43979  47.2%     -  100s
     0     0   10.43320    0 1929    7.09404   10.43320  47.1%     -  101s
     0     0   10.43298    0 1898    7.09404   10.43298  47.1%     -  102s
     0     0   10.26991    0 1885    7.09404   10.26991  44.8%     -  111s
H    0     0                       7.1472097   10.26991  43.7%     -  111s
     0     0   10.26211    0 1803    7.14721   10.26211  43.6%     -  113s
     0     0   10.26010    0 1793    7.14721   10.26010  43.6%     -  114s
     0     0   10.26001    0 1764    7.14721   10.26001  43.6%     -  114s
     0     0   10.13379    0 1967    7.14721   10.13379  41.8%     -  122s
     0     0   10.11095    0 2037    7.14721   10.11095  41.5%     -  126s
     0     0   10.10353    0 1951    7.14721   10.10353  41.4%     -  128s
     0     0   10.10316    0 1958    7.14721   10.10316  41.4%     -  128s
     0     0    9.98790    0 1777    7.14721    9.98790  39.7%     -  137s
     0     0    9.97513    0 1766    7.14721    9.97513  39.6%     -  140s
     0     0    9.97304    0 1751    7.14721    9.97304  39.5%     -  141s
     0     0    9.97300    0 1682    7.14721    9.97300  39.5%     -  142s
     0     0    9.88051    0 1830    7.14721    9.88051  38.2%     -  149s
H    0     0                       7.3189977    9.88051  35.0%     -  150s
H    0     0                       7.3502196    9.88051  34.4%     -  150s
H    0     0                       7.3796930    9.88051  33.9%     -  151s
H    0     0                       7.4263033    9.88051  33.0%     -  151s
     0     0    9.85036    0 1764    7.42630    9.85036  32.6%     -  157s
     0     0    9.84724    0 1835    7.42630    9.84724  32.6%     -  158s
     0     0    9.84686    0 1745    7.42630    9.84686  32.6%     -  159s
     0     0    9.72441    0 1895    7.42630    9.72441  30.9%     -  167s
     0     0    9.70305    0 1925    7.42630    9.70305  30.7%     -  170s
     0     0    9.69843    0 1833    7.42630    9.69843  30.6%     -  172s
     0     0    9.69805    0 1769    7.42630    9.69805  30.6%     -  172s
     0     0    9.58575    0 1814    7.42630    9.58575  29.1%     -  180s
     0     0    9.57629    0 1820    7.42630    9.57629  29.0%     -  182s
     0     0    9.57428    0 1767    7.42630    9.57428  28.9%     -  184s
     0     0    9.45525    0 1774    7.42630    9.45525  27.3%     -  190s
     0     0    9.43582    0 1860    7.42630    9.43582  27.1%     -  193s
     0     0    9.43235    0 1813    7.42630    9.43235  27.0%     -  194s
     0     0    9.43145    0 1859    7.42630    9.43145  27.0%     -  194s
     0     0    9.34684    0 1648    7.42630    9.34684  25.9%     -  200s
H    0     0                       7.4730646    9.34684  25.1%     -  202s
     0     0    9.33553    0 1628    7.47306    9.33553  24.9%     -  207s
     0     0    9.33376    0 1613    7.47306    9.33376  24.9%     -  209s
     0     0    9.26404    0 1614    7.47306    9.26404  24.0%     -  215s
H    0     0                       7.6611848    9.26404  20.9%     -  216s
     0     0    9.24968    0 1785    7.66118    9.24968  20.7%     -  218s
     0     0    9.24774    0 1695    7.66118    9.24774  20.7%     -  220s
     0     0    9.19030    0 1619    7.66118    9.19030  20.0%     -  226s
     0     0    9.18260    0 1642    7.66118    9.18260  19.9%     -  229s
     0     0    9.18098    0 1659    7.66118    9.18098  19.8%     -  229s
     0     0    9.11211    0 1826    7.66118    9.11211  18.9%     -  235s
H    0     0                       7.6905448    9.11211  18.5%     -  235s
     0     0    9.10383    0 1828    7.69054    9.10383  18.4%     -  237s
     0     0    9.10196    0 1814    7.69054    9.10196  18.4%     -  238s
     0     0    9.04502    0 1515    7.69054    9.04502  17.6%     -  243s
     0     0    9.03730    0 1589    7.69054    9.03730  17.5%     -  245s
     0     0    9.03294    0 1588    7.69054    9.03294  17.5%     -  247s
     0     0    9.03246    0 1596    7.69054    9.03246  17.4%     -  247s
     0     0    8.97829    0 1526    7.69054    8.97829  16.7%     -  252s
     0     0    8.96587    0 1659    7.69054    8.96587  16.6%     -  258s
     0     0    8.96386    0 1670    7.69054    8.96386  16.6%     -  258s
     0     0    8.91219    0 1686    7.69054    8.91219  15.9%     -  262s
     0     0    8.90123    0 1770    7.69054    8.90123  15.7%     -  264s
     0     0    8.89958    0 1823    7.69054    8.89958  15.7%     -  265s
     0     0    8.84618    0 1610    7.69054    8.84618  15.0%     -  270s
     0     0    8.83812    0 1703    7.69054    8.83812  14.9%     -  272s
     0     0    8.83720    0 1708    7.69054    8.83720  14.9%     -  273s
     0     0    8.79289    0 1622    7.69054    8.79289  14.3%     -  278s
     0     0    8.78485    0 1686    7.69054    8.78485  14.2%     -  280s
     0     0    8.78344    0 1520    7.69054    8.78344  14.2%     -  281s
     0     0    8.75357    0 1514    7.69054    8.75357  13.8%     -  285s
H    0     0                       7.7122310    8.75357  13.5%     -  285s
H    0     0                       7.7310568    8.75357  13.2%     -  285s
     0     0    8.75133    0 1405    7.73106    8.75133  13.2%     -  286s
     0     0    8.71337    0 1696    7.73106    8.71337  12.7%     -  289s
     0     0    8.70856    0 1517    7.73106    8.70856  12.6%     -  292s
     0     0    8.70750    0 1626    7.73106    8.70750  12.6%     -  292s
     0     0    8.67250    0 1445    7.73106    8.67250  12.2%     -  296s
H    0     0                       7.7730900    8.67250  11.6%     -  296s
     0     0    8.66645    0 1591    7.77309    8.66645  11.5%     -  298s
     0     0    8.66500    0 1607    7.77309    8.66500  11.5%     -  298s
     0     0    8.64395    0 1614    7.77309    8.64395  11.2%     -  302s
     0     0    8.64395    0 1614    7.77309    8.64395  11.2%     -  302s
H    0     0                       7.7782526    8.64395  11.1%     -  311s
H    0     0                       7.8210182    8.64395  10.5%     -  311s
H    0     0                       7.8530650    8.64395  10.1%     -  312s
H    0     0                       7.9523811    8.64395  8.70%     -  312s
H    0     0                       7.9840182    8.64395  8.27%     -  312s
H    0     0                       8.0405564    8.64395  7.50%     -  316s
     0     2    8.64395    0 1614    8.04056    8.64395  7.50%     -  319s
     1     3    8.64323    1 1682    8.04056    8.64395  7.50%  3667  320s
     6     8    8.63937    6 1497    8.04056    8.64395  7.50%  1812  326s
     8    10    8.63914    8 1504    8.04056    8.64395  7.50%  1492  330s
    22    24    8.63642   22 1424    8.04056    8.64395  7.50%  1141  335s
H   26    26                       8.0632472    8.64395  7.20%  1088  338s
H   26    26                       8.0676200    8.64395  7.14%  1088  338s
H   26    26                       8.0824227    8.64395  6.95%  1088  338s
    31    33    8.63343   30 1432    8.08242    8.64395  6.95%  1058  340s
    52    54    8.63111   51 1438    8.08242    8.64395  6.95%   823  351s
    73    75    8.62948   72 1313    8.08242    8.64395  6.95%   715  356s
    78    80    8.62886   77 1506    8.08242    8.64395  6.95%   718  368s
    89    91    8.62791   88 1229    8.08242    8.64395  6.95%   670  370s
   108   110    8.62685  107 1403    8.08242    8.64395  6.95%   649  375s
   136   138    8.62552  135 1459    8.08242    8.64395  6.95%   580  380s
   159   161    8.60509  157 1387    8.08242    8.64395  6.95%   568  385s
   166   168    8.59923  163 1496    8.08242    8.64395  6.95%   598  390s
   180   182    8.58875  177 1420    8.08242    8.64395  6.95%   612  395s
   188   190    8.58674  184 1511    8.08242    8.64395  6.95%   627  402s
   195   197    8.58547  191 1525    8.08242    8.64395  6.95%   627  412s
   201   203    8.58361  196 1458    8.08242    8.64395  6.95%   642  415s
   224   226    8.57877  218 1468    8.08242    8.64395  6.95%   622  420s
   237   239    8.57141  230 1544    8.08242    8.64395  6.95%   633  425s
   255   257    8.56830  247 1466    8.08242    8.64395  6.95%   624  430s
   280   282    8.56479  272 1546    8.08242    8.64395  6.95%   611  435s
H  297   297                       8.1127748    8.64395  6.55%   603  438s
   311   313    8.55947  303 1473    8.11277    8.64395  6.55%   588  440s
   331   333    8.55555  322 1494    8.11277    8.64395  6.55%   591  445s
   351   353    8.54613  341 1627    8.11277    8.64395  6.55%   591  450s
   382   384    8.54113  372 1642    8.11277    8.64395  6.55%   567  455s
   404   406    8.53772  393 1643    8.11277    8.64395  6.55%   563  460s
   430   432    8.53481  419 1587    8.11277    8.64395  6.55%   550  465s
   452   454    8.52747  441 1459    8.11277    8.64395  6.55%   554  471s
   462   464    8.52310  450 1428    8.11277    8.64395  6.55%   565  475s
   479   481    8.51539  467 1363    8.11277    8.64395  6.55%   562  480s
   492   494    8.51313  480 1437    8.11277    8.64395  6.55%   554  498s
   513   515    8.51141  501 1328    8.11277    8.64395  6.55%   538  500s
   535   537    8.48463  523 1266    8.11277    8.64395  6.55%   537  505s
   567   569    8.47198  554 1538    8.11277    8.64395  6.55%   518  510s
H  591   591                       8.1286351    8.64395  6.34%   504  512s
H  591   591                       8.1379859    8.64395  6.22%   504  512s
H  591   591                       8.1494831    8.64395  6.07%   504  512s
H  591   591                       8.1509012    8.64395  6.05%   504  512s
   608   610    8.46924  595 1600    8.15090    8.64395  6.05%   495  515s
   658   660    8.46632  645 1511    8.15090    8.64395  6.05%   467  521s
   702   704    8.45850  689 1441    8.15090    8.64395  6.05%   446  525s
   741   743    8.45403  727 1402    8.15090    8.64395  6.05%   435  530s
   783   785    8.44780  769 1386    8.15090    8.64395  6.05%   425  535s
   823   825    8.44260  808 1403    8.15090    8.64395  6.05%   414  540s
   860   862    8.43379  844 1284    8.15090    8.64395  6.05%   407  545s
   900   902    8.42579  884 1438    8.15090    8.64395  6.05%   401  550s
   945   947    8.41940  928 1388    8.15090    8.64395  6.05%   391  555s
   995   997    8.41468  978 1403    8.15090    8.64395  6.05%   378  560s
  1033  1035    8.40949 1013 1202    8.15090    8.64395  6.05%   375  565s
  1077  1079    8.39892 1056 1249    8.15090    8.64395  6.05%   369  570s
  1117  1119    8.39494 1095 1326    8.15090    8.64395  6.05%   362  575s
  1167  1169    8.38735 1145 1103    8.15090    8.64395  6.05%   354  580s
  1212  1214    8.36776 1189 1157    8.15090    8.64395  6.05%   349  585s
  1256  1258    8.37679 1232 1126    8.15090    8.64395  6.05%   343  590s
  1309  1311    8.36766 1284 1107    8.15090    8.64395  6.05%   337  595s
  1358  1360    8.36017 1333 1273    8.15090    8.64395  6.05%   331  600s
  1400  1402    8.35542 1375 1085    8.15090    8.64395  6.05%   327  605s
  1453  1455    8.35050 1428 1029    8.15090    8.64395  6.05%   323  610s
  1504  1506    8.34517 1477  953    8.15090    8.64395  6.05%   318  615s
  1556  1558    8.33348 1527  948    8.15090    8.64395  6.05%   314  620s
  1606  1608    8.18911 1574 1075    8.15090    8.64395  6.05%   312  626s
  1647  1649    8.30518 1613 1033    8.15090    8.64395  6.05%   308  630s
  1700  1702    8.28022 1664 1126    8.15090    8.64395  6.05%   305  635s
  1782  1784    8.27128 1746 1058    8.15090    8.64395  6.05%   294  640s
  1881  1883    8.25748 1845  996    8.15090    8.64395  6.05%   282  645s
  1975  1977    8.24171 1938  822    8.15090    8.64395  6.05%   272  650s
  2035  2037    8.23616 1998  819    8.15090    8.64395  6.05%   268  655s
  2133  2134    8.23092 2096  815    8.15090    8.64395  6.05%   259  660s
  2241  2242    8.22748 2204  861    8.15090    8.64395  6.05%   248  665s
  2364  2364    8.22385 2327  734    8.15090    8.64395  6.05%   237  670s
  2481  2479    8.19278 2443  804    8.15090    8.64395  6.05%   229  675s
  2551  2539    8.56698  256 1614    8.15090    8.64395  6.05%   225  710s
  2553  2540    8.56365  279 1194    8.15090    8.64395  6.05%   225  715s
  2554  2541    8.54271  356 1571    8.15090    8.64395  6.05%   225  724s
  2555  2542    8.41905  937 1570    8.15090    8.64395  6.05%   224  735s
  2556  2542    8.32104 1568 1514    8.15090    8.64395  6.05%   224  749s
  2557  2543    8.22512 2289 1711    8.15090    8.64395  6.05%   224  762s
  2558  2544    8.46866  610 1823    8.15090    8.64395  6.05%   224  776s
  2559  2544    8.53464  422 2147    8.15090    8.64395  6.05%   224  788s
  2560  2545    8.41210  999 2038    8.15090    8.64395  6.05%   224  800s
  2561  2546    8.29986 1646 1967    8.15090    8.64395  6.05%   224  813s
  2562  2546    8.43195  856 1723    8.15090    8.64395  6.05%   224  824s
  2563  2547    8.56438  275 1703    8.15090    8.64395  6.05%   224  834s
  2564  2548    8.22982 2162 1645    8.15090    8.64395  6.05%   224  850s
  2565  2548    8.51394  476 1397    8.15090    8.64395  6.05%   224  858s
  2566  2549    8.27996 1703 1421    8.15090    8.62939  5.87%   223  867s
  2567  2550    8.23369 2039 1321    8.15090    8.52604  4.60%   223  873s
  2568  2550    8.31727   65 1604    8.15090    8.46023  3.79%   223  887s
  2569  2551    8.35007 1438 1335    8.15090    8.38467  2.87%   223  893s
  2570  2552    8.34784 1197 1361    8.15090    8.34784  2.42%   223  901s
  2571  2552    8.20758 2418 1312    8.15090    8.32415  2.13%   223  905s
  2572  2553    8.29267 1318 1098    8.15090    8.29267  1.74%   223  912s
  2574  2554    8.27045 1263  982    8.15090    8.27045  1.47%   223  915s
  2578  2558    8.27045  844 1304    8.15090    8.27045  1.47%   416  926s
  2579  2559    8.27045  740 1427    8.15090    8.27045  1.47%   416  933s
  2580  2560    8.21283 1981 1510    8.15090    8.27045  1.47%   416  939s
H 2580  2431                       8.1578048    8.27045  1.38%   416  946s
  2582  2432    8.23376 2033 1679    8.15780    8.27045  1.38%   416  954s
  2583  2433    8.27045 1468 1706    8.15780    8.27045  1.38%   415  964s
  2584  2433    8.27045  408 1502    8.15780    8.27045  1.38%   415  972s
H 2584  2312                       8.1622118    8.27045  1.33%   415  981s
  2586  2314    8.27045 1575 1649    8.16221    8.27045  1.33%   415  988s
  2587  2314    8.27045 1336 1314    8.16221    8.27045  1.33%   415  997s
  2588  2315    8.22486 2298 1394    8.16221    8.27045  1.33%   415 1003s
H 2588  2199                       8.1728083    8.27045  1.19%   415 1010s
  2591  2201    8.22548 2277 1403    8.17281    8.27045  1.19%   414 1020s
  2593  2202    8.26666 1288 1038    8.17281    8.26666  1.15%   414 1028s
  2596  2206    8.22627 2240 1614    8.17281    8.25362  0.99%   538 1034s
  2598  2207    8.24668 1896 1231    8.17281    8.25362  0.99%   538 1039s
  2599  2208    8.25362 1138 1356    8.17281    8.25362  0.99%   538 1043s
  2600  2209    8.25362  151 1366    8.17281    8.25362  0.99%   537 1046s
  2602  2210    8.25362 1610 1474    8.17281    8.25362  0.99%   537 1053s
  2603  2211    8.25362  751 1252    8.17281    8.25362  0.99%   537 1058s
  2604  2211    8.25362 1465 1330    8.17281    8.25362  0.99%   537 1060s
  2605  2212    8.23020 2112 1202    8.17281    8.25362  0.99%   536 1065s
  2607  2213    8.25362 1740 1368    8.17281    8.25362  0.99%   536 1073s
  2608  2214    8.24627 1905 1366    8.17281    8.25362  0.99%   536 1075s
H 2608  2103                       8.1885249    8.25362  0.79%   536 1079s
H 2608  1997                       8.1918913    8.25362  0.75%   536 1079s
  2610  1998    8.25362 1643 1129    8.19189    8.25362  0.75%   535 1082s
  2611  1999    8.19257 2453  788    8.19189    8.25362  0.75%   535 1085s
  2615  2003    8.22888   57 1614    8.19189    8.22888  0.45%   611 1091s
  2619  2006    8.22888 1453 1162    8.19189    8.22888  0.45%   610 1095s
  2623  2008    8.22888 1179  814    8.19189    8.22888  0.45%   609 1100s
H 2627  1910                       8.1949604    8.22630  0.38%   608 1104s
H 2627  1814                       8.1951789    8.22630  0.38%   608 1104s
H 2627  1723                       8.2021997    8.22630  0.29%   608 1104s
H 2627  1637                       8.2143674    8.22630  0.15%   608 1104s
H 2627  1555                       8.2203213    8.22630  0.07%   608 1104s
  2639  1565    8.22502 1761  172    8.22032    8.22502  0.06%   632 1105s
* 2666  1505              80       8.2214557    8.22146  0.00%   626 1105s

Cutting planes:
  Gomory: 6
  Implied bound: 1
  Flow cover: 1
  Zero half: 3
  RLT: 2

Explored 2666 nodes (2469513 simplex iterations) in 1105.26 seconds (2660.59 work units)
Thread count was 1 (of 11 available processors)

Solution count 10: 8.22146 8.22032 8.22032 ... 8.19518

Optimal solution found (tolerance 1.00e-04)
Best objective 8.221455712746e+00, best bound 8.221455712746e+00, gap 0.0000%
