
Gurobi 12.0.0 (mac64[arm]) logging started Wed Dec 10 02:22:09 2025

Set parameter LogFile to value "/Users/lennardhansmann/Desktop/Newspaperlayout/newspaperlayout/Instances/Diss/Large/L30P180(A)/sol/L30P180A8(A).log"
Set parameter Threads to value 1
Gurobi Optimizer version 12.0.0 build v12.0.0rc1 (mac64[arm] - Darwin 24.6.0 24G90)

CPU model: Apple M3 Pro
Thread count: 11 physical cores, 11 logical processors, using up to 1 threads

Non-default parameters:
TimeLimit  3600
Threads  1

Optimize a model with 34261 rows, 90506 columns and 1147709 nonzeros
Model fingerprint: 0xc8e1be14
Variable types: 8889 continuous, 81617 integer (81617 binary)
Coefficient statistics:
  Matrix range     [9e-04, 1e+04]
  Objective range  [1e+00, 1e+00]
  Bounds range     [1e+00, 1e+04]
  RHS range        [9e-01, 1e+04]
Presolve removed 3918 rows and 22635 columns (presolve time = 5s)...
Presolve removed 4172 rows and 36373 columns
Presolve time: 9.49s
Presolved: 30089 rows, 54133 columns, 663577 nonzeros
Variable types: 3524 continuous, 50609 integer (47248 binary)
Found heuristic solution: objective -15.0000000
Found heuristic solution: objective -14.8687984

Root simplex log...

Iteration    Objective       Primal Inf.    Dual Inf.      Time
       0    1.4636471e+02   1.918324e+02   0.000000e+00     10s
    6011    1.4625793e+02   1.065355e+06   0.000000e+00     10s
   42620    1.4254133e+01   3.352008e+04   0.000000e+00     15s
   44534    1.4250000e+01   0.000000e+00   0.000000e+00     16s
   44534    1.4250000e+01   0.000000e+00   0.000000e+00     16s

Root relaxation: objective 1.425000e+01, 44534 iterations, 5.80 seconds (12.71 work units)

    Nodes    |    Current Node    |     Objective Bounds      |     Work
 Expl Unexpl |  Obj  Depth IntInf | Incumbent    BestBd   Gap | It/Node Time

     0     0   14.25000    0  463  -14.86880   14.25000   196%     -   16s
     0     0   14.25000    0  804  -14.86880   14.25000   196%     -   19s
     0     0   14.25000    0  842  -14.86880   14.25000   196%     -   19s
     0     0   14.25000    0  745  -14.86880   14.25000   196%     -   20s
     0     0   14.25000    0  764  -14.86880   14.25000   196%     -   20s
     0     0   14.25000    0  769  -14.86880   14.25000   196%     -   21s
     0     0   14.25000    0  810  -14.86880   14.25000   196%     -   21s
     0     0   14.25000    0  719  -14.86880   14.25000   196%     -   22s
     0     0   14.25000    0  732  -14.86880   14.25000   196%     -   22s
     0     0   14.25000    0  778  -14.86880   14.25000   196%     -   23s
     0     0   14.25000    0  773  -14.86880   14.25000   196%     -   24s
H    0     0                      -2.2976114   14.25000   720%     -   24s
H    0     0                      -1.7850290   14.25000   898%     -   24s
H    0     0                      -1.4937218   14.25000  1054%     -   24s
H    0     0                      -1.3942107   14.25000  1122%     -   24s
H    0     0                      -1.2980483   14.25000  1198%     -   24s
H    0     0                      -1.2907528   14.25000  1204%     -   24s
H    0     0                      -1.2349042   14.25000  1254%     -   24s
H    0     0                      -1.0172074   14.25000  1501%     -   24s
H    0     0                      -0.6182222   14.25000  2405%     -   24s
H    0     0                      -0.1542731   14.25000  9337%     -   24s
H    0     0                       0.7379382   14.25000  1831%     -   24s
H    0     0                       0.7658896   14.25000  1761%     -   24s
H    0     0                       1.7402334   14.25000   719%     -   24s
H    0     0                       2.0035404   14.25000   611%     -   24s
H    0     0                       2.3658550   14.25000   502%     -   24s
H    0     0                       2.3884950   14.25000   497%     -   24s
H    0     0                       2.8219746   14.25000   405%     -   24s
H    0     0                       2.9950868   14.25000   376%     -   24s
H    0     0                       3.1664804   14.25000   350%     -   24s
H    0     0                       3.6655223   14.25000   289%     -   24s
H    0     0                       3.7606023   14.25000   279%     -   24s
     0     0   13.95992    0 1167    3.76060   13.95992   271%     -   27s
     0     0   13.94095    0 1189    3.76060   13.94095   271%     -   28s
     0     0   13.92880    0 1189    3.76060   13.92880   270%     -   30s
     0     0   13.91932    0 1212    3.76060   13.91932   270%     -   30s
H    0     0                       4.5756952   13.91932   204%     -   31s
     0     0   13.89190    0 1257    4.57570   13.89190   204%     -   32s
     0     0   13.89190    0  625    4.57570   13.89190   204%     -   43s
H    0     0                       4.5933698   13.89190   202%     -   43s
H    0     0                       4.9019260   13.89190   183%     -   43s
H    0     0                       4.9393730   13.89190   181%     -   43s
H    0     0                       5.0547199   13.89190   175%     -   43s
H    0     0                       5.0725972   13.89190   174%     -   43s
     0     0   13.85072    0 1227    5.07260   13.85072   173%     -   49s
     0     0   13.84551    0 1329    5.07260   13.84551   173%     -   51s
     0     0   13.83594    0 1289    5.07260   13.83594   173%     -   52s
     0     0   13.83549    0 1244    5.07260   13.83549   173%     -   52s
H    0     0                       5.2026551   13.83451   166%     -   52s
     0     0   13.57807    0 1473    5.20266   13.57807   161%     -   58s
     0     0   13.56852    0 1554    5.20266   13.56852   161%     -   59s
     0     0   13.56749    0 1601    5.20266   13.56749   161%     -   60s
     0     0   13.56697    0 1505    5.20266   13.56697   161%     -   60s
     0     0   13.56697    0 1519    5.20266   13.56697   161%     -   60s
     0     0   13.56697    0 1518    5.20266   13.56697   161%     -   60s
     0     0   13.56697    0 1517    5.20266   13.56697   161%     -   60s
     0     0   13.17167    0 1563    5.20266   13.17167   153%     -   69s
     0     0   13.16028    0 1689    5.20266   13.16028   153%     -   71s
     0     0   13.15994    0 1617    5.20266   13.15994   153%     -   71s
     0     0   13.15979    0 1616    5.20266   13.15979   153%     -   71s
H    0     0                       5.4449101   13.15979   142%     -   71s
H    0     0                       5.4680708   13.15979   141%     -   71s
H    0     0                       5.4784857   13.15979   140%     -   71s
H    0     0                       5.6797054   13.15979   132%     -   71s
H    0     0                       5.8911882   13.15979   123%     -   71s
H    0     0                       5.9354584   13.15979   122%     -   72s
H    0     0                       5.9433116   13.15979   121%     -   72s
     0     0   13.10751    0 1647    5.94331   13.10751   121%     -   77s
     0     0   13.10733    0 1636    5.94331   13.10733   121%     -   77s
     0     0   13.10724    0 1532    5.94331   13.10724   121%     -   77s
     0     0   13.10723    0 1572    5.94331   13.10723   121%     -   77s
     0     0   13.09930    0 1549    5.94331   13.09930   120%     -   78s
     0     0   13.09929    0 1549    5.94331   13.09929   120%     -   78s
     0     0   13.09910    0 1519    5.94331   13.09910   120%     -   79s
     0     0   12.54894    0 1632    5.94331   12.54894   111%     -   93s
     0     0   12.53515    0 1657    5.94331   12.53515   111%     -   98s
     0     0   12.53459    0 1694    5.94331   12.53459   111%     -   99s
     0     0   12.53456    0 1679    5.94331   12.53456   111%     -   99s
     0     0   12.53456    0 1675    5.94331   12.53456   111%     -   99s
H    0     0                       6.0068812   12.53456   109%     -   99s
     0     0   12.49027    0 1843    6.00688   12.49027   108%     -  104s
     0     0   12.48830    0 1883    6.00688   12.48830   108%     -  105s
     0     0   12.48820    0 1854    6.00688   12.48820   108%     -  106s
     0     0   12.48093    0 1784    6.00688   12.48093   108%     -  108s
     0     0   12.48063    0 1807    6.00688   12.48063   108%     -  108s
     0     0   12.03385    0 2029    6.00688   12.03385   100%     -  127s
     0     0   12.02021    0 2159    6.00688   12.02021   100%     -  132s
     0     0   12.01975    0 2121    6.00688   12.01975   100%     -  132s
     0     0   12.01940    0 2126    6.00688   12.01940   100%     -  133s
H    0     0                       6.2028080   12.01940  93.8%     -  133s
H    0     0                       6.5276040   12.01940  84.1%     -  133s
H    0     0                       6.5618918   12.01940  83.2%     -  133s
H    0     0                       6.7652295   12.01940  77.7%     -  134s
     0     0   11.96515    0 1989    6.76523   11.96515  76.9%     -  139s
     0     0   11.96513    0 1894    6.76523   11.96513  76.9%     -  139s
     0     0   11.94757    0 2002    6.76523   11.94757  76.6%     -  142s
     0     0   11.94756    0 1987    6.76523   11.94756  76.6%     -  142s
     0     0   11.94756    0 1985    6.76523   11.94756  76.6%     -  143s
     0     0   11.94674    0 1970    6.76523   11.94674  76.6%     -  144s
     0     0   11.94673    0 1946    6.76523   11.94673  76.6%     -  144s
     0     0   11.94643    0 1950    6.76523   11.94643  76.6%     -  144s
     0     0   11.71624    0 2046    6.76523   11.71624  73.2%     -  156s
     0     0   11.70886    0 2021    6.76523   11.70886  73.1%     -  160s
     0     0   11.70821    0 1943    6.76523   11.70821  73.1%     -  160s
     0     0   11.70820    0 1928    6.76523   11.70820  73.1%     -  160s
H    0     0                       6.7873807   11.70820  72.5%     -  161s
H    0     0                       6.8648902   11.70820  70.6%     -  161s
H    0     0                       6.8791693   11.70820  70.2%     -  161s
H    0     0                       6.8992336   11.70820  69.7%     -  161s
     0     0   11.67330    0 1774    6.89923   11.67330  69.2%     -  165s
     0     0   11.67324    0 1784    6.89923   11.67324  69.2%     -  166s
     0     0   11.66860    0 1797    6.89923   11.66860  69.1%     -  168s
     0     0   11.66860    0 1814    6.89923   11.66860  69.1%     -  168s
     0     0   11.66860    0 1749    6.89923   11.66860  69.1%     -  168s
     0     0   11.46671    0 2184    6.89923   11.46671  66.2%     -  183s
     0     0   11.45021    0 2064    6.89923   11.45021  66.0%     -  187s
     0     0   11.44480    0 2179    6.89923   11.44480  65.9%     -  190s
     0     0   11.44474    0 2201    6.89923   11.44474  65.9%     -  190s
H    0     0                       6.9079501   11.44450  65.7%     -  190s
H    0     0                       6.9085315   11.44450  65.7%     -  191s
H    0     0                       6.9833624   11.44450  63.9%     -  191s
H    0     0                       7.0235271   11.44450  62.9%     -  191s
     0     0   11.40513    0 2197    7.02353   11.40513  62.4%     -  197s
     0     0   11.40442    0 2112    7.02353   11.40442  62.4%     -  198s
     0     0   11.40442    0 2088    7.02353   11.40442  62.4%     -  198s
     0     0   11.40442    0 2060    7.02353   11.40442  62.4%     -  198s
     0     0   11.39406    0 2176    7.02353   11.39406  62.2%     -  200s
     0     0   11.39402    0 2158    7.02353   11.39402  62.2%     -  200s
     0     0   11.39401    0 2148    7.02353   11.39401  62.2%     -  200s
     0     0   11.39363    0 2081    7.02353   11.39363  62.2%     -  201s
     0     0   11.18601    0 2224    7.02353   11.18601  59.3%     -  215s
     0     0   11.16846    0 2322    7.02353   11.16846  59.0%     -  219s
     0     0   11.16751    0 2274    7.02353   11.16751  59.0%     -  221s
     0     0   11.16718    0 2277    7.02353   11.16718  59.0%     -  222s
     0     0   11.16714    0 2260    7.02353   11.16714  59.0%     -  222s
H    0     0                       7.3412439   11.16714  52.1%     -  222s
H    0     0                       7.4534239   11.16714  49.8%     -  222s
H    0     0                       7.4956063   11.16714  49.0%     -  222s
H    0     0                       7.6413222   11.16714  46.1%     -  222s
H    0     0                       7.6862101   11.16714  45.3%     -  222s
H    0     0                       7.7065214   11.16714  44.9%     -  222s
H    0     0                       7.7161116   11.16714  44.7%     -  222s
H    0     0                       7.7164046   11.16714  44.7%     -  222s
     0     0   11.13550    0 2242    7.71640   11.13550  44.3%     -  229s
     0     0   11.13523    0 2243    7.71640   11.13523  44.3%     -  230s
     0     0   11.13509    0 2195    7.71640   11.13509  44.3%     -  230s
     0     0   11.12933    0 2292    7.71640   11.12933  44.2%     -  232s
     0     0   11.12895    0 2298    7.71640   11.12895  44.2%     -  233s
     0     0   11.12894    0 2271    7.71640   11.12894  44.2%     -  233s
     0     0   11.12894    0 2273    7.71640   11.12894  44.2%     -  233s
     0     0   11.12861    0 2252    7.71640   11.12861  44.2%     -  233s
     0     0   11.12859    0 2214    7.71640   11.12859  44.2%     -  234s
     0     0   10.92590    0 2343    7.71640   10.92590  41.6%     -  249s
     0     0   10.91769    0 2198    7.71640   10.91769  41.5%     -  255s
     0     0   10.91719    0 2174    7.71640   10.91719  41.5%     -  256s
     0     0   10.91717    0 2201    7.71640   10.91717  41.5%     -  256s
     0     0   10.91717    0 2177    7.71640   10.91717  41.5%     -  256s
H    0     0                       7.7199182   10.91717  41.4%     -  257s
H    0     0                       7.7746355   10.91717  40.4%     -  257s
H    0     0                       7.7756331   10.91717  40.4%     -  257s
     0     0   10.89404    0 2128    7.77563   10.89404  40.1%     -  263s
     0     0   10.89311    0 2213    7.77563   10.89311  40.1%     -  266s
     0     0   10.89310    0 2211    7.77563   10.89310  40.1%     -  266s
     0     0   10.88682    0 2112    7.77563   10.88682  40.0%     -  267s
     0     0   10.88682    0 2117    7.77563   10.88682  40.0%     -  267s
     0     0   10.88569    0 2043    7.77563   10.88569  40.0%     -  268s
     0     0   10.70293    0 1819    7.77563   10.70293  37.6%     -  282s
     0     0   10.70015    0 1652    7.77563   10.70015  37.6%     -  283s
     0     0   10.69991    0 1724    7.77563   10.69991  37.6%     -  284s
     0     0   10.66885    0 1991    7.77563   10.66885  37.2%     -  290s
     0     0   10.66863    0 1941    7.77563   10.66863  37.2%     -  290s
     0     0   10.66863    0 1917    7.77563   10.66863  37.2%     -  290s
     0     0   10.66538    0 1964    7.77563   10.66538  37.2%     -  292s
     0     0   10.66537    0 1975    7.77563   10.66537  37.2%     -  292s
     0     0   10.66536    0 1928    7.77563   10.66536  37.2%     -  292s
     0     0   10.66536    0 1916    7.77563   10.66536  37.2%     -  292s
     0     0   10.66534    0 1972    7.77563   10.66534  37.2%     -  293s
     0     0   10.66466    0 1929    7.77563   10.66466  37.2%     -  293s
     0     0   10.55169    0 1993    7.77563   10.55169  35.7%     -  307s
     0     0   10.54696    0 1989    7.77563   10.54696  35.6%     -  310s
H    0     0                       7.9051552   10.54696  33.4%     -  311s
     0     0   10.51673    0 1937    7.90516   10.51673  33.0%     -  318s
     0     0   10.51394    0 1912    7.90516   10.51394  33.0%     -  320s
     0     0   10.51389    0 1922    7.90516   10.51389  33.0%     -  320s
     0     0   10.51389    0 1888    7.90516   10.51389  33.0%     -  320s
     0     0   10.50892    0 1855    7.90516   10.50892  32.9%     -  323s
     0     0   10.50879    0 1926    7.90516   10.50879  32.9%     -  323s
     0     0   10.50878    0 1880    7.90516   10.50878  32.9%     -  324s
     0     0   10.50633    0 1792    7.90516   10.50633  32.9%     -  325s
     0     0   10.50594    0 1817    7.90516   10.50594  32.9%     -  326s
     0     0   10.50593    0 1852    7.90516   10.50593  32.9%     -  326s
     0     0   10.38134    0 1968    7.90516   10.38134  31.3%     -  337s
     0     0   10.36407    0 1933    7.90516   10.36407  31.1%     -  342s
     0     0   10.36149    0 2021    7.90516   10.36149  31.1%     -  346s
     0     0   10.36087    0 1879    7.90516   10.36087  31.1%     -  347s
     0     0   10.36016    0 1878    7.90516   10.36016  31.1%     -  348s
     0     0   10.36015    0 1882    7.90516   10.36015  31.1%     -  348s
     0     0   10.31795    0 2168    7.90516   10.31795  30.5%     -  356s
     0     0   10.31664    0 2004    7.90516   10.31664  30.5%     -  357s
     0     0   10.31662    0 2031    7.90516   10.31662  30.5%     -  357s
     0     0   10.31662    0 2027    7.90516   10.31662  30.5%     -  357s
     0     0   10.30834    0 1846    7.90516   10.30834  30.4%     -  362s
     0     0   10.30808    0 1938    7.90516   10.30808  30.4%     -  362s
     0     0   10.30808    0 2017    7.90516   10.30808  30.4%     -  362s
     0     0   10.30696    0 2060    7.90516   10.30696  30.4%     -  363s
     0     0   10.22619    0 2233    7.90516   10.22619  29.4%     -  376s
     0     0   10.21940    0 2138    7.90516   10.21940  29.3%     -  380s
     0     0   10.21903    0 2144    7.90516   10.21903  29.3%     -  380s
     0     0   10.21903    0 2012    7.90516   10.21903  29.3%     -  380s
     0     0   10.21903    0 2013    7.90516   10.21903  29.3%     -  380s
H    0     0                       7.9383636   10.21820  28.7%     -  383s
H    0     0                       7.9930058   10.21820  27.8%     -  385s
     0     0   10.19365    0 2165    7.99301   10.19365  27.5%     -  389s
     0     0   10.19317    0 2145    7.99301   10.19317  27.5%     -  390s
     0     0   10.19107    0 2041    7.99301   10.19107  27.5%     -  391s
     0     0   10.19104    0 2119    7.99301   10.19104  27.5%     -  391s
     0     0   10.19103    0 2086    7.99301   10.19103  27.5%     -  391s
     0     0   10.19103    0 1991    7.99301   10.19103  27.5%     -  391s
     0     0   10.10015    0 2036    7.99301   10.10015  26.4%     -  401s
     0     0   10.09567    0 2002    7.99301   10.09567  26.3%     -  404s
     0     0   10.09509    0 2065    7.99301   10.09509  26.3%     -  405s
     0     0   10.09504    0 1956    7.99301   10.09504  26.3%     -  405s
     0     0   10.09504    0 1970    7.99301   10.09504  26.3%     -  405s
     0     0   10.09504    0 2015    7.99301   10.09504  26.3%     -  405s
H    0     0                       7.9955110   10.09503  26.3%     -  405s
H    0     0                       8.0033643   10.09503  26.1%     -  405s
H    0     0                       8.0176435   10.09503  25.9%     -  405s
     0     0   10.08060    0 1829    8.01764   10.08060  25.7%     -  410s
     0     0   10.08050    0 1865    8.01764   10.08050  25.7%     -  410s
     0     0   10.08049    0 1864    8.01764   10.08049  25.7%     -  411s
     0     0   10.07477    0 2021    8.01764   10.07477  25.7%     -  413s
     0     0   10.07476    0 2020    8.01764   10.07476  25.7%     -  413s
     0     0   10.07310    0 1882    8.01764   10.07310  25.6%     -  414s
     0     0    9.98821    0 1968    8.01764    9.98821  24.6%     -  424s
     0     0    9.98630    0 1982    8.01764    9.98630  24.6%     -  427s
     0     0    9.98564    0 2030    8.01764    9.98564  24.5%     -  428s
     0     0    9.98563    0 2030    8.01764    9.98563  24.5%     -  429s
H    0     0                       8.0654699    9.98563  23.8%     -  432s
H    0     0                       8.0752800    9.98563  23.7%     -  434s
H    0     0                       8.0967303    9.98563  23.3%     -  434s
H    0     0                       8.1110360    9.98563  23.1%     -  434s
     0     0    9.95319    0 2043    8.11104    9.95319  22.7%     -  441s
     0     0    9.95163    0 2012    8.11104    9.95163  22.7%     -  442s
     0     0    9.95162    0 2006    8.11104    9.95162  22.7%     -  442s
     0     0    9.94619    0 2135    8.11104    9.94619  22.6%     -  445s
     0     0    9.94606    0 2013    8.11104    9.94606  22.6%     -  446s
     0     0    9.94606    0 1972    8.11104    9.94606  22.6%     -  446s
     0     0    9.94447    0 1956    8.11104    9.94447  22.6%     -  447s
     0     0    9.94440    0 1991    8.11104    9.94440  22.6%     -  447s
     0     0    9.85635    0 2024    8.11104    9.85635  21.5%     -  460s
     0     0    9.85243    0 2038    8.11104    9.85243  21.5%     -  462s
     0     0    9.85239    0 2061    8.11104    9.85239  21.5%     -  463s
     0     0    9.85237    0 2029    8.11104    9.85237  21.5%     -  463s
     0     0    9.83528    0 2030    8.11104    9.83528  21.3%     -  469s
     0     0    9.83399    0 2138    8.11104    9.83399  21.2%     -  471s
     0     0    9.83398    0 2163    8.11104    9.83398  21.2%     -  471s
     0     0    9.83398    0 2168    8.11104    9.83398  21.2%     -  471s
     0     0    9.82997    0 2288    8.11104    9.82997  21.2%     -  474s
     0     0    9.82990    0 2205    8.11104    9.82990  21.2%     -  474s
     0     0    9.82875    0 2178    8.11104    9.82875  21.2%     -  475s
     0     0    9.82873    0 2245    8.11104    9.82873  21.2%     -  475s
     0     0    9.82873    0 2236    8.11104    9.82873  21.2%     -  475s
     0     0    9.82873    0 2236    8.11104    9.82873  21.2%     -  475s
     0     0    9.75824    0 1965    8.11104    9.75824  20.3%     -  486s
     0     0    9.75162    0 2191    8.11104    9.75162  20.2%     -  490s
     0     0    9.75105    0 2074    8.11104    9.75105  20.2%     -  490s
H    0     0                       8.1376420    9.75105  19.8%     -  491s
     0     0    9.72939    0 2126    8.13764    9.72939  19.6%     -  498s
     0     0    9.72836    0 2091    8.13764    9.72836  19.5%     -  499s
     0     0    9.72485    0 2076    8.13764    9.72485  19.5%     -  502s
     0     0    9.72318    0 2094    8.13764    9.72318  19.5%     -  503s
     0     0    9.63703    0 2178    8.13764    9.63703  18.4%     -  513s
     0     0    9.63108    0 2168    8.13764    9.63108  18.4%     -  516s
     0     0    9.63099    0 2167    8.13764    9.63099  18.4%     -  517s
     0     0    9.63099    0 2134    8.13764    9.63099  18.4%     -  517s
     0     0    9.60688    0 2007    8.13764    9.60688  18.1%     -  522s
     0     0    9.60614    0 2100    8.13764    9.60614  18.0%     -  523s
     0     0    9.60613    0 2055    8.13764    9.60613  18.0%     -  523s
     0     0    9.60081    0 2199    8.13764    9.60081  18.0%     -  524s
     0     0    9.60061    0 2119    8.13764    9.60061  18.0%     -  525s
     0     0    9.60058    0 2189    8.13764    9.60058  18.0%     -  525s
     0     0    9.60028    0 2101    8.13764    9.60028  18.0%     -  525s
     0     0    9.54125    0 2245    8.13764    9.54125  17.2%     -  534s
     0     0    9.53478    0 2437    8.13764    9.53478  17.2%     -  536s
     0     0    9.53447    0 2296    8.13764    9.53447  17.2%     -  536s
     0     0    9.51767    0 2063    8.13764    9.51767  17.0%     -  548s
     0     0    9.51717    0 2086    8.13764    9.51717  17.0%     -  549s
     0     0    9.51674    0 2083    8.13764    9.51674  16.9%     -  549s
     0     0    9.51614    0 2204    8.13764    9.51614  16.9%     -  550s
     0     0    9.51614    0 2221    8.13764    9.51614  16.9%     -  550s
     0     0    9.51022    0 2390    8.13764    9.51022  16.9%     -  551s
     0     0    9.51020    0 2388    8.13764    9.51020  16.9%     -  551s
     0     0    9.50865    0 2206    8.13764    9.50865  16.8%     -  554s
     0     0    9.46508    0 2094    8.13764    9.46508  16.3%     -  560s
     0     0    9.46469    0 2031    8.13764    9.46469  16.3%     -  561s
     0     0    9.45297    0 2068    8.13764    9.45297  16.2%     -  564s
     0     0    9.45290    0 2125    8.13764    9.45290  16.2%     -  565s
     0     0    9.44976    0 2076    8.13764    9.44976  16.1%     -  566s
     0     0    9.44976    0 2006    8.13764    9.44976  16.1%     -  566s
     0     0    9.39691    0 1955    8.13764    9.39691  15.5%     -  572s
     0     0    9.39455    0 2036    8.13764    9.39455  15.4%     -  576s
     0     0    9.39429    0 1893    8.13764    9.39429  15.4%     -  576s
     0     0    9.39428    0 1947    8.13764    9.39428  15.4%     -  576s
H    0     0                       8.1519212    9.39428  15.2%     -  578s
H    0     0                       8.1529188    9.39428  15.2%     -  578s
H    0     0                       8.1529188    9.39428  15.2%     -  583s
     0     0    9.38255    0 2046    8.15292    9.38255  15.1%     -  587s
     0     0    9.38209    0 1973    8.15292    9.38209  15.1%     -  588s
     0     0    9.38036    0 2043    8.15292    9.38036  15.1%     -  589s
     0     0    9.38027    0 2077    8.15292    9.38027  15.1%     -  590s
     0     0    9.35184    0 1929    8.15292    9.35184  14.7%     -  596s
     0     0    9.35037    0 1928    8.15292    9.35037  14.7%     -  597s
     0     0    9.34941    0 1999    8.15292    9.34941  14.7%     -  597s
     0     0    9.33953    0 1962    8.15292    9.33953  14.6%     -  600s
     0     0    9.33932    0 2081    8.15292    9.33932  14.6%     -  601s
     0     0    9.33932    0 2078    8.15292    9.33932  14.6%     -  601s
     0     0    9.33740    0 1891    8.15292    9.33740  14.5%     -  602s
     0     0    9.33739    0 1868    8.15292    9.33739  14.5%     -  602s
     0     0    9.30155    0 1996    8.15292    9.30155  14.1%     -  608s
     0     0    9.30082    0 1902    8.15292    9.30082  14.1%     -  610s
     0     0    9.30079    0 1956    8.15292    9.30079  14.1%     -  610s
     0     0    9.28966    0 2132    8.15292    9.28966  13.9%     -  620s
     0     0    9.28917    0 2131    8.15292    9.28917  13.9%     -  621s
     0     0    9.28903    0 2067    8.15292    9.28903  13.9%     -  621s
     0     0    9.28903    0 2114    8.15292    9.28903  13.9%     -  621s
     0     0    9.28897    0 2113    8.15292    9.28897  13.9%     -  621s
     0     0    9.28792    0 2093    8.15292    9.28792  13.9%     -  622s
     0     0    9.25993    0 1957    8.15292    9.25993  13.6%     -  627s
     0     0    9.25856    0 2001    8.15292    9.25856  13.6%     -  628s
     0     0    9.25824    0 2064    8.15292    9.25824  13.6%     -  629s
     0     0    9.25823    0 2042    8.15292    9.25823  13.6%     -  629s
     0     0    9.25821    0 2047    8.15292    9.25821  13.6%     -  629s
     0     0    9.25307    0 1995    8.15292    9.25307  13.5%     -  632s
     0     0    9.25300    0 2056    8.15292    9.25300  13.5%     -  632s
     0     0    9.25156    0 1975    8.15292    9.25156  13.5%     -  633s
     0     0    9.25156    0 1902    8.15292    9.25156  13.5%     -  633s
     0     0    9.22450    0 1984    8.15292    9.22450  13.1%     -  641s
     0     0    9.22317    0 1958    8.15292    9.22317  13.1%     -  643s
     0     0    9.22317    0 1948    8.15292    9.22317  13.1%     -  643s
     0     0    9.22317    0 1948    8.15292    9.22317  13.1%     -  643s
H    0     0                       8.1632842    9.22317  13.0%     -  675s
     0     2    9.22317    0 1940    8.16328    9.22317  13.0%     -  675s
     3     5    9.22023    3 2054    8.16328    9.22317  13.0%  1538  682s
     6     8    9.21896    6 1990    8.16328    9.22317  13.0%  1478  686s
     8    10    9.21835    8 1985    8.16328    9.22317  13.0%  1448  695s
    10    12    9.21626   10 2035    8.16328    9.22317  13.0%  2203  700s
    16    18    9.21283   16 2083    8.16328    9.22317  13.0%  1965  705s
    26    28    9.21021   25 1951    8.16328    9.22317  13.0%  1431  718s
    29    31    9.20854   28 1989    8.16328    9.22317  13.0%  1451  721s
    38    40    9.20523   37 1951    8.16328    9.22317  13.0%  1310  725s
    48    50    9.18839   46 2001    8.16328    9.22317  13.0%  1283  731s
    53    55    9.20134   50 2006    8.16328    9.22317  13.0%  1321  735s
    59    61    9.20023   54 1867    8.16328    9.22317  13.0%  1353  740s
    68    70    9.19812   63 1998    8.16328    9.22317  13.0%  1293  745s
    70    72    9.19737   65 1955    8.16328    9.22317  13.0%  1274  762s
    80    82    9.19569   75 1895    8.16328    9.22317  13.0%  1162  765s
    84    86    9.19034   77 1939    8.16328    9.22317  13.0%  1274  771s
    90    92    9.18909   82 2027    8.16328    9.22317  13.0%  1249  776s
   100   102    9.18621   92 2090    8.16328    9.22317  13.0%  1224  782s
   104   106    9.18254   94 2050    8.16328    9.22317  13.0%  1249  786s
   109   111    9.18220   99 2128    8.16328    9.22317  13.0%  1280  790s
   115   117    9.17911  103 2170    8.16328    9.22317  13.0%  1291  795s
   120   122    9.17697  108 2137    8.16328    9.22317  13.0%  1386  804s
   125   127    9.17605  113 1947    8.16328    9.22317  13.0%  1362  806s
   129   131    9.17493  117 2134    8.16328    9.22317  13.0%  1419  812s
   140   142    9.17339  128 1999    8.16328    9.22317  13.0%  1342  815s
   162   164    9.16996  150 1987    8.16328    9.22317  13.0%  1211  820s
   172   174    9.16529  160 2093    8.16328    9.22317  13.0%  1195  825s
   186   188    9.16314  174 2076    8.16328    9.22317  13.0%  1147  830s
   188   190    9.16304  176 1932    8.16328    9.22317  13.0%  1138  836s
   194   196    9.16236  182 1967    8.16328    9.22317  13.0%  1137  840s
   205   207    9.15846  193 2069    8.16328    9.22317  13.0%  1117  845s
   222   224    9.15646  210 1946    8.16328    9.22317  13.0%  1067  850s
   243   245    9.15096  231 1876    8.16328    9.22317  13.0%  1016  856s
   250   252    9.15054  237 1844    8.16328    9.22317  13.0%  1020  860s
   255   257    9.14862  242 2102    8.16328    9.22317  13.0%  1051  866s
   273   275    9.14742  259 2057    8.16328    9.22317  13.0%  1003  870s
   292   294    9.14359  277 2105    8.16328    9.22317  13.0%   968  875s
   307   309    9.13940  292 1945    8.16328    9.22317  13.0%   957  881s
   318   320    9.13469  302 2046    8.16328    9.22317  13.0%   959  887s
   319   321    9.12374  302 1974    8.16328    9.22317  13.0%   971  890s
   327   329    9.13177  308 2145    8.16328    9.22317  13.0%   975  895s
   350   352    9.12756  331 1998    8.16328    9.22317  13.0%   934  900s
   374   376    9.12376  355 2113    8.16328    9.22317  13.0%   896  905s
   398   400    9.11676  379 1838    8.16328    9.22317  13.0%   863  910s
   416   418    9.11294  397 1959    8.16328    9.22317  13.0%   846  915s
   443   445    9.10988  424 2121    8.16328    9.22317  13.0%   813  920s
   454   456    9.10402  434 1896    8.16328    9.22317  13.0%   818  925s
   468   470    9.09878  448 1867    8.16328    9.22317  13.0%   809  930s
   481   483    9.09503  459 1881    8.16328    9.22317  13.0%   808  935s
   498   500    9.08940  476 1862    8.16328    9.22317  13.0%   795  940s
   519   521    9.08726  497 1821    8.16328    9.22317  13.0%   774  956s
   539   541    9.08461  517 1767    8.16328    9.22317  13.0%   756  960s
   554   556    8.97612  531 1713    8.16328    9.22317  13.0%   756  965s
   564   566    9.07864  541 1836    8.16328    9.22317  13.0%   750  972s
   576   578    9.07720  553 1759    8.16328    9.22317  13.0%   741  975s
   598   600    9.06854  574 1650    8.16328    9.22317  13.0%   727  980s
   625   627    9.06333  601 1887    8.16328    9.22317  13.0%   709  985s
   648   650    9.05896  624 1886    8.16328    9.22317  13.0%   696  990s
   665   667    9.05162  641 2078    8.16328    9.22317  13.0%   691  995s
   672   674    8.91147  647 1753    8.16328    9.22317  13.0%   703 1001s
   684   686    9.04131  659 1749    8.16328    9.22317  13.0%   700 1005s
   711   713    9.03678  686 1781    8.16328    9.22317  13.0%   687 1011s
   731   733    9.03354  706 1787    8.16328    9.22317  13.0%   677 1015s
   760   762    9.02438  735 1779    8.16328    9.22317  13.0%   661 1020s
   784   786    9.01474  759 1807    8.16328    9.22317  13.0%   651 1025s
   809   811    9.00903  783 1775    8.16328    9.22317  13.0%   642 1030s
   837   839    9.00326  811 1869    8.16328    9.22317  13.0%   629 1035s
   869   871    8.99831  843 1883    8.16328    9.22317  13.0%   613 1040s
   906   908    8.99214  880 1782    8.16328    9.22317  13.0%   596 1045s
   951   953    8.98587  925 1827    8.16328    9.22317  13.0%   574 1050s
   984   986    8.97709  958 1653    8.16328    9.22317  13.0%   562 1055s
   997   999    8.97562  971 1749    8.16328    9.22317  13.0%   557 1060s
  1032  1034    8.97314 1006 1722    8.16328    9.22317  13.0%   543 1065s
  1074  1076    8.96813 1048 1745    8.16328    9.22317  13.0%   530 1070s
  1110  1112    8.96206 1083 1863    8.16328    9.22317  13.0%   518 1075s
  1148  1150    8.95837 1121 1901    8.16328    9.22317  13.0%   507 1080s
  1183  1185    8.95499 1156 1808    8.16328    9.22317  13.0%   498 1085s
  1213  1215    8.95285 1186 1900    8.16328    9.22317  13.0%   493 1090s
  1247  1249    8.94862 1220 1835    8.16328    9.22317  13.0%   485 1095s
  1272  1274    8.94768 1245 1866    8.16328    9.22317  13.0%   482 1100s
H 1280  1280                       8.1680529    9.22317  12.9%   479 1123s
  1283  1285    8.94060 1256 1681    8.16805    9.22317  12.9%   481 1125s
  1293  1295    8.93798 1264 1692    8.16805    9.22317  12.9%   485 1130s
  1310  1312    8.93630 1281 1671    8.16805    9.22317  12.9%   486 1135s
  1328  1330    8.93155 1299 1782    8.16805    9.22317  12.9%   486 1140s
  1354  1356    8.92661 1325 1732    8.16805    9.22317  12.9%   483 1145s
  1386  1388    8.92311 1357 1734    8.16805    9.22317  12.9%   477 1150s
  1415  1417    8.92084 1386 1650    8.16805    9.22317  12.9%   472 1155s
  1417  1419    8.76867 1387 1679    8.16805    9.22317  12.9%   480 1160s
  1425  1427    8.90716 1394 1590    8.16805    9.22317  12.9%   487 1167s
  1429  1431    8.89563 1398 1537    8.16805    9.22317  12.9%   491 1170s
  1443  1445    8.86853 1412 1537    8.16805    9.22317  12.9%   497 1177s
  1451  1453    8.86414 1419 1465    8.16805    9.22317  12.9%   500 1180s
  1454  1456    8.78746 1421 1648    8.16805    9.22317  12.9%   505 1185s
  1470  1470    8.79977 1433 1466    8.16805    9.22317  12.9%   506 1190s
  1484  1484    8.65465 1445 1486    8.16805    9.22317  12.9%   508 1195s
  1515  1515    8.64764 1476 1697    8.16805    9.22317  12.9%   503 1200s
  1531  1531    8.59432 1490 1521    8.16805    9.22317  12.9%   505 1205s
  1544  1544    8.63182 1502 1837    8.16805    9.22317  12.9%   508 1210s
  1554  1554    8.62663 1512 1710    8.16805    9.22317  12.9%   511 1215s
  1580  1580    8.62415 1538 1769    8.16805    9.22317  12.9%   507 1220s
  1607  1607    8.45268 1564 1372    8.16805    9.22317  12.9%   504 1225s
  1623  1623    8.61589 1580 1726    8.16805    9.22317  12.9%   505 1230s
  1649  1649    8.61121 1606 1725    8.16805    9.22317  12.9%   501 1235s
  1669  1669    8.60699 1625 1737    8.16805    9.22317  12.9%   501 1240s
  1685  1685    8.59986 1641 1630    8.16805    9.22317  12.9%   501 1245s
  1717  1715    8.59687 1672 1563    8.16805    9.22317  12.9%   497 1250s
  1744  1742    8.59216 1698 1635    8.16805    9.22317  12.9%   494 1255s
  1773  1771    8.58694 1727 1711    8.16805    9.22317  12.9%   491 1260s
  1777  1775    8.35864 1730 1577    8.16805    9.22317  12.9%   496 1265s
  1793  1791    8.57185 1746 1853    8.16805    9.22317  12.9%   496 1270s
  1815  1813    8.56348 1768 1728    8.16805    9.22317  12.9%   495 1275s
  1839  1837    8.56083 1792 1640    8.16805    9.22317  12.9%   493 1280s
  1860  1858    8.54186 1813 1521    8.16805    9.22317  12.9%   494 1286s
  1872  1868    8.53981 1824 1627    8.16805    9.22317  12.9%   495 1290s
  1908  1904    8.53461 1860 1730    8.16805    9.22317  12.9%   490 1295s
  1932  1928    8.53077 1883 1791    8.16805    9.22317  12.9%   488 1300s
  1952  1948    8.52751 1902 1520    8.16805    9.22317  12.9%   488 1305s
  1971  1967    8.52357 1919 1541    8.16805    9.22317  12.9%   488 1310s
  1994  1990    8.51843 1940 1439    8.16805    9.22317  12.9%   486 1317s
  2004  2000    8.51587 1950 1378    8.16805    9.22317  12.9%   485 1320s
  2022  2016     cutoff 1967         8.16805    9.22317  12.9%   486 1325s
  2031  2025    8.49642 1976 1524    8.16805    9.22317  12.9%   491 1331s
  2042  2036    8.49284 1984 1460    8.16805    9.22317  12.9%   492 1335s
  2057  2051    8.48953 1998 1362    8.16805    9.22317  12.9%   494 1340s
  2082  2076    8.44210 2021 1405    8.16805    9.22317  12.9%   493 1345s
  2100  2094    8.46498 2038 1375    8.16805    9.22317  12.9%   494 1350s
  2126  2120    8.45672 2062 1289    8.16805    9.22317  12.9%   492 1355s
  2174  2168    8.44166 2109 1204    8.16805    9.22317  12.9%   485 1360s
  2204  2198    8.43566 2139 1254    8.16805    9.22317  12.9%   481 1382s
  2225  2219    8.41618 2159 1404    8.16805    9.22317  12.9%   478 1385s
  2274  2268    8.40865 2208 1242    8.16805    9.22317  12.9%   471 1390s
  2335  2329    8.40322 2269 1175    8.16805    9.22317  12.9%   462 1395s
  2392  2386    8.39854 2326 1248    8.16805    9.22317  12.9%   454 1400s
  2463  2457    8.39628 2397 1099    8.16805    9.22317  12.9%   443 1405s
  2545  2539    8.39423 2479 1056    8.16805    9.22317  12.9%   430 1410s
  2551  2544    9.02305  545 1257    8.16805    9.22317  12.9%   429 1461s
  2553  2545    9.05809  632  844    8.16805    9.22317  12.9%   429 1467s
  2554  2546    8.61849 1573 1474    8.16805    9.22317  12.9%   429 1473s
  2555  2547    9.16694  157 1769    8.16805    9.22317  12.9%   429 1486s
  2556  2547    9.00159  821 1942    8.16805    9.22317  12.9%   429 1499s
  2557  2548    9.00903  786 2036    8.16805    9.22317  12.9%   428 1516s
  2558  2549    8.98558  931 1870    8.16805    9.22317  12.9%   428 1531s
  2559  2549    8.95777 1133 2000    8.16805    9.22317  12.9%   428 1549s
  2560  2550    9.08916  478 1998    8.16805    9.22317  12.9%   428 1569s
  2561  2551    8.39854 2075 2240    8.16805    9.22317  12.9%   428 1584s
  2562  2551    8.41405 2172 1897    8.16805    9.22317  12.9%   428 1598s
  2563  2552    8.40525 2251 1847    8.16805    9.22317  12.9%   427 1612s
  2564  2553    9.04064  667 1817    8.16805    9.22317  12.9%   427 1628s
  2565  2553    8.98849  914 1910    8.16805    9.17057  12.3%   427 1640s
  2566  2554    8.70104  960 1511    8.16805    9.07182  11.1%   427 1650s
  2567  2555    8.39329 2474 1867    8.16805    9.01336  10.3%   427 1660s
  2568  2555    8.35400 2406 1774    8.16805    8.94203  9.48%   427 1675s
  2569  2556    8.90430 1381 2104    8.16805    8.90430  9.01%   426 1685s
  2570  2557    8.49280 1986 1813    8.16805    8.83861  8.21%   426 1693s
  2571  2557    8.80775  265 1867    8.16805    8.80775  7.83%   426 1701s
  2572  2558    8.44169 2109 1563    8.16805    8.74897  7.11%   426 1716s
  2573  2559    8.52988 1898 1623    8.16805    8.72870  6.86%   426 1724s
  2574  2559    8.68738  175 1635    8.16805    8.68738  6.36%   426 1731s
  2575  2560    8.39934 2314 1808    8.16805    8.66267  6.06%   425 1738s
  2576  2561    8.48967 1996 1502    8.16805    8.62849  5.64%   425 1753s
  2577  2561    8.39566 2422 1604    8.16805    8.61400  5.46%   425 1758s
  2578  2562    8.39934 2316 1501    8.16805    8.58421  5.09%   425 1765s
  2579  2563    8.56814  665 1555    8.16805    8.56814  4.90%   425 1771s
  2580  2563    8.53830 1512 1488    8.16805    8.53830  4.53%   425 1776s
  2581  2564    8.52235  868 1392    8.16805    8.52235  4.34%   424 1781s
  2582  2565    8.50479 1617 1377    8.16805    8.50479  4.12%   424 1786s
  2583  2565    8.49633  413 1423    8.16805    8.49633  4.02%   424 1792s
  2584  2566    8.46589 1254 1153    8.16805    8.46589  3.65%   424 1799s
  2585  2567    8.45608  375 1192    8.16805    8.45608  3.53%   424 1806s
  2586  2567    8.42798 1382 1487    8.16805    8.42798  3.18%   424 1812s
  2587  2568    8.41746  868 1562    8.16805    8.41746  3.05%   423 1816s
  2589  2569    8.39296 2293 1152    8.16805    8.39296  2.75%   423 1822s
  2590  2570    8.37619 1907 1213    8.16805    8.37619  2.55%   423 1828s
  2591  2571    8.36948 2271 1295    8.16805    8.36948  2.47%   423 1831s
  2593  2572    8.34900 2406 1365    8.16805    8.34900  2.22%   422 1837s
  2594  2573    8.33126 2351 1338    8.16805    8.33126  2.00%   422 1841s
  2596  2574    8.31476 1629 1129    8.16805    8.31476  1.80%   422 1846s
  2598  2575    8.30420 1388 1037    8.16805    8.30420  1.67%   422 1851s
  2600  2577    8.29027 1977 1103    8.16805    8.29027  1.50%   421 1857s
  2602  2578    8.27868 2197 1110    8.16805    8.27868  1.35%   421 1862s
  2603  2579    8.27266 1181 1113    8.16805    8.27266  1.28%   421 1865s
  2605  2580    8.26485  745  872    8.16805    8.26485  1.19%   421 1870s
  2607  2581    8.25819  547  966    8.16805    8.25819  1.10%   420 1876s
  2608  2582    8.25326 1719 1126    8.16805    8.25326  1.04%   420 1884s
  2609  2583    8.25154  752  901    8.16805    8.25154  1.02%   420 1886s
  2612  2585    8.24260 2101  899    8.16805    8.24260  0.91%   419 1890s
  2614  2587    8.24260 2006 1257    8.16805    8.24260  0.91%   747 1895s
  2616  2588    8.24260 1001 1370    8.16805    8.24260  0.91%   747 1900s
  2617  2589    8.24260 1865 1584    8.16805    8.24260  0.91%   746 1906s
  2618  2590    8.24260 1149 1804    8.16805    8.24260  0.91%   746 1912s
  2619  2590    8.24260 2090 1665    8.16805    8.24260  0.91%   746 1918s
  2620  2591    8.24260  346 1472    8.16805    8.24260  0.91%   746 1929s
  2621  2592    8.24260 1024 1764    8.16805    8.24260  0.91%   745 1938s
  2622  2592    8.24260 1207 1625    8.16805    8.24260  0.91%   745 1948s
  2623  2593    8.24260 1725 1576    8.16805    8.24260  0.91%   745 1957s
  2624  2594    8.24260 1295 1811    8.16805    8.24260  0.91%   744 1965s
  2625  2594    8.24260  553 1370    8.16805    8.24260  0.91%   744 1970s
  2629  2598    8.24260 1298 1400    8.16805    8.24260  0.91%   831 1977s
  2630  2599    8.24260  100 1579    8.16805    8.24260  0.91%   831 1980s
  2632  2600    8.24260  575 1648    8.16805    8.24260  0.91%   830 1989s
  2633  2601    8.24260 2370 1525    8.16805    8.24260  0.91%   830 1994s
  2634  2602    8.24260  286 1624    8.16805    8.24260  0.91%   830 2000s
  2635  2602    8.24260  739 1622    8.16805    8.24260  0.91%   829 2005s
  2636  2603    8.24260 1238 1770    8.16805    8.24260  0.91%   829 2011s
  2637  2604    8.24260  997 1627    8.16805    8.24260  0.91%   829 2018s
  2638  2604    8.24260 2078 1835    8.16805    8.24260  0.91%   828 2035s
  2640  2606    8.24260 1903 1454    8.16805    8.24260  0.91%   828 2043s
  2643  2608    8.24260 2061 1412    8.16805    8.24260  0.91%   827 2045s
  2644  2608    8.24260 2423 1632    8.16805    8.24260  0.91%   827 2051s
  2647  2610    8.24260  103 1442    8.16805    8.24260  0.91%   826 2058s
  2648  2611    8.24260 2013 1378    8.16805    8.24260  0.91%   825 2061s
  2650  2612    8.24260 2174 1366    8.16805    8.24260  0.91%   825 2067s
  2653  2614    8.24260  632 1228    8.16805    8.24260  0.91%   824 2072s
  2655  2616    8.24260  157 1351    8.16805    8.24260  0.91%   823 2077s
  2656  2616    8.24260  821 1351    8.16805    8.24260  0.91%   823 2080s
H 2656  2484                       8.1688023    8.24260  0.90%   823 2088s
H 2657  2360                       8.1744780    8.24260  0.83%   948 2091s
  2665  2361     cutoff   46         8.17448    8.24260  0.83%   952 2097s
  2669  2362    8.22930   48 1156    8.17448    8.24260  0.83%   954 2100s
  2675  2366    8.18544   51  918    8.17448    8.24260  0.83%   959 2105s
  2678  2368    8.24260   53  989    8.17448    8.24260  0.83%   964 2110s
  2684  2366    8.24260   56 1053    8.17448    8.24260  0.83%   968 2115s
  2693  2366    8.22804   60 1111    8.17448    8.24260  0.83%   971 2121s
  2700  2367    8.24260   64  941    8.17448    8.24260  0.83%   973 2125s
  2705  2366    8.19187   66  884    8.17448    8.24260  0.83%   979 2130s
  2713  2369    8.24260   70  902    8.17448    8.24260  0.83%   980 2135s
  2719  2369    8.22501   73 1101    8.17448    8.24260  0.83%   985 2140s
  2727  2375    8.21884   77  796    8.17448    8.24260  0.83%   987 2145s
  2735  2376     cutoff   81         8.17448    8.24260  0.83%   990 2150s
  2739  2379    8.24260   83  860    8.17448    8.24260  0.83%   994 2160s
  2748  2385    8.24260   88 1026    8.17448    8.24260  0.83%   996 2165s
  2759  2390    8.24260   93  994    8.17448    8.24260  0.83%   999 2171s
  2768  2396    8.24260   98  881    8.17448    8.24260  0.83%  1001 2175s
  2776  2401    8.24260  102  952    8.17448    8.24260  0.83%  1003 2180s
  2786  2406    8.24260  107 1010    8.17448    8.24260  0.83%  1004 2185s
  2795  2410    8.24260  111  914    8.17448    8.24260  0.83%  1008 2190s
  2807  2413    8.24260  117  968    8.17448    8.24260  0.83%  1010 2195s
  2813  2411     cutoff  120         8.17448    8.24260  0.83%  1013 2200s
  2826  2414    8.24260  127  964    8.17448    8.24260  0.83%  1015 2205s
  2837  2419    8.24260  132  937    8.17448    8.24260  0.83%  1018 2210s
  2845  2420     cutoff  136         8.17448    8.24260  0.83%  1020 2215s
  2855  2427    8.24260  141  996    8.17448    8.24260  0.83%  1025 2222s
  2861  2429    8.20790  144  936    8.17448    8.24260  0.83%  1027 2225s
  2875  2438    8.21209  151  764    8.17448    8.24260  0.83%  1028 2230s
  2882  2442    8.24260  155  884    8.17448    8.24260  0.83%  1030 2235s
  2888  2446    8.24260  158  909    8.17448    8.24260  0.83%  1034 2240s
  2894  2450    8.24260  161  895    8.17448    8.24260  0.83%  1037 2245s
  2903  2454    8.21717  165  984    8.17448    8.24260  0.83%  1040 2250s
  2921  2458     cutoff  174         8.17448    8.24260  0.83%  1038 2255s
  2933  2462     cutoff  180         8.17448    8.24260  0.83%  1039 2260s
  2945  2470    8.24260  186  828    8.17448    8.24260  0.83%  1042 2266s
  2951  2470     cutoff  189         8.17448    8.24260  0.83%  1043 2270s
  2961  2470     cutoff  194         8.17448    8.24260  0.83%  1045 2275s
  2967  2468     cutoff  197         8.17448    8.24260  0.83%  1048 2280s
  2977  2470    8.24260  202 1012    8.17448    8.24260  0.83%  1051 2285s
  2985  2472    8.19058  206  976    8.17448    8.24260  0.83%  1053 2290s
  2997  2476    8.24260  212 1074    8.17448    8.24260  0.83%  1053 2295s
  3010  2480    8.24260  219 1008    8.17448    8.24260  0.83%  1053 2300s
  3022  2480    8.24260  225  958    8.17448    8.24260  0.83%  1053 2305s
  3036  2486    8.24260  232  851    8.17448    8.24260  0.83%  1053 2310s
  3047  2489     cutoff  237         8.17448    8.24260  0.83%  1055 2315s
  3059  2493    8.24260  243  980    8.17448    8.24260  0.83%  1055 2320s
H 3069  2374                       8.1744780    8.24260  0.83%  1054 2329s
  3069  2376    8.20178  248  998    8.17448    8.24260  0.83%  1056 2330s
  3091  2386    8.24260  259  804    8.17448    8.24260  0.83%  1053 2335s
  3105  2392    8.17994  266  693    8.17448    8.24260  0.83%  1053 2340s
  3123  2402    8.24260  275 1101    8.17448    8.24260  0.83%  1052 2345s
  3135  2403    8.21565  281  788    8.17448    8.24260  0.83%  1052 2350s
  3147  2409    8.20207  287  844    8.17448    8.24260  0.83%  1053 2356s
  3155  2410    8.24260  291  912    8.17448    8.24260  0.83%  1055 2360s
  3169  2413     cutoff  298         8.17448    8.24260  0.83%  1055 2365s
  3181  2413    8.21364  304  879    8.17448    8.24260  0.83%  1054 2370s
  3189  2417     cutoff  308         8.17448    8.24260  0.83%  1057 2375s
  3199  2417     cutoff  313         8.17448    8.24260  0.83%  1059 2380s
  3207  2423    8.23936  317  933    8.17448    8.24260  0.83%  1061 2385s
  3221  2426    8.18808  324  906    8.17448    8.24260  0.83%  1061 2390s
  3231  2427    8.24260  329  857    8.17448    8.24260  0.83%  1061 2395s
  3243  2425     cutoff  335         8.17448    8.24260  0.83%  1064 2400s
  3253  2431    8.20808  340  797    8.17448    8.24260  0.83%  1065 2405s
  3263  2434     cutoff  345         8.17448    8.24260  0.83%  1065 2410s
  3279  2437     cutoff  353         8.17448    8.24260  0.83%  1065 2415s
  3291  2440     cutoff  359         8.17448    8.24260  0.83%  1065 2420s
  3299  2441     cutoff  363         8.17448    8.24260  0.83%  1067 2425s
  3309  2442     cutoff  368         8.17448    8.24260  0.83%  1069 2431s
  3317  2443     cutoff  372         8.17448    8.24260  0.83%  1069 2435s
  3331  2446    8.21662  379  771    8.17448    8.24260  0.83%  1070 2440s
  3337  2446    8.20560  382  720    8.17448    8.24260  0.83%  1072 2446s
  3349  2450    8.18641  388  780    8.17448    8.24260  0.83%  1073 2450s
  3363  2453    8.24260  395  772    8.17448    8.24260  0.83%  1073 2455s
  3371  2458    8.20482  399  745    8.17448    8.24260  0.83%  1074 2460s
  3384  2456     cutoff  406         8.17448    8.24260  0.83%  1075 2465s
  3391  2460    8.24219  410  909    8.17448    8.24260  0.83%  1077 2471s
  3401  2457    8.24167  415  638    8.17448    8.24260  0.83%  1078 2475s
  3414  2458    8.18127  421  613    8.17448    8.24260  0.83%  1081 2481s
  3420  2456     cutoff  424         8.17448    8.24260  0.83%  1081 2485s
  3428  2456     cutoff  428         8.17448    8.24260  0.83%  1083 2490s
  3440  2459     cutoff  434         8.17448    8.24260  0.83%  1086 2495s
  3449  2457    8.23500  439  740    8.17448    8.24260  0.83%  1085 2500s
  3468  2452     cutoff  448         8.17448    8.24260  0.83%  1085 2505s
  3474  2456    8.22778  451  706    8.17448    8.24260  0.83%  1085 2511s
  3483  2458    8.23416  456  720    8.17448    8.24260  0.83%  1086 2515s
  3497  2465    8.23326  463  787    8.17448    8.24260  0.83%  1087 2520s
  3501  2466    8.23237  465  904    8.17448    8.24260  0.83%  1087 2531s
  3514  2466    8.17713  471  896    8.17448    8.24260  0.83%  1086 2535s
  3528  2466     cutoff  478         8.17448    8.24260  0.83%  1086 2540s
  3536  2464    8.18605  482  633    8.17448    8.24260  0.83%  1085 2545s
  3556  2469    8.20584  492  834    8.17448    8.24260  0.83%  1083 2553s
  3568  2465     cutoff  498         8.17448    8.24260  0.83%  1082 2555s
  3583  2461    8.19738  506  747    8.17448    8.24260  0.83%  1080 2562s
  3600  2455     cutoff  514         8.17448    8.24260  0.83%  1078 2565s
  3626  2450    8.18186  527  774    8.17448    8.24260  0.83%  1075 2570s
  3670  2436    8.23229  404  861    8.17448    8.24260  0.83%  1067 2575s
  3684  2436 infeasible  411         8.17448    8.24260  0.83%  1068 2580s
  3706  2434     cutoff  422         8.17448    8.24260  0.83%  1068 2585s
  3724  2434    8.21662  429  678    8.17448    8.24260  0.83%  1067 2590s
  3748  2431     cutoff  441         8.17448    8.24260  0.83%  1066 2595s
  3780  2428     cutoff  457         8.17448    8.24260  0.83%  1063 2600s
H 3781  2311                       8.1750512    8.24260  0.83%  1062 2606s
  3804  2312     cutoff  469         8.17505    8.24260  0.83%  1060 2610s
  3848  2315     cutoff  491         8.17505    8.24260  0.83%  1053 2615s
  3868  2312    8.24260  231  870    8.17505    8.24260  0.83%  1053 2620s
  3885  2311    8.22046  239  684    8.17505    8.24260  0.83%  1053 2625s
  3916  2307     cutoff  255         8.17505    8.24260  0.83%  1050 2630s
  3931  2307     cutoff  235         8.17505    8.24260  0.83%  1050 2635s
H 3941  2201                       8.1750514    8.24260  0.83%  1051 2640s
  3955  2200     cutoff  247         8.17505    8.24260  0.83%  1053 2645s
  3973  2203     cutoff  256         8.17505    8.24260  0.83%  1053 2650s
  3991  2211    8.22111  265  717    8.17505    8.24260  0.83%  1052 2655s
  4006  2211    8.23167  273  851    8.17505    8.24260  0.83%  1052 2660s
  4023  2211    8.18141  281  535    8.17505    8.24260  0.83%  1052 2665s
  4052  2216    8.22252  296  696    8.17505    8.24260  0.83%  1049 2670s
  4079  2214     cutoff  309         8.17505    8.24260  0.83%  1047 2675s
  4119  2210    8.21464  331  841    8.17505    8.24260  0.83%  1042 2680s
  4154  2206     cutoff  348         8.17505    8.24260  0.83%  1038 2685s
  4180  2201    8.20526  361  612    8.17505    8.24260  0.83%  1036 2690s
  4221  2196    8.18398  383  621    8.17505    8.24260  0.83%  1029 2699s
  4229  2193    8.18393  387  625    8.17505    8.24260  0.83%  1028 2700s
  4287  2180     cutoff  416         8.17505    8.24260  0.83%  1019 2705s
  4310  2176    8.18570  396  912    8.17505    8.24260  0.83%  1018 2710s
  4326  2176     cutoff  404         8.17505    8.24260  0.83%  1020 2716s
  4343  2179    8.22828  413  866    8.17505    8.24260  0.83%  1020 2720s
  4370  2177    8.22323  426  627    8.17505    8.24260  0.83%  1018 2725s
  4398  2176 infeasible  440         8.17505    8.24260  0.83%  1016 2730s
  4441  2164    8.24089  390  973    8.17505    8.24260  0.83%  1012 2735s
  4450  2165    8.23523  395  887    8.17505    8.24260  0.83%  1014 2741s
  4461  2167    8.19957  400  957    8.17505    8.24260  0.83%  1014 2745s
  4477  2166     cutoff  408         8.17505    8.24260  0.83%  1015 2750s
  4495  2170    8.21785  417  904    8.17505    8.24260  0.83%  1015 2755s
  4518  2172    8.21717  429  735    8.17505    8.24260  0.83%  1014 2760s
  4549  2165     cutoff  444         8.17505    8.24260  0.83%  1011 2765s
  4577  2177    8.20112  458  598    8.17505    8.24260  0.83%  1009 2770s
  4617  2178     cutoff  478         8.17505    8.24260  0.83%  1005 2775s
  4650  2180    8.20102  495  597    8.17505    8.24260  0.83%  1002 2780s
  4670  2174    8.19993  505  622    8.17505    8.24260  0.83%  1000 2789s
  4671  2175    8.19988  506  609    8.17505    8.24260  0.83%  1000 2790s
  4719  2161     cutoff  530         8.17505    8.24260  0.83%   995 2795s
  4770  2158    8.19361  557  567    8.17505    8.24260  0.83%   989 2800s
  4779  2157    8.17858  561  446    8.17505    8.24260  0.83%   988 2810s
  4818  2148    8.19082  582  521    8.17505    8.24260  0.83%   984 2816s
  4869  2134    8.18318  609  464    8.17505    8.24260  0.83%   977 2820s
  4913  2125    8.19851  399  768    8.17505    8.24260  0.83%   973 2825s
  4927  2130    8.19709  406  732    8.17505    8.24260  0.83%   973 2830s
  4941  2129     cutoff  413         8.17505    8.24260  0.83%   975 2835s
  4953  2129     cutoff  419         8.17505    8.24260  0.83%   976 2840s
  4979  2125     cutoff  432         8.17505    8.24260  0.83%   975 2845s
  4994  2127    8.21536  440  493    8.17505    8.24260  0.83%   974 2852s
  5013  2130    8.19693  449  283    8.17505    8.24260  0.83%   973 2855s
  5066  2124     cutoff  476         8.17505    8.24260  0.83%   968 2860s
  5101  2119    8.19787  494  496    8.17505    8.24260  0.83%   964 2877s
  5155  2117    8.19592  521  353    8.17505    8.24260  0.83%   956 2880s
  5227  2100    8.23556  397  753    8.17505    8.24260  0.83%   948 2885s
  5245  2104    8.22916  406  868    8.17505    8.24260  0.83%   948 2890s
  5266  2103     cutoff  416         8.17505    8.24260  0.83%   948 2895s
  5289  2102     cutoff  428         8.17505    8.24260  0.83%   947 2900s
  5338  2098    8.20193  453  723    8.17505    8.24260  0.83%   942 2905s
  5379  2104    8.19506  474  441    8.17505    8.24260  0.83%   939 2912s
  5380  2104    8.19776  474  515    8.17505    8.24260  0.83%   938 2919s
  5386  2104     cutoff  477         8.17505    8.24260  0.83%   938 2920s
  5431  2104    8.22337  263  840    8.17505    8.24260  0.83%   934 2925s
  5462  2124    8.19395  293  821    8.17505    8.24260  0.83%   931 2930s
  5495  2125    8.18759  245  657    8.17505    8.24260  0.83%   930 2935s
  5524  2128    8.18852  266  687    8.17505    8.24260  0.83%   927 2940s
  5570  2137    8.20070  244  832    8.17505    8.24260  0.83%   923 2945s
  5599  2143     cutoff  261         8.17505    8.24260  0.83%   921 2950s
  5641  2145    8.24260  132  790    8.17505    8.24260  0.83%   917 2955s
  5642  2146    8.24260  133  961    8.17505    8.24260  0.83%   918 2962s
  5651  2150    8.24260  139 1034    8.17505    8.24260  0.83%   918 2965s
  5674  2165    8.22978  160  979    8.17505    8.24260  0.83%   918 2970s
  5694  2169    8.24260   84  836    8.17505    8.24260  0.83%   917 2975s
  5713  2179    8.24260  102 1249    8.17505    8.24260  0.83%   916 2980s
  5742  2198    8.23346  127 1000    8.17505    8.24260  0.83%   915 2985s
  5788  2226     cutoff  159         8.17505    8.24260  0.83%   910 2990s
  5844  2234    8.24260  116 1024    8.17505    8.24260  0.83%   905 2995s
  5859  2242    8.24260  126  943    8.17505    8.24260  0.83%   904 3000s
  5875  2247     cutoff  133         8.17505    8.24260  0.83%   904 3005s
  5892  2257    8.24260  142  893    8.17505    8.24260  0.83%   904 3010s
  5929  2273     cutoff  168         8.17505    8.24260  0.83%   900 3015s
  5977  2271     cutoff  177         8.17505    8.24260  0.83%   895 3020s
  5981  2268    8.23210  376  793    8.17505    8.24260  0.83%   897 3031s
  5990  2270    8.22813  381  924    8.17505    8.24260  0.83%   897 3035s
  6012  2267    8.21996  392  822    8.17505    8.24260  0.83%   897 3040s
  6027  2263     cutoff  400         8.17505    8.24260  0.83%   897 3045s
  6047  2261    8.18588  411  686    8.17505    8.24260  0.83%   897 3050s
  6108  2249    8.20674  122 1013    8.17505    8.24260  0.83%   891 3055s
  6130  2257    8.19251  378  895    8.17505    8.24260  0.83%   890 3060s
  6168  2263    8.20595  359  917    8.17505    8.24260  0.83%   888 3065s
  6178  2265     cutoff  364         8.17505    8.24260  0.83%   889 3070s
  6197  2276    8.21695  380  997    8.17505    8.24260  0.83%   889 3075s
  6211  2282    8.20965  389  840    8.17505    8.24260  0.83%   888 3080s
  6282  2314    8.19112  434  405    8.17505    8.24260  0.83%   881 3085s
  6320  2320    8.24260  176 1091    8.17505    8.24260  0.83%   878 3090s
  6338  2322     cutoff  187         8.17505    8.24260  0.83%   879 3095s
  6349  2329    8.24260  137 1095    8.17505    8.24260  0.83%   879 3111s
  6365  2340    8.24260  153 1047    8.17505    8.24260  0.83%   878 3115s
  6395  2360    8.23510  183  994    8.17505    8.24260  0.83%   877 3120s
  6423  2379    8.21986  211  772    8.17505    8.24260  0.83%   876 3125s
  6451  2397    8.20746  239  777    8.17505    8.24260  0.83%   873 3131s
  6513  2436    8.18725  301  696    8.17505    8.24260  0.83%   866 3135s
  6550  2449    8.20839  118 1007    8.17505    8.24260  0.83%   864 3140s
  6583  2454    8.20731  173  753    8.17505    8.24260  0.83%   863 3145s
  6626  2448     cutoff  192         8.17505    8.24260  0.83%   860 3150s
  6672  2440    8.18700  206  635    8.17505    8.24260  0.83%   857 3155s
  6730  2420    8.24260  171 1034    8.17505    8.24260  0.83%   852 3164s
  6731  2421    8.24260  172  943    8.17505    8.24260  0.83%   852 3165s
  6740  2425    8.24260  180 1081    8.17505    8.24260  0.83%   852 3176s
  6751  2430    8.24069  190  940    8.17505    8.24260  0.83%   852 3180s
  6790  2442    8.18580  225  780    8.17505    8.24260  0.83%   850 3185s
  6827  2448    8.21124  303  696    8.17505    8.24260  0.83%   848 3190s
  6873  2471    8.18303  349  684    8.17505    8.24260  0.83%   845 3195s
  6912  2478     cutoff  148         8.17505    8.24260  0.83%   843 3200s
  6953  2492    8.24260  130  902    8.17505    8.24260  0.83%   841 3206s
  6970  2499    8.18890  147  842    8.17505    8.24260  0.83%   840 3210s
  6997  2497    8.24260  117  932    8.17505    8.24260  0.83%   840 3215s
  7015  2508    8.22398  135  862    8.17505    8.24260  0.83%   840 3220s
  7048  2528    8.20738  168  952    8.17505    8.24260  0.83%   838 3227s
  7083  2550    8.19439  203  703    8.17505    8.24260  0.83%   835 3230s
  7121  2555     cutoff  244         8.17505    8.24260  0.83%   833 3235s
  7150  2554    8.19122  235  717    8.17505    8.24260  0.83%   833 3240s
  7167  2553     cutoff  274         8.17505    8.24260  0.83%   833 3245s
  7193  2568    8.20862  299  899    8.17505    8.24260  0.83%   832 3250s
  7225  2574    8.24260  236  894    8.17505    8.24260  0.83%   831 3255s
  7241  2574     cutoff  244         8.17505    8.24260  0.83%   832 3260s
  7255  2574     cutoff  251         8.17505    8.24260  0.83%   833 3265s
  7256  2575    8.24124  252  718    8.17505    8.24260  0.83%   833 3270s
  7271  2579    8.23666  260  556    8.17505    8.24260  0.83%   834 3275s
  7308  2584    8.21924  280  442    8.17505    8.24260  0.83%   833 3280s
  7360  2588     cutoff  307         8.17505    8.24260  0.83%   830 3285s
  7409  2587    8.20857  332  443    8.17505    8.24260  0.83%   827 3290s
  7463  2589    8.24114  255  916    8.17505    8.24260  0.83%   825 3295s
  7485  2586    8.19331  263  899    8.17505    8.24260  0.83%   824 3300s
  7503  2586    8.21819  237  961    8.17505    8.24260  0.83%   825 3305s
  7543  2608    8.19260  277  720    8.17505    8.24260  0.83%   823 3310s
  7617  2624    8.24260  231 1109    8.17505    8.24260  0.83%   817 3315s
  7620  2626    8.24260  234  858    8.17505    8.24260  0.83%   817 3321s
  7639  2636     cutoff  253         8.17505    8.24260  0.83%   816 3325s
  7646  2641    8.24260  259  997    8.17505    8.24260  0.83%   816 3336s
  7665  2654    8.24132  278 1056    8.17505    8.24260  0.83%   816 3340s
  7691  2665    8.22392  300  842    8.17505    8.24260  0.83%   815 3345s
  7744  2687    8.21457  344  987    8.17505    8.24260  0.83%   811 3350s
  7813  2704    8.22473  235  878    8.17505    8.24260  0.83%   806 3355s
  7834  2702    8.20744  118  710    8.17505    8.24260  0.83%   806 3360s
  7862  2703    8.21107  224  843    8.17505    8.24260  0.83%   805 3365s
  7884  2717    8.19082  246  609    8.17505    8.24260  0.83%   804 3370s
  7929  2732    8.24260  226  842    8.17505    8.24260  0.83%   802 3375s
  7955  2745    8.24226  250  949    8.17505    8.24260  0.83%   801 3380s
  7975  2758    8.22366  270  973    8.17505    8.24260  0.83%   800 3385s
  8005  2751     cutoff  223         8.17505    8.24260  0.83%   799 3390s
  8029  2753     cutoff  250         8.17505    8.24260  0.83%   798 3395s
  8056  2759    8.20167  252  703    8.17505    8.24260  0.83%   798 3400s
  8079  2759    8.23019  233  936    8.17505    8.24260  0.83%   797 3405s
  8103  2756    8.17639  248  823    8.17505    8.24260  0.83%   797 3410s
  8110  2752    8.24260  204  998    8.17505    8.24260  0.83%   799 3418s
  8114  2752    8.24260  206  881    8.17505    8.24260  0.83%   799 3420s
  8131  2752     cutoff  214         8.17505    8.24260  0.83%   799 3425s
  8149  2756     cutoff  223         8.17505    8.24260  0.83%   800 3430s
  8163  2756     cutoff  230         8.17505    8.24260  0.83%   801 3435s
  8192  2749    8.20120  245  804    8.17505    8.24260  0.83%   801 3440s
  8230  2741    8.19268  264  951    8.17505    8.24260  0.83%   799 3445s
  8283  2729     cutoff  291         8.17505    8.24260  0.83%   797 3450s
  8325  2721    8.24260  131  738    8.17505    8.24260  0.83%   795 3455s
  8355  2739    8.21692  161  875    8.17505    8.24260  0.83%   794 3460s
  8382  2743    8.24260  127  861    8.17505    8.24260  0.83%   793 3465s
  8402  2742    8.24260   93  950    8.17505    8.24260  0.83%   793 3470s
  8420  2753    8.18886  111  964    8.17505    8.24260  0.83%   793 3481s
  8431  2754    8.22741  120  990    8.17505    8.24260  0.83%   794 3485s
  8454  2768    8.18247  143  812    8.17505    8.24260  0.83%   794 3490s
  8469  2763    8.19056  158  995    8.17505    8.24260  0.83%   794 3503s
  8477  2761    8.18571  160  878    8.17505    8.24260  0.83%   794 3505s
  8514  2749    8.19112  166 1001    8.17505    8.24260  0.83%   793 3510s
  8548  2759    8.20605  161  679    8.17505    8.24260  0.83%   791 3517s
  8558  2757    8.23287  356 1079    8.17505    8.24260  0.83%   791 3520s
  8580  2772    8.21663  378 1058    8.17505    8.24260  0.83%   791 3525s
  8616  2795    8.19864  414  752    8.17505    8.24260  0.83%   790 3530s
  8657  2807    8.18256  444  587    8.17505    8.24260  0.83%   787 3535s
  8700  2806    8.24260  124  875    8.17505    8.24260  0.83%   785 3540s
  8723  2817    8.22967  145  917    8.17505    8.24260  0.83%   786 3545s
  8757  2847    8.21143  177  577    8.17505    8.24260  0.83%   784 3553s
  8778  2864     cutoff  197         8.17505    8.24260  0.83%   783 3555s
  8820  2887    8.24260  179 1117    8.17505    8.24260  0.83%   781 3560s
  8847  2914    8.23018  206 1043    8.17505    8.24260  0.83%   781 3565s
  8874  2935 infeasible  230         8.17505    8.24260  0.83%   780 3570s
  8895  2938 infeasible   80         8.17505    8.24260  0.83%   780 3575s
  8905  2948    8.24260   89 1053    8.17505    8.24260  0.83%   781 3580s
  8926  2969    8.24260  110 1279    8.17505    8.24260  0.83%   781 3585s
  8944  2986    8.21178  128 1089    8.17505    8.24260  0.83%   781 3590s
  8958  2987    8.20626  113  940    8.17505    8.24260  0.83%   782 3595s

Cutting planes:
  Learned: 18
  Gomory: 63
  Lift-and-project: 40
  Cover: 533
  Implied bound: 1552
  Projected implied bound: 161
  Clique: 1000
  MIR: 529
  Mixing: 5
  StrongCG: 28
  Flow cover: 1114
  GUB cover: 494
  Zero half: 18
  RLT: 631
  Relax-and-lift: 1884
  BQP: 7
  PSD: 3

Explored 8975 nodes (8387758 simplex iterations) in 3600.01 seconds (8346.53 work units)
Thread count was 1 (of 11 available processors)

Solution count 10: 8.17505 8.17505 8.17505 ... 8.15292

Time limit reached
Best objective 8.175051378152e+00, best bound 8.242598469152e+00, gap 0.8263%
