
Gurobi 12.0.0 (mac64[arm]) logging started Tue Dec  9 22:01:18 2025

Set parameter LogFile to value "/Users/lennardhansmann/Desktop/Newspaperlayout/newspaperlayout/Instances/Diss/Large/L30P180(A)/sol/L30P180A7(A).log"
Set parameter Threads to value 1
Gurobi Optimizer version 12.0.0 build v12.0.0rc1 (mac64[arm] - Darwin 24.6.0 24G90)

CPU model: Apple M3 Pro
Thread count: 11 physical cores, 11 logical processors, using up to 1 threads

Non-default parameters:
TimeLimit  3600
Threads  1

Optimize a model with 32681 rows, 84266 columns and 1061837 nonzeros
Model fingerprint: 0xf313d1c1
Variable types: 8469 continuous, 75797 integer (75797 binary)
Coefficient statistics:
  Matrix range     [5e-04, 1e+04]
  Objective range  [1e+00, 1e+00]
  Bounds range     [1e+00, 1e+04]
  RHS range        [9e-01, 1e+04]
Presolve removed 2536 rows and 22982 columns (presolve time = 5s)...
Presolve removed 3473 rows and 40914 columns
Presolve time: 9.02s
Presolved: 29208 rows, 43352 columns, 471696 nonzeros
Variable types: 3445 continuous, 39907 integer (36546 binary)
Found heuristic solution: objective -14.7719267

Root simplex log...

Iteration    Objective       Primal Inf.    Dual Inf.      Time
       0    1.3894584e+02   2.249718e+02   0.000000e+00      9s
   21992    1.4941817e+01   2.476735e+04   0.000000e+00     10s
   42508    1.3306872e+01   0.000000e+00   0.000000e+00     14s
   42508    1.3306872e+01   0.000000e+00   0.000000e+00     14s

Root relaxation: objective 1.330687e+01, 42508 iterations, 5.15 seconds (10.72 work units)

    Nodes    |    Current Node    |     Objective Bounds      |     Work
 Expl Unexpl |  Obj  Depth IntInf | Incumbent    BestBd   Gap | It/Node Time

     0     0   13.30687    0  993  -14.77193   13.30687   190%     -   14s
H    0     0                      -2.1626664   13.30687   715%     -   14s
H    0     0                       0.3921387   13.30687  3293%     -   14s
H    0     0                       2.3278939   13.30687   472%     -   15s
     0     0   12.89409    0 1573    2.32789   12.89409   454%     -   19s
     0     0   12.85820    0 1588    2.32789   12.85820   452%     -   20s
     0     0   12.46957    0 1578    2.32789   12.46957   436%     -   28s
     0     0   12.46957    0 1528    2.32789   12.46957   436%     -   28s
H    0     0                       2.3733457   12.46957   425%     -   28s
H    0     0                       2.4632770   12.46957   406%     -   28s
H    0     0                       2.9199549   12.46957   327%     -   28s
H    0     0                       3.3661671   12.46957   270%     -   28s
H    0     0                       3.7574513   12.46957   232%     -   28s
H    0     0                       3.8517238   12.46957   224%     -   28s
H    0     0                       3.8743832   12.46957   222%     -   28s
H    0     0                       3.9691675   12.46957   214%     -   28s
H    0     0                       4.7209338   12.46957   164%     -   28s
H    0     0                       4.7397190   12.46957   163%     -   28s
H    0     0                       4.8207786   12.46957   159%     -   28s
     0     0   12.44300    0 1733    4.82078   12.44300   158%     -   31s
     0     0   12.43727    0 1595    4.82078   12.43727   158%     -   32s
     0     0   12.43725    0 1596    4.82078   12.43725   158%     -   32s
     0     0   11.89029    0 1817    4.82078   11.89029   147%     -   43s
     0     0   11.88983    0 1716    4.82078   11.88983   147%     -   44s
     0     0   11.84080    0 1849    4.82078   11.84080   146%     -   47s
     0     0   11.83142    0 1705    4.82078   11.83142   145%     -   48s
     0     0   11.83133    0 1708    4.82078   11.83133   145%     -   48s
     0     0   11.35097    0 1631    4.82078   11.35097   135%     -   61s
H    0     0                       5.0367832   11.35097   125%     -   61s
H    0     0                       5.0948846   11.35097   123%     -   61s
H    0     0                       5.2317588   11.35097   117%     -   62s
H    0     0                       5.9268887   11.35097  91.5%     -   62s
H    0     0                       6.1362136   11.35097  85.0%     -   62s
H    0     0                       6.3088445   11.35097  79.9%     -   62s
H    0     0                       6.3185910   11.35097  79.6%     -   62s
H    0     0                       6.3218333   11.35097  79.6%     -   62s
H    0     0                       6.3388796   11.35097  79.1%     -   62s
H    0     0                       6.5230479   11.35097  74.0%     -   62s
     0     0   11.30776    0 1694    6.52305   11.30776  73.4%     -   65s
     0     0   11.29915    0 1643    6.52305   11.29915  73.2%     -   67s
     0     0   11.29753    0 1737    6.52305   11.29753  73.2%     -   67s
     0     0   11.29747    0 1758    6.52305   11.29747  73.2%     -   67s
     0     0   10.99685    0 1935    6.52305   10.99685  68.6%     -   76s
H    0     0                       6.5231093   10.99685  68.6%     -   76s
     0     0   10.96089    0 1964    6.52311   10.96089  68.0%     -   79s
     0     0   10.95353    0 1960    6.52311   10.95353  67.9%     -   81s
     0     0   10.95349    0 1982    6.52311   10.95349  67.9%     -   81s
     0     0   10.72385    0 1783    6.52311   10.72385  64.4%     -   90s
H    0     0                       6.6242454   10.72385  61.9%     -   91s
H    0     0                       6.8199507   10.72385  57.2%     -   91s
H    0     0                       6.9267169   10.72385  54.8%     -   92s
H    0     0                       6.9619101   10.72385  54.0%     -   93s
     0     0   10.69826    0 2037    6.96191   10.69826  53.7%     -   96s
     0     0   10.69327    0 1825    6.96191   10.69327  53.6%     -   97s
     0     0   10.69209    0 1852    6.96191   10.69209  53.6%     -   98s
     0     0   10.69205    0 1913    6.96191   10.69205  53.6%     -   98s
     0     0   10.48109    0 1729    6.96191   10.48109  50.5%     -  108s
     0     0   10.45966    0 1846    6.96191   10.45966  50.2%     -  111s
     0     0   10.44783    0 1786    6.96191   10.44783  50.1%     -  113s
     0     0   10.44691    0 1719    6.96191   10.44691  50.1%     -  113s
     0     0   10.27230    0 2087    6.96191   10.27230  47.6%     -  123s
H    0     0                       6.9952035   10.27230  46.8%     -  124s
H    0     0                       6.9981680   10.27230  46.8%     -  124s
H    0     0                       7.0363534   10.27230  46.0%     -  125s
H    0     0                       7.0481950   10.27230  45.7%     -  125s
H    0     0                       7.0506400   10.27230  45.7%     -  126s
     0     0   10.24518    0 1900    7.05064   10.24518  45.3%     -  129s
     0     0   10.23894    0 1990    7.05064   10.23894  45.2%     -  131s
     0     0   10.23869    0 1916    7.05064   10.23869  45.2%     -  131s
     0     0   10.05924    0 1866    7.05064   10.05924  42.7%     -  142s
     0     0   10.05020    0 2045    7.05064   10.05020  42.5%     -  144s
     0     0   10.04893    0 1951    7.05064   10.04893  42.5%     -  145s
     0     0    9.88148    0 2195    7.05064    9.88148  40.2%     -  156s
H    0     0                       7.0568616    9.88148  40.0%     -  156s
H    0     0                       7.1352430    9.88148  38.5%     -  157s
H    0     0                       7.1369727    9.88148  38.5%     -  157s
H    0     0                       7.1423141    9.88148  38.4%     -  158s
H    0     0                       7.1563635    9.88148  38.1%     -  158s
H    0     0                       7.2625278    9.88148  36.1%     -  158s
     0     0    9.85735    0 2012    7.26253    9.85735  35.7%     -  163s
     0     0    9.85295    0 2031    7.26253    9.85295  35.7%     -  166s
     0     0    9.85202    0 2129    7.26253    9.85202  35.7%     -  166s
     0     0    9.72518    0 1962    7.26253    9.72518  33.9%     -  177s
H    0     0                       7.3404634    9.72518  32.5%     -  178s
     0     0    9.70545    0 1992    7.34046    9.70545  32.2%     -  181s
     0     0    9.69890    0 1980    7.34046    9.69890  32.1%     -  183s
     0     0    9.69658    0 1982    7.34046    9.69658  32.1%     -  184s
     0     0    9.69652    0 1993    7.34046    9.69652  32.1%     -  185s
     0     0    9.56795    0 2056    7.34046    9.56795  30.3%     -  194s
H    0     0                       7.3666487    9.56795  29.9%     -  195s
     0     0    9.54807    0 2068    7.36665    9.54807  29.6%     -  202s
     0     0    9.54559    0 2087    7.36665    9.54559  29.6%     -  204s
     0     0    9.54454    0 2010    7.36665    9.54454  29.6%     -  205s
     0     0    9.43787    0 1791    7.36665    9.43787  28.1%     -  216s
H    0     0                       7.3892763    9.43787  27.7%     -  217s
     0     0    9.41271    0 2088    7.38928    9.41271  27.4%     -  221s
     0     0    9.40577    0 2018    7.38928    9.40577  27.3%     -  224s
     0     0    9.40523    0 1995    7.38928    9.40523  27.3%     -  225s
     0     0    9.30821    0 2022    7.38928    9.30821  26.0%     -  234s
     0     0    9.27616    0 2146    7.38928    9.27616  25.5%     -  238s
     0     0    9.26582    0 2190    7.38928    9.26582  25.4%     -  241s
     0     0    9.26485    0 2061    7.38928    9.26485  25.4%     -  241s
     0     0    9.17848    0 2028    7.38928    9.17848  24.2%     -  251s
     0     0    9.15957    0 2051    7.38928    9.15957  24.0%     -  257s
     0     0    9.15565    0 2060    7.38928    9.15565  23.9%     -  258s
     0     0    9.15490    0 1947    7.38928    9.15490  23.9%     -  259s
     0     0    9.05165    0 2175    7.38928    9.05165  22.5%     -  268s
H    0     0                       7.4337622    9.05165  21.8%     -  271s
     0     0    9.02780    0 2283    7.43376    9.02780  21.4%     -  277s
     0     0    9.02309    0 2176    7.43376    9.02309  21.4%     -  279s
     0     0    9.02183    0 2221    7.43376    9.02183  21.4%     -  280s
     0     0    8.92737    0 1925    7.43376    8.92737  20.1%     -  289s
H    0     0                       7.4436563    8.92737  19.9%     -  289s
     0     0    8.90283    0 1977    7.44366    8.90283  19.6%     -  292s
     0     0    8.90089    0 2075    7.44366    8.90089  19.6%     -  293s
     0     0    8.81373    0 2033    7.44366    8.81373  18.4%     -  302s
     0     0    8.79871    0 1953    7.44366    8.79871  18.2%     -  309s
     0     0    8.79289    0 1938    7.44366    8.79289  18.1%     -  311s
     0     0    8.79228    0 2003    7.44366    8.79228  18.1%     -  312s
     0     0    8.71086    0 1905    7.44366    8.71086  17.0%     -  319s
     0     0    8.69993    0 1883    7.44366    8.69993  16.9%     -  323s
     0     0    8.69645    0 1838    7.44366    8.69645  16.8%     -  324s
     0     0    8.63840    0 1740    7.44366    8.63840  16.1%     -  331s
H    0     0                       7.4620181    8.63780  15.8%     -  335s
     0     0    8.62673    0 1818    7.46202    8.62673  15.6%     -  339s
     0     0    8.62300    0 1877    7.46202    8.62300  15.6%     -  340s
     0     0    8.62267    0 1785    7.46202    8.62267  15.6%     -  341s
     0     0    8.58462    0 1913    7.46202    8.58462  15.0%     -  346s
     0     0    8.56866    0 1962    7.46202    8.56866  14.8%     -  351s
     0     0    8.56655    0 1906    7.46202    8.56655  14.8%     -  352s
     0     0    8.53163    0 1976    7.46202    8.53163  14.3%     -  358s
     0     0    8.52043    0 1843    7.46202    8.52043  14.2%     -  360s
     0     0    8.51699    0 1992    7.46202    8.51699  14.1%     -  362s
     0     0    8.48836    0 1880    7.46202    8.48836  13.8%     -  367s
     0     0    8.47989    0 2101    7.46202    8.47989  13.6%     -  370s
     0     0    8.47807    0 2170    7.46202    8.47807  13.6%     -  373s
     0     0    8.45653    0 1741    7.46202    8.45653  13.3%     -  379s
     0     0    8.45653    0 1739    7.46202    8.45653  13.3%     -  379s
H    0     0                       7.5572419    8.45653  11.9%     -  394s
     0     2    8.45653    0 1739    7.55724    8.45653  11.9%     -  396s
     3     5    8.45527    3 1941    7.55724    8.45653  11.9%  2536  402s
     6     8    8.45096    6 1890    7.55724    8.45653  11.9%  2398  405s
    13    15    8.44369   13 1911    7.55724    8.45653  11.9%  2191  410s
    16    18    8.44179   16 1617    7.55724    8.45653  11.9%  2760  416s
    22    24    8.43973   22 1727    7.55724    8.45653  11.9%  2472  420s
H   26    26                       7.5792753    8.45653  11.6%  2243  426s
    26    28    8.43808   25 1742    7.57928    8.45653  11.6%  2333  430s
    32    34    8.43400   30 1795    7.57928    8.45653  11.6%  2282  435s
    40    42    8.43073   37 1888    7.57928    8.45653  11.6%  2145  445s
    41    43    8.43056   38 1788    7.57928    8.45653  11.6%  2707  454s
    43    45    8.43002   40 1826    7.57928    8.45653  11.6%  2741  457s
    45    47    8.42900   42 1810    7.57928    8.45653  11.6%  2965  462s
    49    51    8.42835   46 1844    7.57928    8.45653  11.6%  2876  465s
    52    54    8.42772   49 1770    7.57928    8.45653  11.6%  2822  474s
    53    55    8.42765   50 1808    7.57928    8.45653  11.6%  2796  475s
    66    68    8.42564   63 1767    7.57928    8.45653  11.6%  2421  480s
    78    80    8.42291   75 1749    7.57928    8.45653  11.6%  2195  494s
    79    81    8.42289   76 1698    7.57928    8.45653  11.6%  2188  495s
H   81    81                       7.5853267    8.45653  11.5%  2149  496s
    90    92    8.41912   87 1832    7.58533    8.45653  11.5%  2049  500s
   112   114    8.41652  109 1752    7.58533    8.45653  11.5%  1754  505s
   121   123    8.41231  117 1724    7.58533    8.45653  11.5%  1754  510s
   127   129    8.41160  122 1799    7.58533    8.45653  11.5%  1769  515s
   139   141    8.40652  134 1767    7.58533    8.45653  11.5%  1690  520s
   163   165    8.40149  158 1917    7.58533    8.45653  11.5%  1503  525s
   177   179    8.39472  172 1726    7.58533    8.45653  11.5%  1448  530s
   187   189    8.37924  179 1653    7.58533    8.45653  11.5%  1445  535s
   197   199    8.37148  189 1688    7.58533    8.45653  11.5%  1427  540s
   216   218    8.36755  208 1864    7.58533    8.45653  11.5%  1348  545s
   230   232    8.36532  221 1721    7.58533    8.45653  11.5%  1316  550s
   258   260    8.36249  249 1691    7.58533    8.45653  11.5%  1213  555s
   292   294    8.35904  283 1729    7.58533    8.45653  11.5%  1103  560s
   321   323    8.35217  312 1753    7.58533    8.45653  11.5%  1033  565s
   348   350    8.34368  339 1699    7.58533    8.45653  11.5%   990  571s
   362   364    8.34049  353 1580    7.58533    8.45653  11.5%   973  575s
   376   378    8.33902  367 1743    7.58533    8.45653  11.5%   947  580s
   398   400    8.33592  389 1745    7.58533    8.45653  11.5%   913  595s
   429   431    8.33339  420 1711    7.58533    8.45653  11.5%   870  600s
   449   451    8.32493  440 1611    7.58533    8.45653  11.5%   851  605s
   471   473    8.32046  462 1841    7.58533    8.45653  11.5%   833  610s
   507   509    8.31670  498 1673    7.58533    8.45653  11.5%   792  615s
   549   551    8.31381  540 1643    7.58533    8.45653  11.5%   747  620s
   568   570    8.30942  557 1525    7.58533    8.45653  11.5%   741  625s
   587   589    8.30360  576 1474    7.58533    8.45653  11.5%   737  630s
   612   614    8.30056  601 1497    7.58533    8.45653  11.5%   724  635s
   639   641    8.29656  628 1724    7.58533    8.45653  11.5%   708  640s
   658   660    8.29435  647 1630    7.58533    8.45653  11.5%   698  645s
   684   686    8.28518  673 1397    7.58533    8.45653  11.5%   685  650s
   708   710    8.28080  697 1500    7.58533    8.45653  11.5%   676  655s
   756   758    8.27791  745 1437    7.58533    8.45653  11.5%   643  660s
   791   793    8.27554  780 1493    7.58533    8.45653  11.5%   628  665s
   828   830    8.26945  817 1585    7.58533    8.45653  11.5%   614  670s
   846   848    8.17447  833 1384    7.58533    8.45653  11.5%   620  676s
   864   866    8.26629  851 1470    7.58533    8.45653  11.5%   614  680s
   906   908    8.26340  893 1599    7.58533    8.45653  11.5%   595  685s
   935   937    8.25530  921 1555    7.58533    8.45653  11.5%   590  690s
   940   942    8.25469  925 1591    7.58533    8.45653  11.5%   590  695s
   966   968    8.24410  951 1605    7.58533    8.45653  11.5%   585  700s
   997   999    8.23823  982 1468    7.58533    8.45653  11.5%   577  705s
  1024  1026    8.23341 1009 1567    7.58533    8.45653  11.5%   571  710s
  1063  1065    8.22782 1048 1537    7.58533    8.45653  11.5%   559  715s
  1081  1083    8.22524 1066 1443    7.58533    8.45653  11.5%   561  720s
  1109  1111    8.21751 1093 1655    7.58533    8.45653  11.5%   556  725s
H 1110  1110                       7.5929004    8.45653  11.4%   555  743s
H 1110  1110                       7.6258206    8.45653  10.9%   555  743s
  1123  1125    8.21708 1106 1473    7.62582    8.45653  10.9%   559  745s
  1158  1160    8.21164 1140 1590    7.62582    8.45653  10.9%   552  750s
  1187  1187    8.20596 1168 1354    7.62582    8.45653  10.9%   547  755s
  1219  1219    8.20092 1200 1405    7.62582    8.45653  10.9%   542  760s
  1246  1246    8.13070 1226 1621    7.62582    8.45653  10.9%   540  765s
  1284  1284    8.19175 1264 1302    7.62582    8.45653  10.9%   530  770s
  1314  1312    8.18623 1293 1520    7.62582    8.45653  10.9%   526  775s
  1341  1339    7.94056 1319 1379    7.62582    8.45653  10.9%   525  780s
  1375  1373    8.17715 1353 1516    7.62582    8.45653  10.9%   519  785s
  1402  1400    8.17257 1380 1427    7.62582    8.45653  10.9%   518  790s
  1430  1428    8.16821 1408 1496    7.62582    8.45653  10.9%   515  795s
  1456  1454    8.16442 1434 1479    7.62582    8.45653  10.9%   513  800s
  1496  1494    8.16203 1474 1486    7.62582    8.45653  10.9%   507  805s
  1534  1532    8.15808 1512 1397    7.62582    8.45653  10.9%   500  810s
  1563  1561    8.15147 1540 1396    7.62582    8.45653  10.9%   498  815s
  1602  1600    8.14588 1578 1252    7.62582    8.45653  10.9%   493  820s
  1647  1645    8.14012 1623 1505    7.62582    8.45653  10.9%   485  825s
  1669  1667    8.13234 1643 1402    7.62582    8.45653  10.9%   487  830s
  1701  1699    8.12447 1675 1509    7.62582    8.45653  10.9%   483  835s
H 1728  1724                       7.6298397    8.45653  10.8%   479  837s
  1753  1751    8.11912 1727 1471    7.62984    8.45653  10.8%   474  840s
  1796  1794    8.11377 1769 1408    7.62984    8.45653  10.8%   468  845s
  1850  1848    8.10575 1823 1489    7.62984    8.45653  10.8%   459  850s
  1890  1888    8.10113 1863 1421    7.62984    8.45653  10.8%   454  855s
  1935  1933    8.09689 1908 1389    7.62984    8.45653  10.8%   448  860s
  1982  1980    8.09312 1955 1374    7.62984    8.45653  10.8%   442  865s
  1997  1995    8.08571 1969 1472    7.62984    8.45653  10.8%   441  870s
  2025  2023    8.07779 1996 1351    7.62984    8.45653  10.8%   440  875s
  2059  2057    8.06949 2029 1408    7.62984    8.45653  10.8%   438  880s
  2100  2098    7.95146 2068 1250    7.62984    8.45653  10.8%   435  885s
  2145  2143    8.03293 2113 1267    7.62984    8.45653  10.8%   430  890s
  2200  2198    8.02272 2168 1061    7.62984    8.45653  10.8%   423  895s
  2229  2227    8.01362 2196 1251    7.62984    8.45653  10.8%   423  900s
  2278  2276    8.00428 2245 1293    7.62984    8.45653  10.8%   419  905s
  2346  2344    7.99938 2313 1023    7.62984    8.45653  10.8%   410  910s
  2384  2382    7.98607 2348 1298    7.62984    8.45653  10.8%   409  915s
H 2414  2410                       7.6342829    8.45653  10.8%   407  923s
  2414  2412    7.97868 2377 1332    7.63428    8.45653  10.8%   407  937s
  2451  2449    7.97592 2414 1333    7.63428    8.45653  10.8%   402  940s
  2517  2515    7.97099 2480 1251    7.63428    8.45653  10.8%   395  945s
  2551  2548    8.03169 2096 1739    7.63428    8.45653  10.8%   391  977s
  2553  2549    8.19202 1255 1115    7.63428    8.45653  10.8%   391  984s
  2554  2550    8.13977 1630 1504    7.63428    8.45653  10.8%   391  993s
  2555  2551    8.07031 2024 1572    7.63428    8.45653  10.8%   390 1003s
  2556  2551    8.25214  932 1900    7.63428    8.45653  10.8%   390 1018s
  2557  2552    8.07412 2014 1925    7.63428    8.45653  10.8%   390 1033s
  2558  2553    8.18829 1277 1980    7.63428    8.45653  10.8%   390 1049s
  2559  2553    8.12180 1710 2099    7.63428    8.45653  10.8%   390 1065s
  2560  2554    8.26920  821 1828    7.63428    8.45653  10.8%   390 1083s
  2561  2555    8.26565  865 1883    7.63428    8.45653  10.8%   390 1096s
  2562  2555    8.00088 2286 2043    7.63428    8.45653  10.8%   389 1114s
  2563  2556    8.25493  924 2074    7.63428    8.45653  10.8%   389 1127s
  2564  2557    8.28935  624 2101    7.63428    8.45653  10.8%   389 1144s
  2565  2557    8.13986 1627 1864    7.63428    8.45653  10.8%   389 1155s
  2566  2558    7.96323 2258 1665    7.63428    8.38389  9.82%   389 1169s
  2567  2559    8.20631 1165 1673    7.63428    8.29106  8.60%   389 1178s
  2568  2559    8.10680 1807 1597    7.63428    8.21924  7.66%   389 1191s
  2569  2560    8.15552  636 1549    7.63428    8.15552  6.83%   388 1198s
  2570  2561    8.11108  773 1505    7.63428    8.11108  6.25%   388 1206s
  2571  2561    8.08488 1643 1504    7.63428    8.08488  5.90%   388 1211s
  2572  2562    8.05941 1805 1452    7.63428    8.05941  5.57%   388 1221s
  2573  2563    8.03798 1072 1531    7.63428    8.03798  5.29%   388 1225s
  2574  2563    8.01885  803 1303    7.63428    8.01885  5.04%   388 1232s
  2575  2564    7.99955 1448 1406    7.63428    7.99955  4.78%   387 1237s
  2576  2565    7.97482  918 1377    7.63428    7.97482  4.46%   387 1249s
  2577  2565    7.92356 2346 1522    7.63428    7.95493  4.20%   387 1255s
  2578  2566    7.93322 1978 1305    7.63428    7.93322  3.92%   387 1262s
  2579  2567    7.91998  815 1259    7.63428    7.91998  3.74%   387 1267s
H 2579  2438                       7.6351548    7.90601  3.55%   387 1276s
  2581  2439    7.88952 2182 1274    7.63515    7.88952  3.33%   387 1280s
  2582  2440    7.87532 1702 1238    7.63515    7.87532  3.15%   386 1289s
  2583  2440    7.86286 2230 1570    7.63515    7.86286  2.98%   386 1293s
  2584  2441    7.81177 1237 1376    7.63515    7.81177  2.31%   386 1312s
  2585  2442    7.79992  531 1194    7.63515    7.79992  2.16%   386 1317s
  2586  2442    7.76169 2009 1190    7.63515    7.76169  1.66%   386 1326s
  2588  2444    7.73754 1969 1215    7.63515    7.73754  1.34%   386 1334s
  2589  2444    7.72703 2433 1205    7.63515    7.72703  1.20%   385 1336s
  2592  2448    7.71770  149 1739    7.63515    7.71770  1.08%   680 1343s
  2594  2449    7.71770  618 1291    7.63515    7.71770  1.08%   680 1348s
  2595  2450    7.71770 2171 1429    7.63515    7.71770  1.08%   679 1353s
  2596  2451    7.71770 2004 1629    7.63515    7.71770  1.08%   679 1358s
  2597  2451    7.71770 1548 1528    7.63515    7.71770  1.08%   679 1363s
  2598  2452    7.71770 1896 1692    7.63515    7.71770  1.08%   679 1369s
  2599  2453    7.71770  736 1709    7.63515    7.71770  1.08%   678 1374s
  2600  2453    7.71770 1033 1663    7.63515    7.71770  1.08%   678 1380s
H 2600  2330                       7.6355347    7.71770  1.08%   678 1387s
  2602  2332    7.71770 1097 1678    7.63553    7.71770  1.08%   678 1397s
  2603  2332    7.71770 1323 1517    7.63553    7.71770  1.08%   677 1405s
  2604  2333    7.71770 1147 1673    7.63553    7.71770  1.08%   677 1413s
  2605  2334    7.71770 1060 1256    7.63553    7.71770  1.08%   677 1420s
  2606  2334    7.71770 1019 1160    7.63553    7.71770  1.08%   676 1425s
  2607  2335    7.71770  115 1224    7.63553    7.71770  1.08%   676 1431s
  2608  2336    7.71770 1960 1239    7.63553    7.71770  1.08%   676 1436s
  2609  2336    7.71770 1513  977    7.63553    7.71770  1.08%   676 1440s
  2611  2338    7.71770  219  958    7.63553    7.71770  1.08%   675 1446s
  2613  2339    7.71563  752  869    7.63553    7.71563  1.05%   675 1450s
  2617  2343    7.71563 1821 1252    7.63553    7.71563  1.05%   798 1456s
  2618  2344    7.71563 1530 1571    7.63553    7.71563  1.05%   798 1460s
  2620  2345    7.71563 2417 1527    7.63553    7.71563  1.05%   797 1468s
  2621  2346    7.71563 2117 1711    7.63553    7.71563  1.05%   797 1471s
  2623  2347    7.71563  366 1379    7.63553    7.71563  1.05%   796 1479s
  2624  2348    7.71563 1652 1478    7.63553    7.71563  1.05%   796 1483s
  2625  2349    7.71563   88 1504    7.63553    7.71563  1.05%   796 1489s
  2626  2349    7.71563 1957 1637    7.63553    7.71563  1.05%   795 1494s
  2627  2350    7.71563  334 1226    7.63553    7.71563  1.05%   795 1499s
  2628  2351    7.71563 1595 1117    7.63553    7.71563  1.05%   795 1504s
  2629  2351    7.71563  975 1210    7.63553    7.71563  1.05%   795 1507s
  2630  2352    7.71563 1306 1133    7.63553    7.71563  1.05%   794 1512s
H 2631  2235                       7.6380655    7.71563  1.02%   794 1517s
  2634  2237    7.70363 1717  728    7.63807    7.70363  0.86%   793 1521s
H 2635  2124                       7.6405225    7.69537  0.72%   793 1524s
  2637  2126    7.69506 1550  758    7.64052    7.69506  0.71%   792 1525s
  2640  2128    7.69219 1808  750    7.64052    7.69219  0.68%   791 1530s
  2642  2129    7.69123 1647  504    7.64052    7.69123  0.66%   791 1541s
  2646  2132    7.69062   20  587    7.64052    7.69062  0.66%   789 1545s
H 2648  2026                       7.6608308    7.68903  0.37%   789 1550s
  2657  2034    7.68889 2014 1176    7.66083    7.68889  0.37%   900 1555s
H 2659  1933                       7.6646198    7.68889  0.32%   899 1558s
  2666  1939    7.68889 2258 1739    7.66462    7.68889  0.32%   913 1560s
  2688  1955    7.68884 1969  318    7.66462    7.68884  0.32%   910 1565s
* 2717  1859              75       7.6678613    7.68501  0.22%   904 1566s
* 2733  1762              74       7.6736520    7.68280  0.12%   899 1566s
* 2745  1664              73       7.6749786    7.68047  0.07%   896 1566s

Cutting planes:
  Learned: 1
  Gomory: 18
  Implied bound: 139
  Projected implied bound: 5
  Clique: 7
  MIR: 15
  Flow cover: 71
  Zero half: 4
  RLT: 50
  Relax-and-lift: 101

Explored 2754 nodes (3360372 simplex iterations) in 1566.40 seconds (3656.63 work units)
Thread count was 1 (of 11 available processors)

Solution count 10: 7.67498 7.67498 7.67365 ... 7.63515

Optimal solution found (tolerance 1.00e-04)
Best objective 7.674978601625e+00, best bound 7.674978601625e+00, gap 0.0000%
