
Gurobi 12.0.0 (mac64[arm]) logging started Wed Dec 10 02:07:11 2025

Set parameter LogFile to value "/Users/lennardhansmann/Desktop/Newspaperlayout/newspaperlayout/Instances/Diss/Large/L30P180(A)/sol/L30P180A1(A).log"
Set parameter Threads to value 1
Gurobi Optimizer version 12.0.0 build v12.0.0rc1 (mac64[arm] - Darwin 24.6.0 24G90)

CPU model: Apple M3 Pro
Thread count: 11 physical cores, 11 logical processors, using up to 1 threads

Non-default parameters:
TimeLimit  3600
Threads  1

Optimize a model with 30521 rows, 86359 columns and 1112755 nonzeros
Model fingerprint: 0xbc77880a
Variable types: 7907 continuous, 78452 integer (78452 binary)
Coefficient statistics:
  Matrix range     [7e-04, 1e+04]
  Objective range  [1e+00, 1e+00]
  Bounds range     [1e+00, 1e+04]
  RHS range        [9e-01, 1e+04]
Found heuristic solution: objective -23.4003147
Presolve removed 3007 rows and 23608 columns (presolve time = 5s)...
Presolve removed 3628 rows and 41607 columns
Presolve time: 9.50s
Presolved: 26893 rows, 44752 columns, 521193 nonzeros
Variable types: 3164 continuous, 41588 integer (38580 binary)

Root simplex log...

Iteration    Objective       Primal Inf.    Dual Inf.      Time
       0    1.4344932e+02   2.250851e+02   0.000000e+00     10s
   15664    3.8129080e+01   4.512199e+05   0.000000e+00     10s
   36643    1.3875000e+01   0.000000e+00   0.000000e+00     14s
   36643    1.3875000e+01   0.000000e+00   0.000000e+00     14s

Root relaxation: objective 1.387500e+01, 36643 iterations, 4.02 seconds (8.84 work units)

    Nodes    |    Current Node    |     Objective Bounds      |     Work
 Expl Unexpl |  Obj  Depth IntInf | Incumbent    BestBd   Gap | It/Node Time

     0     0   13.87500    0  530  -23.40031   13.87500   159%     -   14s
     0     0   13.87500    0  893  -23.40031   13.87500   159%     -   15s
     0     0   13.87500    0  938  -23.40031   13.87500   159%     -   16s
     0     0   13.87500    0  777  -23.40031   13.87500   159%     -   17s
     0     0   13.87500    0  952  -23.40031   13.87500   159%     -   17s
     0     0   13.87500    0  908  -23.40031   13.87500   159%     -   18s
     0     0   13.87500    0  817  -23.40031   13.87500   159%     -   19s
     0     0   13.87500    0  831  -23.40031   13.87500   159%     -   19s
H    0     0                      -0.6631671   13.87500  2192%     -   19s
H    0     0                      -0.5591799   13.87500  2581%     -   19s
H    0     0                      -0.5424820   13.87500  2658%     -   19s
H    0     0                       1.1766087   13.87500  1079%     -   19s
H    0     0                       1.2924927   13.87500   974%     -   19s
H    0     0                       1.4174927   13.87500   879%     -   19s
H    0     0                       1.5007919   13.87500   825%     -   19s
H    0     0                       2.2847170   13.87500   507%     -   19s
H    0     0                       2.4600716   13.87500   464%     -   19s
H    0     0                       3.0894667   13.87500   349%     -   19s
H    0     0                       3.3705028   13.87500   312%     -   19s
     0     0   13.83820    0 1077    3.37050   13.83820   311%     -   22s
     0     0   13.83501    0 1136    3.37050   13.83501   310%     -   23s
     0     0   13.83476    0 1189    3.37050   13.83476   310%     -   23s
     0     0   13.83189    0 1136    3.37050   13.83189   310%     -   24s
H    0     0                       3.4555020   13.83186   300%     -   24s
     0     0   13.82559    0 1088    3.45550   13.82559   300%     -   24s
     0     0   13.62779    0 1384    3.45550   13.62779   294%     -   29s
     0     0   13.62333    0 1370    3.45550   13.62333   294%     -   30s
     0     0   13.62300    0 1330    3.45550   13.62300   294%     -   30s
H    0     0                       3.4687442   13.62263   293%     -   30s
H    0     0                       3.8323588   13.62263   255%     -   31s
H    0     0                       4.3526181   13.62263   213%     -   31s
H    0     0                       4.6279640   13.62263   194%     -   31s
H    0     0                       4.8759100   13.62263   179%     -   31s
H    0     0                       4.8926079   13.62263   178%     -   31s
H    0     0                       5.0520311   13.62263   170%     -   31s
H    0     0                       5.0666907   13.62263   169%     -   31s
H    0     0                       5.1573505   13.62263   164%     -   31s
H    0     0                       5.1602397   13.62263   164%     -   31s
H    0     0                       5.2167334   13.62263   161%     -   31s
     0     0   13.61093    0 1253    5.21673   13.61093   161%     -   33s
     0     0   13.18023    0 1314    5.21673   13.18023   153%     -   41s
     0     0   13.18004    0 1306    5.21673   13.18004   153%     -   41s
H    0     0                       5.4124615   13.18004   144%     -   41s
H    0     0                       5.4417784   13.18004   142%     -   41s
H    0     0                       6.0199338   13.18004   119%     -   41s
     0     0   13.15627    0 1318    6.01993   13.15627   119%     -   43s
     0     0   13.15462    0 1320    6.01993   13.15462   119%     -   44s
     0     0   13.15456    0 1331    6.01993   13.15456   119%     -   44s
     0     0   12.87477    0 1406    6.01993   12.87477   114%     -   52s
     0     0   12.86782    0 1384    6.01993   12.86782   114%     -   52s
     0     0   12.86778    0 1348    6.01993   12.86778   114%     -   53s
H    0     0                       6.2121244   12.86757   107%     -   53s
H    0     0                       6.3566921   12.86757   102%     -   53s
H    0     0                       6.6596787   12.86757  93.2%     -   53s
H    0     0                       6.8698110   12.86757  87.3%     -   53s
H    0     0                       7.0576842   12.86757  82.3%     -   53s
H    0     0                       7.1467401   12.86757  80.0%     -   53s
H    0     0                       7.1489862   12.86757  80.0%     -   53s
H    0     0                       7.3525162   12.86757  75.0%     -   53s
H    0     0                       7.4193127   12.86757  73.4%     -   53s
H    0     0                       7.5314549   12.86757  70.9%     -   53s
     0     0   12.85055    0 1379    7.53145   12.85055  70.6%     -   55s
     0     0   12.85015    0 1329    7.53145   12.85015  70.6%     -   55s
     0     0   12.85015    0 1354    7.53145   12.85015  70.6%     -   55s
     0     0   12.84674    0 1416    7.53145   12.84674  70.6%     -   56s
     0     0   12.84674    0 1400    7.53145   12.84674  70.6%     -   56s
     0     0   12.84655    0 1431    7.53145   12.84655  70.6%     -   56s
     0     0   12.84650    0 1492    7.53145   12.84650  70.6%     -   56s
     0     0   12.84650    0 1493    7.53145   12.84650  70.6%     -   56s
     0     0   12.62523    0 1471    7.53145   12.62523  67.6%     -   62s
     0     0   12.61859    0 1449    7.53145   12.61859  67.5%     -   62s
     0     0   12.61792    0 1508    7.53145   12.61792  67.5%     -   63s
H    0     0                       7.5586631   12.61534  66.9%     -   63s
H    0     0                       7.7817890   12.61534  62.1%     -   63s
H    0     0                       7.9351907   12.61534  59.0%     -   63s
H    0     0                       7.9629202   12.61534  58.4%     -   63s
     0     0   12.60164    0 1524    7.96292   12.60164  58.3%     -   64s
     0     0   12.60102    0 1447    7.96292   12.60102  58.2%     -   65s
     0     0   12.60092    0 1467    7.96292   12.60092  58.2%     -   65s
     0     0   12.59535    0 1416    7.96292   12.59535  58.2%     -   65s
     0     0   12.59388    0 1538    7.96292   12.59388  58.2%     -   66s
     0     0   12.59362    0 1490    7.96292   12.59362  58.2%     -   66s
     0     0   12.38431    0 1518    7.96292   12.38431  55.5%     -   71s
     0     0   12.38035    0 1341    7.96292   12.38035  55.5%     -   72s
H    0     0                       8.1644167   12.38035  51.6%     -   73s
H    0     0                       8.4013660   12.38035  47.4%     -   74s
     0     0   12.35417    0 1448    8.40137   12.35417  47.0%     -   76s
     0     0   12.35287    0 1533    8.40137   12.35287  47.0%     -   77s
     0     0   12.35203    0 1552    8.40137   12.35203  47.0%     -   77s
     0     0   12.35166    0 1659    8.40137   12.35166  47.0%     -   78s
     0     0   12.34924    0 1527    8.40137   12.34924  47.0%     -   79s
     0     0   12.34914    0 1469    8.40137   12.34914  47.0%     -   79s
     0     0   12.34907    0 1462    8.40137   12.34907  47.0%     -   79s
     0     0   12.12884    0 1598    8.40137   12.12884  44.4%     -   85s
     0     0   12.12612    0 1556    8.40137   12.12612  44.3%     -   86s
     0     0   12.12599    0 1540    8.40137   12.12599  44.3%     -   86s
     0     0   12.12599    0 1534    8.40137   12.12599  44.3%     -   86s
H    0     0                       8.4741129   12.12599  43.1%     -   86s
     0     0   12.10502    0 1596    8.47411   12.10502  42.8%     -   88s
     0     0   12.10118    0 1535    8.47411   12.10118  42.8%     -   88s
     0     0   12.09984    0 1546    8.47411   12.09984  42.8%     -   89s
     0     0   12.09977    0 1569    8.47411   12.09977  42.8%     -   89s
     0     0   12.09953    0 1575    8.47411   12.09953  42.8%     -   89s
     0     0   11.92948    0 1428    8.47411   11.92948  40.8%     -   97s
     0     0   11.92319    0 1416    8.47411   11.92319  40.7%     -   99s
     0     0   11.92272    0 1394    8.47411   11.92272  40.7%     -   99s
H    0     0                       8.7987686   11.92272  35.5%     -  100s
H    0     0                       8.8764782   11.92272  34.3%     -  101s
     0     0   11.89616    0 1434    8.87648   11.89616  34.0%     -  104s
     0     0   11.89533    0 1462    8.87648   11.89533  34.0%     -  104s
     0     0   11.89533    0 1476    8.87648   11.89533  34.0%     -  104s
     0     0   11.89533    0 1483    8.87648   11.89533  34.0%     -  104s
     0     0   11.88708    0 1432    8.87648   11.88708  33.9%     -  105s
     0     0   11.88678    0 1469    8.87648   11.88678  33.9%     -  105s
     0     0   11.88613    0 1408    8.87648   11.88613  33.9%     -  105s
     0     0   11.71481    0 1463    8.87648   11.71481  32.0%     -  112s
     0     0   11.71148    0 1496    8.87648   11.71148  31.9%     -  113s
     0     0   11.71067    0 1565    8.87648   11.71067  31.9%     -  113s
     0     0   11.71035    0 1517    8.87648   11.71035  31.9%     -  114s
     0     0   11.71030    0 1601    8.87648   11.71030  31.9%     -  114s
     0     0   11.68778    0 1598    8.87648   11.68778  31.7%     -  117s
     0     0   11.68757    0 1526    8.87648   11.68757  31.7%     -  117s
     0     0   11.68752    0 1508    8.87648   11.68752  31.7%     -  118s
     0     0   11.68752    0 1505    8.87648   11.68752  31.7%     -  118s
     0     0   11.68136    0 1489    8.87648   11.68136  31.6%     -  119s
     0     0   11.68136    0 1489    8.87648   11.68136  31.6%     -  119s
     0     0   11.68069    0 1569    8.87648   11.68069  31.6%     -  119s
     0     0   11.53395    0 1663    8.87648   11.53395  29.9%     -  125s
     0     0   11.53185    0 1645    8.87648   11.53185  29.9%     -  127s
     0     0   11.53170    0 1566    8.87648   11.53170  29.9%     -  127s
     0     0   11.53157    0 1624    8.87648   11.53157  29.9%     -  127s
     0     0   11.53157    0 1664    8.87648   11.53157  29.9%     -  127s
H    0     0                       8.8929983   11.53153  29.7%     -  129s
     0     0   11.51151    0 1615    8.89300   11.51151  29.4%     -  131s
     0     0   11.51008    0 1564    8.89300   11.51008  29.4%     -  132s
     0     0   11.50997    0 1582    8.89300   11.50997  29.4%     -  132s
     0     0   11.50997    0 1631    8.89300   11.50997  29.4%     -  132s
     0     0   11.50483    0 1630    8.89300   11.50483  29.4%     -  133s
     0     0   11.50479    0 1630    8.89300   11.50479  29.4%     -  133s
     0     0   11.50441    0 1599    8.89300   11.50441  29.4%     -  133s
     0     0   11.50441    0 1609    8.89300   11.50441  29.4%     -  133s
     0     0   11.35353    0 1543    8.89300   11.35353  27.7%     -  141s
     0     0   11.34956    0 1580    8.89300   11.34956  27.6%     -  143s
     0     0   11.34867    0 1526    8.89300   11.34867  27.6%     -  143s
     0     0   11.33354    0 1626    8.89300   11.33354  27.4%     -  146s
     0     0   11.33315    0 1514    8.89300   11.33315  27.4%     -  146s
     0     0   11.33310    0 1535    8.89300   11.33310  27.4%     -  146s
     0     0   11.32916    0 1640    8.89300   11.32916  27.4%     -  147s
     0     0   11.32864    0 1611    8.89300   11.32864  27.4%     -  148s
     0     0   11.32863    0 1539    8.89300   11.32863  27.4%     -  148s
     0     0   11.32816    0 1560    8.89300   11.32816  27.4%     -  148s
     0     0   11.20118    0 1584    8.89300   11.20118  26.0%     -  154s
     0     0   11.19754    0 1517    8.89300   11.19754  25.9%     -  156s
     0     0   11.19739    0 1491    8.89300   11.19739  25.9%     -  156s
H    0     0                       8.9551718   11.19739  25.0%     -  158s
H    0     0                       8.9640836   11.19739  24.9%     -  160s
     0     0   11.18481    0 1534    8.96408   11.18481  24.8%     -  162s
     0     0   11.18480    0 1492    8.96408   11.18480  24.8%     -  162s
     0     0   11.17234    0 1465    8.96408   11.17234  24.6%     -  164s
     0     0   11.17181    0 1602    8.96408   11.17181  24.6%     -  164s
     0     0   11.17177    0 1416    8.96408   11.17177  24.6%     -  164s
     0     0   11.16953    0 1591    8.96408   11.16953  24.6%     -  165s
     0     0   11.16926    0 1557    8.96408   11.16926  24.6%     -  165s
     0     0   11.16926    0 1551    8.96408   11.16926  24.6%     -  165s
     0     0   11.16916    0 1559    8.96408   11.16916  24.6%     -  165s
     0     0   11.16912    0 1562    8.96408   11.16912  24.6%     -  165s
     0     0   11.06867    0 1638    8.96408   11.06867  23.5%     -  171s
     0     0   11.06585    0 1650    8.96408   11.06585  23.4%     -  172s
     0     0   11.06585    0 1627    8.96408   11.06585  23.4%     -  172s
     0     0   11.05353    0 1537    8.96408   11.05353  23.3%     -  173s
     0     0   11.05348    0 1519    8.96408   11.05348  23.3%     -  173s
     0     0   11.05111    0 1560    8.96408   11.05111  23.3%     -  174s
     0     0   11.05111    0 1593    8.96408   11.05111  23.3%     -  174s
     0     0   11.05068    0 1507    8.96408   11.05068  23.3%     -  174s
     0     0   10.97278    0 1713    8.96408   10.97278  22.4%     -  180s
     0     0   10.96734    0 1764    8.96408   10.96734  22.3%     -  182s
     0     0   10.96701    0 1744    8.96408   10.96701  22.3%     -  183s
H    0     0                       8.9766590   10.96469  22.1%     -  184s
H    0     0                       8.9821463   10.96469  22.1%     -  185s
H    0     0                       9.0316887   10.96469  21.4%     -  185s
H    0     0                       9.1223191   10.96469  20.2%     -  185s
     0     0   10.95380    0 1703    9.12232   10.95380  20.1%     -  188s
     0     0   10.95353    0 1623    9.12232   10.95353  20.1%     -  188s
     0     0   10.94661    0 1870    9.12232   10.94661  20.0%     -  190s
     0     0   10.94650    0 1850    9.12232   10.94650  20.0%     -  190s
     0     0   10.94556    0 1781    9.12232   10.94556  20.0%     -  191s
     0     0   10.94540    0 1780    9.12232   10.94540  20.0%     -  191s
     0     0   10.84676    0 1635    9.12232   10.84676  18.9%     -  197s
     0     0   10.84572    0 1480    9.12232   10.84572  18.9%     -  198s
     0     0   10.82737    0 1670    9.12232   10.82737  18.7%     -  200s
     0     0   10.82663    0 1597    9.12232   10.82663  18.7%     -  201s
     0     0   10.82657    0 1620    9.12232   10.82657  18.7%     -  201s
     0     0   10.82420    0 1615    9.12232   10.82420  18.7%     -  202s
     0     0   10.82397    0 1627    9.12232   10.82397  18.7%     -  203s
     0     0   10.73746    0 1604    9.12232   10.73746  17.7%     -  208s
     0     0   10.73501    0 1581    9.12232   10.73501  17.7%     -  209s
     0     0   10.73493    0 1590    9.12232   10.73493  17.7%     -  210s
     0     0   10.73492    0 1583    9.12232   10.73492  17.7%     -  210s
     0     0   10.72298    0 1545    9.12232   10.72298  17.5%     -  211s
     0     0   10.72082    0 1575    9.12232   10.72082  17.5%     -  214s
     0     0   10.72078    0 1580    9.12232   10.72078  17.5%     -  214s
     0     0   10.71840    0 1580    9.12232   10.71840  17.5%     -  215s
     0     0   10.71777    0 1596    9.12232   10.71777  17.5%     -  216s
     0     0   10.71675    0 1564    9.12232   10.71675  17.5%     -  216s
     0     0   10.71671    0 1557    9.12232   10.71671  17.5%     -  216s
     0     0   10.71671    0 1519    9.12232   10.71671  17.5%     -  216s
     0     0   10.64402    0 1538    9.12232   10.64402  16.7%     -  221s
     0     0   10.64326    0 1449    9.12232   10.64326  16.7%     -  222s
     0     0   10.62840    0 1706    9.12232   10.62840  16.5%     -  224s
     0     0   10.62832    0 1631    9.12232   10.62832  16.5%     -  224s
     0     0   10.62333    0 1700    9.12232   10.62333  16.5%     -  225s
     0     0   10.62332    0 1613    9.12232   10.62332  16.5%     -  225s
     0     0   10.62095    0 1573    9.12232   10.62095  16.4%     -  226s
     0     0   10.62049    0 1481    9.12232   10.62049  16.4%     -  227s
     0     0   10.62042    0 1484    9.12232   10.62042  16.4%     -  227s
     0     0   10.61981    0 1548    9.12232   10.61981  16.4%     -  227s
     0     0   10.57068    0 1604    9.12232   10.57068  15.9%     -  232s
     0     0   10.57019    0 1653    9.12232   10.57019  15.9%     -  233s
     0     0   10.57013    0 1534    9.12232   10.57013  15.9%     -  233s
H    0     0                       9.1774068   10.57013  15.2%     -  236s
     0     0   10.55690    0 1721    9.17741   10.55690  15.0%     -  241s
     0     0   10.55682    0 1757    9.17741   10.55682  15.0%     -  242s
     0     0   10.55682    0 1757    9.17741   10.55682  15.0%     -  242s
     0     0   10.55468    0 1649    9.17741   10.55468  15.0%     -  243s
     0     0   10.55462    0 1634    9.17741   10.55462  15.0%     -  243s
     0     0   10.50578    0 1436    9.17741   10.50578  14.5%     -  248s
     0     0   10.50401    0 1436    9.17741   10.50401  14.5%     -  249s
     0     0   10.50401    0 1396    9.17741   10.50401  14.5%     -  249s
     0     0   10.50401    0 1401    9.17741   10.50401  14.5%     -  249s
     0     0   10.50401    0 1394    9.17741   10.50401  14.5%     -  249s
     0     0   10.48869    0 1436    9.17741   10.48869  14.3%     -  251s
     0     0   10.48866    0 1458    9.17741   10.48866  14.3%     -  251s
     0     0   10.48252    0 1561    9.17741   10.48252  14.2%     -  253s
     0     0   10.48202    0 1657    9.17741   10.48202  14.2%     -  253s
     0     0   10.48129    0 1508    9.17741   10.48129  14.2%     -  254s
     0     0   10.43090    0 1601    9.17741   10.43090  13.7%     -  258s
     0     0   10.42684    0 1600    9.17741   10.42684  13.6%     -  259s
     0     0   10.42680    0 1604    9.17741   10.42680  13.6%     -  259s
     0     0   10.42129    0 1586    9.17741   10.42129  13.6%     -  261s
     0     0   10.42119    0 1604    9.17741   10.42119  13.6%     -  262s
     0     0   10.41485    0 1518    9.17741   10.41485  13.5%     -  263s
     0     0   10.41307    0 1570    9.17741   10.41307  13.5%     -  265s
     0     0   10.34391    0 1613    9.17741   10.34391  12.7%     -  269s
     0     0   10.32963    0 1526    9.17741   10.32963  12.6%     -  271s
     0     0   10.32886    0 1487    9.17741   10.32886  12.5%     -  271s
     0     0   10.32886    0 1506    9.17741   10.32886  12.5%     -  271s
     0     0   10.31342    0 1441    9.17741   10.31342  12.4%     -  274s
     0     0   10.31324    0 1487    9.17741   10.31324  12.4%     -  274s
     0     0   10.30784    0 1494    9.17741   10.30784  12.3%     -  275s
     0     0   10.30758    0 1455    9.17741   10.30758  12.3%     -  275s
     0     0   10.30755    0 1416    9.17741   10.30755  12.3%     -  275s
     0     0   10.30606    0 1469    9.17741   10.30606  12.3%     -  275s
     0     0   10.26341    0 1595    9.17741   10.26341  11.8%     -  279s
     0     0   10.26297    0 1574    9.17741   10.26297  11.8%     -  280s
     0     0   10.26296    0 1506    9.17741   10.26296  11.8%     -  280s
     0     0   10.26296    0 1503    9.17741   10.26296  11.8%     -  280s
     0     0   10.24600    0 1338    9.17741   10.24600  11.6%     -  281s
     0     0   10.24541    0 1430    9.17741   10.24541  11.6%     -  282s
     0     0   10.24508    0 1434    9.17741   10.24508  11.6%     -  282s
     0     0   10.24324    0 1347    9.17741   10.24324  11.6%     -  283s
     0     0   10.19904    0 1441    9.17741   10.19904  11.1%     -  287s
     0     0   10.19641    0 1511    9.17741   10.19641  11.1%     -  288s
     0     0   10.19614    0 1522    9.17741   10.19614  11.1%     -  288s
     0     0   10.19613    0 1506    9.17741   10.19613  11.1%     -  289s
     0     0   10.17819    0 1582    9.17741   10.17819  10.9%     -  290s
     0     0   10.17778    0 1650    9.17741   10.17778  10.9%     -  290s
     0     0   10.17776    0 1635    9.17741   10.17776  10.9%     -  290s
     0     0   10.17776    0 1635    9.17741   10.17776  10.9%     -  290s
     0     0   10.17427    0 1584    9.17741   10.17427  10.9%     -  291s
     0     0   10.17424    0 1530    9.17741   10.17424  10.9%     -  291s
     0     0   10.17388    0 1577    9.17741   10.17388  10.9%     -  291s
     0     0   10.17388    0 1575    9.17741   10.17388  10.9%     -  291s
     0     0   10.13717    0 1469    9.17741   10.13717  10.5%     -  295s
     0     0   10.13698    0 1422    9.17741   10.13698  10.5%     -  296s
     0     0   10.13697    0 1398    9.17741   10.13697  10.5%     -  296s
     0     0   10.13234    0 1368    9.17741   10.13234  10.4%     -  297s
     0     0   10.13204    0 1360    9.17741   10.13204  10.4%     -  297s
     0     0   10.13064    0 1437    9.17741   10.13064  10.4%     -  298s
     0     0   10.13063    0 1438    9.17741   10.13063  10.4%     -  298s
     0     0   10.10142    0 1308    9.17741   10.10142  10.1%     -  301s
     0     0   10.10142    0 1352    9.17741   10.10142  10.1%     -  301s
     0     0   10.10142    0 1350    9.17741   10.10142  10.1%     -  301s
     0     0   10.09861    0 1288    9.17741   10.09861  10.0%     -  303s
     0     0   10.09861    0 1265    9.17741   10.09861  10.0%     -  303s
     0     0   10.05918    0 1386    9.17741   10.05918  9.61%     -  307s
     0     0   10.05764    0 1431    9.17741   10.05764  9.59%     -  307s
     0     0   10.05764    0 1388    9.17741   10.05764  9.59%     -  307s
     0     0   10.04944    0 1582    9.17741   10.04944  9.50%     -  309s
     0     0   10.04942    0 1492    9.17741   10.04942  9.50%     -  309s
     0     0   10.04687    0 1543    9.17741   10.04687  9.47%     -  310s
     0     0   10.04663    0 1546    9.17741   10.04663  9.47%     -  310s
     0     0   10.00769    0 1342    9.17741   10.00769  9.05%     -  314s
     0     0   10.00703    0 1353    9.17741   10.00703  9.04%     -  315s
     0     0   10.00702    0 1347    9.17741   10.00702  9.04%     -  315s
     0     0    9.99483    0 1177    9.17741    9.99483  8.91%     -  317s
     0     0    9.99476    0 1177    9.17741    9.99476  8.91%     -  317s
     0     0    9.99268    0 1245    9.17741    9.99268  8.88%     -  317s
     0     0    9.99268    0 1227    9.17741    9.99268  8.88%     -  318s
     0     0    9.96501    0 1127    9.17741    9.96501  8.58%     -  321s
     0     0    9.96484    0 1139    9.17741    9.96484  8.58%     -  321s
     0     0    9.96055    0 1146    9.17741    9.96055  8.53%     -  331s
     0     0    9.95965    0 1165    9.17741    9.95965  8.52%     -  332s
     0     0    9.93621    0 1389    9.17741    9.93621  8.27%     -  334s
     0     0    9.93175    0 1337    9.17741    9.93175  8.22%     -  335s
     0     0    9.93162    0 1316    9.17741    9.93162  8.22%     -  335s
     0     0    9.93162    0 1313    9.17741    9.93162  8.22%     -  336s
     0     0    9.93162    0 1319    9.17741    9.93162  8.22%     -  336s
     0     0    9.93162    0 1337    9.17741    9.93162  8.22%     -  336s
     0     0    9.92340    0 1215    9.17741    9.92340  8.13%     -  337s
     0     0    9.92200    0 1246    9.17741    9.92200  8.11%     -  337s
     0     0    9.91936    0 1174    9.17741    9.91936  8.08%     -  338s
     0     0    9.91877    0 1091    9.17741    9.91877  8.08%     -  339s
     0     0    9.89999    0 1337    9.17741    9.89999  7.87%     -  341s
     0     0    9.89841    0 1400    9.17741    9.89841  7.86%     -  342s
     0     0    9.88965    0 1437    9.17741    9.88965  7.76%     -  343s
     0     0    9.88948    0 1393    9.17741    9.88948  7.76%     -  343s
     0     0    9.88789    0 1278    9.17741    9.88789  7.74%     -  344s
     0     0    9.88775    0 1303    9.17741    9.88775  7.74%     -  344s
     0     0    9.87224    0 1346    9.17741    9.87224  7.57%     -  346s
     0     0    9.87071    0 1297    9.17741    9.87071  7.55%     -  346s
     0     0    9.87027    0 1305    9.17741    9.87027  7.55%     -  347s
     0     0    9.87017    0 1279    9.17741    9.87017  7.55%     -  347s
     0     0    9.87017    0 1240    9.17741    9.87017  7.55%     -  347s
     0     0    9.87017    0 1242    9.17741    9.87017  7.55%     -  347s
     0     0    9.86794    0 1376    9.17741    9.86794  7.52%     -  348s
     0     0    9.86794    0 1387    9.17741    9.86794  7.52%     -  348s
     0     0    9.83263    0 1464    9.17741    9.83263  7.14%     -  351s
     0     0    9.83205    0 1492    9.17741    9.83205  7.13%     -  353s
     0     0    9.83194    0 1478    9.17741    9.83194  7.13%     -  353s
     0     0    9.82811    0 1382    9.17741    9.82811  7.09%     -  354s
     0     0    9.82811    0 1328    9.17741    9.82811  7.09%     -  354s
     0     0    9.82805    0 1347    9.17741    9.82805  7.09%     -  355s
     0     0    9.82804    0 1345    9.17741    9.82804  7.09%     -  355s
     0     0    9.80306    0 1339    9.17741    9.80306  6.82%     -  357s
     0     0    9.80083    0 1261    9.17741    9.80083  6.79%     -  358s
     0     0    9.79960    0 1298    9.17741    9.79960  6.78%     -  359s
     0     0    9.79932    0 1268    9.17741    9.79932  6.78%     -  359s
H    0     0                       9.2089797    9.79932  6.41%     -  359s
     0     0    9.79729    0 1387    9.20898    9.79729  6.39%     -  360s
     0     0    9.77624    0 1476    9.20898    9.77624  6.16%     -  363s
     0     0    9.77569    0 1302    9.20898    9.77569  6.15%     -  363s
     0     0    9.77569    0 1300    9.20898    9.77569  6.15%     -  363s
     0     0    9.77569    0 1292    9.20898    9.77569  6.15%     -  363s
H    0     0                       9.2812744    9.77566  5.33%     -  371s
     0     2    9.77566    0 1287    9.28127    9.77566  5.33%     -  372s
     3     5    9.77365    3 1426    9.28127    9.77365  5.31%   795  375s
     6     8    9.77069    6 1203    9.28127    9.77299  5.30%  2408  381s
     8    10    9.76795    8 1293    9.28127    9.77299  5.30%  2262  386s
    11    13    9.76746   11 1181    9.28127    9.77299  5.30%  2121  390s
    17    19    9.76645   17 1199    9.28127    9.77299  5.30%  1584  395s
    26    28    9.76521   26 1212    9.28127    9.77299  5.30%  1238  403s
    31    33    9.76474   30 1061    9.28127    9.77299  5.30%  1169  405s
    45    47    9.76288   42 1087    9.28127    9.77299  5.30%  1078  410s
    52    54    9.76230   49 1170    9.28127    9.77299  5.30%   975  421s
    60    62    9.75428   56 1179    9.28127    9.77299  5.30%  1055  425s
    69    71    9.73393   63 1115    9.28127    9.77299  5.30%  1080  430s
    87    89    9.74873   80 1146    9.28127    9.77299  5.30%  1003  435s
    92    92     cutoff   84         9.28127    9.77299  5.30%  1127  440s
   113   113    9.72039  102  954    9.28127    9.77299  5.30%  1037  445s
   131   131    9.71283  117 1151    9.28127    9.77299  5.30%   990  450s
   147   147    9.71008  131 1155    9.28127    9.77299  5.30%   966  455s
   168   168    9.70590  149  955    9.28127    9.77299  5.30%   927  460s
   184   182    9.49614  163 1054    9.28127    9.77299  5.30%   931  465s
   197   195    9.69662  176 1068    9.28127    9.77299  5.30%   901  470s
   215   213    9.69156  192  979    9.28127    9.77299  5.30%   889  475s
   238   236    9.68548  212 1002    9.28127    9.77299  5.30%   859  480s
   257   255    9.68336  229  920    9.28127    9.77299  5.30%   847  485s
   276   274    9.67443  245  941    9.28127    9.77299  5.30%   840  490s
   296   294    9.67056  264  987    9.28127    9.77299  5.30%   809  495s
   320   318    9.66351  287  912    9.28127    9.77299  5.30%   786  500s
   345   343    9.65797  310  902    9.28127    9.77299  5.30%   773  505s
   383   381    9.64666  348  850    9.28127    9.77299  5.30%   732  510s
   408   406    9.63622  372  856    9.28127    9.77299  5.30%   719  515s
   440   438    9.63032  403  895    9.28127    9.77299  5.30%   696  520s
   441   439    9.63021  404  893    9.28127    9.77299  5.30%   695  533s
   457   455    9.62542  420  749    9.28127    9.77299  5.30%   678  535s
   484   482    9.60840  446  989    9.28127    9.77299  5.30%   658  540s
   525   523    9.60055  486  957    9.28127    9.77299  5.30%   626  545s
   567   565    9.58357  527 1055    9.28127    9.77299  5.30%   599  550s
   613   611    9.57456  571  889    9.28127    9.77299  5.30%   572  555s
   661   659    9.56096  618  906    9.28127    9.77299  5.30%   547  560s
   702   700    9.55397  657  933    9.28127    9.77299  5.30%   531  565s
   750   748    9.52078  702  647    9.28127    9.77299  5.30%   514  570s
H  785   777                       9.3152181    9.77299  4.91%   505  575s
   846   840    9.50329  796  854    9.31522    9.77299  4.91%   477  580s
   888   882    9.49460  837  983    9.31522    9.77299  4.91%   468  585s
   942   934    9.47124  890  741    9.31522    9.77299  4.91%   454  590s
   999   991    9.46484  946  757    9.31522    9.77299  4.91%   438  595s
  1071  1063    9.43420 1016  760    9.31522    9.77299  4.91%   420  600s
  1149  1136    9.40407 1089  707    9.31522    9.77299  4.91%   402  605s
  1218  1193    9.61148    4 1133    9.31522    9.77172  4.90%   390  610s
  1220  1194    9.34275 1105 1292    9.31522    9.77172  4.90%   389  644s
  1222  1195    9.41715 1059  548    9.31522    9.77172  4.90%   388  652s
  1223  1196    9.70035   82  949    9.31522    9.77172  4.90%   388  657s
  1224  1197    9.71761  109 1325    9.31522    9.77172  4.90%   388  664s
  1225  1197    9.57344  574 1286    9.31522    9.77172  4.90%   388  671s
  1226  1198    9.56662  121 1629    9.31522    9.77172  4.90%   387  680s
  1227  1199    9.55454  655 1595    9.31522    9.77172  4.90%   387  690s
  1228  1199    9.49914  812 1904    9.31522    9.77172  4.90%   387  699s
  1229  1200    9.68344  228 1583    9.31522    9.77172  4.90%   386  710s
  1230  1201    9.58284  533 1691    9.31522    9.77172  4.90%   386  719s
  1231  1201    9.74134   97 1552    9.31522    9.77172  4.90%   386  728s
  1232  1202    9.46310  964 1568    9.31522    9.77172  4.90%   385  736s
  1233  1203    9.63689  371 1395    9.31522    9.77172  4.90%   385  748s
  1234  1203    9.57521  571 1377    9.31522    9.77172  4.90%   385  754s
  1235  1204    9.51492  651 1461    9.31522    9.77172  4.90%   384  761s
  1236  1205    9.69081  194 1405    9.31522    9.77172  4.90%   384  766s
  1237  1205    9.70675  141 1372    9.31522    9.77172  4.90%   384  775s
  1238  1206    9.60177  472 1286    9.31522    9.77172  4.90%   383  781s
  1239  1207    9.35919  817 1269    9.31522    9.71905  4.34%   383  786s
  1240  1207    9.65715  255 1329    9.31522    9.65715  3.67%   383  790s
  1241  1208    9.42557 1046 1242    9.31522    9.56991  2.73%   383  798s
  1242  1209    9.53367  689 1122    9.31522    9.53367  2.35%   382  804s
  1243  1209    9.49121  244 1180    9.31522    9.49121  1.89%   382  812s
  1244  1210    9.46265  392 1110    9.31522    9.46265  1.58%   382  815s
  1245  1211    9.43822  141 1045    9.31522    9.43822  1.32%   381  820s
  1249  1215    9.41002  873 1292    9.31522    9.41002  1.02%   724  828s
  1251  1216    9.41002  309 1060    9.31522    9.41002  1.02%   723  830s
  1253  1218    9.41002  623 1172    9.31522    9.41002  1.02%   722  836s
  1254  1218    9.41002  748 1407    9.31522    9.41002  1.02%   721  840s
  1256  1220    9.41002  435 1407    9.31522    9.41002  1.02%   720  848s
  1257  1220    9.41002    8 1359    9.31522    9.41002  1.02%   720  851s
  1258  1221    9.41002  899 1315    9.31522    9.41002  1.02%   719  856s
  1260  1222    9.41002  372 1177    9.31522    9.41002  1.02%   718  861s
H 1261  1161                       9.3155988    9.41002  1.01%   717  867s
H 1261  1103                       9.3253021    9.41002  0.91%   717  867s
  1263  1104    9.41002  776 1121    9.32530    9.41002  0.91%   716  870s
  1266  1106    9.32530 1129  996    9.32530    9.41002  0.91%   714  878s
  1267  1107    9.41002  863  772    9.32530    9.41002  0.91%   714  880s
  1272  1112    9.36042   65 1292    9.32530    9.36042  0.38%   855  886s
  1276  1115    9.36042  659 1234    9.32530    9.36042  0.38%   853  890s
  1284  1120    9.33335  728  387    9.32530    9.33335  0.09%   847  895s

Cutting planes:
  Learned: 39
  Gomory: 39
  Lift-and-project: 1
  Cover: 57
  Implied bound: 753
  Projected implied bound: 17
  Clique: 82
  MIR: 129
  Mixing: 2
  StrongCG: 3
  Flow cover: 411
  GUB cover: 52
  Zero half: 4
  RLT: 281
  Relax-and-lift: 518
  BQP: 1

Explored 1284 nodes (1991309 simplex iterations) in 895.23 seconds (2035.95 work units)
Thread count was 1 (of 11 available processors)

Solution count 10: 9.3253 9.3156 9.31522 ... 8.97666

Optimal solution found (tolerance 1.00e-04)
Best objective 9.325302111135e+00, best bound 9.325642319217e+00, gap 0.0036%

Gurobi 12.0.0 (mac64[arm]) logging started Wed Feb  4 13:16:14 2026

Set parameter LogFile to value "/Users/lennardhansmann/Desktop/Newspaperlayout/newspaperlayout/Instances/Diss/Large/L30P180(A)/sol/L30P180A1(A).log"
Set parameter Threads to value 1
Gurobi Optimizer version 12.0.0 build v12.0.0rc1 (mac64[arm] - Darwin 25.2.0 25C56)

CPU model: Apple M3 Pro
Thread count: 11 physical cores, 11 logical processors, using up to 1 threads

Non-default parameters:
TimeLimit  3600
Threads  1

Presolve a model with 35371 rows, 36196 columns and 314997 nonzeros
Model fingerprint: 0x75a0bee0
Variable types: 7907 continuous, 28289 integer (28289 binary)
Coefficient statistics:
  Matrix range     [7e-04, 1e+04]
  Objective range  [1e+00, 1e+00]
  Bounds range     [1e+00, 1e+04]
  RHS range        [9e-01, 1e+04]
Presolve removed 10089 rows and 2474 columns
Presolve time: 0.79s
Gurobi Optimizer version 12.0.0 build v12.0.0rc1 (mac64[arm] - Darwin 25.2.0 25C56)

CPU model: Apple M3 Pro
Thread count: 11 physical cores, 11 logical processors, using up to 1 threads

Non-default parameters:
TimeLimit  3600
Threads  1

Optimize a model with 35371 rows, 36196 columns and 314997 nonzeros
Model fingerprint: 0x75a0bee0
Variable types: 7907 continuous, 28289 integer (28289 binary)
Coefficient statistics:
  Matrix range     [7e-04, 1e+04]
  Objective range  [1e+00, 1e+00]
  Bounds range     [1e+00, 1e+04]
  RHS range        [9e-01, 1e+04]
Presolve removed 10089 rows and 2474 columns
Presolve time: 0.86s
Presolved: 25282 rows, 33722 columns, 309584 nonzeros
Variable types: 3111 continuous, 30611 integer (27638 binary)
Found heuristic solution: objective -26.9653225

Root relaxation: objective 2.500000e+00, 21499 iterations, 1.02 seconds (2.23 work units)

    Nodes    |    Current Node    |     Objective Bounds      |     Work
 Expl Unexpl |  Obj  Depth IntInf | Incumbent    BestBd   Gap | It/Node Time

     0     0    2.50000    0  251  -26.96532    2.50000   109%     -    2s
H    0     0                      -9.0967747    2.50000   127%     -    2s
H    0     0                      -8.6511370    2.50000   129%     -    2s
H    0     0                      -8.4948101    2.50000   129%     -    2s
H    0     0                      -8.2992920    2.50000   130%     -    2s
     0     0    2.50000    0  671   -8.29929    2.50000   130%     -    3s
     0     0    2.50000    0  665   -8.29929    2.50000   130%     -    3s
H    0     0                      -8.0875826    2.50000   131%     -    3s
     0     0    2.50000    0  587   -8.08758    2.50000   131%     -    3s
     0     0    2.49647    0  269   -8.08758    2.49647   131%     -    4s
H    0     0                      -7.0034231    2.49647   136%     -    4s
H    0     0                      -7.0017365    2.49647   136%     -    4s
H    0     0                      -6.8566543    2.49647   136%     -    4s
H    0     0                      -6.6260727    2.49647   138%     -    4s
H    0     0                      -6.6109101    2.49647   138%     -    4s
H    0     0                      -6.5576619    2.49647   138%     -    4s
H    0     0                      -6.4074028    2.49647   139%     -    4s
H    0     0                      -6.1880121    2.49647   140%     -    4s
H    0     0                      -5.7735840    2.49647   143%     -    4s
H    0     0                      -5.3067444    2.49647   147%     -    4s
H    0     0                      -5.1433999    2.49647   149%     -    4s
H    0     0                      -5.0945540    2.49647   149%     -    4s
H    0     0                      -4.6833865    2.49647   153%     -    4s
H    0     0                      -4.6769780    2.49647   153%     -    4s
H    0     0                      -4.4430080    2.49647   156%     -    4s
H    0     0                      -4.2077101    2.49647   159%     -    4s
H    0     0                      -4.2077100    2.49647   159%     -    4s
     0     0    2.49583    0  696   -4.20771    2.49583   159%     -    4s
     0     0    2.49135    0  752   -4.20771    2.49135   159%     -    5s
H    0     0                      -3.8752612    2.49135   164%     -    5s
H    0     0                      -3.8259233    2.49135   165%     -    5s
     0     0    2.49093    0  911   -3.82592    2.49093   165%     -    5s
     0     0    2.47068    0  855   -3.82592    2.47068   165%     -    7s
H    0     0                      -3.7732856    2.47068   165%     -    7s
H    0     0                      -3.7288308    2.47068   166%     -    7s
H    0     0                      -3.1749796    2.47068   178%     -    7s
H    0     0                      -2.4795710    2.47068   200%     -    7s
H    0     0                      -2.4646038    2.47068   200%     -    7s
H    0     0                      -2.4099768    2.47068   203%     -    7s
H    0     0                      -2.3057784    2.47068   207%     -    7s
H    0     0                      -1.9927848    2.47068   224%     -    7s
H    0     0                      -1.9883111    2.47068   224%     -    7s
H    0     0                      -1.8898810    2.47068   231%     -    7s
H    0     0                      -1.8053122    2.47068   237%     -    7s
H    0     0                      -1.8001280    2.47068   237%     -    7s
H    0     0                      -1.7150154    2.47068   244%     -    8s
     0     0    2.47058    0  841   -1.71502    2.47058   244%     -    8s
     0     0    2.45528    0  980   -1.71502    2.45528   243%     -    9s
     0     0    2.45150    0  780   -1.71502    2.45150   243%     -   10s
     0     0    2.41543    0  900   -1.71502    2.41543   241%     -   11s
     0     0    2.41108    0 1037   -1.71502    2.41108   241%     -   11s
     0     0    2.41077    0  990   -1.71502    2.41077   241%     -   12s
     0     0    2.41070    0  957   -1.71502    2.41070   241%     -   12s
     0     0    2.37983    0 1025   -1.71502    2.37983   239%     -   13s
     0     0    2.37942    0  996   -1.71502    2.37942   239%     -   13s
     0     0    2.37924    0 1094   -1.71502    2.37924   239%     -   13s
H    0     0                      -1.6304671    2.37924   246%     -   13s
     0     0    2.37714    0 1100   -1.63047    2.37714   246%     -   14s
     0     0    2.33574    0 1119   -1.63047    2.33574   243%     -   15s
     0     0    2.33562    0 1137   -1.63047    2.33562   243%     -   15s
     0     0    2.32984    0 1095   -1.63047    2.32984   243%     -   16s
     0     0    2.32968    0 1089   -1.63047    2.32968   243%     -   16s
     0     0    2.26834    0 1396   -1.63047    2.26834   239%     -   18s
     0     0    2.26834    0 1381   -1.63047    2.26834   239%     -   18s
H    0     0                      -1.4988362    2.26826   251%     -   18s
     0     0    2.26194    0 1573   -1.49884    2.26194   251%     -   18s
     0     0    2.18001    0 1404   -1.49884    2.18001   245%     -   20s
     0     0    2.17996    0 1387   -1.49884    2.17996   245%     -   21s
     0     0    2.17246    0 1473   -1.49884    2.17246   245%     -   22s
     0     0    2.17045    0 1301   -1.49884    2.17045   245%     -   22s
     0     0    2.17039    0 1311   -1.49884    2.17039   245%     -   22s
     0     0    2.17025    0 1323   -1.49884    2.17025   245%     -   22s
     0     0    2.17025    0 1316   -1.49884    2.17025   245%     -   22s
     0     0    2.11598    0 1452   -1.49884    2.11598   241%     -   25s
     0     0    2.10581    0 1617   -1.49884    2.10581   240%     -   26s
     0     0    2.10575    0 1645   -1.49884    2.10575   240%     -   26s
     0     0    2.10399    0 1535   -1.49884    2.10399   240%     -   26s
     0     0    2.10381    0 1562   -1.49884    2.10381   240%     -   26s
     0     0    2.10380    0 1560   -1.49884    2.10380   240%     -   26s
     0     0    2.02573    0 1596   -1.49884    2.02573   235%     -   29s
     0     0    2.02390    0 1486   -1.49884    2.02390   235%     -   29s
H    0     0                      -1.1630413    2.02390   274%     -   29s
H    0     0                      -1.1302941    2.02390   279%     -   29s
H    0     0                      -1.0430442    2.02390   294%     -   30s
H    0     0                      -1.0367490    2.02390   295%     -   30s
H    0     0                      -1.0352895    2.02390   295%     -   30s
H    0     0                      -1.0324216    2.02390   296%     -   30s
     0     0    2.01801    0 1555   -1.03242    2.01801   295%     -   31s
     0     0    2.01745    0 1548   -1.03242    2.01745   295%     -   31s
     0     0    2.01745    0 1618   -1.03242    2.01745   295%     -   31s
     0     0    1.93561    0 1617   -1.03242    1.93561   287%     -   35s
     0     0    1.93561    0 1617   -1.03242    1.93561   287%     -   35s
H    0     0                      -1.0103768    1.93561   292%     -   35s
     0     0    1.92231    0 1724   -1.01038    1.92231   290%     -   36s
     0     0    1.92193    0 1693   -1.01038    1.92193   290%     -   36s
     0     0    1.92174    0 1653   -1.01038    1.92174   290%     -   36s
     0     0    1.85215    0 1567   -1.01038    1.85215   283%     -   39s
     0     0    1.84570    0 1515   -1.01038    1.84570   283%     -   40s
     0     0    1.84558    0 1484   -1.01038    1.84558   283%     -   40s
     0     0    1.76839    0 1566   -1.01038    1.76839   275%     -   43s
     0     0    1.76729    0 1568   -1.01038    1.76729   275%     -   44s
     0     0    1.74746    0 1512   -1.01038    1.74746   273%     -   46s
     0     0    1.74524    0 1657   -1.01038    1.74524   273%     -   47s
     0     0    1.74500    0 1728   -1.01038    1.74500   273%     -   47s
     0     0    1.68300    0 1395   -1.01038    1.68300   267%     -   50s
H    0     0                      -0.9002665    1.68256   287%     -   51s
H    0     0                      -0.8531900    1.68256   297%     -   51s
     0     0    1.67019    0 1514   -0.85319    1.67019   296%     -   53s
     0     0    1.66768    0 1573   -0.85319    1.66768   295%     -   53s
     0     0    1.66750    0 1458   -0.85319    1.66750   295%     -   54s
     0     0    1.59609    0 1300   -0.85319    1.59609   287%     -   57s
     0     0    1.58799    0 1404   -0.85319    1.58799   286%     -   58s
     0     0    1.58712    0 1405   -0.85319    1.58712   286%     -   58s
     0     0    1.58712    0 1298   -0.85319    1.58712   286%     -   58s
     0     0    1.51905    0 1533   -0.85319    1.51905   278%     -   61s
     0     0    1.50313    0 1312   -0.85319    1.50313   276%     -   62s
     0     0    1.50275    0 1173   -0.85319    1.50275   276%     -   63s
     0     0    1.46312    0 1348   -0.85319    1.46312   271%     -   65s
     0     0    1.45655    0 1409   -0.85319    1.45655   271%     -   66s
     0     0    1.45623    0 1460   -0.85319    1.45623   271%     -   66s
     0     0    1.40478    0 1321   -0.85319    1.40478   265%     -   69s
H    0     0                      -0.7911922    1.40478   278%     -   69s
H    0     0                      -0.7837025    1.40478   279%     -   70s
     0     0    1.39952    0 1284   -0.78370    1.39952   279%     -   71s
     0     0    1.39815    0 1239   -0.78370    1.39815   278%     -   72s
     0     0    1.39791    0 1281   -0.78370    1.39791   278%     -   72s
     0     0    1.35842    0 1375   -0.78370    1.35842   273%     -   74s
H    0     0                      -0.7432046    1.35842   283%     -   74s
     0     0    1.34972    0 1362   -0.74320    1.34972   282%     -   75s
     0     0    1.34777    0 1306   -0.74320    1.34777   281%     -   75s
     0     0    1.34701    0 1288   -0.74320    1.34701   281%     -   76s
     0     0    1.30022    0 1227   -0.74320    1.30022   275%     -   78s
     0     0    1.28998    0 1349   -0.74320    1.28998   274%     -   79s
     0     0    1.28779    0 1424   -0.74320    1.28779   273%     -   79s
     0     0    1.28738    0 1389   -0.74320    1.28738   273%     -   80s
     0     0    1.22449    0 1388   -0.74320    1.22449   265%     -   81s
     0     0    1.21431    0 1345   -0.74320    1.21431   263%     -   82s
     0     0    1.21253    0 1351   -0.74320    1.21253   263%     -   83s
     0     0    1.21242    0 1336   -0.74320    1.21242   263%     -   83s
     0     0    1.14790    0 1130   -0.74320    1.14790   254%     -   85s
     0     0    1.14202    0 1157   -0.74320    1.14202   254%     -   86s
     0     0    1.14108    0 1194   -0.74320    1.14108   254%     -   86s
     0     0    1.06786    0 1397   -0.74320    1.06786   244%     -   88s
     0     0    1.05387    0 1310   -0.74320    1.05387   242%     -   89s
     0     0    1.05138    0 1307   -0.74320    1.05138   241%     -   90s
     0     0    1.05121    0 1293   -0.74320    1.05121   241%     -   90s
     0     0    0.95473    0 1168   -0.74320    0.95473   228%     -   92s
     0     0    0.94026    0 1190   -0.74320    0.94026   227%     -   92s
     0     0    0.93950    0 1106   -0.74320    0.93950   226%     -   93s
     0     0    0.88280    0  991   -0.74320    0.88280   219%     -   94s
     0     0    0.86636    0 1135   -0.74320    0.86636   217%     -   95s
     0     0    0.86514    0 1082   -0.74320    0.86514   216%     -   95s
     0     0    0.76583    0 1208   -0.74320    0.76583   203%     -   97s
H    0     0                      -0.7309789    0.76583   205%     -   98s
     0     0    0.74265    0 1177   -0.73098    0.74265   202%     -   99s
     0     0    0.73836    0 1142   -0.73098    0.73836   201%     -  100s
     0     0    0.73834    0 1103   -0.73098    0.73834   201%     -  100s
     0     0    0.65266    0 1073   -0.73098    0.65266   189%     -  101s
H    0     0                      -0.6762323    0.65215   196%     -  101s
H    0     0                      -0.6762319    0.65215   196%     -  101s
     0     0    0.63811    0 1173   -0.67623    0.63811   194%     -  102s
     0     0    0.63264    0 1210   -0.67623    0.63264   194%     -  102s
     0     0    0.63230    0 1242   -0.67623    0.63230   194%     -  102s
     0     0    0.57501    0 1108   -0.67623    0.57501   185%     -  104s
     0     0    0.56177    0 1004   -0.67623    0.56177   183%     -  104s
     0     0    0.55984    0 1098   -0.67623    0.55984   183%     -  105s
     0     0    0.50608    0 1023   -0.67623    0.50608   175%     -  106s
H    0     0                      -0.5499767    0.50608   192%     -  106s
H    0     0                      -0.5094764    0.50608   199%     -  107s
H    0     0                      -0.4570782    0.50608   211%     -  107s
     0     0    0.50007    0  878   -0.45708    0.50007   209%     -  107s
     0     0    0.49633    0  924   -0.45708    0.49633   209%     -  107s
     0     0    0.49624    0 1015   -0.45708    0.49624   209%     -  108s
     0     0    0.44801    0 1159   -0.45708    0.44801   198%     -  109s
     0     0    0.44463    0 1103   -0.45708    0.44463   197%     -  109s
     0     0    0.44331    0 1099   -0.45708    0.44331   197%     -  109s
     0     0    0.39156    0 1039   -0.45708    0.39156   186%     -  110s
     0     0    0.38345    0 1183   -0.45708    0.38345   184%     -  111s
     0     0    0.38303    0 1032   -0.45708    0.38303   184%     -  112s
     0     0    0.33218    0 1012   -0.45708    0.33218   173%     -  113s
     0     0    0.32602    0  981   -0.45708    0.32602   171%     -  113s
     0     0    0.32557    0  864   -0.45708    0.32557   171%     -  113s
     0     0    0.28134    0 1044   -0.45708    0.28134   162%     -  114s
H    0     0                      -0.3717821    0.28134   176%     -  114s
H    0     0                      -0.3098343    0.28134   191%     -  114s
H    0     0                      -0.2721380    0.28134   203%     -  114s
     0     0    0.27449    0 1036   -0.27214    0.27449   201%     -  114s
     0     0    0.27444    0 1070   -0.27214    0.27444   201%     -  115s
     0     0    0.24987    0 1197   -0.27214    0.24987   192%     -  115s
     0     0    0.24894    0 1138   -0.27214    0.24894   191%     -  116s
     0     0    0.21121    0  884   -0.27214    0.21121   178%     -  117s
     0     0    0.20615    0  912   -0.27214    0.20615   176%     -  118s
     0     0    0.20498    0  814   -0.27214    0.20498   175%     -  118s
     0     0    0.17794    0  965   -0.27214    0.17794   165%     -  119s
     0     0    0.17086    0  971   -0.27214    0.17086   163%     -  120s
     0     0    0.16635    0  964   -0.27214    0.16635   161%     -  120s
     0     0    0.16610    0  954   -0.27214    0.16610   161%     -  120s
     0     0    0.12171    0  946   -0.27214    0.12171   145%     -  121s
     0     0    0.10449    0  912   -0.27214    0.10449   138%     -  122s
     0     0    0.10264    0  920   -0.27214    0.10264   138%     -  122s
     0     0    0.07621    0  846   -0.27214    0.07621   128%     -  123s
     0     0    0.07522    0  844   -0.27214    0.07522   128%     -  123s
     0     0    0.05707    0  842   -0.27214    0.05707   121%     -  124s
     0     0    0.05598    0  894   -0.27214    0.05598   121%     -  124s
     0     0    0.05598    0  849   -0.27214    0.05598   121%     -  125s
H    0     0                      -0.2360086    0.05598   124%     -  126s
H    0     0                      -0.2247188    0.05598   125%     -  126s
     0     2    0.05509    0  848   -0.22472    0.05509   125%     -  128s
     6     8    0.04193    5  873   -0.22472    0.05486   124%   783  130s
    22    24    0.04076   16  665   -0.22472    0.05486   124%   800  135s
H   26    26                      -0.2247187    0.05486   124%   709  137s
    40    42    0.04022   31  505   -0.22472    0.05486   124%   542  140s
    74    76    0.01372   61  540   -0.22472    0.05486   124%   379  145s
H   78    78                      -0.2229377    0.05486   125%   369  146s
H   78    78                      -0.2082748    0.05486   126%   369  146s
H  104   104                      -0.2049783    0.05486   127%   316  148s
H  104   104                      -0.1966581    0.05486   128%   316  149s
   104   106    0.00090   88  465   -0.19666    0.05486   128%   316  150s
   175   168    0.01180    2  879   -0.19666    0.05441   128%   273  155s
H  185   176                      -0.1962956    0.05441   128%   301  158s
H  185   176                      -0.1941667    0.05441   128%   301  160s
H  216   207                      -0.1935842    0.05441   128%   315  164s
   223   216   -0.02543   43  775   -0.19358    0.05441   128%   318  165s
   300   283    0.02238    8  809   -0.19358    0.05441   128%   294  170s
   379   362   -0.02717   72  332   -0.19358    0.05441   128%   280  175s
   463   429   -0.01476   19  924   -0.19358    0.05427   128%   271  180s

Cutting planes:
  Learned: 81
  Gomory: 12
  Cover: 1115
  Implied bound: 4978
  Clique: 1590
  MIR: 1177
  StrongCG: 141
  Flow cover: 82
  GUB cover: 301
  Zero half: 89
  RLT: 1159
  Relax-and-lift: 3889
  BQP: 74

Explored 471 nodes (695913 simplex iterations) in 181.09 seconds (410.17 work units)
Thread count was 1 (of 11 available processors)

Solution count 10: -0.193584 -0.194167 -0.196296 ... -0.236009

Solve interrupted
Best objective -1.935842482501e-01, best bound 5.427226322504e-02, gap 128.0355%

Gurobi 12.0.0 (mac64[arm]) logging started Wed Feb  4 13:20:54 2026

Set parameter LogFile to value "/Users/lennardhansmann/Desktop/Newspaperlayout/newspaperlayout/Instances/Diss/Large/L30P180(A)/sol/L30P180A1(A).log"
Set parameter Threads to value 1
Gurobi Optimizer version 12.0.0 build v12.0.0rc1 (mac64[arm] - Darwin 25.2.0 25C56)

CPU model: Apple M3 Pro
Thread count: 11 physical cores, 11 logical processors, using up to 1 threads

Non-default parameters:
TimeLimit  3600
Threads  1

Presolve a model with 35371 rows, 36196 columns and 314997 nonzeros
Model fingerprint: 0x75a0bee0
Variable types: 7907 continuous, 28289 integer (28289 binary)
Coefficient statistics:
  Matrix range     [7e-04, 1e+04]
  Objective range  [1e+00, 1e+00]
  Bounds range     [1e+00, 1e+04]
  RHS range        [9e-01, 1e+04]
Presolve removed 10089 rows and 2474 columns
Presolve time: 0.83s
Gurobi Optimizer version 12.0.0 build v12.0.0rc1 (mac64[arm] - Darwin 25.2.0 25C56)

CPU model: Apple M3 Pro
Thread count: 11 physical cores, 11 logical processors, using up to 1 threads

Non-default parameters:
TimeLimit  3600
Threads  1

Optimize a model with 35371 rows, 36196 columns and 314997 nonzeros
Model fingerprint: 0x75a0bee0
Variable types: 7907 continuous, 28289 integer (28289 binary)
Coefficient statistics:
  Matrix range     [7e-04, 1e+04]
  Objective range  [1e+00, 1e+00]
  Bounds range     [1e+00, 1e+04]
  RHS range        [9e-01, 1e+04]
Presolve removed 10089 rows and 2474 columns
Presolve time: 0.86s
Presolved: 25282 rows, 33722 columns, 309584 nonzeros
Variable types: 3111 continuous, 30611 integer (27638 binary)
Found heuristic solution: objective -26.9653225

Root relaxation: objective 2.500000e+00, 21499 iterations, 1.06 seconds (2.23 work units)

    Nodes    |    Current Node    |     Objective Bounds      |     Work
 Expl Unexpl |  Obj  Depth IntInf | Incumbent    BestBd   Gap | It/Node Time

     0     0    2.50000    0  251  -26.96532    2.50000   109%     -    2s
H    0     0                      -9.0967747    2.50000   127%     -    2s
H    0     0                      -8.6511370    2.50000   129%     -    2s
H    0     0                      -8.4948101    2.50000   129%     -    2s
H    0     0                      -8.2992920    2.50000   130%     -    2s
     0     0    2.50000    0  671   -8.29929    2.50000   130%     -    3s
     0     0    2.50000    0  665   -8.29929    2.50000   130%     -    3s
H    0     0                      -8.0875826    2.50000   131%     -    3s
     0     0    2.50000    0  587   -8.08758    2.50000   131%     -    3s
     0     0    2.49647    0  269   -8.08758    2.49647   131%     -    4s
H    0     0                      -7.0034231    2.49647   136%     -    4s
H    0     0                      -7.0017365    2.49647   136%     -    4s
H    0     0                      -6.8566543    2.49647   136%     -    4s
H    0     0                      -6.6260727    2.49647   138%     -    4s
H    0     0                      -6.6109101    2.49647   138%     -    4s
H    0     0                      -6.5576619    2.49647   138%     -    4s
H    0     0                      -6.4074028    2.49647   139%     -    4s
H    0     0                      -6.1880121    2.49647   140%     -    4s
H    0     0                      -5.7735840    2.49647   143%     -    4s
H    0     0                      -5.3067444    2.49647   147%     -    4s
H    0     0                      -5.1433999    2.49647   149%     -    4s
H    0     0                      -5.0945540    2.49647   149%     -    4s
H    0     0                      -4.6833865    2.49647   153%     -    4s
H    0     0                      -4.6769780    2.49647   153%     -    4s
H    0     0                      -4.4430080    2.49647   156%     -    4s
H    0     0                      -4.2077101    2.49647   159%     -    4s
H    0     0                      -4.2077100    2.49647   159%     -    4s
     0     0    2.49583    0  696   -4.20771    2.49583   159%     -    4s
     0     0    2.49135    0  752   -4.20771    2.49135   159%     -    5s
H    0     0                      -3.8752612    2.49135   164%     -    5s
H    0     0                      -3.8259233    2.49135   165%     -    5s
     0     0    2.49093    0  911   -3.82592    2.49093   165%     -    6s
     0     0    2.47068    0  855   -3.82592    2.47068   165%     -    7s
H    0     0                      -3.7732856    2.47068   165%     -    7s
H    0     0                      -3.7288308    2.47068   166%     -    7s
H    0     0                      -3.1749796    2.47068   178%     -    7s
H    0     0                      -2.4795710    2.47068   200%     -    7s
H    0     0                      -2.4646038    2.47068   200%     -    7s
H    0     0                      -2.4099768    2.47068   203%     -    8s
H    0     0                      -2.3057784    2.47068   207%     -    8s
H    0     0                      -1.9927848    2.47068   224%     -    8s
H    0     0                      -1.9883111    2.47068   224%     -    8s
H    0     0                      -1.8898810    2.47068   231%     -    8s
H    0     0                      -1.8053122    2.47068   237%     -    8s
H    0     0                      -1.8001280    2.47068   237%     -    8s
H    0     0                      -1.7150154    2.47068   244%     -    8s
     0     0    2.47058    0  841   -1.71502    2.47058   244%     -    8s
     0     0    2.45528    0  980   -1.71502    2.45528   243%     -   10s
     0     0    2.45150    0  780   -1.71502    2.45150   243%     -   10s
     0     0    2.41543    0  900   -1.71502    2.41543   241%     -   12s
     0     0    2.41108    0 1037   -1.71502    2.41108   241%     -   12s
     0     0    2.41077    0  990   -1.71502    2.41077   241%     -   12s
     0     0    2.41070    0  957   -1.71502    2.41070   241%     -   12s
     0     0    2.37983    0 1025   -1.71502    2.37983   239%     -   13s
     0     0    2.37942    0  996   -1.71502    2.37942   239%     -   14s
     0     0    2.37924    0 1094   -1.71502    2.37924   239%     -   14s
H    0     0                      -1.6304671    2.37924   246%     -   14s
     0     0    2.37714    0 1100   -1.63047    2.37714   246%     -   14s
     0     0    2.33574    0 1119   -1.63047    2.33574   243%     -   16s
     0     0    2.33562    0 1137   -1.63047    2.33562   243%     -   16s
     0     0    2.32984    0 1095   -1.63047    2.32984   243%     -   16s
     0     0    2.32968    0 1089   -1.63047    2.32968   243%     -   16s
     0     0    2.26834    0 1396   -1.63047    2.26834   239%     -   18s
     0     0    2.26834    0 1381   -1.63047    2.26834   239%     -   18s
H    0     0                      -1.4988362    2.26826   251%     -   19s
     0     0    2.26194    0 1573   -1.49884    2.26194   251%     -   19s
     0     0    2.18001    0 1404   -1.49884    2.18001   245%     -   21s
     0     0    2.17996    0 1387   -1.49884    2.17996   245%     -   21s
     0     0    2.17246    0 1473   -1.49884    2.17246   245%     -   23s
     0     0    2.17045    0 1301   -1.49884    2.17045   245%     -   23s
     0     0    2.17039    0 1311   -1.49884    2.17039   245%     -   23s
     0     0    2.17025    0 1323   -1.49884    2.17025   245%     -   23s
     0     0    2.17025    0 1316   -1.49884    2.17025   245%     -   23s
     0     0    2.11598    0 1452   -1.49884    2.11598   241%     -   26s
     0     0    2.10581    0 1617   -1.49884    2.10581   240%     -   27s
     0     0    2.10575    0 1645   -1.49884    2.10575   240%     -   27s
     0     0    2.10399    0 1535   -1.49884    2.10399   240%     -   27s
     0     0    2.10381    0 1562   -1.49884    2.10381   240%     -   27s
     0     0    2.10380    0 1560   -1.49884    2.10380   240%     -   27s
     0     0    2.02573    0 1596   -1.49884    2.02573   235%     -   30s
     0     0    2.02390    0 1486   -1.49884    2.02390   235%     -   30s
H    0     0                      -1.1630413    2.02390   274%     -   30s
H    0     0                      -1.1302941    2.02390   279%     -   30s
H    0     0                      -1.0430442    2.02390   294%     -   31s
H    0     0                      -1.0367490    2.02390   295%     -   31s
H    0     0                      -1.0352895    2.02390   295%     -   31s
H    0     0                      -1.0324216    2.02390   296%     -   31s
     0     0          -    0        -1.03242    2.02390   296%     -   31s

Cutting planes:
  Learned: 69
  Gomory: 10
  Cover: 620
  Implied bound: 2102
  Clique: 748
  MIR: 601
  StrongCG: 69
  Flow cover: 63
  GUB cover: 146
  Zero half: 46
  RLT: 354
  Relax-and-lift: 1627
  BQP: 21

Explored 1 nodes (190429 simplex iterations) in 31.44 seconds (77.87 work units)
Thread count was 1 (of 11 available processors)

Solution count 10: -1.03242 -1.03529 -1.03675 ... -1.80013

Solve interrupted
Best objective -1.032421644674e+00, best bound 2.023899985901e+00, gap 296.0342%
