
Gurobi 12.0.0 (mac64[arm]) logging started Tue Dec  9 20:52:06 2025

Set parameter LogFile to value "/Users/lennardhansmann/Desktop/Newspaperlayout/newspaperlayout/Instances/Diss/Large/L30P180(A)/sol/L30P180A5(A).log"
Set parameter Threads to value 1
Gurobi Optimizer version 12.0.0 build v12.0.0rc1 (mac64[arm] - Darwin 24.6.0 24G90)

CPU model: Apple M3 Pro
Thread count: 11 physical cores, 11 logical processors, using up to 1 threads

Non-default parameters:
TimeLimit  3600
Threads  1

Optimize a model with 31089 rows, 83731 columns and 1068699 nonzeros
Model fingerprint: 0xd4303023
Variable types: 8231 continuous, 75500 integer (75500 binary)
Coefficient statistics:
  Matrix range     [3e-04, 1e+04]
  Objective range  [1e+00, 1e+00]
  Bounds range     [1e+00, 1e+04]
  RHS range        [9e-01, 1e+04]
Presolve removed 3632 rows and 22167 columns
Presolve time: 2.71s
Presolved: 27457 rows, 61564 columns, 819480 nonzeros
Variable types: 3286 continuous, 58278 integer (55231 binary)
Found heuristic solution: objective -14.7259024

Root simplex log...

Iteration    Objective       Primal Inf.    Dual Inf.      Time
   27795    1.4772052e+01   2.304110e+05   0.000000e+00      5s
   34006    1.4166667e+01   0.000000e+00   0.000000e+00      6s
   34006    1.4166667e+01   0.000000e+00   0.000000e+00      6s

Root relaxation: objective 1.416667e+01, 34006 iterations, 3.22 seconds (7.41 work units)

    Nodes    |    Current Node    |     Objective Bounds      |     Work
 Expl Unexpl |  Obj  Depth IntInf | Incumbent    BestBd   Gap | It/Node Time

     0     0   14.16667    0  486  -14.72590   14.16667   196%     -    6s
     0     0   14.16667    0  750  -14.72590   14.16667   196%     -    7s
H    0     0                     -13.7259024   14.16667   203%     -    7s
H    0     0                      -4.7643127   14.16667   397%     -    7s
H    0     0                      -3.8332766   14.16667   470%     -    7s
H    0     0                      -3.4321095   14.16667   513%     -    7s
H    0     0                      -3.2728654   14.16667   533%     -    7s
H    0     0                      -3.1541518   14.16667   549%     -    7s
H    0     0                      -3.0103271   14.16667   571%     -    7s
H    0     0                      -2.6353271   14.16667   638%     -    7s
H    0     0                      -2.5562066   14.16667   654%     -    7s
H    0     0                      -2.3991518   14.16667   690%     -    7s
     0     0   14.16667    0  779   -2.39915   14.16667   690%     -    8s
     0     0   14.08817    0  924   -2.39915   14.08817   687%     -   20s
     0     0   14.08768    0  755   -2.39915   14.08768   687%     -   21s
     0     0   14.08333    0  785   -2.39915   14.08333   687%     -   21s
H    0     0                      -0.9295969   14.08333  1615%     -   21s
H    0     0                       1.1836351   14.08333  1090%     -   21s
H    0     0                       1.6470201   14.08333   755%     -   22s
H    0     0                       1.8706013   14.08333   653%     -   22s
H    0     0                       2.0561165   14.08333   585%     -   22s
H    0     0                       2.3804811   14.08333   492%     -   22s
H    0     0                       2.6833366   14.08333   425%     -   22s
H    0     0                       2.7035943   14.08333   421%     -   22s
     0     0   13.91689    0  998    2.70359   13.91689   415%     -   24s
H    0     0                       3.0866294   13.91689   351%     -   24s
     0     0   13.91163    0  996    3.08663   13.91163   351%     -   24s
     0     0   13.58100    0 1145    3.08663   13.58100   340%     -   29s
H    0     0                       3.2041031   13.58100   324%     -   30s
H    0     0                       3.5961010   13.58100   278%     -   30s
H    0     0                       4.3969409   13.58100   209%     -   30s
H    0     0                       4.5794264   13.58100   197%     -   30s
H    0     0                       4.6107032   13.58100   195%     -   30s
H    0     0                       4.9174200   13.58100   176%     -   30s
     0     0   13.53249    0 1355    4.91742   13.53249   175%     -   33s
     0     0   13.03829    0 1337    4.91742   13.03829   165%     -   40s
H    0     0                       4.9686663   13.03678   162%     -   40s
H    0     0                       5.2652519   13.03678   148%     -   40s
     0     0   13.02122    0 1368    5.26525   13.02122   147%     -   42s
     0     0   13.01657    0 1327    5.26525   13.01657   147%     -   43s
     0     0   13.01575    0 1330    5.26525   13.01575   147%     -   43s
     0     0   12.67356    0 1492    5.26525   12.67356   141%     -   49s
     0     0   12.67224    0 1516    5.26525   12.67224   141%     -   50s
     0     0   12.67220    0 1521    5.26525   12.67220   141%     -   50s
     0     0   12.67219    0 1517    5.26525   12.67219   141%     -   50s
H    0     0                       5.3652863   12.67219   136%     -   51s
H    0     0                       5.4229327   12.67219   134%     -   51s
H    0     0                       5.6937789   12.67219   123%     -   51s
H    0     0                       6.0466072   12.67219   110%     -   51s
H    0     0                       6.0535419   12.67219   109%     -   51s
H    0     0                       6.1211440   12.67219   107%     -   51s
H    0     0                       6.2853533   12.67219   102%     -   51s
H    0     0                       6.7854153   12.67219  86.8%     -   51s
     0     0   12.64860    0 1437    6.78542   12.64860  86.4%     -   53s
     0     0   12.64084    0 1410    6.78542   12.64084  86.3%     -   53s
     0     0   12.64052    0 1430    6.78542   12.64052  86.3%     -   53s
     0     0   12.37172    0 1549    6.78542   12.37172  82.3%     -   61s
     0     0   12.36856    0 1519    6.78542   12.36856  82.3%     -   61s
     0     0   12.36648    0 1612    6.78542   12.36648  82.3%     -   62s
     0     0   12.36648    0 1585    6.78542   12.36648  82.3%     -   62s
     0     0   12.36643    0 1574    6.78542   12.36643  82.3%     -   63s
     0     0   12.36643    0 1572    6.78542   12.36643  82.3%     -   63s
H    0     0                       6.9577541   12.36643  77.7%     -   63s
     0     0   12.35015    0 1546    6.95775   12.35015  77.5%     -   65s
     0     0   12.34980    0 1552    6.95775   12.34980  77.5%     -   66s
     0     0   12.34980    0 1526    6.95775   12.34980  77.5%     -   66s
     0     0   12.34234    0 1490    6.95775   12.34234  77.4%     -   67s
     0     0   12.34234    0 1464    6.95775   12.34234  77.4%     -   67s
     0     0   12.34177    0 1465    6.95775   12.34177  77.4%     -   68s
     0     0   12.34177    0 1458    6.95775   12.34177  77.4%     -   68s
     0     0   12.34176    0 1434    6.95775   12.34176  77.4%     -   68s
     0     0   12.34145    0 1452    6.95775   12.34145  77.4%     -   68s
     0     0   12.11194    0 1641    6.95775   12.11194  74.1%     -   76s
     0     0   12.10896    0 1681    6.95775   12.10896  74.0%     -   78s
     0     0   12.10894    0 1708    6.95775   12.10894  74.0%     -   78s
     0     0   12.10893    0 1706    6.95775   12.10893  74.0%     -   78s
H    0     0                       6.9933693   12.10893  73.1%     -   79s
H    0     0                       7.1760901   12.10893  68.7%     -   79s
H    0     0                       7.4615791   12.10893  62.3%     -   79s
H    0     0                       7.6683559   12.10893  57.9%     -   80s
H    0     0                       7.9532710   12.10893  52.3%     -   81s
H    0     0                       7.9735577   12.10893  51.9%     -   81s
     0     0   12.08641    0 1733    7.97356   12.08641  51.6%     -   86s
     0     0   12.08438    0 1746    7.97356   12.08438  51.6%     -   87s
     0     0   12.08430    0 1748    7.97356   12.08430  51.6%     -   87s
     0     0   11.85181    0 1702    7.97356   11.85181  48.6%     -   97s
     0     0   11.85116    0 1684    7.97356   11.85116  48.6%     -   97s
     0     0   11.85116    0 1706    7.97356   11.85116  48.6%     -   97s
     0     0   11.85116    0 1705    7.97356   11.85116  48.6%     -   97s
     0     0   11.82413    0 1690    7.97356   11.82413  48.3%     -  100s
     0     0   11.81892    0 1703    7.97356   11.81892  48.2%     -  101s
     0     0   11.81673    0 1741    7.97356   11.81673  48.2%     -  102s
     0     0   11.81666    0 1827    7.97356   11.81666  48.2%     -  102s
     0     0   11.60622    0 1780    7.97356   11.60622  45.6%     -  111s
     0     0   11.60541    0 1689    7.97356   11.60541  45.5%     -  112s
H    0     0                       7.9738178   11.60541  45.5%     -  113s
     0     0   11.59644    0 1720    7.97382   11.59644  45.4%     -  117s
     0     0   11.59432    0 1739    7.97382   11.59432  45.4%     -  118s
     0     0   11.59386    0 1726    7.97382   11.59386  45.4%     -  118s
     0     0   11.41476    0 1786    7.97382   11.41476  43.2%     -  129s
     0     0   11.41362    0 1720    7.97382   11.41362  43.1%     -  130s
     0     0   11.41264    0 1750    7.97382   11.41264  43.1%     -  130s
H    0     0                       7.9924474   11.41264  42.8%     -  130s
     0     0   11.38415    0 1850    7.99245   11.38415  42.4%     -  134s
     0     0   11.38354    0 1847    7.99245   11.38354  42.4%     -  134s
     0     0   11.38121    0 1719    7.99245   11.38121  42.4%     -  135s
     0     0   11.38065    0 1741    7.99245   11.38065  42.4%     -  136s
     0     0   11.23588    0 1817    7.99245   11.23588  40.6%     -  145s
     0     0   11.23419    0 1860    7.99245   11.23419  40.6%     -  146s
     0     0   11.23408    0 1862    7.99245   11.23408  40.6%     -  146s
H    0     0                       8.0257807   11.23408  40.0%     -  149s
     0     0   11.21707    0 1870    8.02578   11.21707  39.8%     -  153s
     0     0   11.21707    0 1868    8.02578   11.21707  39.8%     -  153s
     0     0   11.21441    0 1880    8.02578   11.21441  39.7%     -  154s
     0     0   11.21440    0 1860    8.02578   11.21440  39.7%     -  154s
     0     0   11.21380    0 1884    8.02578   11.21380  39.7%     -  155s
     0     0   11.03676    0 1822    8.02578   11.03676  37.5%     -  165s
     0     0   11.03429    0 1950    8.02578   11.03429  37.5%     -  167s
     0     0   11.03409    0 1981    8.02578   11.03409  37.5%     -  168s
     0     0   11.03408    0 1948    8.02578   11.03408  37.5%     -  168s
     0     0   11.01111    0 1769    8.02578   11.01111  37.2%     -  173s
     0     0   11.01101    0 1748    8.02578   11.01101  37.2%     -  174s
     0     0   11.00732    0 1850    8.02578   11.00732  37.1%     -  175s
     0     0   11.00710    0 1899    8.02578   11.00710  37.1%     -  175s
     0     0   11.00352    0 1914    8.02578   11.00352  37.1%     -  176s
     0     0   11.00254    0 1861    8.02578   11.00254  37.1%     -  176s
     0     0   11.00253    0 1920    8.02578   11.00253  37.1%     -  177s
     0     0   10.86428    0 1750    8.02578   10.86428  35.4%     -  186s
     0     0   10.84477    0 1771    8.02578   10.84477  35.1%     -  189s
     0     0   10.84442    0 1819    8.02578   10.84442  35.1%     -  189s
     0     0   10.84441    0 1817    8.02578   10.84441  35.1%     -  189s
     0     0   10.84126    0 1950    8.02578   10.84126  35.1%     -  190s
     0     0   10.84125    0 1888    8.02578   10.84125  35.1%     -  191s
     0     0   10.84069    0 1906    8.02578   10.84069  35.1%     -  191s
     0     0   10.70878    0 1781    8.02578   10.70878  33.4%     -  201s
     0     0   10.70793    0 1762    8.02578   10.70793  33.4%     -  202s
H    0     0                       8.1138501   10.70793  32.0%     -  202s
     0     0   10.68041    0 1578    8.11385   10.68041  31.6%     -  207s
     0     0   10.68036    0 1590    8.11385   10.68036  31.6%     -  207s
     0     0   10.67560    0 1789    8.11385   10.67560  31.6%     -  209s
     0     0   10.67557    0 1739    8.11385   10.67557  31.6%     -  209s
     0     0   10.67204    0 1731    8.11385   10.67204  31.5%     -  210s
     0     0   10.67195    0 1699    8.11385   10.67195  31.5%     -  210s
     0     0   10.49480    0 1848    8.11385   10.49480  29.3%     -  219s
     0     0   10.49144    0 1948    8.11385   10.49144  29.3%     -  221s
     0     0   10.49131    0 1816    8.11385   10.49131  29.3%     -  221s
H    0     0                       8.1567766   10.49131  28.6%     -  225s
H    0     0                       8.2775300   10.49131  26.7%     -  226s
H    0     0                       8.3179660   10.49131  26.1%     -  226s
H    0     0                       8.3205965   10.49131  26.1%     -  227s
H    0     0                       8.3313608   10.49131  25.9%     -  227s
H    0     0                       8.3366681   10.49131  25.8%     -  227s
H    0     0                       8.3420156   10.49131  25.8%     -  227s
     0     0   10.46708    0 1906    8.34202   10.46708  25.5%     -  230s
     0     0   10.46707    0 1876    8.34202   10.46707  25.5%     -  230s
     0     0   10.46450    0 1974    8.34202   10.46450  25.4%     -  231s
     0     0   10.46444    0 1930    8.34202   10.46444  25.4%     -  231s
     0     0   10.46405    0 2010    8.34202   10.46405  25.4%     -  232s
     0     0   10.46404    0 1911    8.34202   10.46404  25.4%     -  232s
     0     0   10.35604    0 1771    8.34202   10.35604  24.1%     -  239s
     0     0   10.35481    0 1771    8.34202   10.35481  24.1%     -  240s
     0     0   10.35473    0 1758    8.34202   10.35473  24.1%     -  240s
     0     0   10.35472    0 1760    8.34202   10.35472  24.1%     -  240s
     0     0   10.33893    0 1862    8.34202   10.33893  23.9%     -  243s
     0     0   10.33807    0 1831    8.34202   10.33807  23.9%     -  243s
     0     0   10.33805    0 1784    8.34202   10.33805  23.9%     -  243s
     0     0   10.33524    0 1826    8.34202   10.33524  23.9%     -  244s
     0     0   10.33390    0 1965    8.34202   10.33390  23.9%     -  245s
     0     0   10.33381    0 1866    8.34202   10.33381  23.9%     -  245s
     0     0   10.33381    0 1866    8.34202   10.33381  23.9%     -  245s
     0     0   10.33381    0 1823    8.34202   10.33381  23.9%     -  245s
     0     0   10.23407    0 1633    8.34202   10.23407  22.7%     -  255s
     0     0   10.23192    0 1563    8.34202   10.23192  22.7%     -  256s
     0     0   10.23182    0 1595    8.34202   10.23182  22.7%     -  256s
     0     0   10.23181    0 1595    8.34202   10.23181  22.7%     -  256s
     0     0   10.23181    0 1595    8.34202   10.23181  22.7%     -  257s
     0     0   10.20968    0 1694    8.34202   10.20968  22.4%     -  260s
     0     0   10.20944    0 1862    8.34202   10.20944  22.4%     -  260s
     0     0   10.20806    0 1775    8.34202   10.20806  22.4%     -  261s
     0     0   10.20806    0 1725    8.34202   10.20806  22.4%     -  261s
     0     0   10.10769    0 1858    8.34202   10.10769  21.2%     -  270s
     0     0   10.10504    0 1682    8.34202   10.10504  21.1%     -  271s
     0     0   10.10440    0 1768    8.34202   10.10440  21.1%     -  272s
     0     0   10.10439    0 1764    8.34202   10.10439  21.1%     -  273s
     0     0   10.10439    0 1764    8.34202   10.10439  21.1%     -  273s
     0     0   10.08396    0 1643    8.34202   10.08396  20.9%     -  276s
     0     0   10.08369    0 1794    8.34202   10.08369  20.9%     -  276s
     0     0   10.08359    0 1753    8.34202   10.08359  20.9%     -  276s
     0     0   10.08007    0 1735    8.34202   10.08007  20.8%     -  277s
     0     0   10.07939    0 1664    8.34202   10.07939  20.8%     -  278s
     0     0   10.07934    0 1670    8.34202   10.07934  20.8%     -  278s
     0     0   10.00748    0 1772    8.34202   10.00748  20.0%     -  284s
     0     0   10.00030    0 1683    8.34202   10.00030  19.9%     -  287s
     0     0   10.00019    0 1620    8.34202   10.00019  19.9%     -  287s
     0     0   10.00015    0 1613    8.34202   10.00015  19.9%     -  287s
     0     0   10.00015    0 1641    8.34202   10.00015  19.9%     -  287s
     0     0    9.98785    0 1750    8.34202    9.98785  19.7%     -  291s
     0     0    9.98765    0 1641    8.34202    9.98765  19.7%     -  292s
     0     0    9.98765    0 1586    8.34202    9.98765  19.7%     -  292s
     0     0    9.98364    0 1692    8.34202    9.98364  19.7%     -  293s
     0     0    9.98319    0 1728    8.34202    9.98319  19.7%     -  294s
     0     0    9.98316    0 1695    8.34202    9.98316  19.7%     -  294s
     0     0    9.90930    0 1573    8.34202    9.90930  18.8%     -  299s
     0     0    9.90900    0 1610    8.34202    9.90900  18.8%     -  300s
     0     0    9.90838    0 1623    8.34202    9.90838  18.8%     -  301s
     0     0    9.90817    0 1633    8.34202    9.90817  18.8%     -  301s
     0     0    9.90816    0 1591    8.34202    9.90816  18.8%     -  301s
H    0     0                       8.3681697    9.90816  18.4%     -  302s
     0     0    9.89339    0 1768    8.36817    9.89339  18.2%     -  304s
     0     0    9.89293    0 1664    8.36817    9.89293  18.2%     -  304s
     0     0    9.89276    0 1620    8.36817    9.89276  18.2%     -  304s
     0     0    9.89268    0 1719    8.36817    9.89268  18.2%     -  304s
     0     0    9.88992    0 1703    8.36817    9.88992  18.2%     -  306s
     0     0    9.88971    0 1601    8.36817    9.88971  18.2%     -  306s
     0     0    9.82672    0 1618    8.36817    9.82672  17.4%     -  312s
     0     0    9.82441    0 1732    8.36817    9.82441  17.4%     -  313s
     0     0    9.82427    0 1655    8.36817    9.82427  17.4%     -  313s
     0     0    9.82425    0 1655    8.36817    9.82425  17.4%     -  313s
     0     0    9.82423    0 1720    8.36817    9.82423  17.4%     -  313s
     0     0    9.82423    0 1664    8.36817    9.82423  17.4%     -  314s
H    0     0                       8.3846252    9.82423  17.2%     -  314s
H    0     0                       8.3942793    9.82423  17.0%     -  316s
     0     0    9.81032    0 1708    8.39428    9.81032  16.9%     -  319s
     0     0    9.80978    0 1757    8.39428    9.80978  16.9%     -  320s
     0     0    9.80978    0 1736    8.39428    9.80978  16.9%     -  320s
     0     0    9.80761    0 1656    8.39428    9.80761  16.8%     -  321s
     0     0    9.77069    0 1486    8.39428    9.77069  16.4%     -  327s
     0     0    9.77000    0 1508    8.39428    9.77000  16.4%     -  328s
     0     0    9.76082    0 1580    8.39428    9.76082  16.3%     -  330s
     0     0    9.75887    0 1562    8.39428    9.75887  16.3%     -  330s
     0     0    9.75887    0 1563    8.39428    9.75887  16.3%     -  330s
     0     0    9.75886    0 1560    8.39428    9.75886  16.3%     -  331s
     0     0    9.70401    0 1781    8.39428    9.70401  15.6%     -  336s
     0     0    9.70338    0 1712    8.39428    9.70338  15.6%     -  337s
     0     0    9.70284    0 1756    8.39428    9.70284  15.6%     -  338s
     0     0    9.70247    0 1753    8.39428    9.70247  15.6%     -  339s
     0     0    9.70240    0 1729    8.39428    9.70240  15.6%     -  339s
     0     0    9.70236    0 1728    8.39428    9.70236  15.6%     -  339s
     0     0    9.70234    0 1727    8.39428    9.70234  15.6%     -  339s
     0     0    9.70229    0 1727    8.39428    9.70229  15.6%     -  339s
     0     0    9.70229    0 1687    8.39428    9.70229  15.6%     -  339s
H    0     0                       8.4066042    9.70229  15.4%     -  340s
     0     0    9.68988    0 1742    8.40660    9.68988  15.3%     -  346s
     0     0    9.68956    0 1639    8.40660    9.68956  15.3%     -  347s
     0     0    9.68936    0 1669    8.40660    9.68936  15.3%     -  348s
     0     0    9.68643    0 1609    8.40660    9.68643  15.2%     -  348s
     0     0    9.68643    0 1607    8.40660    9.68643  15.2%     -  348s
     0     0    9.63745    0 1550    8.40660    9.63745  14.6%     -  353s
     0     0    9.63733    0 1602    8.40660    9.63733  14.6%     -  354s
     0     0    9.63695    0 1601    8.40660    9.63695  14.6%     -  354s
     0     0    9.63695    0 1546    8.40660    9.63695  14.6%     -  354s
     0     0    9.62257    0 1737    8.40660    9.62257  14.5%     -  357s
     0     0    9.62209    0 1723    8.40660    9.62209  14.5%     -  357s
     0     0    9.62175    0 1734    8.40660    9.62175  14.5%     -  358s
     0     0    9.62175    0 1718    8.40660    9.62175  14.5%     -  358s
     0     0    9.62161    0 1631    8.40660    9.62161  14.5%     -  358s
     0     0    9.61881    0 1573    8.40660    9.61881  14.4%     -  359s
     0     0    9.57680    0 1718    8.40660    9.57680  13.9%     -  364s
     0     0    9.57592    0 1705    8.40660    9.57592  13.9%     -  364s
     0     0    9.56150    0 1622    8.40660    9.56150  13.7%     -  366s
     0     0    9.56127    0 1735    8.40660    9.56127  13.7%     -  366s
     0     0    9.56127    0 1733    8.40660    9.56127  13.7%     -  366s
     0     0    9.55879    0 1531    8.40660    9.55879  13.7%     -  367s
     0     0    9.55879    0 1541    8.40660    9.55879  13.7%     -  367s
     0     0    9.55879    0 1541    8.40660    9.55879  13.7%     -  367s
     0     0    9.52829    0 1624    8.40660    9.52829  13.3%     -  371s
     0     0    9.52664    0 1521    8.40660    9.52664  13.3%     -  372s
     0     0    9.52628    0 1590    8.40660    9.52628  13.3%     -  373s
     0     0    9.52628    0 1588    8.40660    9.52628  13.3%     -  373s
     0     0    9.51871    0 1555    8.40660    9.51871  13.2%     -  374s
     0     0    9.51684    0 1687    8.40660    9.51684  13.2%     -  375s
     0     0    9.51661    0 1566    8.40660    9.51661  13.2%     -  375s
     0     0    9.49466    0 1672    8.40660    9.49466  12.9%     -  379s
     0     0    9.49019    0 1699    8.40660    9.49019  12.9%     -  380s
     0     0    9.49019    0 1688    8.40660    9.49019  12.9%     -  381s
     0     2    9.49019    0 1683    8.40660    9.49019  12.9%     -  395s
     6     8    9.48563    6 1588    8.40660    9.49019  12.9%  1506  402s
     8    10    9.48473    8 1694    8.40660    9.49019  12.9%  1464  409s
     9    11    9.48339    9 1584    8.40660    9.49019  12.9%  1654  410s
    19    21    9.42272   17 1591    8.40660    9.49019  12.9%  1425  415s
H   26    26                       8.4505258    9.49019  12.3%  1383  422s
    26    28    9.47914   24 1481    8.45053    9.49019  12.3%  1414  425s
    32    34    9.29341   29 1475    8.45053    9.49019  12.3%  1682  431s
    40    42    9.46107   37 1526    8.45053    9.49019  12.3%  1557  435s
    52    54    9.45908   49 1589    8.45053    9.49019  12.3%  1328  444s
    56    58    9.45871   53 1539    8.45053    9.49019  12.3%  1258  445s
    65    67    9.45247   61 1526    8.45053    9.49019  12.3%  1275  450s
    75    77    9.44578   70 1497    8.45053    9.49019  12.3%  1283  455s
H   78    78                       8.4508972    9.49019  12.3%  1243  461s
H   78    78                       8.4809647    9.49019  11.9%  1243  462s
H   78    78                       8.4848487    9.49019  11.8%  1243  463s
H   78    78                       8.5046206    9.49019  11.6%  1243  463s
    82    84    9.44020   76 1297    8.50462    9.49019  11.6%  1248  465s
    95    97    9.28969   88 1346    8.50462    9.49019  11.6%  1200  470s
   108   110    9.43233  100 1405    8.50462    9.49019  11.6%  1163  475s
   122   124    9.42568  114 1607    8.50462    9.49019  11.6%  1123  480s
   136   138    9.41727  127 1486    8.50462    9.49019  11.6%  1093  485s
   156   158    9.40992  147 1435    8.50462    9.49019  11.6%  1034  490s
   168   170    9.40404  159 1387    8.50462    9.49019  11.6%  1025  495s
   187   189    9.39657  178 1623    8.50462    9.49019  11.6%   978  500s
   217   219    9.39351  207 1341    8.50462    9.49019  11.6%   895  505s
   234   236    9.39111  224 1439    8.50462    9.49019  11.6%   871  510s
   270   272    9.38664  260 1431    8.50462    9.49019  11.6%   790  515s
   294   296    9.38030  284 1446    8.50462    9.49019  11.6%   755  520s
   296   298    9.37985  286 1369    8.50462    9.49019  11.6%   752  533s
   310   312    9.37797  300 1469    8.50462    9.49019  11.6%   733  535s
   324   326    9.37219  313 1436    8.50462    9.49019  11.6%   734  540s
   352   354    9.36848  341 1380    8.50462    9.49019  11.6%   713  546s
   376   378    9.36605  365 1272    8.50462    9.49019  11.6%   684  552s
   381   383    9.10519  369 1359    8.50462    9.49019  11.6%   693  555s
   405   407    9.35350  393 1521    8.50462    9.49019  11.6%   679  560s
   430   432    9.34523  418 1390    8.50462    9.49019  11.6%   665  565s
   458   460    9.33645  446 1282    8.50462    9.49019  11.6%   648  570s
   485   487    9.32672  473 1569    8.50462    9.49019  11.6%   633  575s
   511   513    9.31874  499 1299    8.50462    9.49019  11.6%   623  580s
   534   536    9.31063  521 1235    8.50462    9.49019  11.6%   617  585s
   573   575    9.30792  560 1130    8.50462    9.49019  11.6%   589  590s
   598   600    9.30079  583 1286    8.50462    9.49019  11.6%   584  595s
   626   628    9.29696  611 1227    8.50462    9.49019  11.6%   576  600s
   647   649    9.27128  630 1187    8.50462    9.49019  11.6%   581  605s
   670   672    9.28718  653 1240    8.50462    9.49019  11.6%   567  610s
   705   707    9.27166  686 1252    8.50462    9.49019  11.6%   552  615s
   734   736    9.27101  713 1380    8.50462    9.49019  11.6%   547  620s
   766   768    9.25251  744 1241    8.50462    9.49019  11.6%   539  625s
   789   791    9.11612  765 1052    8.50462    9.49019  11.6%   541  630s
   829   831    9.21769  803 1112    8.50462    9.49019  11.6%   527  635s
   872   874    9.16426  845 1078    8.50462    9.49019  11.6%   513  640s
   907   909    9.19469  877 1113    8.50462    9.49019  11.6%   508  645s
   955   957    9.17728  924 1031    8.50462    9.49019  11.6%   494  650s
  1004  1006    9.16135  971 1054    8.50462    9.49019  11.6%   479  655s
  1072  1074    9.13062 1035  976    8.50462    9.49019  11.6%   459  660s
  1134  1136    9.11539 1096 1131    8.50462    9.49019  11.6%   442  665s
  1176  1178    9.07992 1136 1084    8.50462    9.49019  11.6%   436  670s
  1238  1240    9.05835 1197 1036    8.50462    9.49019  11.6%   422  675s
  1297  1299    9.01316 1251  950    8.50462    9.49019  11.6%   411  680s
  1306  1308    8.89144 1257  786    8.50462    9.49019  11.6%   409  691s
  1359  1361    8.87412 1307  900    8.50462    9.49019  11.6%   397  695s
  1476  1478    8.83990 1424  900    8.50462    9.49019  11.6%   369  700s
  1566  1568    8.68624 1513  879    8.50462    9.49019  11.6%   351  705s
  1666  1664    8.63784 1610  679    8.50462    9.49019  11.6%   335  710s
  1790  1787    8.61052 1733  778    8.50462    9.49019  11.6%   315  715s
  1904  1882    9.26147    1 1598    8.50462    9.48945  11.6%   310  726s
  1906  1883    9.34041  201  779    8.50462    9.48945  11.6%   309  765s
  1908  1884    9.21224  828  763    8.50462    9.48945  11.6%   309  771s
  1909  1885    9.24510  763 1019    8.50462    9.48945  11.6%   309  777s
  1910  1886    9.45908   50 1337    8.50462    9.48945  11.6%   309  784s
  1911  1886    8.62700 1635 1591    8.50462    9.48945  11.6%   308  794s
  1912  1887    9.39451  206 1728    8.50462    9.48945  11.6%   308  805s
  1913  1888    9.34794  406 1638    8.50462    9.48945  11.6%   308  817s
  1914  1888    9.09800 1118 1767    8.50462    9.48945  11.6%   308  829s
  1915  1889    9.12513 1069 1549    8.50462    9.48945  11.6%   308  839s
  1916  1890    8.86570 1329 1567    8.50462    9.48945  11.6%   308  849s
  1917  1890    8.99034  218 1524    8.50462    9.48945  11.6%   307  857s
  1918  1891    8.81209 1374 1530    8.50462    9.48945  11.6%   307  868s
  1919  1892    9.25759  743 1498    8.50462    9.48945  11.6%   307  879s
  1920  1892    8.84077 1423 1573    8.50462    9.42298  10.8%   307  887s
  1921  1893    9.28078  689 1372    8.50462    9.33025  9.71%   307  893s
  1922  1894    9.12828 1050 1664    8.50462    9.27812  9.10%   307  898s
  1923  1894    9.20616  600 1540    8.50462    9.20616  8.25%   307  905s
  1924  1895    8.83730 1437 1325    8.50462    9.15396  7.64%   306  910s
  1926  1896    9.06964 1105 1262    8.50462    9.06964  6.64%   306  917s
  1927  1897    9.03325 1127 1291    8.50462    9.03325  6.22%   306  926s
  1929  1898    8.86429 1335 1294    8.50462    8.96362  5.40%   306  933s
  1930  1899    8.94933  219 1206    8.50462    8.94933  5.23%   305  936s
  1932  1900    8.89667  996 1192    8.50462    8.89667  4.61%   305  943s
  1933  1901    8.87050  771 1187    8.50462    8.87050  4.30%   305  946s
  1935  1902    8.84395 1131 1033    8.50462    8.84395  3.99%   305  951s
  1937  1904    8.62236 1681  821    8.50462    8.82054  3.71%   304  955s
  1939  1905    8.66488 1563  977    8.50462    8.79360  3.40%   304  962s
  1941  1906    8.76976 1348  654    8.50462    8.76976  3.12%   304  967s
  1943  1908    8.75996  972  871    8.50462    8.75996  3.00%   303  970s
H 1944  1811                       8.5394010    8.74849  2.45%   303  973s
  1947  1813    8.73828  218  931    8.53940    8.73828  2.33%   303  976s
H 1948  1723                       8.5467515    8.72524  2.09%   303  979s
  1950  1724    8.72236 1319  518    8.54675    8.72236  2.05%   302  980s
  1954  1727    8.70691  884  665    8.54675    8.70691  1.87%   302  985s
H 1956  1641                       8.5600969    8.69298  1.55%   301  989s
H 1956  1558                       8.5685013    8.69298  1.45%   301  989s
  1959  1560    8.68111 1539  726    8.56850    8.68774  1.39%   301  990s
  1962  1562    8.68119 1044  767    8.56850    8.68119  1.32%   300  995s
H 1968  1486                       8.5912084    8.66722  0.88%   300 1001s
  1975  1492    8.66126  990  779    8.59121    8.66126  0.82%   601 1007s
  1977  1493    8.60754 1755 1256    8.59121    8.66126  0.82%   600 1012s
  1980  1497    8.66126  819  779    8.59121    8.66126  0.82%   621 1018s
  1982  1498    8.66126 1325 1226    8.59121    8.66126  0.82%   620 1022s
  1983  1499    8.66126  149 1368    8.59121    8.66126  0.82%   620 1025s
  1986  1501    8.66126  399 1549    8.59121    8.66126  0.82%   619 1030s
  1989  1503    8.66126  253 1492    8.59121    8.66126  0.82%   618 1035s
  1991  1506    8.66126   34 1457    8.59121    8.66126  0.82%   654 1040s
  2008  1518    8.66126   42 1420    8.59121    8.66126  0.82%   658 1045s
  2030  1532    8.66126   53 1443    8.59121    8.66126  0.82%   661 1050s
  2045  1542    8.66126   61 1550    8.59121    8.66126  0.82%   664 1055s
  2061  1553    8.66126   69 1612    8.59121    8.66126  0.82%   670 1060s
  2080  1566    8.66126   78 1517    8.59121    8.66126  0.82%   673 1065s
  2098  1578    8.66126   87 1443    8.59121    8.66126  0.82%   677 1071s
  2116  1590    8.66126   96 1330    8.59121    8.66126  0.82%   679 1075s
  2134  1602    8.66126  105 1413    8.59121    8.66126  0.82%   682 1080s
  2156  1616    8.66126  116 1300    8.59121    8.66126  0.82%   686 1085s
  2176  1630    8.66126  126 1405    8.59121    8.66126  0.82%   690 1090s
  2190  1639    8.66126  133 1381    8.59121    8.66126  0.82%   696 1095s
  2204  1648    8.66126  140 1315    8.59121    8.66126  0.82%   700 1100s
  2217  1657    8.66126  147 1282    8.59121    8.66126  0.82%   701 1105s
  2230  1666    8.66126  153 1224    8.59121    8.66126  0.82%   703 1115s
  2250  1679    8.66126  163 1173    8.59121    8.66126  0.82%   704 1120s
  2278  1698    8.66126  177 1256    8.59121    8.66126  0.82%   704 1125s
  2298  1711    8.66126  187 1205    8.59121    8.66126  0.82%   707 1130s
  2308  1718    8.66126  192 1212    8.59121    8.66126  0.82%   710 1135s
  2320  1726    8.66126  198 1311    8.59121    8.66126  0.82%   711 1140s
  2329  1732    8.66126  203 1271    8.59121    8.66126  0.82%   713 1145s
  2339  1738    8.66126  208 1348    8.59121    8.66126  0.82%   715 1150s
  2349  1745    8.66126  213 1256    8.59121    8.66126  0.82%   716 1155s
  2360  1752    8.66126  218 1253    8.59121    8.66126  0.82%   718 1160s
  2378  1764    8.66126  227 1260    8.59121    8.66126  0.82%   719 1165s
  2394  1775    8.66126  235 1394    8.59121    8.66126  0.82%   721 1170s
  2408  1784    8.66126  242 1243    8.59121    8.66126  0.82%   725 1175s
  2426  1796    8.66126  251 1457    8.59121    8.66126  0.82%   726 1180s
  2449  1812    8.66126  263 1429    8.59121    8.66126  0.82%   726 1185s
  2468  1824    8.66126  272 1239    8.59121    8.66126  0.82%   727 1190s
  2482  1834    8.66126  279 1176    8.59121    8.66126  0.82%   728 1195s
  2507  1848    8.66126  292 1235    8.59121    8.66126  0.82%   728 1200s
  2530  1864    8.66126  303 1252    8.59121    8.66126  0.82%   730 1206s
  2535  1867    8.66126  306 1333    8.59121    8.66126  0.82%   731 1210s
  2546  1874    8.66126  311 1110    8.59121    8.66126  0.82%   733 1215s
  2565  1887    8.66126  321 1214    8.59121    8.66126  0.82%   733 1220s
  2577  1895    8.66126  327 1130    8.59121    8.66126  0.82%   734 1225s
  2597  1908    8.66126  337 1196    8.59121    8.66126  0.82%   734 1230s
  2618  1922    8.66126  347 1211    8.59121    8.66126  0.82%   735 1235s
  2640  1937    8.66126  358 1330    8.59121    8.66126  0.82%   736 1240s
  2650  1944    8.66126  363 1134    8.59121    8.66126  0.82%   737 1245s
  2665  1954    8.66126  371 1145    8.59121    8.66126  0.82%   736 1251s
  2678  1962    8.66126  377 1168    8.59121    8.66126  0.82%   736 1255s
  2692  1972    8.66126  384 1258    8.59121    8.66126  0.82%   737 1260s
  2714  1985    8.66126  395 1144    8.59121    8.66126  0.82%   736 1267s
  2724  1991    8.66126  400 1190    8.59121    8.66126  0.82%   736 1270s
  2752  2010    8.66126  414 1031    8.59121    8.66126  0.82%   735 1275s
  2769  2021    8.66126  423 1318    8.59121    8.66126  0.82%   736 1280s
  2786  2032    8.66126  431 1297    8.59121    8.66126  0.82%   736 1285s
  2808  2047    8.66126  442 1167    8.59121    8.66126  0.82%   736 1290s
  2827  2060    8.66126  452 1135    8.59121    8.66126  0.82%   735 1295s
  2854  2078    8.66126  465 1118    8.59121    8.66126  0.82%   734 1300s
  2867  2086    8.66126  472 1153    8.59121    8.66126  0.82%   734 1305s
  2886  2099    8.66126  481 1090    8.59121    8.66126  0.82%   734 1310s
  2911  2116    8.66126  494 1141    8.59121    8.66126  0.82%   733 1315s
  2920  2122    8.66126  498 1174    8.59121    8.66126  0.82%   733 1320s
  2932  2130    8.66126  504 1055    8.59121    8.66126  0.82%   733 1325s
  2940  2135    8.66126  508 1137    8.59121    8.66126  0.82%   733 1330s
  2956  2146    8.66126  516 1230    8.59121    8.66126  0.82%   732 1335s
  2965  2152    8.66126  521 1148    8.59121    8.66126  0.82%   732 1340s
  2979  2161    8.66126  528 1139    8.59121    8.66126  0.82%   731 1345s
  2985  2165    8.66126  531 1153    8.59121    8.66126  0.82%   731 1352s
  2989  2168    8.66126  533 1012    8.59121    8.66126  0.82%   731 1355s
  2995  2172    8.66126  536 1010    8.59121    8.66126  0.82%   731 1360s
  3010  2182    8.66126  543 1001    8.59121    8.66126  0.82%   730 1365s
  3024  2191    8.66126  550 1001    8.59121    8.66126  0.82%   729 1370s
  3043  2204    8.66126  560 1132    8.59121    8.66126  0.82%   727 1375s
  3062  2216    8.66126  569 1117    8.59121    8.66126  0.82%   726 1380s
  3078  2227    8.66126  577 1090    8.59121    8.66126  0.82%   726 1385s
  3102  2243    8.66126  589 1063    8.59121    8.66126  0.82%   725 1390s
  3130  2261    8.66126  603 1051    8.59121    8.66126  0.82%   723 1395s
  3153  2276    8.66126  615 1056    8.59121    8.66126  0.82%   722 1400s
  3175  2291    8.66126  626 1105    8.59121    8.66126  0.82%   721 1405s
  3194  2303    8.66126  635 1024    8.59121    8.66126  0.82%   721 1410s
  3232  2329    8.66126  654  928    8.59121    8.66126  0.82%   717 1416s
  3259  2347    8.66126  668 1145    8.59121    8.66126  0.82%   715 1420s
  3281  2361    8.66126  679 1057    8.59121    8.66126  0.82%   713 1425s
  3306  2378    8.66126  691 1219    8.59121    8.66126  0.82%   711 1430s
  3324  2390    8.66126  700  886    8.59121    8.66126  0.82%   710 1435s
  3352  2409    8.66126  714  923    8.59121    8.66126  0.82%   709 1440s
  3371  2421    8.66126  724  951    8.59121    8.66126  0.82%   708 1445s
  3403  2443    8.66126  740  939    8.59121    8.66126  0.82%   706 1450s
  3436  2465    8.66126  756  903    8.59121    8.66126  0.82%   703 1455s
  3476  2491    8.66126  776  940    8.59121    8.66126  0.82%   699 1460s
  3518  2519    8.66126  797  906    8.59121    8.66126  0.82%   695 1465s
  3546  2538    8.66126  811  880    8.59121    8.66126  0.82%   693 1470s
  3583  2563    8.66126  830  778    8.59121    8.66126  0.82%   691 1475s
  3616  2585    8.66126  846  845    8.59121    8.66126  0.82%   688 1480s
  3646  2605    8.66126  861  876    8.59121    8.66126  0.82%   686 1485s
  3674  2623    8.66126  875  893    8.59121    8.66126  0.82%   683 1490s
  3722  2655    8.66126  899  771    8.59121    8.66126  0.82%   680 1495s
  3765  2684    8.66126  921  919    8.59121    8.66126  0.82%   676 1500s
  3802  2709    8.66126  939  795    8.59121    8.66126  0.82%   673 1505s
  3805  2711    8.66126  941  840    8.59121    8.66126  0.82%   673 1512s
  3824  2723    8.66126  950  857    8.59121    8.66126  0.82%   671 1515s
  3885  2764    8.66126  981  828    8.59121    8.66126  0.82%   665 1520s
  3943  2803    8.66126 1010  861    8.59121    8.66126  0.82%   659 1525s
  4006  2836    8.66126 1041  749    8.59121    8.66126  0.82%   652 1530s
  4071  2875    8.66126 1074  868    8.59121    8.66126  0.82%   646 1535s
  4122  2907    8.66126 1099  758    8.59121    8.66126  0.82%   641 1540s
  4178  2944    8.66126 1127  773    8.59121    8.66126  0.82%   635 1545s
  4233  2979    8.66126 1155  804    8.59121    8.66126  0.82%   629 1550s
  4307  3028    8.66126 1192  776    8.59121    8.66126  0.82%   622 1555s
  4350  3057    8.66126 1213  851    8.59121    8.66126  0.82%   619 1560s
  4402  3089    8.66126 1239  783    8.59121    8.66126  0.82%   615 1565s
  4465  3120    8.66126 1271  795    8.59121    8.66126  0.82%   609 1570s
  4507  3122     cutoff 1292         8.59121    8.66126  0.82%   609 1575s
  4553  3128     cutoff 1315         8.59121    8.66126  0.82%   607 1580s
  4560  3129    8.66126  696 1229    8.59121    8.66126  0.82%   609 1585s
  4578  3141    8.66126  705 1200    8.59121    8.66126  0.82%   609 1590s
  4593  3151    8.66126  713 1330    8.59121    8.66126  0.82%   609 1595s
  4632  3177    8.66126  732 1184    8.59121    8.66126  0.82%   607 1600s
  4675  3204    8.66126  754 1181    8.59121    8.66126  0.82%   604 1605s
  4711  3228    8.66126  772 1263    8.59121    8.66126  0.82%   603 1610s
  4741  3248    8.66126  787 1200    8.59121    8.66126  0.82%   602 1615s
  4757  3258    8.66126  795 1133    8.59121    8.66126  0.82%   601 1620s
  4798  3286    8.66126  815 1180    8.59121    8.66126  0.82%   599 1625s
  4838  3310    8.66126  835  987    8.59121    8.66126  0.82%   597 1630s
  4875  3335    8.66126  854  975    8.59121    8.66126  0.82%   595 1635s
  4909  3358    8.66126  871  995    8.59121    8.66126  0.82%   593 1640s
  4939  3374    8.66126  886  964    8.59121    8.66126  0.82%   593 1645s
  4967  3386    8.66126  900  969    8.59121    8.66126  0.82%   593 1650s
  4999  3408    8.66126  916 1027    8.59121    8.66126  0.82%   592 1655s
  5040  3435    8.66126  936 1051    8.59121    8.66126  0.82%   591 1660s
  5067  3447    8.66126  950  925    8.59121    8.66126  0.82%   591 1665s
  5101  3468    8.66126  967 1086    8.59121    8.66126  0.82%   589 1678s
  5105  3468    8.66126  969 1073    8.59121    8.66126  0.82%   590 1680s
  5138  3471     cutoff  985         8.59121    8.66126  0.82%   590 1685s
  5162  3475     cutoff  997         8.59121    8.66126  0.82%   591 1690s
  5190  3476     cutoff 1011         8.59121    8.66126  0.82%   592 1695s
  5207  3481    8.66126  724 1065    8.59121    8.66126  0.82%   593 1700s
  5231  3497    8.66126  736  911    8.59121    8.66126  0.82%   592 1705s
  5262  3518    8.66126  752 1191    8.59121    8.66126  0.82%   591 1710s
  5297  3541    8.66126  769 1014    8.59121    8.66126  0.82%   589 1715s
  5336  3567    8.66126  789 1150    8.59121    8.66126  0.82%   588 1720s
  5370  3590    8.66126  806 1161    8.59121    8.66126  0.82%   586 1725s
  5416  3621    8.66126  829 1105    8.59121    8.66126  0.82%   584 1730s
  5445  3638 infeasible  843         8.59121    8.66126  0.82%   584 1735s
  5479  3657    8.66126  860 1023    8.59121    8.66126  0.82%   583 1740s
  5510  3673    8.66126  876 1093    8.59121    8.66126  0.82%   582 1745s
  5543  3689    8.66126  892  923    8.59121    8.66126  0.82%   582 1750s
  5578  3707    8.66126  910 1071    8.59121    8.66126  0.82%   581 1755s
  5625  3724    8.66126  933  928    8.59121    8.66126  0.82%   580 1760s
  5657  3730     cutoff  949         8.59121    8.66126  0.82%   579 1765s
  5692  3727     cutoff  966         8.59121    8.66126  0.82%   579 1770s
  5693  3727    8.66126  967  832    8.59121    8.66126  0.82%   579 1775s
  5725  3721    8.66126  981  808    8.59121    8.66126  0.82%   579 1780s
  5740  3721    8.66126  702 1271    8.59121    8.66126  0.82%   580 1785s
  5755  3731    8.66126  709 1177    8.59121    8.66126  0.82%   580 1790s
  5779  3747    8.66126  721 1268    8.59121    8.66126  0.82%   579 1795s
  5802  3762    8.66126  733 1324    8.59121    8.66126  0.82%   579 1800s
  5833  3781    8.66126  748 1158    8.59121    8.66126  0.82%   579 1806s
  5857  3797    8.66126  760 1178    8.59121    8.66126  0.82%   579 1810s
  5891  3819    8.66126  777 1190    8.59121    8.66126  0.82%   578 1815s
  5918  3837    8.66126  791 1290    8.59121    8.66126  0.82%   578 1820s
  5948  3855    8.66126  806 1330    8.59121    8.66126  0.82%   577 1825s
  5971  3869    8.66126  817 1195    8.59121    8.66126  0.82%   577 1830s
  5996  3883    8.66126  830 1345    8.59121    8.66126  0.82%   577 1835s
  6022  3899    8.66126  843 1271    8.59121    8.66126  0.82%   577 1840s
  6048  3909    8.66126  856 1334    8.59121    8.66126  0.82%   577 1845s
  6074  3922    8.66126  869 1385    8.59121    8.66126  0.82%   578 1850s
  6103  3932    8.66126  883 1112    8.59121    8.66126  0.82%   578 1855s
  6132  3933    8.66126  898 1144    8.59121    8.66126  0.82%   578 1860s
  6172  3941     cutoff  918         8.59121    8.66126  0.82%   578 1865s
  6191  3928     cutoff 1105         8.59121    8.66126  0.82%   580 1870s
  6214  3921    8.63880 1110  993    8.59121    8.66126  0.82%   582 1875s
  6238  3919     cutoff 1108         8.59121    8.66126  0.82%   583 1880s
  6263  3900    8.66126 1103 1089    8.59121    8.66126  0.82%   584 1885s
  6277  3891    8.66126  806 1222    8.59121    8.66126  0.82%   587 1891s
  6291  3900    8.66126  820 1265    8.59121    8.66126  0.82%   587 1895s
  6313  3915    8.66126  842 1214    8.59121    8.66126  0.82%   585 1900s
  6331  3927    8.66126  860 1132    8.59121    8.66126  0.82%   584 1905s
  6354  3942    8.66126  883  995    8.59121    8.66126  0.82%   583 1910s
  6390  3966    8.66126  919 1025    8.59121    8.66126  0.82%   581 1915s
  6473  4021    8.66126 1002  956    8.59121    8.66126  0.82%   575 1920s
  6501  4011    8.66126  945 1252    8.59121    8.66126  0.82%   577 1925s
  6532  4028    8.66126  964 1048    8.59121    8.66126  0.82%   577 1930s
  6544  4023    8.66126 1042 1054    8.59121    8.66126  0.82%   580 1940s
  6569  4030    8.66126 1040 1109    8.59121    8.66126  0.82%   581 1945s
  6593  4028     cutoff 1007         8.59121    8.66126  0.82%   583 1950s
  6613  4032     cutoff  942         8.59121    8.66126  0.82%   584 1955s
  6650  4063    8.66126 1041 1120    8.59121    8.66126  0.82%   584 1960s
  6682  4066    8.66126  987 1141    8.59121    8.66126  0.82%   585 1965s
  6730  4092    8.66126  993 1267    8.59121    8.66126  0.82%   583 1970s
  6756  4104     cutoff 1005         8.59121    8.66126  0.82%   584 1975s
  6782  4117     cutoff 1018         8.59121    8.66126  0.82%   585 1980s
  6805  4118     cutoff 1028         8.59121    8.66126  0.82%   586 1985s
  6827  4124    8.66126 1002 1275    8.59121    8.66126  0.82%   587 1990s
  6849  4132    8.66126 1003 1265    8.59121    8.66126  0.82%   589 1995s
  6873  4136 infeasible 1004         8.59121    8.66126  0.82%   590 2000s
  6901  4146     cutoff 1013         8.59121    8.66126  0.82%   591 2005s
  6919  4146     cutoff 1015         8.59121    8.66126  0.82%   592 2010s
  6949  4147     cutoff 1024         8.59121    8.66126  0.82%   593 2015s
  6985  4173    8.66126 1010  998    8.59121    8.66126  0.82%   593 2020s
  7014  4174    8.66126  967 1242    8.59121    8.66126  0.82%   594 2025s
  7043  4191     cutoff  994         8.59121    8.66126  0.82%   594 2030s
  7071  4205    8.66126  999 1157    8.59121    8.66126  0.82%   594 2035s
  7108  4231     cutoff 1031         8.59121    8.66126  0.82%   594 2040s
  7140  4238    8.66126  976 1078    8.59121    8.66126  0.82%   594 2045s
  7169  4253     cutoff  995         8.59121    8.66126  0.82%   595 2050s
  7184  4252     cutoff  960         8.59121    8.66126  0.82%   597 2055s
  7209  4267     cutoff  977         8.59121    8.66126  0.82%   598 2060s
  7243  4287    8.66126  987 1247    8.59121    8.66126  0.82%   598 2065s
  7283  4303     cutoff  958         8.59121    8.66126  0.82%   598 2070s
  7320  4332     cutoff  990         8.59121    8.66126  0.82%   598 2075s
  7340  4336     cutoff  960         8.59121    8.66126  0.82%   599 2080s
  7359  4343    8.66126  960 1111    8.59121    8.66126  0.82%   600 2095s
  7395  4353     cutoff  967         8.59121    8.66126  0.82%   600 2100s
  7425  4349     cutoff  976         8.59121    8.66126  0.82%   601 2105s
  7440  4358    8.66126  821 1225    8.59121    8.66126  0.82%   601 2110s
  7461  4379    8.66126  842 1203    8.59121    8.66126  0.82%   600 2115s
  7487  4405    8.66126  868 1088    8.59121    8.66126  0.82%   599 2120s
  7529  4447    8.66126  910 1057    8.59121    8.66126  0.82%   597 2125s
  7569  4464    8.66126  903 1185    8.59121    8.66126  0.82%   597 2130s
  7588  4483    8.66126  918 1026    8.59121    8.66126  0.82%   597 2135s
  7642  4523    8.66126  940  883    8.59121    8.66126  0.82%   594 2140s
  7678  4542    8.66126  948 1154    8.59121    8.66126  0.82%   594 2145s
  7716  4552     cutoff  962         8.59121    8.66126  0.82%   593 2150s
  7741  4557     cutoff  937         8.59121    8.66126  0.82%   594 2155s
  7782  4592    8.66126  969 1080    8.59121    8.66126  0.82%   594 2160s
  7806  4600    8.66126  936 1186    8.59121    8.66126  0.82%   594 2165s
  7851  4645    8.66126  981 1021    8.59121    8.66126  0.82%   592 2170s
  7885  4657 infeasible  996         8.59121    8.66126  0.82%   592 2175s
  7905  4677    8.66126  923 1265    8.59121    8.66126  0.82%   592 2180s
  7934  4706    8.66126  952 1151    8.59121    8.66126  0.82%   590 2185s
  7986  4757    8.65942 1004 1108    8.59121    8.66126  0.82%   588 2190s
  8005  4752     cutoff  915         8.59121    8.66126  0.82%   590 2195s
  8027  4751     cutoff  916         8.59121    8.66126  0.82%   591 2200s
  8042  4752    8.66126  877 1108    8.59121    8.66126  0.82%   593 2205s
  8076  4784    8.66126  910 1167    8.59121    8.66126  0.82%   592 2210s
  8100  4794    8.66126  896 1098    8.59121    8.66126  0.82%   593 2215s
  8129  4817     cutoff  897         8.59121    8.66126  0.82%   593 2220s
  8159  4831     cutoff  897         8.59121    8.66126  0.82%   594 2225s
  8187  4837    8.66126  903 1017    8.59121    8.66126  0.82%   595 2230s
  8220  4837     cutoff  914         8.59121    8.66126  0.82%   595 2235s
  8248  4843     cutoff  901         8.59121    8.66126  0.82%   596 2240s
  8277  4866 infeasible  915         8.59121    8.66126  0.82%   596 2245s
  8318  4889     cutoff  935         8.59121    8.66126  0.82%   596 2250s
  8338  4891    8.66126  901 1163    8.59121    8.66126  0.82%   597 2255s
  8370  4921    8.66126  932 1047    8.59121    8.66126  0.82%   596 2260s
  8406  4925    8.66126  896 1166    8.59121    8.66126  0.82%   596 2265s
  8461  4978    8.65620  950 1065    8.59121    8.66126  0.82%   594 2270s
  8483  4973    8.66126  881 1348    8.59121    8.66126  0.82%   595 2275s
  8513  4987     cutoff  899         8.59121    8.66126  0.82%   596 2280s
  8539  4991     cutoff  905         8.59121    8.66126  0.82%   597 2285s
  8554  5000    8.66126  894 1144    8.59121    8.66126  0.82%   597 2290s
  8586  5032    8.66126  926  940    8.59121    8.66126  0.82%   596 2295s
  8632  5060     cutoff  958         8.59121    8.66126  0.82%   595 2300s
  8669  5087    8.66126  915 1163    8.59121    8.66126  0.82%   594 2305s
  8701  5105     cutoff  936         8.59121    8.66126  0.82%   595 2310s
  8734  5118    8.66126  899 1132    8.59121    8.66126  0.82%   594 2315s
  8771  5155    8.66126  936 1126    8.59121    8.66126  0.82%   593 2320s
  8802  5164     cutoff  949         8.59121    8.66126  0.82%   594 2325s
  8817  5179    8.66126  825 1227    8.59121    8.66126  0.82%   594 2330s
  8850  5212    8.66126  858 1049    8.59121    8.66126  0.82%   593 2335s
  8869  5209    8.66126  838 1256    8.59121    8.66126  0.82%   594 2340s
  8884  5224    8.66126  853 1146    8.59121    8.66126  0.82%   594 2345s
  8910  5249    8.66126  879 1205    8.59121    8.66126  0.82%   593 2350s
  8939  5278    8.66126  908 1106    8.59121    8.66126  0.82%   592 2355s
  8994  5331 infeasible  963         8.59121    8.66126  0.82%   590 2360s
  9010  5333    8.66126  862 1198    8.59121    8.66126  0.82%   590 2365s
  9038  5361    8.66126  890 1180    8.59121    8.66126  0.82%   589 2370s
  9080  5399     cutoff  931         8.59121    8.66126  0.82%   588 2375s
  9099  5405    8.66126  867 1083    8.59121    8.66126  0.82%   589 2380s
  9120  5408    8.66126  867 1269    8.59121    8.66126  0.82%   590 2385s
  9151  5428    8.66126  891 1155    8.59121    8.66126  0.82%   590 2390s
  9175  5430    8.66126  869 1174    8.59121    8.66126  0.82%   590 2395s
  9207  5450     cutoff  875         8.59121    8.66126  0.82%   591 2400s
  9231  5462    8.66126  877 1159    8.59121    8.66126  0.82%   591 2405s
  9252  5455     cutoff  878         8.59121    8.66126  0.82%   593 2410s
  9279  5460     cutoff  891         8.59121    8.66126  0.82%   593 2415s
  9300  5459 infeasible  894         8.59121    8.66126  0.82%   594 2420s
  9314  5469    8.66126  867 1271    8.59121    8.66126  0.82%   595 2425s
  9332  5487    8.66126  885 1310    8.59121    8.66126  0.82%   594 2430s
  9353  5506    8.66126  905 1245    8.59121    8.66126  0.82%   595 2435s
  9403  5552     cutoff  954         8.59121    8.66126  0.82%   593 2440s
  9434  5563    8.66126  861 1154    8.59121    8.66126  0.82%   593 2445s
  9476  5605    8.66126  903 1136    8.59121    8.66126  0.82%   592 2450s
  9505  5626    8.66126  925 1024    8.59121    8.66126  0.82%   592 2464s
  9510  5629     cutoff  930         8.59121    8.66126  0.82%   592 2465s
  9533  5634    8.66126  869 1297    8.59121    8.66126  0.82%   592 2470s
  9563  5664    8.66126  899 1176    8.59121    8.66126  0.82%   591 2475s
  9602  5699    8.66126  936 1018    8.59121    8.66126  0.82%   591 2480s
  9627  5696    8.66126  840 1256    8.59121    8.66126  0.82%   591 2485s
  9648  5717    8.66126  861 1277    8.59121    8.66126  0.82%   590 2490s
  9673  5742    8.66126  886 1308    8.59121    8.66126  0.82%   590 2495s
  9708  5777    8.66126  921 1205    8.59121    8.66126  0.82%   588 2500s
  9733  5786    8.66126  849 1198    8.59121    8.66126  0.82%   589 2505s
  9779  5822     cutoff  891         8.59121    8.66126  0.82%   588 2510s
  9799  5826    8.66126  851 1222    8.59121    8.66126  0.82%   588 2515s
  9821  5848    8.66126  873 1096    8.59121    8.66126  0.82%   587 2520s
  9847  5874    8.66126  899 1075    8.59121    8.66126  0.82%   586 2525s
  9904  5909     cutoff  843         8.59121    8.66126  0.82%   585 2530s
  9917  5922    8.66126  855 1280    8.59121    8.66126  0.82%   585 2535s
  9935  5940    8.66126  873 1225    8.59121    8.66126  0.82%   585 2540s
  9961  5966    8.66126  899 1101    8.59121    8.66126  0.82%   584 2545s
  9985  5990    8.66126  923 1234    8.59121    8.66126  0.82%   583 2550s
 10016  6003    8.66126  821 1363    8.59121    8.66126  0.82%   584 2555s
 10033  6020    8.66126  838 1143    8.59121    8.66126  0.82%   583 2560s
 10077  6048    8.66126  868  827    8.59121    8.66126  0.82%   583 2565s
 10100  6067    8.66126  843  862    8.59121    8.66126  0.82%   583 2570s
 10160  6103    8.66126  868  837    8.59121    8.66126  0.82%   581 2575s
 10182  6111    8.66126  840 1077    8.59121    8.66126  0.82%   581 2580s
 10203  6131    8.60552  867  779    8.59121    8.66126  0.82%   581 2608s
 10205  6132    8.64310  860 1300    8.59121    8.66126  0.82%   581 2612s
 10207  6134    8.66126  997 1445    8.59121    8.66126  0.82%   581 2617s
 10209  6135    8.66126  888 1664    8.59121    8.66126  0.82%   580 2621s
 10211  6136    8.65456  658 1210    8.59121    8.66126  0.82%   580 2625s
 10214  6138    8.62845  924 1574    8.59121    8.66126  0.82%   580 2631s
 10216  6140    8.65639  516 1258    8.59121    8.66126  0.82%   580 2636s
 10219  6142    8.66126  741 1376    8.59121    8.66126  0.82%   580 2640s
 10222  6144    8.61320  825 1079    8.59121    8.66126  0.82%   580 2646s
 10225  6146    8.61590  875  950    8.59121    8.66126  0.82%   580 2651s
H10227  5839                       8.5925448    8.66126  0.80%   579 2656s
H10227  5546                       8.5935656    8.66126  0.79%   579 2657s
 10230  5548    8.65898  935  959    8.59357    8.66126  0.79%   579 2660s
 10235  5551    8.61908  802  724    8.59357    8.66126  0.79%   579 2665s
 10240  5555    8.62665  717  819    8.59357    8.66126  0.79%   579 2670s
 10246  5559    8.62751  311  665    8.59357    8.64906  0.65%   578 2675s
 10252  5564    8.63188  926  779    8.59357    8.63188  0.45%   599 2681s
 10258  5568    8.63188  907 1086    8.59357    8.63188  0.45%   599 2685s
 10264  5572    8.63188  754  674    8.59357    8.63188  0.45%   598 2690s
 10278  5582    8.60499  454  526    8.59357    8.60499  0.13%   604 2695s
H10294  5315                       8.5966756    8.60002  0.04%   604 2695s

Cutting planes:
  Gomory: 12
  Implied bound: 8
  Clique: 1
  Flow cover: 6
  RLT: 3
  Relax-and-lift: 6

Explored 10301 nodes (7123495 simplex iterations) in 2696.10 seconds (5995.62 work units)
Thread count was 1 (of 11 available processors)

Solution count 10: 8.59668 8.59668 8.59357 ... 8.50462

Optimal solution found (tolerance 1.00e-04)
Best objective 8.596675568958e+00, best bound 8.596675568958e+00, gap 0.0000%
