
Gurobi 12.0.0 (mac64[arm]) logging started Tue Dec  9 23:32:11 2025

Set parameter LogFile to value "/Users/lennardhansmann/Desktop/Newspaperlayout/newspaperlayout/Instances/Diss/Large/L30P180(A)/sol/L30P180A3(A).log"
Set parameter Threads to value 1
Gurobi Optimizer version 12.0.0 build v12.0.0rc1 (mac64[arm] - Darwin 24.6.0 24G90)

CPU model: Apple M3 Pro
Thread count: 11 physical cores, 11 logical processors, using up to 1 threads

Non-default parameters:
TimeLimit  3600
Threads  1

Optimize a model with 33810 rows, 89512 columns and 1137675 nonzeros
Model fingerprint: 0x316405a8
Variable types: 8915 continuous, 80597 integer (80597 binary)
Coefficient statistics:
  Matrix range     [2e-03, 1e+04]
  Objective range  [1e+00, 1e+00]
  Bounds range     [1e+00, 1e+04]
  RHS range        [9e-01, 1e+04]
Presolve removed 3230 rows and 19559 columns
Presolve time: 3.26s
Presolved: 30580 rows, 69953 columns, 894490 nonzeros
Variable types: 3590 continuous, 66363 integer (62955 binary)
Found heuristic solution: objective -15.0000000

Root simplex log...

Iteration    Objective       Primal Inf.    Dual Inf.      Time
   26977    1.4940900e+01   1.140373e+05   0.000000e+00      5s
   41710    1.4008651e+01   0.000000e+00   0.000000e+00      8s
   41710    1.4008651e+01   0.000000e+00   0.000000e+00      8s

Root relaxation: objective 1.400865e+01, 41710 iterations, 4.82 seconds (11.40 work units)

    Nodes    |    Current Node    |     Objective Bounds      |     Work
 Expl Unexpl |  Obj  Depth IntInf | Incumbent    BestBd   Gap | It/Node Time

     0     0   14.00865    0  560  -15.00000   14.00865   193%     -    9s
     0     0   14.00076    0  663  -15.00000   14.00076   193%     -   11s
H    0     0                      -1.3201873   14.00076  1161%     -   11s
H    0     0                      -0.2416575   14.00076  5894%     -   11s
H    0     0                       1.8708894   14.00076   648%     -   11s
H    0     0                       1.9052468   14.00076   635%     -   11s
H    0     0                       3.3466452   14.00076   318%     -   11s
H    0     0                       3.6817738   14.00076   280%     -   11s
H    0     0                       4.2915356   14.00076   226%     -   11s
H    0     0                       4.9550987   14.00076   183%     -   11s
H    0     0                       5.1220626   14.00076   173%     -   11s
H    0     0                       5.7550116   14.00076   143%     -   11s
H    0     0                       5.8562880   14.00076   139%     -   11s
H    0     0                       6.1022377   14.00076   129%     -   11s
H    0     0                       6.1088446   14.00076   129%     -   12s
     0     0   13.94051    0  762    6.10884   13.94051   128%     -   13s
     0     0   13.76599    0  795    6.10884   13.76599   125%     -   27s
     0     0   13.76065    0  802    6.10884   13.76065   125%     -   28s
     0     0   13.75692    0  854    6.10884   13.75692   125%     -   29s
     0     0   13.75642    0  786    6.10884   13.75642   125%     -   29s
     0     0   13.75625    0  808    6.10884   13.75625   125%     -   29s
     0     0   13.75579    0  832    6.10884   13.75579   125%     -   29s
     0     0   13.75526    0  828    6.10884   13.75526   125%     -   29s
H    0     0                       6.1185573   13.75526   125%     -   29s
H    0     0                       6.4178909   13.75526   114%     -   30s
     0     0   13.37871    0 1192    6.41789   13.37871   108%     -   35s
     0     0   13.37576    0 1153    6.41789   13.37576   108%     -   36s
     0     0   13.37502    0 1142    6.41789   13.37502   108%     -   36s
     0     0   13.37449    0 1089    6.41789   13.37449   108%     -   36s
     0     0   13.37445    0 1108    6.41789   13.37445   108%     -   36s
     0     0   13.37436    0 1100    6.41789   13.37436   108%     -   36s
     0     0   13.37436    0 1111    6.41789   13.37436   108%     -   36s
     0     0   13.37436    0 1129    6.41789   13.37436   108%     -   36s
     0     0   13.37436    0 1134    6.41789   13.37436   108%     -   37s
     0     0   13.37436    0 1134    6.41789   13.37436   108%     -   37s
     0     0   13.37436    0 1128    6.41789   13.37436   108%     -   37s
H    0     0                       6.4184614   13.37418   108%     -   37s
     0     0   13.31108    0 1107    6.41846   13.31108   107%     -   38s
     0     0   13.31106    0 1136    6.41846   13.31106   107%     -   38s
     0     0   13.31106    0 1130    6.41846   13.31106   107%     -   38s
     0     0   13.31105    0 1076    6.41846   13.31105   107%     -   38s
     0     0   13.03356    0 1254    6.41846   13.03356   103%     -   45s
     0     0   13.02429    0 1220    6.41846   13.02429   103%     -   46s
     0     0   13.02365    0 1206    6.41846   13.02365   103%     -   46s
     0     0   13.02343    0 1198    6.41846   13.02343   103%     -   47s
     0     0   13.02337    0 1155    6.41846   13.02337   103%     -   47s
     0     0   13.02337    0 1177    6.41846   13.02337   103%     -   47s
     0     0   13.02337    0 1153    6.41846   13.02337   103%     -   47s
     0     0   13.02337    0 1177    6.41846   13.02337   103%     -   47s
     0     0   13.02337    0 1179    6.41846   13.02337   103%     -   47s
H    0     0                       6.5070457   13.01067   100%     -   48s
H    0     0                       6.6437242   13.01067  95.8%     -   48s
H    0     0                       6.6617067   13.01067  95.3%     -   48s
H    0     0                       6.6812344   13.01067  94.7%     -   48s
     0     0   12.99622    0 1144    6.68123   12.99622  94.5%     -   50s
     0     0   12.99561    0 1131    6.68123   12.99561  94.5%     -   50s
     0     0   12.99559    0 1086    6.68123   12.99559  94.5%     -   51s
     0     0   12.99507    0 1103    6.68123   12.99507  94.5%     -   51s
     0     0   12.99507    0 1103    6.68123   12.99507  94.5%     -   51s
     0     0   12.99507    0 1103    6.68123   12.99507  94.5%     -   51s
     0     0   12.66069    0 1441    6.68123   12.66069  89.5%     -   62s
     0     0   12.64730    0 1464    6.68123   12.64730  89.3%     -   64s
     0     0   12.64092    0 1470    6.68123   12.64092  89.2%     -   67s
     0     0   12.63920    0 1469    6.68123   12.63920  89.2%     -   69s
     0     0   12.63866    0 1479    6.68123   12.63866  89.2%     -   70s
     0     0   12.63864    0 1413    6.68123   12.63864  89.2%     -   70s
     0     0   12.63854    0 1406    6.68123   12.63854  89.2%     -   70s
     0     0   12.63854    0 1401    6.68123   12.63854  89.2%     -   70s
     0     0   12.63854    0 1401    6.68123   12.63854  89.2%     -   70s
     0     0   12.63854    0 1402    6.68123   12.63854  89.2%     -   70s
     0     0   12.63854    0 1402    6.68123   12.63854  89.2%     -   70s
H    0     0                       6.6940093   12.63601  88.8%     -   70s
     0     0   12.62307    0 1426    6.69401   12.62307  88.6%     -   72s
     0     0   12.62283    0 1380    6.69401   12.62283  88.6%     -   72s
     0     0   12.62270    0 1360    6.69401   12.62270  88.6%     -   73s
     0     0   12.62106    0 1365    6.69401   12.62106  88.5%     -   73s
     0     0   12.62106    0 1365    6.69401   12.62106  88.5%     -   73s
     0     0   12.62104    0 1365    6.69401   12.62104  88.5%     -   73s
     0     0   12.62103    0 1385    6.69401   12.62103  88.5%     -   73s
     0     0   12.28793    0 1730    6.69401   12.28793  83.6%     -   88s
     0     0   12.27668    0 1701    6.69401   12.27668  83.4%     -   91s
     0     0   12.27312    0 1548    6.69401   12.27312  83.3%     -   93s
     0     0   12.27289    0 1586    6.69401   12.27289  83.3%     -   93s
     0     0   12.27287    0 1594    6.69401   12.27287  83.3%     -   93s
H    0     0                       6.7236632   12.27287  82.5%     -   94s
H    0     0                       6.7396228   12.27287  82.1%     -   94s
H    0     0                       6.7896985   12.27287  80.8%     -   95s
H    0     0                       6.8825955   12.27287  78.3%     -   95s
H    0     0                       7.0913461   12.27287  73.1%     -   95s
H    0     0                       7.2301440   12.27287  69.7%     -   96s
H    0     0                       7.2499941   12.27287  69.3%     -   96s
H    0     0                       7.3310662   12.27287  67.4%     -   96s
H    0     0                       7.3345383   12.27287  67.3%     -   96s
H    0     0                       7.4230352   12.27287  65.3%     -   96s
H    0     0                       7.4231722   12.27287  65.3%     -   96s
H    0     0                       7.4231722   12.27287  65.3%     -   96s
H    0     0                       7.4445574   12.27287  64.9%     -   96s
     0     0   12.26812    0 1582    7.44456   12.26812  64.8%     -   98s
     0     0   12.26802    0 1602    7.44456   12.26802  64.8%     -   98s
     0     0   12.26802    0 1597    7.44456   12.26802  64.8%     -   98s
     0     0   12.26788    0 1570    7.44456   12.26788  64.8%     -   98s
     0     0   12.26787    0 1570    7.44456   12.26787  64.8%     -   98s
     0     0   12.26772    0 1585    7.44456   12.26772  64.8%     -   99s
     0     0   12.26772    0 1589    7.44456   12.26772  64.8%     -   99s
     0     0   12.26772    0 1569    7.44456   12.26772  64.8%     -   99s
     0     0   12.11737    0 1654    7.44456   12.11737  62.8%     -  108s
     0     0   12.11203    0 1676    7.44456   12.11203  62.7%     -  111s
     0     0   12.10895    0 1631    7.44456   12.10895  62.7%     -  113s
     0     0   12.10752    0 1611    7.44456   12.10752  62.6%     -  115s
     0     0   12.10752    0 1577    7.44456   12.10752  62.6%     -  116s
     0     0   12.10686    0 1601    7.44456   12.10686  62.6%     -  116s
     0     0   12.10685    0 1598    7.44456   12.10685  62.6%     -  116s
     0     0   12.10685    0 1596    7.44456   12.10685  62.6%     -  116s
     0     0   12.09174    0 1623    7.44456   12.09174  62.4%     -  119s
     0     0   12.09118    0 1512    7.44456   12.09118  62.4%     -  119s
     0     0   12.08995    0 1526    7.44456   12.08995  62.4%     -  122s
     0     0   12.08913    0 1606    7.44456   12.08913  62.4%     -  123s
     0     0   12.08913    0 1587    7.44456   12.08913  62.4%     -  123s
     0     0   12.08869    0 1561    7.44456   12.08869  62.4%     -  123s
     0     0   12.08869    0 1560    7.44456   12.08869  62.4%     -  124s
     0     0   11.98981    0 1628    7.44456   11.98981  61.1%     -  135s
     0     0   11.98387    0 1548    7.44456   11.98387  61.0%     -  138s
     0     0   11.98230    0 1523    7.44456   11.98230  61.0%     -  140s
     0     0   11.98226    0 1580    7.44456   11.98226  61.0%     -  140s
     0     0   11.98225    0 1583    7.44456   11.98225  61.0%     -  140s
     0     0   11.98224    0 1579    7.44456   11.98224  61.0%     -  140s
     0     0   11.98224    0 1557    7.44456   11.98224  61.0%     -  140s
     0     0   11.98220    0 1580    7.44456   11.98220  61.0%     -  140s
     0     0   11.98220    0 1574    7.44456   11.98220  61.0%     -  140s
     0     0   11.98220    0 1573    7.44456   11.98220  61.0%     -  140s
     0     0   11.96868    0 1692    7.44456   11.96868  60.8%     -  148s
     0     0   11.96752    0 1716    7.44456   11.96752  60.8%     -  149s
     0     0   11.96668    0 1664    7.44456   11.96668  60.7%     -  150s
     0     0   11.96652    0 1736    7.44456   11.96652  60.7%     -  151s
     0     0   11.96648    0 1689    7.44456   11.96648  60.7%     -  151s
     0     0   11.96647    0 1660    7.44456   11.96647  60.7%     -  151s
     0     0   11.96647    0 1658    7.44456   11.96647  60.7%     -  152s
     0     0   11.96213    0 1648    7.44456   11.96213  60.7%     -  152s
     0     0   11.96213    0 1651    7.44456   11.96213  60.7%     -  153s
     0     0   11.96182    0 1643    7.44456   11.96182  60.7%     -  153s
     0     0   11.96180    0 1645    7.44456   11.96180  60.7%     -  153s
     0     0   11.83288    0 1779    7.44456   11.83288  58.9%     -  163s
     0     0   11.82199    0 1622    7.44456   11.82199  58.8%     -  167s
     0     0   11.81901    0 1598    7.44456   11.81901  58.8%     -  170s
     0     0   11.81863    0 1617    7.44456   11.81863  58.8%     -  171s
     0     0   11.81840    0 1589    7.44456   11.81840  58.8%     -  171s
     0     0   11.81836    0 1610    7.44456   11.81836  58.8%     -  171s
H    0     0                       7.5039907   11.81836  57.5%     -  171s
H    0     0                       7.5252389   11.81836  57.0%     -  171s
     0     0   11.80559    0 1772    7.52524   11.80559  56.9%     -  175s
     0     0   11.80537    0 1668    7.52524   11.80537  56.9%     -  175s
     0     0   11.80532    0 1671    7.52524   11.80532  56.9%     -  175s
     0     0   11.80531    0 1669    7.52524   11.80531  56.9%     -  175s
     0     0   11.80329    0 1723    7.52524   11.80329  56.8%     -  176s
     0     0   11.80320    0 1685    7.52524   11.80320  56.8%     -  176s
     0     0   11.80293    0 1671    7.52524   11.80293  56.8%     -  177s
     0     0   11.80293    0 1708    7.52524   11.80293  56.8%     -  177s
     0     0   11.80293    0 1700    7.52524   11.80293  56.8%     -  177s
     0     0   11.65400    0 1798    7.52524   11.65400  54.9%     -  188s
     0     0   11.64831    0 1824    7.52524   11.64831  54.8%     -  193s
     0     0   11.64651    0 1725    7.52524   11.64651  54.8%     -  195s
     0     0   11.64611    0 1739    7.52524   11.64611  54.8%     -  196s
     0     0   11.64575    0 1755    7.52524   11.64575  54.8%     -  196s
     0     0   11.64571    0 1795    7.52524   11.64571  54.8%     -  196s
     0     0   11.64569    0 1774    7.52524   11.64569  54.8%     -  196s
     0     0   11.64569    0 1774    7.52524   11.64569  54.8%     -  196s
     0     0   11.64568    0 1756    7.52524   11.64568  54.8%     -  196s
H    0     0                       7.5332392   11.64568  54.6%     -  197s
     0     0   11.62781    0 1885    7.53324   11.62781  54.4%     -  204s
     0     0   11.62568    0 1943    7.53324   11.62568  54.3%     -  206s
     0     0   11.62565    0 1933    7.53324   11.62565  54.3%     -  207s
     0     0   11.62554    0 1908    7.53324   11.62554  54.3%     -  207s
     0     0   11.62505    0 1923    7.53324   11.62505  54.3%     -  208s
     0     0   11.62505    0 1924    7.53324   11.62505  54.3%     -  208s
     0     0   11.50850    0 1733    7.53324   11.50850  52.8%     -  220s
     0     0   11.49919    0 1923    7.53324   11.49919  52.6%     -  224s
     0     0   11.49388    0 1835    7.53324   11.49388  52.6%     -  226s
     0     0   11.49256    0 1910    7.53324   11.49256  52.6%     -  227s
     0     0   11.49217    0 1785    7.53324   11.49217  52.6%     -  229s
     0     0   11.49210    0 1819    7.53324   11.49210  52.6%     -  229s
     0     0   11.47062    0 1659    7.53324   11.47062  52.3%     -  234s
     0     0   11.46993    0 1825    7.53324   11.46993  52.3%     -  234s
     0     0   11.46993    0 1781    7.53324   11.46993  52.3%     -  234s
     0     0   11.46992    0 1787    7.53324   11.46992  52.3%     -  235s
     0     0   11.46590    0 1791    7.53324   11.46590  52.2%     -  236s
     0     0   11.46569    0 1783    7.53324   11.46569  52.2%     -  236s
     0     0   11.46553    0 1768    7.53324   11.46553  52.2%     -  237s
     0     0   11.46545    0 1815    7.53324   11.46545  52.2%     -  237s
     0     0   11.46542    0 1809    7.53324   11.46542  52.2%     -  237s
     0     0   11.33746    0 2144    7.53324   11.33746  50.5%     -  252s
     0     0   11.32780    0 2081    7.53324   11.32780  50.4%     -  260s
     0     0   11.32566    0 1978    7.53324   11.32566  50.3%     -  262s
     0     0   11.32387    0 2075    7.53324   11.32387  50.3%     -  263s
     0     0   11.32249    0 2051    7.53324   11.32249  50.3%     -  264s
     0     0   11.32239    0 2062    7.53324   11.32239  50.3%     -  264s
     0     0   11.32239    0 2063    7.53324   11.32239  50.3%     -  264s
     0     0   11.32236    0 2030    7.53324   11.32236  50.3%     -  264s
     0     0   11.32232    0 2024    7.53324   11.32232  50.3%     -  265s
     0     0   11.32231    0 2079    7.53324   11.32231  50.3%     -  265s
H    0     0                       7.5459554   11.32231  50.0%     -  269s
     0     0   11.30987    0 2158    7.54596   11.30987  49.9%     -  273s
     0     0   11.30961    0 1971    7.54596   11.30961  49.9%     -  274s
     0     0   11.30959    0 2015    7.54596   11.30959  49.9%     -  274s
     0     0   11.30959    0 2015    7.54596   11.30959  49.9%     -  274s
     0     0   11.30862    0 2019    7.54596   11.30862  49.9%     -  275s
     0     0   11.30857    0 1995    7.54596   11.30857  49.9%     -  275s
     0     0   11.30850    0 2001    7.54596   11.30850  49.9%     -  275s
     0     0   11.30850    0 1995    7.54596   11.30850  49.9%     -  275s
     0     0   11.19585    0 1900    7.54596   11.19585  48.4%     -  290s
     0     0   11.18539    0 1980    7.54596   11.18539  48.2%     -  295s
     0     0   11.18312    0 1897    7.54596   11.18312  48.2%     -  297s
     0     0   11.18260    0 1954    7.54596   11.18260  48.2%     -  299s
     0     0   11.18226    0 1879    7.54596   11.18226  48.2%     -  299s
     0     0   11.18223    0 1855    7.54596   11.18223  48.2%     -  300s
     0     0   11.18221    0 1858    7.54596   11.18221  48.2%     -  300s
     0     0   11.18219    0 1859    7.54596   11.18219  48.2%     -  300s
     0     0   11.18210    0 1838    7.54596   11.18210  48.2%     -  301s
     0     0   11.18208    0 1839    7.54596   11.18208  48.2%     -  301s
     0     0   11.15362    0 2106    7.54596   11.15362  47.8%     -  307s
     0     0   11.15315    0 2102    7.54596   11.15315  47.8%     -  307s
     0     0   11.15248    0 2132    7.54596   11.15248  47.8%     -  308s
     0     0   11.15232    0 2068    7.54596   11.15232  47.8%     -  309s
     0     0   11.15228    0 2039    7.54596   11.15228  47.8%     -  310s
     0     0   11.15226    0 1981    7.54596   11.15226  47.8%     -  310s
     0     0   11.15226    0 2055    7.54596   11.15226  47.8%     -  310s
     0     0   11.15223    0 2028    7.54596   11.15223  47.8%     -  310s
     0     0   11.15221    0 2112    7.54596   11.15221  47.8%     -  310s
     0     0   11.15221    0 2110    7.54596   11.15221  47.8%     -  310s
     0     0   11.14977    0 2096    7.54596   11.14977  47.8%     -  313s
     0     0   11.14964    0 2004    7.54596   11.14964  47.8%     -  314s
     0     0   11.14947    0 2059    7.54596   11.14947  47.8%     -  315s
     0     0   11.14947    0 1981    7.54596   11.14947  47.8%     -  315s
     0     0   11.14947    0 1979    7.54596   11.14947  47.8%     -  315s
     0     0   11.14842    0 1977    7.54596   11.14842  47.7%     -  316s
     0     0   11.14841    0 1887    7.54596   11.14841  47.7%     -  316s
     0     0   11.14835    0 1981    7.54596   11.14835  47.7%     -  316s
     0     0   11.02939    0 1998    7.54596   11.02939  46.2%     -  330s
     0     0   11.02416    0 1970    7.54596   11.02416  46.1%     -  334s
     0     0   11.01888    0 2012    7.54596   11.01888  46.0%     -  339s
     0     0   11.01784    0 2006    7.54596   11.01784  46.0%     -  340s
     0     0   11.01763    0 1991    7.54596   11.01763  46.0%     -  341s
     0     0   11.01740    0 1991    7.54596   11.01740  46.0%     -  341s
     0     0   11.01733    0 1984    7.54596   11.01733  46.0%     -  341s
H    0     0                       7.6432708   11.01733  44.1%     -  345s
H    0     0                       7.6645190   11.01733  43.7%     -  346s
     0     0   10.99152    0 2183    7.66452   10.99152  43.4%     -  353s
     0     0   10.99059    0 2169    7.66452   10.99059  43.4%     -  354s
     0     0   10.99051    0 2114    7.66452   10.99051  43.4%     -  354s
     0     0   10.99033    0 2125    7.66452   10.99033  43.4%     -  354s
     0     0   10.99032    0 2125    7.66452   10.99032  43.4%     -  355s
     0     0   10.98615    0 2097    7.66452   10.98615  43.3%     -  357s
     0     0   10.98534    0 2035    7.66452   10.98534  43.3%     -  357s
     0     0   10.98534    0 2101    7.66452   10.98534  43.3%     -  357s
     0     0   10.98534    0 2004    7.66452   10.98534  43.3%     -  358s
     0     0   10.98396    0 2015    7.66452   10.98396  43.3%     -  359s
     0     0   10.86376    0 2082    7.66452   10.86376  41.7%     -  373s
     0     0   10.85306    0 2023    7.66452   10.85306  41.6%     -  379s
     0     0   10.85116    0 1983    7.66452   10.85116  41.6%     -  381s
     0     0   10.85069    0 1919    7.66452   10.85069  41.6%     -  385s
     0     0   10.85065    0 1958    7.66452   10.85065  41.6%     -  386s
     0     0   10.82409    0 2047    7.66452   10.82409  41.2%     -  392s
     0     0   10.82340    0 1984    7.66452   10.82340  41.2%     -  392s
     0     0   10.82323    0 2002    7.66452   10.82323  41.2%     -  393s
     0     0   10.82304    0 2018    7.66452   10.82304  41.2%     -  393s
     0     0   10.82302    0 2055    7.66452   10.82302  41.2%     -  393s
     0     0   10.82297    0 2019    7.66452   10.82297  41.2%     -  393s
     0     0   10.82296    0 1989    7.66452   10.82296  41.2%     -  393s
     0     0   10.82296    0 1990    7.66452   10.82296  41.2%     -  393s
     0     0   10.81887    0 1986    7.66452   10.81887  41.2%     -  395s
     0     0   10.81875    0 1986    7.66452   10.81875  41.2%     -  396s
     0     0   10.81872    0 1946    7.66452   10.81872  41.2%     -  396s
     0     0   10.81872    0 1956    7.66452   10.81872  41.2%     -  396s
     0     0   10.81647    0 1889    7.66452   10.81647  41.1%     -  397s
     0     0   10.81645    0 1930    7.66452   10.81645  41.1%     -  397s
     0     0   10.81634    0 1959    7.66452   10.81634  41.1%     -  398s
     0     0   10.81631    0 1951    7.66452   10.81631  41.1%     -  398s
     0     0   10.68306    0 1783    7.66452   10.68306  39.4%     -  416s
     0     0   10.66999    0 1987    7.66452   10.66999  39.2%     -  425s
     0     0   10.66817    0 1991    7.66452   10.66817  39.2%     -  428s
     0     0   10.66795    0 1917    7.66452   10.66795  39.2%     -  429s
     0     0   10.66791    0 1951    7.66452   10.66791  39.2%     -  429s
     0     0   10.66789    0 1958    7.66452   10.66789  39.2%     -  429s
H    0     0                       7.6645190   10.66789  39.2%     -  434s
H    0     0                       7.6949105   10.66789  38.6%     -  434s
H    0     0                       7.7131550   10.66789  38.3%     -  437s
H    0     0                       7.8817966   10.66789  35.3%     -  438s
H    0     0                       7.9836072   10.66789  33.6%     -  438s
H    0     0                       8.0091514   10.66789  33.2%     -  438s
     0     0   10.64976    0 2069    8.00915   10.64976  33.0%     -  442s
     0     0   10.64892    0 1971    8.00915   10.64892  33.0%     -  443s
     0     0   10.64892    0 2006    8.00915   10.64892  33.0%     -  443s
     0     0   10.64892    0 2002    8.00915   10.64892  33.0%     -  443s
     0     0   10.64591    0 2147    8.00915   10.64591  32.9%     -  445s
     0     0   10.64541    0 2049    8.00915   10.64541  32.9%     -  445s
     0     0   10.64540    0 2074    8.00915   10.64540  32.9%     -  445s
     0     0   10.64540    0 2098    8.00915   10.64540  32.9%     -  445s
     0     0   10.64421    0 2145    8.00915   10.64421  32.9%     -  447s
     0     0   10.64408    0 2152    8.00915   10.64408  32.9%     -  447s
     0     0   10.64407    0 2148    8.00915   10.64407  32.9%     -  447s
     0     0   10.64407    0 2150    8.00915   10.64407  32.9%     -  447s
     0     0   10.53677    0 2149    8.00915   10.53677  31.6%     -  460s
     0     0   10.52420    0 2081    8.00915   10.52420  31.4%     -  465s
     0     0   10.51948    0 2217    8.00915   10.51948  31.3%     -  468s
     0     0   10.51851    0 2044    8.00915   10.51851  31.3%     -  469s
     0     0   10.51849    0 2073    8.00915   10.51849  31.3%     -  469s
H    0     0                       8.0095826   10.51849  31.3%     -  470s
     0     0   10.49129    0 2050    8.00958   10.49129  31.0%     -  477s
     0     0   10.49058    0 1968    8.00958   10.49058  31.0%     -  478s
     0     0   10.49058    0 1925    8.00958   10.49058  31.0%     -  478s
     0     0   10.49057    0 1978    8.00958   10.49057  31.0%     -  479s
     0     0   10.49057    0 1977    8.00958   10.49057  31.0%     -  479s
     0     0   10.48231    0 2132    8.00958   10.48231  30.9%     -  481s
     0     0   10.48225    0 2134    8.00958   10.48225  30.9%     -  481s
     0     0   10.48222    0 2173    8.00958   10.48222  30.9%     -  481s
     0     0   10.48219    0 2157    8.00958   10.48219  30.9%     -  481s
     0     0   10.48216    0 2113    8.00958   10.48216  30.9%     -  481s
     0     0   10.48106    0 2055    8.00958   10.48106  30.9%     -  482s
     0     0   10.48106    0 2092    8.00958   10.48106  30.9%     -  482s
     0     0   10.36961    0 1920    8.00958   10.36961  29.5%     -  497s
     0     0   10.36217    0 1829    8.00958   10.36217  29.4%     -  501s
     0     0   10.35901    0 1871    8.00958   10.35901  29.3%     -  504s
     0     0   10.35889    0 1825    8.00958   10.35889  29.3%     -  506s
     0     0   10.35443    0 1934    8.00958   10.35443  29.3%     -  509s
     0     0   10.35431    0 1957    8.00958   10.35431  29.3%     -  510s
     0     0   10.35430    0 1964    8.00958   10.35430  29.3%     -  510s
H    0     0                       8.0095827   10.35430  29.3%     -  518s
     0     0   10.33255    0 2065    8.00958   10.33255  29.0%     -  527s
     0     0   10.33014    0 2081    8.00958   10.33014  29.0%     -  530s
     0     0   10.32998    0 2008    8.00958   10.32998  29.0%     -  531s
     0     0   10.32989    0 1985    8.00958   10.32989  29.0%     -  531s
     0     0   10.32988    0 2012    8.00958   10.32988  29.0%     -  531s
     0     0   10.32987    0 2040    8.00958   10.32987  29.0%     -  531s
     0     0   10.32894    0 1967    8.00958   10.32894  29.0%     -  532s
     0     0   10.32832    0 1998    8.00958   10.32832  28.9%     -  533s
     0     0   10.32831    0 1963    8.00958   10.32831  28.9%     -  533s
     0     0   10.23843    0 2204    8.00958   10.23843  27.8%     -  548s
     0     0   10.22964    0 1999    8.00958   10.22964  27.7%     -  553s
     0     0   10.22604    0 2123    8.00958   10.22604  27.7%     -  555s
     0     0   10.22346    0 2106    8.00958   10.22346  27.6%     -  557s
     0     0   10.22315    0 2081    8.00958   10.22315  27.6%     -  558s
     0     0   10.22305    0 2074    8.00958   10.22305  27.6%     -  558s
     0     0   10.22305    0 1996    8.00958   10.22305  27.6%     -  558s
     0     0   10.20420    0 2199    8.00958   10.20420  27.4%     -  563s
     0     0   10.20357    0 2123    8.00958   10.20357  27.4%     -  563s
     0     0   10.20355    0 2086    8.00958   10.20355  27.4%     -  564s
     0     0   10.20354    0 2086    8.00958   10.20354  27.4%     -  564s
     0     0   10.19928    0 2049    8.00958   10.19928  27.3%     -  566s
     0     0   10.19912    0 2116    8.00958   10.19912  27.3%     -  566s
     0     0   10.19911    0 2103    8.00958   10.19911  27.3%     -  566s
     0     0   10.19782    0 1972    8.00958   10.19782  27.3%     -  568s
     0     0   10.19775    0 1964    8.00958   10.19775  27.3%     -  568s
     0     0   10.19774    0 1964    8.00958   10.19774  27.3%     -  568s
     0     0   10.19771    0 2009    8.00958   10.19771  27.3%     -  568s
     0     0   10.19771    0 1981    8.00958   10.19771  27.3%     -  569s
     0     0   10.19771    0 1966    8.00958   10.19771  27.3%     -  569s
     0     0   10.13090    0 2162    8.00958   10.13090  26.5%     -  583s
     0     0   10.12771    0 2157    8.00958   10.12771  26.4%     -  589s
     0     0   10.12631    0 2171    8.00958   10.12631  26.4%     -  593s
     0     0   10.12574    0 2018    8.00958   10.12574  26.4%     -  594s
     0     0   10.12570    0 2047    8.00958   10.12570  26.4%     -  595s
     0     0   10.12570    0 2006    8.00958   10.12570  26.4%     -  595s
     0     0   10.12570    0 1979    8.00958   10.12570  26.4%     -  595s
     0     0   10.11439    0 2314    8.00958   10.11439  26.3%     -  597s
     0     0   10.11426    0 2327    8.00958   10.11426  26.3%     -  598s
     0     0   10.11426    0 2287    8.00958   10.11426  26.3%     -  598s
     0     0   10.11422    0 2327    8.00958   10.11422  26.3%     -  598s
     0     0   10.11422    0 2323    8.00958   10.11422  26.3%     -  598s
     0     0   10.11421    0 2314    8.00958   10.11421  26.3%     -  598s
     0     0   10.10996    0 2219    8.00958   10.10996  26.2%     -  600s
     0     0   10.10992    0 2110    8.00958   10.10992  26.2%     -  600s
     0     0   10.10992    0 2216    8.00958   10.10992  26.2%     -  600s
     0     0   10.10992    0 2195    8.00958   10.10992  26.2%     -  601s
     0     0   10.10971    0 2173    8.00958   10.10971  26.2%     -  601s
     0     0   10.10965    0 2180    8.00958   10.10965  26.2%     -  601s
     0     0   10.02929    0 2111    8.00958   10.02929  25.2%     -  617s
     0     0   10.01675    0 2160    8.00958   10.01675  25.1%     -  622s
     0     0   10.01558    0 1964    8.00958   10.01558  25.0%     -  625s
     0     0   10.01363    0 2127    8.00958   10.01363  25.0%     -  626s
     0     0   10.01363    0 2140    8.00958   10.01363  25.0%     -  627s
     0     0   10.01363    0 2095    8.00958   10.01363  25.0%     -  627s
     0     0    9.97996    0 2123    8.00958    9.97996  24.6%     -  633s
     0     0    9.97785    0 2012    8.00958    9.97785  24.6%     -  635s
     0     0    9.97651    0 2129    8.00958    9.97651  24.6%     -  636s
     0     0    9.97648    0 2107    8.00958    9.97648  24.6%     -  636s
     0     0    9.97647    0 2072    8.00958    9.97647  24.6%     -  637s
     0     0    9.97064    0 2182    8.00958    9.97064  24.5%     -  639s
     0     0    9.97006    0 2227    8.00958    9.97006  24.5%     -  640s
     0     0    9.97003    0 2198    8.00958    9.97003  24.5%     -  640s
     0     0    9.97003    0 2197    8.00958    9.97003  24.5%     -  640s
     0     0    9.96786    0 2077    8.00958    9.96786  24.4%     -  641s
     0     0    9.96785    0 2080    8.00958    9.96785  24.4%     -  641s
     0     0    9.89112    0 2075    8.00958    9.89112  23.5%     -  652s
     0     0    9.88695    0 2055    8.00958    9.88695  23.4%     -  655s
     0     0    9.88574    0 1883    8.00958    9.88574  23.4%     -  657s
     0     0    9.88569    0 1910    8.00958    9.88569  23.4%     -  658s
H    0     0                       8.0210532    9.88569  23.2%     -  667s
     0     0    9.87444    0 2238    8.02105    9.87444  23.1%     -  675s
     0     0    9.87401    0 2169    8.02105    9.87401  23.1%     -  675s
     0     0    9.87399    0 2124    8.02105    9.87399  23.1%     -  676s
     0     0    9.87399    0 2122    8.02105    9.87399  23.1%     -  676s
     0     0    9.87397    0 2121    8.02105    9.87397  23.1%     -  676s
     0     0    9.87236    0 2021    8.02105    9.87236  23.1%     -  677s
     0     0    9.87235    0 2029    8.02105    9.87235  23.1%     -  677s
     0     0    9.79792    0 2299    8.02105    9.79792  22.2%     -  689s
     0     0    9.79606    0 2203    8.02105    9.79606  22.1%     -  692s
     0     0    9.79576    0 2205    8.02105    9.79576  22.1%     -  693s
     0     0    9.79569    0 2168    8.02105    9.79569  22.1%     -  693s
     0     0    9.79564    0 2184    8.02105    9.79564  22.1%     -  693s
     0     0    9.79562    0 2159    8.02105    9.79562  22.1%     -  694s
     0     0    9.79555    0 2177    8.02105    9.79555  22.1%     -  694s
     0     0    9.79554    0 2189    8.02105    9.79554  22.1%     -  694s
     0     0    9.79554    0 2177    8.02105    9.79554  22.1%     -  694s
     0     0    9.78193    0 2030    8.02105    9.78193  22.0%     -  699s
     0     0    9.78130    0 2064    8.02105    9.78130  21.9%     -  700s
     0     0    9.78123    0 2022    8.02105    9.78123  21.9%     -  700s
     0     0    9.78123    0 2040    8.02105    9.78123  21.9%     -  700s
     0     0    9.77795    0 2098    8.02105    9.77795  21.9%     -  702s
     0     0    9.77790    0 1978    8.02105    9.77790  21.9%     -  703s
     0     0    9.77789    0 2045    8.02105    9.77789  21.9%     -  703s
     0     0    9.77721    0 2069    8.02105    9.77721  21.9%     -  704s
     0     0    9.77721    0 2044    8.02105    9.77721  21.9%     -  704s
     0     0    9.72242    0 2272    8.02105    9.72242  21.2%     -  713s
     0     0    9.71615    0 2198    8.02105    9.71615  21.1%     -  716s
     0     0    9.71590    0 2317    8.02105    9.71590  21.1%     -  717s
     0     0    9.71588    0 2347    8.02105    9.71588  21.1%     -  717s
     0     0    9.71585    0 2316    8.02105    9.71585  21.1%     -  717s
     0     0    9.71584    0 2289    8.02105    9.71584  21.1%     -  717s
     0     0    9.71584    0 2289    8.02105    9.71584  21.1%     -  717s
     0     0    9.71582    0 2287    8.02105    9.71582  21.1%     -  717s
     0     0    9.70497    0 2164    8.02105    9.70497  21.0%     -  720s
     0     0    9.70478    0 2056    8.02105    9.70478  21.0%     -  721s
     0     0    9.70469    0 2012    8.02105    9.70469  21.0%     -  722s
     0     0    9.70468    0 2012    8.02105    9.70468  21.0%     -  722s
     0     0    9.70234    0 1945    8.02105    9.70234  21.0%     -  723s
     0     0    9.70230    0 1910    8.02105    9.70230  21.0%     -  723s
     0     0    9.70225    0 1944    8.02105    9.70225  21.0%     -  723s
     0     0    9.70223    0 1915    8.02105    9.70223  21.0%     -  723s
     0     0    9.70222    0 1985    8.02105    9.70222  21.0%     -  724s
     0     0    9.70222    0 1948    8.02105    9.70222  21.0%     -  724s
     0     0    9.70222    0 1932    8.02105    9.70222  21.0%     -  724s
     0     0    9.65961    0 2033    8.02105    9.65961  20.4%     -  735s
     0     0    9.65514    0 1910    8.02105    9.65514  20.4%     -  741s
     0     0    9.65480    0 2061    8.02105    9.65480  20.4%     -  742s
     0     0    9.65476    0 1922    8.02105    9.65476  20.4%     -  743s
     0     0    9.64905    0 1900    8.02105    9.64905  20.3%     -  746s
     0     0    9.64855    0 2012    8.02105    9.64855  20.3%     -  747s
     0     0    9.64837    0 1965    8.02105    9.64837  20.3%     -  747s
     0     0    9.64837    0 1963    8.02105    9.64837  20.3%     -  748s
     0     0    9.64464    0 2119    8.02105    9.64464  20.2%     -  750s
     0     0    9.64457    0 2028    8.02105    9.64457  20.2%     -  750s
     0     0    9.64457    0 2028    8.02105    9.64457  20.2%     -  750s
     0     0    9.64456    0 2027    8.02105    9.64456  20.2%     -  751s
     0     0    9.64415    0 2019    8.02105    9.64415  20.2%     -  752s
     0     0    9.61496    0 2190    8.02105    9.61496  19.9%     -  763s
     0     0    9.61253    0 2222    8.02105    9.61253  19.8%     -  769s
     0     0    9.61195    0 2164    8.02105    9.61195  19.8%     -  771s
     0     0    9.61195    0 2169    8.02105    9.61195  19.8%     -  771s
     0     0    9.60552    0 2207    8.02105    9.60552  19.8%     -  774s
     0     0    9.60430    0 2043    8.02105    9.60430  19.7%     -  776s
     0     0    9.60430    0 2108    8.02105    9.60430  19.7%     -  776s
     0     0    9.60430    0 2106    8.02105    9.60430  19.7%     -  776s
     0     0    9.60430    0 2105    8.02105    9.60430  19.7%     -  776s
     0     0    9.60325    0 2084    8.02105    9.60325  19.7%     -  777s
     0     0    9.60325    0 2071    8.02105    9.60325  19.7%     -  777s
     0     0    9.56831    0 2101    8.02105    9.56831  19.3%     -  786s
     0     0    9.56219    0 1863    8.02105    9.56219  19.2%     -  790s
     0     0    9.56135    0 1961    8.02105    9.56135  19.2%     -  792s
     0     0    9.56096    0 1918    8.02105    9.56096  19.2%     -  793s
     0     0    9.56096    0 1895    8.02105    9.56096  19.2%     -  793s
     0     0    9.54705    0 2238    8.02105    9.54705  19.0%     -  800s
     0     0    9.54618    0 2252    8.02105    9.54618  19.0%     -  800s
     0     0    9.54617    0 2201    8.02105    9.54617  19.0%     -  801s
     0     0    9.54616    0 2149    8.02105    9.54616  19.0%     -  801s
     0     0    9.54616    0 2130    8.02105    9.54616  19.0%     -  801s
     0     0    9.54251    0 2128    8.02105    9.54251  19.0%     -  803s
     0     0    9.54244    0 2185    8.02105    9.54244  19.0%     -  803s
     0     0    9.54241    0 2118    8.02105    9.54241  19.0%     -  803s
     0     0    9.54042    0 2157    8.02105    9.54042  18.9%     -  805s
     0     0    9.54042    0 2116    8.02105    9.54042  18.9%     -  805s
     0     0    9.51662    0 2287    8.02105    9.51662  18.6%     -  815s
     0     0    9.51552    0 2379    8.02105    9.51552  18.6%     -  816s
     0     0    9.51520    0 2344    8.02105    9.51520  18.6%     -  817s
     0     0    9.51519    0 2265    8.02105    9.51519  18.6%     -  817s
     0     0    9.51519    0 2203    8.02105    9.51519  18.6%     -  817s
     0     0    9.50529    0 2247    8.02105    9.50529  18.5%     -  821s
     0     0    9.50445    0 2266    8.02105    9.50445  18.5%     -  823s
     0     0    9.50445    0 2198    8.02105    9.50445  18.5%     -  823s
     0     0    9.50307    0 2243    8.02105    9.50307  18.5%     -  825s
     0     0    9.50298    0 2251    8.02105    9.50298  18.5%     -  825s
     0     0    9.50298    0 2230    8.02105    9.50298  18.5%     -  825s
     0     0    9.50298    0 2230    8.02105    9.50298  18.5%     -  825s
     0     0    9.47408    0 2254    8.02105    9.47408  18.1%     -  832s
     0     0    9.47383    0 2266    8.02105    9.47383  18.1%     -  833s
     0     0    9.47382    0 2301    8.02105    9.47382  18.1%     -  833s
     0     0    9.47381    0 2253    8.02105    9.47381  18.1%     -  834s
     0     0    9.47381    0 2253    8.02105    9.47381  18.1%     -  834s
     0     0    9.46492    0 2139    8.02105    9.46492  18.0%     -  837s
     0     0    9.46472    0 2101    8.02105    9.46472  18.0%     -  837s
     0     0    9.46472    0 2100    8.02105    9.46472  18.0%     -  837s
     0     0    9.46472    0 2100    8.02105    9.46472  18.0%     -  837s
     0     0    9.46472    0 2053    8.02105    9.46472  18.0%     -  837s
     0     0    9.46113    0 2008    8.02105    9.46113  18.0%     -  840s
     0     0    9.46047    0 2106    8.02105    9.46047  17.9%     -  841s
     0     0    9.46040    0 2009    8.02105    9.46040  17.9%     -  842s
     0     0    9.45959    0 2223    8.02105    9.45959  17.9%     -  843s
     0     0    9.45959    0 2290    8.02105    9.45959  17.9%     -  843s
     0     0    9.44539    0 1894    8.02105    9.44539  17.8%     -  850s
     0     0    9.44473    0 1787    8.02105    9.44473  17.7%     -  852s
     0     0    9.44473    0 1787    8.02105    9.44473  17.7%     -  852s
     0     0    9.44099    0 1736    8.02105    9.44099  17.7%     -  863s
     0     0    9.44052    0 1778    8.02105    9.44052  17.7%     -  864s
     0     0    9.44044    0 1734    8.02105    9.44044  17.7%     -  864s
     0     0    9.44043    0 1800    8.02105    9.44043  17.7%     -  864s
     0     0    9.43981    0 1741    8.02105    9.43981  17.7%     -  865s
     0     0    9.42161    0 2213    8.02105    9.42161  17.5%     -  872s
     0     0    9.42095    0 2183    8.02105    9.42095  17.5%     -  873s
     0     0    9.42090    0 2200    8.02105    9.42090  17.5%     -  873s
     0     0    9.42089    0 2213    8.02105    9.42089  17.5%     -  873s
     0     0    9.42089    0 2192    8.02105    9.42089  17.5%     -  874s
     0     0    9.42089    0 2192    8.02105    9.42089  17.5%     -  874s
     0     0    9.42089    0 2190    8.02105    9.42089  17.5%     -  874s
     0     0    9.42089    0 2187    8.02105    9.42089  17.5%     -  874s
H    0     0                       8.2123790    9.42089  14.7%     -  895s
H    0     0                       8.2134174    9.42089  14.7%     -  895s
H    0     0                       8.2163173    9.42089  14.7%     -  895s
H    0     0                       8.2384425    9.42089  14.4%     -  895s
H    0     0                       8.3313501    9.42089  13.1%     -  895s
H    0     0                       8.4170822    9.42089  11.9%     -  895s
     0     2    9.42089    0 2187    8.41708    9.42089  11.9%     -  899s
     2     4    9.42058    2 2114    8.41708    9.42089  11.9%  1458  900s
     4     6    9.42029    4 2025    8.41708    9.42089  11.9%  1238  905s
     6     8    9.42006    6 2052    8.41708    9.42089  11.9%  1875  910s
     8    10    9.41929    8 1925    8.41708    9.42089  11.9%  1579  922s
     9    11    9.41916    9 1975    8.41708    9.42089  11.9%  1555  926s
    11    13    9.41843   11 2027    8.41708    9.42089  11.9%  2944  934s
    12    14    9.41835   12 1963    8.41708    9.42089  11.9%  2803  935s
H   26    26                       8.4182498    9.42089  11.9%  1550  951s
    27    29    9.41691   27 1826    8.41825    9.42089  11.9%  1518  956s
    31    33    9.41569   30 1936    8.41825    9.42089  11.9%  1558  960s
    46    48    9.41354   45 1889    8.41825    9.42089  11.9%  1233  965s
    52    54    9.41260   51 1912    8.41825    9.42089  11.9%  1147  983s
    54    56    9.41118   53 1765    8.41825    9.42089  11.9%  1178  987s
    59    61    9.41078   57 1809    8.41825    9.42089  11.9%  1184  994s
    62    64    9.41071   60 1816    8.41825    9.42089  11.9%  1154  995s
    80    82    9.40572   78 1834    8.41825    9.42089  11.9%  1084 1003s
    81    83    9.08792   78 1656    8.41825    9.42089  11.9%  1203 1008s
    83    85    9.40513   80 1900    8.41825    9.42089  11.9%  1214 1010s
    89    91    9.40393   85 1843    8.41825    9.42089  11.9%  1250 1015s
    95    97    9.39899   90 1713    8.41825    9.42089  11.9%  1293 1021s
   101   103    9.40239   96 1613    8.41825    9.42089  11.9%  1294 1025s
   106   108    9.40184  100 1707    8.41825    9.42089  11.9%  1325 1030s
   122   124    9.39975  116 1946    8.41825    9.42089  11.9%  1225 1035s
   135   137    9.39820  129 1772    8.41825    9.42089  11.9%  1167 1040s
   139   141    9.33270  132 1766    8.41825    9.42089  11.9%  1250 1046s
   148   150    9.39540  141 1797    8.41825    9.42089  11.9%  1210 1050s
   155   157    9.39438  147 2073    8.41825    9.42089  11.9%  1232 1055s
   171   173    9.39326  163 1946    8.41825    9.42089  11.9%  1154 1060s
   195   197    9.39252  187 1904    8.41825    9.42089  11.9%  1041 1065s
   209   211    9.24275  200 1894    8.41825    9.42089  11.9%  1045 1072s
   216   218    9.33397  206 1713    8.41825    9.42089  11.9%  1063 1078s
   221   223    9.39023  211 1863    8.41825    9.42089  11.9%  1049 1080s
   230   232    9.38873  220 1975    8.41825    9.42089  11.9%  1046 1085s
   250   252    9.38753  240 1905    8.41825    9.42089  11.9%   993 1090s
   266   268    9.38519  256 1779    8.41825    9.42089  11.9%   971 1095s
   276   278    9.38431  265 1994    8.41825    9.42089  11.9%   963 1100s
   282   284    9.38404  271 1932    8.41825    9.42089  11.9%   966 1113s
H  284   284                       8.4323050    9.42089  11.7%   967 1135s
   285   287    9.38239  273 1776    8.43231    9.42089  11.7%  1045 1140s
   288   290    9.34590  275 1819    8.43231    9.42089  11.7%  1121 1151s
   299   301    9.38047  286 1897    8.43231    9.42089  11.7%  1096 1155s
   311   313    9.37883  297 1768    8.43231    9.42089  11.7%  1081 1160s
   320   322    9.37667  306 2027    8.43231    9.42089  11.7%  1085 1165s
   335   337    9.37475  321 1881    8.43231    9.42089  11.7%  1060 1170s
   344   346    9.36924  329 1847    8.43231    9.42089  11.7%  1064 1175s
   362   364    9.37046  347 1869    8.43231    9.42089  11.7%  1032 1180s
   375   377    9.36871  359 1987    8.43231    9.42089  11.7%  1023 1185s
   392   394    9.36512  376 1989    8.43231    9.42089  11.7%   997 1190s
   413   415    9.36345  397 1828    8.43231    9.42089  11.7%   965 1195s
   433   435    9.36232  417 1739    8.43231    9.42089  11.7%   936 1200s
   455   457    9.36018  439 1812    8.43231    9.42089  11.7%   910 1205s
   476   478    9.35917  460 1840    8.43231    9.42089  11.7%   887 1210s
   497   499    9.35841  481 1825    8.43231    9.42089  11.7%   866 1215s
   530   532    9.35618  514 1945    8.43231    9.42089  11.7%   823 1220s
   559   561    9.35378  543 1958    8.43231    9.42089  11.7%   793 1225s
   582   584    9.35236  566 1725    8.43231    9.42089  11.7%   773 1230s
   600   602    9.35048  584 1790    8.43231    9.42089  11.7%   764 1235s
   604   606    9.34895  587 1741    8.43231    9.42089  11.7%   777 1240s
   624   626    9.34775  607 1744    8.43231    9.42089  11.7%   765 1245s
   651   653    9.34334  634 1974    8.43231    9.42089  11.7%   746 1250s
   673   675    9.33823  656 1714    8.43231    9.42089  11.7%   733 1255s
   702   704    9.33594  685 1783    8.43231    9.42089  11.7%   712 1260s
   725   727    9.33472  708 1834    8.43231    9.42089  11.7%   701 1265s
   753   755    9.33353  736 1916    8.43231    9.42089  11.7%   685 1270s
   775   777    9.33243  758 1804    8.43231    9.42089  11.7%   676 1275s
   793   795    9.33156  776 1808    8.43231    9.42089  11.7%   670 1280s
   816   818    9.33055  798 1920    8.43231    9.42089  11.7%   661 1285s
   840   842    9.32957  822 1872    8.43231    9.42089  11.7%   649 1290s
   846   848    9.32936  828 1923    8.43231    9.42089  11.7%   647 1296s
   864   866    9.32895  846 1914    8.43231    9.42089  11.7%   639 1300s
   883   883    9.32664  864 1918    8.43231    9.42089  11.7%   633 1305s
   907   907    9.32454  888 1891    8.43231    9.42089  11.7%   625 1310s
   914   914    9.32382  895 1791    8.43231    9.42089  11.7%   623 1330s
   931   931    9.32245  911 1764    8.43231    9.42089  11.7%   621 1335s
   953   953    9.32031  933 1816    8.43231    9.42089  11.7%   615 1340s
   976   976    9.31857  956 1925    8.43231    9.42089  11.7%   608 1345s
   995   995    9.31530  975 1801    8.43231    9.42089  11.7%   605 1350s
  1018  1018    9.31314  998 1749    8.43231    9.42089  11.7%   598 1355s
  1040  1040    9.31194 1020 1807    8.43231    9.42089  11.7%   592 1360s
  1063  1063    9.31055 1043 1747    8.43231    9.42089  11.7%   585 1365s
  1101  1101    9.30933 1081 1896    8.43231    9.42089  11.7%   571 1370s
  1119  1119    9.30769 1098 1680    8.43231    9.42089  11.7%   569 1375s
  1142  1142    9.30696 1121 1932    8.43231    9.42089  11.7%   568 1382s
  1152  1152    9.30665 1131 1895    8.43231    9.42089  11.7%   572 1387s
  1167  1167    9.30603 1146 1767    8.43231    9.42089  11.7%   568 1390s
  1195  1195    9.30270 1174 1805    8.43231    9.42089  11.7%   562 1395s
  1228  1228    9.30121 1207 1699    8.43231    9.42089  11.7%   552 1400s
  1261  1261    9.30000 1240 1793    8.43231    9.42089  11.7%   543 1405s
  1284  1284    9.29831 1263 1884    8.43231    9.42089  11.7%   538 1410s
  1315  1315    9.29701 1294 1781    8.43231    9.42089  11.7%   530 1415s
  1350  1350    9.29541 1329 1860    8.43231    9.42089  11.7%   522 1420s
  1381  1381    9.29338 1360 1927    8.43231    9.42089  11.7%   514 1425s
  1404  1404    9.29229 1383 1979    8.43231    9.42089  11.7%   511 1430s
  1411  1411    9.29176 1390 1884    8.43231    9.42089  11.7%   517 1436s
  1430  1430    9.29107 1409 2060    8.43231    9.42089  11.7%   514 1440s
  1462  1462    9.29002 1441 1873    8.43231    9.42089  11.7%   506 1445s
  1502  1502    9.28858 1481 1763    8.43231    9.42089  11.7%   498 1450s
  1522  1522    9.28764 1501 1685    8.43231    9.42089  11.7%   495 1455s
  1560  1560    9.28597 1539 1671    8.43231    9.42089  11.7%   488 1460s
  1593  1593    9.28382 1572 1723    8.43231    9.42089  11.7%   481 1465s
  1636  1636    9.28235 1615 1682    8.43231    9.42089  11.7%   472 1470s
  1672  1672    9.27809 1651 1662    8.43231    9.42089  11.7%   466 1475s
  1712  1712    9.27688 1691 1668    8.43231    9.42089  11.7%   459 1480s
  1750  1750    9.27500 1729 1509    8.43231    9.42089  11.7%   453 1485s
  1789  1789    9.27203 1768 1592    8.43231    9.42089  11.7%   445 1490s
  1835  1835    9.26861 1814 1637    8.43231    9.42089  11.7%   438 1495s
  1855  1855    9.22345 1832 1553    8.43231    9.42089  11.7%   438 1500s
  1865  1865    9.05998 1841 1614    8.43231    9.42089  11.7%   443 1507s
  1873  1873    9.24433 1848 1517    8.43231    9.42089  11.7%   445 1510s
  1885  1885    9.24652 1860 1745    8.43231    9.42089  11.7%   448 1515s
  1907  1907    9.24342 1882 1592    8.43231    9.42089  11.7%   446 1520s
  1930  1930    9.23946 1905 1610    8.43231    9.42089  11.7%   444 1525s
  1946  1946    9.23418 1921 1813    8.43231    9.42089  11.7%   445 1530s
  1959  1959    9.22825 1933 1966    8.43231    9.42089  11.7%   447 1535s
H 1975  1973                       8.4366275    9.42089  11.7%   447 1539s
  1978  1978    9.22498 1952 1799    8.43663    9.42089  11.7%   447 1540s
  1994  1994    9.22237 1968 1802    8.43663    9.42089  11.7%   446 1547s
  2000  2000    9.22182 1974 1716    8.43663    9.42089  11.7%   446 1550s
H 2005  2003                       8.4366276    9.42089  11.7%   445 1568s
H 2005  2003                       8.4388853    9.42089  11.6%   445 1573s
H 2005  2003                       8.4436108    9.42089  11.6%   445 1575s
H 2005  2003                       8.4579607    9.42089  11.4%   445 1577s
  2005  2005    9.22020 1979 1900    8.45796    9.42089  11.4%   445 1581s
  2027  2027    9.21906 2001 1859    8.45796    9.42089  11.4%   443 1585s
  2052  2052    9.21711 2026 1800    8.45796    9.42089  11.4%   440 1590s
  2080  2080    9.21392 2054 1813    8.45796    9.42089  11.4%   437 1595s
  2108  2108    9.21167 2082 1682    8.45796    9.42089  11.4%   435 1600s
  2143  2143    9.21023 2117 1638    8.45796    9.42089  11.4%   431 1605s
  2178  2178    9.20876 2152 1677    8.45796    9.42089  11.4%   427 1610s
  2227  2227    9.20762 2201 1602    8.45796    9.42089  11.4%   420 1615s
  2247  2247    9.20078 2221 1708    8.45796    9.42089  11.4%   420 1620s
  2254  2254    9.19747 2227 1652    8.45796    9.42089  11.4%   423 1625s
  2270  2270    9.19431 2242 1771    8.45796    9.42089  11.4%   423 1630s
  2298  2298    9.18322 2270 1730    8.45796    9.42089  11.4%   422 1635s
  2312  2312    9.18108 2283 1692    8.45796    9.42089  11.4%   423 1640s
  2336  2336    9.17506 2307 1731    8.45796    9.42089  11.4%   422 1645s
  2366  2366    9.17203 2337 1650    8.45796    9.42089  11.4%   420 1650s
  2396  2396    9.16908 2367 1567    8.45796    9.42089  11.4%   418 1655s
  2428  2428    9.16348 2398 1624    8.45796    9.42089  11.4%   416 1660s
  2458  2458    9.16029 2428 1587    8.45796    9.42089  11.4%   413 1665s
  2484  2484    9.15633 2454 1540    8.45796    9.42089  11.4%   412 1670s
  2501  2501    9.15515 2470 1463    8.45796    9.42089  11.4%   413 1675s
  2534  2534    9.15085 2503 1644    8.45796    9.42089  11.4%   411 1680s
  2551  2550    9.29325 1368  762    8.45796    9.42089  11.4%   409 1738s
  2553  2551    9.18117 1998  917    8.45796    9.42089  11.4%   409 1746s
  2554  2552    9.30524 1149 1461    8.45796    9.42089  11.4%   409 1752s
  2555  2553    9.19400 1173 1532    8.45796    9.42089  11.4%   409 1764s
  2556  2553    9.32236  915 1621    8.45796    9.42089  11.4%   409 1777s
  2557  2554    9.21102 2103 1798    8.45796    9.42089  11.4%   408 1795s
  2558  2555    9.20972 1290 1919    8.45796    9.42089  11.4%   408 1808s
  2559  2555    9.39911  124 1949    8.45796    9.42089  11.4%   408 1830s
  2560  2556    9.28292 1596 2060    8.45796    9.42089  11.4%   408 1850s
  2561  2557    9.28812 1487 2055    8.45796    9.42089  11.4%   408 1869s
  2562  2557    9.21043 2112 1980    8.45796    9.42089  11.4%   408 1888s
  2563  2558    9.36307  404 1955    8.45796    9.42089  11.4%   407 1907s
  2564  2559    9.24388 1882 2280    8.45796    9.42089  11.4%   407 1928s
  2565  2559    9.40288   92 1806    8.45796    9.41689  11.3%   407 1945s
  2566  2560    9.21739 2020 1764    8.45796    9.29066  9.85%   407 1960s
  2567  2561    9.20320 1269 1927    8.45796    9.20320  8.81%   407 1972s
H 2567  2432                       8.4579608    9.13047  7.95%   407 1988s
  2568  2432    9.13047 1763 1798    8.45796    9.13047  7.95%   407 1992s
  2569  2433    9.08915  371 1747    8.45796    9.08915  7.46%   406 2014s
  2570  2434    9.04285  795 1843    8.45796    9.04285  6.92%   406 2024s
  2571  2434    9.00487 2086 1855    8.45796    9.00487  6.47%   406 2033s
  2572  2435    8.95583 1838 1686    8.45796    8.95583  5.89%   406 2049s
  2573  2436    8.93443  794 1585    8.45796    8.93443  5.63%   406 2057s
  2574  2436    8.91159  783 1571    8.45796    8.91159  5.36%   406 2065s
  2575  2437    8.89245  252 1386    8.45796    8.89245  5.14%   406 2074s
  2576  2438    8.86925 1180 1441    8.45796    8.86925  4.86%   405 2088s
  2577  2438    8.85797 2235 1454    8.45796    8.85797  4.73%   405 2094s
  2578  2439    8.82807 2406 1458    8.45796    8.82807  4.38%   405 2102s
  2579  2440    8.81876  767 1462    8.45796    8.81876  4.27%   405 2108s
  2580  2440    8.79313  483 1564    8.45796    8.79313  3.96%   405 2116s
  2581  2441    8.78357  641 1598    8.45796    8.78357  3.85%   405 2120s
  2582  2442    8.75928  951 1450    8.45796    8.75928  3.56%   404 2128s
  2583  2442    8.74159 1418 1437    8.45796    8.74159  3.35%   404 2137s
  2584  2443    8.70540  589 1560    8.45796    8.70540  2.93%   404 2155s
  2585  2444    8.69418  632 1283    8.45796    8.69418  2.79%   404 2164s
  2586  2444    8.65190  977 1275    8.45796    8.65190  2.29%   404 2174s
  2587  2445    8.64817 1619 1139    8.45796    8.64817  2.25%   404 2177s
  2588  2446    8.62720 2483 1239    8.45796    8.62720  2.00%   403 2183s
  2589  2446    8.61743 2476 1270    8.45796    8.61743  1.89%   403 2195s
  2590  2447    8.59910  735 1462    8.45796    8.59910  1.67%   403 2200s
  2592  2448    8.58348  194 1358    8.45796    8.58348  1.48%   403 2208s
  2593  2449    8.58130 1083 1213    8.45796    8.58130  1.46%   403 2210s
  2594  2450    8.57213 1774 1224    8.45796    8.57213  1.35%   403 2217s
  2595  2450    8.56822  249 1232    8.45796    8.56822  1.30%   402 2221s
  2598  2454    8.56677  292  762    8.45796    8.56677  1.29%   794 2226s
  2600  2455    8.56677  288 1067    8.45796    8.56677  1.29%   793 2232s
  2601  2456    8.56677 2185 1314    8.45796    8.56677  1.29%   793 2237s
  2602  2457    8.56677  284 1335    8.45796    8.56677  1.29%   792 2245s
  2603  2457    8.56677 1142 1543    8.45796    8.56677  1.29%   792 2256s
  2604  2458    8.56677 1313 1804    8.45796    8.56677  1.29%   792 2265s
  2608  2462    8.56677 1031 1100    8.45796    8.56677  1.29%   846 2275s
  2610  2464    8.56677 1663 1682    8.45796    8.56677  1.29%   845 2285s
  2611  2464    8.56677 1685 1565    8.45796    8.56677  1.29%   845 2293s
  2612  2465    8.56677  723 1870    8.45796    8.56677  1.29%   844 2303s
  2613  2466    8.56677 1611 1957    8.45796    8.56677  1.29%   844 2309s
  2614  2466    8.56677  391 1933    8.45796    8.56677  1.29%   844 2312s
  2615  2467    8.56677 1338 2118    8.45796    8.56677  1.29%   843 2323s
  2616  2468    8.56677 1342 1861    8.45796    8.56677  1.29%   843 2326s
  2620  2471    8.56677 2367 1227    8.45796    8.56677  1.29%   912 2333s
  2621  2472    8.56677  387 1491    8.45796    8.56677  1.29%   912 2338s
  2622  2473    8.56677 1352 1674    8.45796    8.56677  1.29%   911 2344s
  2623  2473    8.56677 2304 1655    8.45796    8.56677  1.29%   911 2353s
  2624  2474    8.56677 1073 1732    8.45796    8.56677  1.29%   911 2364s
  2625  2475    8.56677 1729 1984    8.45796    8.56677  1.29%   910 2372s
  2626  2475    8.56677  811 2314    8.45796    8.56677  1.29%   910 2380s
  2628  2477    8.56677  151 1967    8.45796    8.56677  1.29%   909 2392s
  2629  2477    8.56677  361 1974    8.45796    8.56677  1.29%   909 2396s
  2630  2478    8.56677  100 1945    8.45796    8.56677  1.29%   909 2406s
  2632  2479    8.56677 1869 1945    8.45796    8.56677  1.29%   908 2418s
  2633  2482    8.56677   49 1908    8.45796    8.56677  1.29%   998 2421s
  2635  2483    8.56677   50 1883    8.45796    8.56677  1.29%   999 2425s
  2637  2485    8.56677   51 1868    8.45796    8.56677  1.29%  1003 2430s
  2640  2487    8.56677   52 1789    8.45796    8.56677  1.29%  1007 2437s
  2643  2489    8.56677   54 1896    8.45796    8.56677  1.29%  1008 2440s
  2646  2491    8.56677   55 1898    8.45796    8.56677  1.29%  1013 2446s
  2649  2493    8.56677   57 1906    8.45796    8.56677  1.29%  1015 2450s
  2653  2495    8.56677   59 1905    8.45796    8.56677  1.29%  1018 2456s
  2655  2497    8.56677   60 1883    8.45796    8.56677  1.29%  1020 2460s
  2658  2499    8.56677   61 1798    8.45796    8.56677  1.29%  1030 2473s
  2660  2500    8.56677   62 1763    8.45796    8.56677  1.29%  1031 2476s
  2664  2503    8.56677   64 1938    8.45796    8.56677  1.29%  1034 2482s
  2667  2505    8.56677   66 1984    8.45796    8.56677  1.29%  1035 2485s
  2670  2507    8.56677   67 2000    8.45796    8.56677  1.29%  1042 2493s
  2672  2508    8.56677   68 1869    8.45796    8.56677  1.29%  1043 2495s
  2675  2510    8.56677   70 1996    8.45796    8.56677  1.29%  1044 2500s
  2678  2512    8.56677   71 1941    8.45796    8.56677  1.29%  1053 2509s
  2679  2513    8.56677   72 1973    8.45796    8.56677  1.29%  1053 2510s
  2682  2515    8.56677   73 1833    8.45796    8.56677  1.29%  1056 2516s
  2684  2516    8.56677   74 1950    8.45796    8.56677  1.29%  1058 2521s
  2688  2519    8.56677   76 1953    8.45796    8.56677  1.29%  1061 2528s
  2690  2520    8.56677   77 1838    8.45796    8.56677  1.29%  1068 2535s
  2694  2523    8.56677   79 1858    8.45796    8.56677  1.29%  1071 2541s
  2698  2525    8.56677   81 1945    8.45796    8.56677  1.29%  1072 2546s
  2700  2527    8.56677   82 1916    8.45796    8.56677  1.29%  1075 2551s
  2703  2529    8.56677   84 1882    8.45796    8.56677  1.29%  1077 2555s
  2707  2531    8.56677   86 2183    8.45796    8.56677  1.29%  1079 2561s
  2708  2532    8.56677   86 1838    8.45796    8.56677  1.29%  1085 2566s
  2710  2533    8.56677   87 1924    8.45796    8.56677  1.29%  1087 2574s
  2711  2534    8.56677   88 1956    8.45796    8.56677  1.29%  1089 2577s
  2714  2536    8.56677   89 2068    8.45796    8.56677  1.29%  1091 2581s
  2716  2537    8.56677   90 1975    8.45796    8.56677  1.29%  1093 2585s
  2719  2539    8.56677   92 2065    8.45796    8.56677  1.29%  1097 2590s
  2720  2540    8.56677   92 1849    8.45796    8.56677  1.29%  1101 2595s
  2724  2543    8.56677   94 1980    8.45796    8.56677  1.29%  1105 2601s
  2726  2544    8.56677   95 2036    8.45796    8.56677  1.29%  1110 2606s
  2730  2547    8.56677   97 2085    8.45796    8.56677  1.29%  1112 2611s
  2732  2548    8.56677   98 2001    8.45796    8.56677  1.29%  1115 2615s
  2734  2549    8.56677   99 2024    8.45796    8.56677  1.29%  1119 2620s
  2736  2551    8.56677  100 2052    8.45796    8.56677  1.29%  1126 2636s
  2738  2552    8.56677  101 1868    8.45796    8.56677  1.29%  1132 2643s
  2740  2553    8.56677  102 1941    8.45796    8.56677  1.29%  1133 2646s
  2745  2557    8.56677  105 2096    8.45796    8.56677  1.29%  1134 2650s
  2748  2559    8.56677  106 2236    8.45796    8.56677  1.29%  1138 2655s
  2756  2564    8.56677  110 1958    8.45796    8.56677  1.29%  1140 2660s
  2762  2568    8.56677  113 1911    8.45796    8.56677  1.29%  1145 2668s
  2764  2569    8.56677  114 2162    8.45796    8.56677  1.29%  1147 2671s
  2766  2571    8.56677  115 1827    8.45796    8.56677  1.29%  1151 2676s
  2770  2573    8.56677  117 2002    8.45796    8.56677  1.29%  1154 2680s
  2774  2576    8.56677  119 2008    8.45796    8.56677  1.29%  1157 2685s
  2780  2580    8.56677  122 1984    8.45796    8.56677  1.29%  1160 2690s
  2786  2584    8.56677  125 1834    8.45796    8.56677  1.29%  1163 2696s
  2789  2586    8.56677  127 2049    8.45796    8.56677  1.29%  1164 2700s
  2794  2589    8.56677  129 1728    8.45796    8.56677  1.29%  1168 2706s
  2796  2591    8.56677  130 1908    8.45796    8.56677  1.29%  1171 2710s
  2801  2594    8.56677  133 2060    8.45796    8.56677  1.29%  1173 2715s
  2805  2597    8.56677  135 2080    8.45796    8.56677  1.29%  1177 2720s
  2808  2599    8.56677  136 1679    8.45796    8.56677  1.29%  1182 2727s
  2810  2600    8.56677  137 2039    8.45796    8.56677  1.29%  1184 2731s
  2812  2601    8.56677  138 1923    8.45796    8.56677  1.29%  1188 2736s
  2815  2603    8.56677  140 1941    8.45796    8.56677  1.29%  1190 2740s
  2820  2607    8.56677  142 1874    8.45796    8.56677  1.29%  1192 2745s
  2826  2611    8.56677  145 1834    8.45796    8.56677  1.29%  1195 2751s
  2832  2615    8.56677  148 1813    8.45796    8.56677  1.29%  1196 2755s
  2836  2617    8.56677  150 1913    8.45796    8.56677  1.29%  1200 2761s
  2839  2619    8.56677  152 2091    8.45796    8.56677  1.29%  1202 2765s
  2842  2621    8.56677  153 1929    8.45796    8.56677  1.29%  1205 2770s
  2846  2624    8.56677  155 1980    8.45796    8.56677  1.29%  1206 2775s
  2849  2626    8.56677  157 2033    8.45796    8.56677  1.29%  1208 2780s
  2852  2628    8.56677  158 1839    8.45796    8.56677  1.29%  1209 2785s
  2856  2631    8.56677  160 1945    8.45796    8.56677  1.29%  1212 2792s
  2858  2632    8.56677  161 1804    8.45796    8.56677  1.29%  1214 2795s
  2862  2635    8.56677  163 1888    8.45796    8.56677  1.29%  1217 2802s
  2866  2637    8.56677  165 1967    8.45796    8.56677  1.29%  1221 2809s
  2867  2638    8.56677  166 2014    8.45796    8.56677  1.29%  1221 2811s
  2868  2639    8.56677  166 1987    8.45796    8.56677  1.29%  1226 2815s
  2872  2641    8.56677  168 1798    8.45796    8.56677  1.29%  1228 2821s
  2875  2643    8.56677  170 1903    8.45796    8.56677  1.29%  1229 2826s
  2878  2645    8.56677  171 1841    8.45796    8.56677  1.29%  1230 2830s
  2882  2648    8.56677  173 1666    8.45796    8.56677  1.29%  1238 2839s
  2883  2649    8.56677  174 1878    8.45796    8.56677  1.29%  1237 2840s
  2888  2652    8.56677  176 1757    8.45796    8.56677  1.29%  1240 2845s
  2892  2655    8.56677  178 1766    8.45796    8.56677  1.29%  1241 2851s
  2895  2657    8.56677  180 1919    8.45796    8.56677  1.29%  1242 2855s
  2898  2659    8.56677  181 1960    8.45796    8.56677  1.29%  1243 2860s
  2902  2661    8.56677  183 1691    8.45796    8.56677  1.29%  1245 2868s
  2904  2663    8.56677  184 1914    8.45796    8.56677  1.29%  1249 2873s
  2906  2664    8.56677  185 1732    8.45796    8.56677  1.29%  1250 2876s
  2910  2667    8.56677  187 1801    8.45796    8.56677  1.29%  1251 2880s
  2912  2668    8.56677  188 1780    8.45796    8.56677  1.29%  1255 2886s
  2916  2671    8.56677  190 1709    8.45796    8.56677  1.29%  1257 2892s
  2919  2673    8.56677  192 1893    8.45796    8.56677  1.29%  1257 2895s
  2926  2677    8.56677  195 1891    8.45796    8.56677  1.29%  1258 2901s
  2928  2679    8.56677  196 1885    8.45796    8.56677  1.29%  1259 2905s
  2932  2681    8.56677  198 1981    8.45796    8.56677  1.29%  1262 2918s
  2934  2683    8.56677  199 1919    8.45796    8.56677  1.29%  1262 2920s
  2938  2685    8.56677  201 1787    8.45796    8.56677  1.29%  1266 2927s
  2942  2688    8.56677  203 1798    8.45796    8.56677  1.29%  1267 2931s
  2944  2689    8.56677  204 1822    8.45796    8.56677  1.29%  1270 2935s
  2948  2692    8.56677  206 1917    8.45796    8.56677  1.29%  1274 2944s
  2949  2693    8.56677  207 1829    8.45796    8.56677  1.29%  1274 2945s
  2952  2695    8.56677  208 1945    8.45796    8.56677  1.29%  1276 2950s
  2956  2697    8.56677  210 1867    8.45796    8.56677  1.29%  1279 2958s
  2959  2699    8.56677  212 1777    8.45796    8.56677  1.29%  1279 2960s
  2963  2702    8.56677  214 1971    8.45796    8.56677  1.29%  1280 2965s
  2968  2705    8.56677  216 1771    8.45796    8.56677  1.29%  1282 2971s
  2975  2710    8.56677  220 2002    8.45796    8.56677  1.29%  1282 2975s
  2980  2713    8.56677  222 1640    8.45796    8.56677  1.29%  1286 2981s
  2987  2716    8.56677  226 1917    8.45796    8.56677  1.29%  1285 2985s
  2990  2718    8.56677  227 1975    8.45796    8.56677  1.29%  1286 2990s
  2993  2720    8.56677  229 1754    8.45796    8.56677  1.29%  1287 2995s
  2996  2722    8.56677  230 1942    8.45796    8.56677  1.29%  1289 3001s
  3000  2725    8.56677  232 1809    8.45796    8.56677  1.29%  1292 3009s
  3001  2725    8.56677  233 1711    8.45796    8.56677  1.29%  1292 3010s
  3004  2727    8.56677  234 1816    8.45796    8.56677  1.29%  1295 3015s
  3008  2730    8.56677  236 1915    8.45796    8.56677  1.29%  1298 3023s
  3010  2731    8.56677  237 1897    8.45796    8.56677  1.29%  1298 3026s
  3014  2734    8.56677  239 1874    8.45796    8.56677  1.29%  1298 3032s
  3016  2735    8.56677  240 1861    8.45796    8.56677  1.29%  1299 3035s
  3020  2738    8.56677  242 1868    8.45796    8.56677  1.29%  1300 3042s
  3022  2739    8.56677  243 1728    8.45796    8.56677  1.29%  1303 3046s
  3025  2741    8.56677  245 1701    8.45796    8.56677  1.29%  1304 3051s
  3029  2744    8.56677  247 1746    8.45796    8.56677  1.29%  1304 3055s
  3032  2746    8.56677  248 1815    8.45796    8.56677  1.29%  1305 3060s
  3036  2749    8.56677  250 1992    8.45796    8.56677  1.29%  1306 3067s
  3038  2750    8.56677  251 1779    8.45796    8.56677  1.29%  1307 3072s
  3040  2751    8.56677  252 1776    8.45796    8.56677  1.29%  1308 3075s
  3044  2754    8.56677  254 1909    8.45796    8.56677  1.29%  1310 3080s
  3048  2757    8.56677  256 1799    8.45796    8.56677  1.29%  1313 3088s
  3050  2758    8.56677  257 1715    8.45796    8.56677  1.29%  1313 3090s
  3054  2761    8.56677  259 1911    8.45796    8.56677  1.29%  1317 3098s
  3056  2762    8.56677  260 1811    8.45796    8.56677  1.29%  1317 3100s
  3060  2765    8.56677  262 1854    8.45796    8.56677  1.29%  1320 3106s
  3063  2767    8.56677  264 1801    8.45796    8.56677  1.29%  1322 3112s
  3064  2767    8.56677  264 1826    8.45796    8.56677  1.29%  1323 3116s
  3067  2769    8.56677  266 1778    8.45796    8.56677  1.29%  1324 3120s
  3070  2771    8.56677  267 1674    8.45796    8.56677  1.29%  1325 3132s
  3072  2773    8.56677  268 1793    8.45796    8.56677  1.29%  1328 3137s
  3076  2775    8.56677  270 1925    8.45796    8.56677  1.29%  1328 3141s
  3080  2778    8.56677  272 1856    8.45796    8.56677  1.29%  1330 3146s
  3084  2781    8.56677  274 1663    8.45796    8.56677  1.29%  1332 3151s
  3088  2783    8.56677  276 1918    8.45796    8.56677  1.29%  1335 3157s
  3091  2785    8.56677  278 1653    8.45796    8.56677  1.29%  1335 3161s
  3094  2787    8.56677  279 1715    8.45796    8.56677  1.29%  1337 3165s
  3098  2790    8.56677  281 1926    8.45796    8.56677  1.29%  1338 3170s
  3102  2793    8.56677  283 1940    8.45796    8.56677  1.29%  1341 3177s
  3106  2795    8.56677  285 1811    8.45796    8.56677  1.29%  1342 3181s
  3110  2798    8.56677  287 1684    8.45796    8.56677  1.29%  1343 3185s
  3114  2801    8.56677  289 1890    8.45796    8.56677  1.29%  1344 3190s
  3120  2805    8.56677  292 1669    8.45796    8.56677  1.29%  1345 3196s
  3122  2806    8.56677  293 1779    8.45796    8.56677  1.29%  1346 3200s
  3126  2809    8.56677  295 1910    8.45796    8.56677  1.29%  1346 3205s
  3130  2811    8.56677  297 1839    8.45796    8.56677  1.29%  1347 3210s
  3134  2814    8.56677  299 1893    8.45796    8.56677  1.29%  1349 3216s
  3138  2817    8.56677  301 1711    8.45796    8.56677  1.29%  1350 3220s
  3143  2820    8.56677  304 1808    8.45796    8.56677  1.29%  1350 3225s
  3150  2825    8.56677  307 1682    8.45796    8.56677  1.29%  1352 3231s
  3156  2829    8.56677  310 1697    8.45796    8.56677  1.29%  1353 3235s
  3158  2830    8.56677  311 1805    8.45796    8.56677  1.29%  1354 3240s
  3160  2831    8.56677  312 1715    8.45796    8.56677  1.29%  1357 3246s
  3162  2833    8.56677  313 1790    8.45796    8.56677  1.29%  1359 3252s
  3165  2835    8.56677  315 1778    8.45796    8.56677  1.29%  1360 3255s
  3167  2836    8.56677  316 1916    8.45796    8.56677  1.29%  1363 3260s
  3172  2839    8.56677  318 1694    8.45796    8.56677  1.29%  1367 3269s
  3174  2841    8.56677  319 1763    8.45796    8.56677  1.29%  1367 3272s
  3178  2843    8.56677  321 1924    8.45796    8.56677  1.29%  1367 3275s
  3182  2846    8.56677  323 1724    8.45796    8.56677  1.29%  1370 3282s
  3185  2848    8.56677  325 1820    8.45796    8.56677  1.29%  1370 3285s
  3186  2849    8.56677  325 1707    8.45796    8.56677  1.29%  1376 3290s
  3190  2851    8.56677  327 1740    8.45796    8.56677  1.29%  1377 3295s
  3194  2854    8.56677  329 1745    8.45796    8.56677  1.29%  1378 3300s
  3198  2857    8.56677  331 1906    8.45796    8.56677  1.29%  1381 3306s
  3202  2859    8.56677  333 1761    8.45796    8.56677  1.29%  1383 3312s
  3205  2861    8.56677  335 1769    8.45796    8.56677  1.29%  1383 3315s
  3210  2865    8.56677  337 1836    8.45796    8.56677  1.29%  1385 3321s
  3212  2866    8.56677  338 1659    8.45796    8.56677  1.29%  1388 3326s
  3216  2869    8.56677  340 1748    8.45796    8.56677  1.29%  1389 3330s
  3220  2871    8.56677  342 1855    8.45796    8.56677  1.29%  1391 3337s
  3223  2873    8.56677  344 1844    8.45796    8.56677  1.29%  1391 3340s
  3224  2874    8.56677  344 1752    8.45796    8.56677  1.29%  1395 3345s
  3226  2875    8.56677  345 1943    8.45796    8.56677  1.29%  1398 3350s
  3232  2879    8.56677  348 1600    8.45796    8.56677  1.29%  1400 3356s
  3238  2883    8.56677  351 1852    8.45796    8.56677  1.29%  1401 3362s
  3239  2884    8.56677  352 1774    8.45796    8.56677  1.29%  1401 3365s
  3240  2885    8.56677  352 1562    8.45796    8.56677  1.29%  1407 3371s
  3244  2887    8.56677  354 1611    8.45796    8.56677  1.29%  1408 3376s
  3248  2890    8.56677  356 1955    8.45796    8.56677  1.29%  1409 3381s
  3251  2892    8.56677  358 1760    8.45796    8.56677  1.29%  1410 3385s
  3252  2893    8.56677  358 1839    8.45796    8.56677  1.29%  1410 3401s
  3256  2895    8.56677  360 1794    8.45796    8.56677  1.29%  1412 3406s
  3260  2898    8.56677  362 1969    8.45796    8.56677  1.29%  1414 3413s
  3262  2899    8.56677  363 1818    8.45796    8.56677  1.29%  1417 3419s
  3263  2900    8.56677  364 1772    8.45796    8.56677  1.29%  1417 3420s
  3266  2902    8.56677  365 1788    8.45796    8.56677  1.29%  1419 3426s
  3270  2905    8.56677  367 1731    8.45796    8.56677  1.29%  1420 3431s
  3274  2907    8.56677  369 1848    8.45796    8.56677  1.29%  1425 3439s
  3276  2909    8.56677  370 1830    8.45796    8.56677  1.29%  1424 3440s
  3281  2912    8.56677  373 1827    8.45796    8.56677  1.29%  1424 3445s
  3284  2914    8.56677  374 1608    8.45796    8.56677  1.29%  1427 3450s
  3288  2917    8.56677  376 1739    8.45796    8.56677  1.29%  1429 3455s
  3294  2921    8.56677  379 1841    8.45796    8.56677  1.29%  1429 3460s
  3302  2926    8.56677  383 1694    8.45796    8.56677  1.29%  1430 3465s
  3308  2930    8.56677  386 1691    8.45796    8.56677  1.29%  1432 3472s
  3312  2933    8.56677  388 1678    8.45796    8.56677  1.29%  1433 3475s
  3316  2935    8.56677  390 1833    8.45796    8.56677  1.29%  1435 3481s
  3322  2939    8.56677  393 1748    8.45796    8.56677  1.29%  1436 3485s
  3325  2941    8.56677  395 1779    8.45796    8.56677  1.29%  1437 3490s
  3328  2943    8.56677  396 1889    8.45796    8.56677  1.29%  1440 3496s
  3330  2945    8.56677  397 1867    8.45796    8.56677  1.29%  1440 3500s
  3335  2948    8.56677  400 1687    8.45796    8.56677  1.29%  1441 3505s
  3338  2950    8.56677  401 1835    8.45796    8.56677  1.29%  1443 3510s
  3344  2954    8.56677  404 1880    8.45796    8.56677  1.29%  1444 3515s
  3348  2957    8.56677  406 1733    8.45796    8.56677  1.29%  1446 3520s
  3354  2961    8.56677  409 1708    8.45796    8.56677  1.29%  1446 3525s
  3360  2965    8.56677  412 1830    8.45796    8.56677  1.29%  1447 3530s
  3368  2970    8.56677  416 1719    8.45796    8.56677  1.29%  1449 3538s
  3372  2973    8.56677  418 1650    8.45796    8.56677  1.29%  1450 3541s
  3376  2975    8.56677  420 1593    8.45796    8.56677  1.29%  1452 3546s
  3380  2978    8.56677  422 1807    8.45796    8.56677  1.29%  1452 3550s
  3386  2982    8.56677  425 1545    8.45796    8.56677  1.29%  1454 3556s
  3392  2986    8.56677  428 1583    8.45796    8.56677  1.29%  1455 3561s
  3395  2988    8.56677  430 1838    8.45796    8.56677  1.29%  1455 3565s
  3399  2991    8.56677  432 1702    8.45796    8.56677  1.29%  1456 3570s
  3404  2994    8.56677  434 1758    8.45796    8.56677  1.29%  1459 3577s
  3406  2995    8.56677  435 1498    8.45796    8.56677  1.29%  1460 3580s
  3410  2998    8.56677  437 1664    8.45796    8.56677  1.29%  1461 3586s
  3412  2999    8.56677  438 1822    8.45796    8.56677  1.29%  1461 3590s
  3416  3002    8.56677  440 1796    8.45796    8.56677  1.29%  1464 3597s

Cutting planes:
  Learned: 50
  Gomory: 60
  Cover: 429
  Implied bound: 1202
  Projected implied bound: 220
  Clique: 952
  MIR: 259
  Mixing: 6
  StrongCG: 20
  Flow cover: 697
  GUB cover: 367
  Zero half: 6
  RLT: 402
  Relax-and-lift: 1813
  BQP: 9

Explored 3420 nodes (6827839 simplex iterations) in 3600.01 seconds (8646.39 work units)
Thread count was 1 (of 11 available processors)

Solution count 10: 8.45796 8.45796 8.44361 ... 8.33135

Time limit reached
Best objective 8.457960846694e+00, best bound 8.566768548546e+00, gap 1.2865%

Gurobi 12.0.0 (mac64[arm]) logging started Wed Feb  4 13:21:54 2026

Set parameter LogFile to value "/Users/lennardhansmann/Desktop/Newspaperlayout/newspaperlayout/Instances/Diss/Large/L30P180(A)/sol/L30P180A3(A).log"
Set parameter Threads to value 1
Gurobi Optimizer version 12.0.0 build v12.0.0rc1 (mac64[arm] - Darwin 25.2.0 25C56)

CPU model: Apple M3 Pro
Thread count: 11 physical cores, 11 logical processors, using up to 1 threads

Non-default parameters:
TimeLimit  3600
Threads  1

Presolve a model with 40661 rows, 40785 columns and 364894 nonzeros
Model fingerprint: 0xdfc32003
Variable types: 8915 continuous, 31870 integer (31870 binary)
Coefficient statistics:
  Matrix range     [2e-03, 1e+04]
  Objective range  [1e+00, 1e+00]
  Bounds range     [1e+00, 1e+04]
  RHS range        [9e-01, 1e+04]
Presolve removed 13074 rows and 3410 columns
Presolve time: 1.05s
Gurobi Optimizer version 12.0.0 build v12.0.0rc1 (mac64[arm] - Darwin 25.2.0 25C56)

CPU model: Apple M3 Pro
Thread count: 11 physical cores, 11 logical processors, using up to 1 threads

Non-default parameters:
TimeLimit  3600
Threads  1

Optimize a model with 40661 rows, 40785 columns and 364894 nonzeros
Model fingerprint: 0xdfc32003
Variable types: 8915 continuous, 31870 integer (31870 binary)
Coefficient statistics:
  Matrix range     [2e-03, 1e+04]
  Objective range  [1e+00, 1e+00]
  Bounds range     [1e+00, 1e+04]
  RHS range        [9e-01, 1e+04]
Presolve removed 13074 rows and 3410 columns
Presolve time: 0.99s
Presolved: 27587 rows, 37375 columns, 347857 nonzeros
Variable types: 3453 continuous, 33922 integer (30669 binary)
Found heuristic solution: objective -13.9965166

Root relaxation: objective 1.195018e+01, 27904 iterations, 1.30 seconds (2.66 work units)

    Nodes    |    Current Node    |     Objective Bounds      |     Work
 Expl Unexpl |  Obj  Depth IntInf | Incumbent    BestBd   Gap | It/Node Time

     0     0   11.95018    0  461  -13.99652   11.95018   185%     -    2s
     0     0   11.95018    0  461  -13.99652   11.95018   185%     -    2s
H    0     0                       6.3639585   11.95018  87.8%     -    2s
H    0     0                       6.4701124   11.95018  84.7%     -    2s
H    0     0                       6.5575897   11.95018  82.2%     -    2s
H    0     0                       6.6086531   11.95018  80.8%     -    2s
     0     0   11.79217    0  900    6.60865   11.79217  78.4%     -    4s
H    0     0                       6.6313666   11.79217  77.8%     -    4s
     0     0   11.78342    0 1055    6.63137   11.78342  77.7%     -    4s
     0     0   11.59667    0 1013    6.63137   11.59667  74.9%     -    6s
H    0     0                       6.7310153   11.59667  72.3%     -    6s
H    0     0                       6.7549656   11.59667  71.7%     -    6s
H    0     0                       6.7727868   11.59667  71.2%     -    6s
H    0     0                       6.7751703   11.59667  71.2%     -    6s
H    0     0                       6.7868249   11.59667  70.9%     -    6s
H    0     0                       6.8955478   11.59667  68.2%     -    6s
H    0     0                       6.9657235   11.59667  66.5%     -    6s
H    0     0                       6.9698237   11.59667  66.4%     -    6s
H    0     0                       6.9845613   11.59667  66.0%     -    6s
H    0     0                       7.0326029   11.59667  64.9%     -    6s
     0     0   11.57593    0 1132    7.03260   11.57593  64.6%     -    7s
     0     0   11.26570    0 1138    7.03260   11.26570  60.2%     -    9s
H    0     0                       7.1494562   11.26570  57.6%     -    9s
     0     0   11.25921    0 1131    7.14946   11.25921  57.5%     -   10s
     0     0   11.25727    0 1091    7.14946   11.25727  57.5%     -   10s
     0     0   11.25727    0  988    7.14946   11.25727  57.5%     -   10s
     0     0   11.07803    0 1037    7.14946   11.07803  54.9%     -   12s
H    0     0                       7.2930575   11.07803  51.9%     -   12s
H    0     0                       7.3262125   11.07803  51.2%     -   12s
H    0     0                       7.3932831   11.07803  49.8%     -   12s
H    0     0                       7.4286699   11.07803  49.1%     -   12s
H    0     0                       7.7579791   11.07803  42.8%     -   12s
H    0     0                       7.7764868   11.07803  42.5%     -   12s
H    0     0                       7.7945962   11.07803  42.1%     -   12s
     0     0   11.06735    0 1104    7.79460   11.06735  42.0%     -   12s
     0     0   11.06279    0 1072    7.79460   11.06279  41.9%     -   13s
     0     0   11.06197    0 1036    7.79460   11.06197  41.9%     -   13s
     0     0   11.06196    0 1035    7.79460   11.06196  41.9%     -   13s
     0     0   10.82593    0 1225    7.79460   10.82593  38.9%     -   14s
     0     0   10.81768    0 1255    7.79460   10.81768  38.8%     -   15s
     0     0   10.81740    0 1250    7.79460   10.81740  38.8%     -   15s
     0     0   10.58857    0 1175    7.79460   10.58857  35.8%     -   16s
H    0     0                       7.7999984   10.58857  35.8%     -   17s
H    0     0                       7.8189937   10.58857  35.4%     -   17s
H    0     0                       7.8430017   10.58857  35.0%     -   17s
H    0     0                       7.8711445   10.58857  34.5%     -   17s
     0     0   10.57192    0 1197    7.87114   10.57192  34.3%     -   17s
     0     0   10.56981    0 1187    7.87114   10.56981  34.3%     -   17s
     0     0   10.56904    0 1210    7.87114   10.56904  34.3%     -   18s
     0     0   10.56903    0 1215    7.87114   10.56903  34.3%     -   18s
     0     0   10.37533    0 1252    7.87114   10.37533  31.8%     -   19s
     0     0   10.35944    0 1339    7.87114   10.35944  31.6%     -   19s
     0     0   10.35777    0 1324    7.87114   10.35777  31.6%     -   19s
     0     0   10.35759    0 1342    7.87114   10.35759  31.6%     -   20s
     0     0   10.16882    0 1327    7.87114   10.16882  29.2%     -   21s
     0     0   10.16112    0 1282    7.87114   10.16112  29.1%     -   22s
     0     0   10.16035    0 1376    7.87114   10.16035  29.1%     -   22s
     0     0   10.16035    0 1375    7.87114   10.16035  29.1%     -   22s
     0     0   10.00920    0 1534    7.87114   10.00920  27.2%     -   23s
     0     0    9.99768    0 1499    7.87114    9.99768  27.0%     -   24s
     0     0    9.99658    0 1454    7.87114    9.99658  27.0%     -   24s
     0     0    9.99622    0 1478    7.87114    9.99622  27.0%     -   24s
     0     0    9.86959    0 1568    7.87114    9.86959  25.4%     -   26s
H    0     0                       8.0849822    9.86959  22.1%     -   26s
     0     0    9.84265    0 1503    8.08498    9.84265  21.7%     -   27s
     0     0    9.84001    0 1491    8.08498    9.84001  21.7%     -   27s
     0     0    9.83995    0 1565    8.08498    9.83995  21.7%     -   27s
     0     0    9.67892    0 1354    8.08498    9.67892  19.7%     -   29s
     0     0    9.66880    0 1365    8.08498    9.66880  19.6%     -   30s
     0     0          -    0         8.08498    9.66880  19.6%     -   30s

Cutting planes:
  Learned: 122
  Gomory: 13
  Lift-and-project: 2
  Cover: 574
  Implied bound: 1748
  Clique: 804
  MIR: 492
  StrongCG: 42
  Flow cover: 88
  GUB cover: 139
  Zero half: 11
  RLT: 368
  Relax-and-lift: 1509
  BQP: 31

Explored 1 nodes (147280 simplex iterations) in 30.46 seconds (75.52 work units)
Thread count was 1 (of 11 available processors)

Solution count 10: 8.08498 7.87114 7.843 ... 7.39328

Solve interrupted
Best objective 8.084982235657e+00, best bound 9.668799163791e+00, gap 19.5896%
