
Gurobi 12.0.0 (mac64[arm]) logging started Tue Dec  9 20:07:31 2025

Set parameter LogFile to value "/Users/lennardhansmann/Desktop/Newspaperlayout/newspaperlayout/Instances/Diss/Large/L30P180(A)/sol/L30P180A11(A).log"
Set parameter Threads to value 1
Gurobi Optimizer version 12.0.0 build v12.0.0rc1 (mac64[arm] - Darwin 24.6.0 24G90)

CPU model: Apple M3 Pro
Thread count: 11 physical cores, 11 logical processors, using up to 1 threads

Non-default parameters:
TimeLimit  3600
Threads  1

Optimize a model with 35818 rows, 97067 columns and 1239309 nonzeros
Model fingerprint: 0x3412ea46
Variable types: 9309 continuous, 87758 integer (87758 binary)
Coefficient statistics:
  Matrix range     [2e-03, 1e+04]
  Objective range  [1e+00, 1e+00]
  Bounds range     [1e+00, 1e+04]
  RHS range        [9e-01, 1e+04]
Presolve removed 4007 rows and 25094 columns (presolve time = 5s)...
Presolve removed 4007 rows and 25094 columns (presolve time = 10s)...
Presolve removed 4965 rows and 48470 columns
Presolve time: 11.57s
Presolved: 30853 rows, 48597 columns, 547597 nonzeros
Variable types: 3700 continuous, 44897 integer (41337 binary)
Found heuristic solution: objective -14.9259897
Found heuristic solution: objective -14.9047371

Root simplex log...

Iteration    Objective       Primal Inf.    Dual Inf.      Time
       0    1.5428167e+02   2.157258e+02   0.000000e+00     12s
   37023    1.4099868e+01   2.163829e+05   0.000000e+00     15s
   42975    1.3935349e+01   0.000000e+00   0.000000e+00     17s
   42975    1.3935349e+01   0.000000e+00   0.000000e+00     17s

Root relaxation: objective 1.393535e+01, 42975 iterations, 5.09 seconds (10.87 work units)

    Nodes    |    Current Node    |     Objective Bounds      |     Work
 Expl Unexpl |  Obj  Depth IntInf | Incumbent    BestBd   Gap | It/Node Time

     0     0   13.93535    0  808  -14.90474   13.93535   193%     -   17s
     0     0   13.90078    0  804  -14.90474   13.90078   193%     -   17s
     0     0   13.89309    0  832  -14.90474   13.89309   193%     -   18s
     0     0   13.86582    0  787  -14.90474   13.86582   193%     -   19s
     0     0   13.84759    0  810  -14.90474   13.84759   193%     -   19s
     0     0   13.83540    0  861  -14.90474   13.83540   193%     -   20s
     0     0   13.81400    0  891  -14.90474   13.81400   193%     -   20s
     0     0   13.79303    0  974  -14.90474   13.79303   193%     -   21s
     0     0   13.78740    0  850  -14.90474   13.78740   193%     -   21s
     0     0   13.78528    0  842  -14.90474   13.78528   192%     -   22s
     0     0   13.78523    0  807  -14.90474   13.78523   192%     -   22s
H    0     0                      -0.8845200   13.78523  1658%     -   22s
H    0     0                       0.1552662   13.78523  8778%     -   22s
H    0     0                       0.2289470   13.78523  5921%     -   22s
H    0     0                       0.4235122   13.78523  3155%     -   22s
H    0     0                       0.6348860   13.78523  2071%     -   22s
     0     0   13.31634    0 1277    0.63489   13.31634  1997%     -   27s
     0     0   13.29178    0 1259    0.63489   13.29178  1994%     -   28s
     0     0   13.28941    0 1262    0.63489   13.28941  1993%     -   28s
     0     0   13.28938    0 1263    0.63489   13.28938  1993%     -   28s
     0     0   13.28938    0 1213    0.63489   13.28938  1993%     -   29s
H    0     0                       1.2548147   13.28936   959%     -   29s
H    0     0                       1.5644162   13.28936   749%     -   29s
     0     0   13.27116    0 1277    1.56442   13.27116   748%     -   30s
     0     0   12.82047    0 1424    1.56442   12.82047   720%     -   37s
     0     0   12.81397    0 1333    1.56442   12.81397   719%     -   40s
     0     0   12.81362    0 1328    1.56442   12.81362   719%     -   40s
H    0     0                       2.4752434   12.81362   418%     -   40s
H    0     0                       2.7502434   12.81362   366%     -   40s
H    0     0                       2.8265340   12.81362   353%     -   40s
H    0     0                       3.0600792   12.81362   319%     -   41s
H    0     0                       3.0739444   12.81362   317%     -   41s
H    0     0                       3.1044024   12.81362   313%     -   41s
H    0     0                       3.1412644   12.81362   308%     -   41s
H    0     0                       3.8307555   12.81362   234%     -   41s
H    0     0                       3.8412067   12.81362   234%     -   41s
H    0     0                       3.9678937   12.81362   223%     -   41s
     0     0   12.76021    0 1624    3.96789   12.76021   222%     -   43s
     0     0   12.76019    0 1603    3.96789   12.76019   222%     -   43s
     0     0   12.76017    0 1607    3.96789   12.76017   222%     -   43s
     0     0   12.75012    0 1645    3.96789   12.75012   221%     -   45s
     0     0   12.75011    0 1597    3.96789   12.75011   221%     -   45s
     0     0   12.75007    0 1596    3.96789   12.75007   221%     -   45s
     0     0   12.17386    0 2009    3.96789   12.17386   207%     -   60s
     0     0   12.15332    0 1919    3.96789   12.15332   206%     -   62s
     0     0   12.15039    0 2020    3.96789   12.15039   206%     -   63s
     0     0   12.15029    0 2005    3.96789   12.15029   206%     -   63s
     0     0   12.11676    0 2056    3.96789   12.11676   205%     -   66s
     0     0   12.11646    0 1997    3.96789   12.11646   205%     -   66s
     0     0   12.10599    0 2127    3.96789   12.10599   205%     -   68s
     0     0   12.10597    0 2117    3.96789   12.10597   205%     -   68s
     0     0   12.10597    0 2089    3.96789   12.10597   205%     -   69s
     0     0   12.10487    0 2178    3.96789   12.10487   205%     -   69s
     0     0   12.10487    0 2178    3.96789   12.10487   205%     -   69s
     0     0   11.54005    0 1817    3.96789   11.54005   191%     -   88s
     0     0   11.52472    0 1745    3.96789   11.52472   190%     -   92s
     0     0   11.52381    0 1794    3.96789   11.52381   190%     -   93s
     0     0   11.52371    0 1715    3.96789   11.52371   190%     -   93s
H    0     0                       4.5694541   11.52371   152%     -   94s
H    0     0                       4.5802671   11.52371   152%     -   94s
H    0     0                       4.9795897   11.52371   131%     -   94s
H    0     0                       5.1007123   11.52371   126%     -   94s
H    0     0                       5.1176646   11.52371   125%     -   94s
H    0     0                       5.1947902   11.52371   122%     -   94s
H    0     0                       5.2696588   11.52371   119%     -   94s
H    0     0                       5.5568495   11.52371   107%     -   94s
H    0     0                       5.6588572   11.52371   104%     -   94s
H    0     0                       5.7384576   11.52371   101%     -   94s
H    0     0                       5.7963572   11.52371  98.8%     -   94s
     0     0   11.47289    0 1715    5.79636   11.47289  97.9%     -   99s
     0     0   11.46994    0 1780    5.79636   11.46994  97.9%     -  100s
     0     0   11.46994    0 1777    5.79636   11.46994  97.9%     -  100s
     0     0   11.45368    0 1833    5.79636   11.45368  97.6%     -  103s
     0     0   11.45368    0 1834    5.79636   11.45368  97.6%     -  103s
     0     0   11.45263    0 1820    5.79636   11.45263  97.6%     -  103s
     0     0   11.45246    0 1856    5.79636   11.45246  97.6%     -  104s
     0     0   11.22176    0 1895    5.79636   11.22176  93.6%     -  115s
     0     0   11.21703    0 2051    5.79636   11.21703  93.5%     -  119s
     0     0   11.21538    0 1962    5.79636   11.21538  93.5%     -  120s
     0     0   11.21536    0 1999    5.79636   11.21536  93.5%     -  120s
H    0     0                       5.9949220   11.21536  87.1%     -  121s
     0     0   11.17027    0 2108    5.99492   11.17027  86.3%     -  125s
     0     0   11.16957    0 2071    5.99492   11.16957  86.3%     -  125s
     0     0   11.15897    0 2069    5.99492   11.15897  86.1%     -  127s
     0     0   11.15894    0 2092    5.99492   11.15894  86.1%     -  127s
     0     0   11.15597    0 2060    5.99492   11.15597  86.1%     -  128s
     0     0   11.15506    0 2089    5.99492   11.15506  86.1%     -  128s
     0     0   10.92536    0 1840    5.99492   10.92536  82.2%     -  139s
     0     0   10.92049    0 1841    5.99492   10.92049  82.2%     -  141s
     0     0   10.92049    0 1822    5.99492   10.92049  82.2%     -  141s
H    0     0                       6.0775216   10.92049  79.7%     -  142s
H    0     0                       6.3540190   10.92049  71.9%     -  143s
H    0     0                       6.4430867   10.92049  69.5%     -  144s
H    0     0                       6.5646206   10.92049  66.4%     -  144s
     0     0   10.87661    0 2078    6.56462   10.87661  65.7%     -  149s
     0     0   10.87427    0 2039    6.56462   10.87427  65.6%     -  150s
     0     0   10.87347    0 2013    6.56462   10.87347  65.6%     -  151s
     0     0   10.86134    0 2009    6.56462   10.86134  65.5%     -  154s
     0     0   10.85921    0 2045    6.56462   10.85921  65.4%     -  155s
     0     0   10.85921    0 2042    6.56462   10.85921  65.4%     -  155s
     0     0   10.85901    0 1994    6.56462   10.85901  65.4%     -  155s
     0     0   10.61699    0 1997    6.56462   10.61699  61.7%     -  167s
     0     0   10.61339    0 1972    6.56462   10.61339  61.7%     -  168s
     0     0   10.58231    0 2161    6.56462   10.58231  61.2%     -  172s
     0     0   10.58210    0 2046    6.56462   10.58210  61.2%     -  173s
     0     0   10.57664    0 2213    6.56462   10.57664  61.1%     -  175s
     0     0   10.57649    0 2150    6.56462   10.57649  61.1%     -  175s
     0     0   10.57561    0 2141    6.56462   10.57561  61.1%     -  176s
     0     0   10.39026    0 1854    6.56462   10.39026  58.3%     -  185s
     0     0   10.38540    0 1998    6.56462   10.38540  58.2%     -  188s
     0     0   10.38481    0 1902    6.56462   10.38481  58.2%     -  188s
     0     0   10.38466    0 1874    6.56462   10.38466  58.2%     -  188s
H    0     0                       6.6575558   10.38466  56.0%     -  189s
H    0     0                       6.6683688   10.38466  55.7%     -  191s
H    0     0                       6.6909578   10.38466  55.2%     -  191s
H    0     0                       6.7472407   10.38466  53.9%     -  191s
     0     0   10.36294    0 2053    6.74724   10.36294  53.6%     -  197s
     0     0   10.36293    0 2052    6.74724   10.36293  53.6%     -  197s
     0     0   10.35821    0 1872    6.74724   10.35821  53.5%     -  199s
     0     0   10.35757    0 1864    6.74724   10.35757  53.5%     -  199s
     0     0   10.19595    0 2008    6.74724   10.19595  51.1%     -  210s
     0     0   10.19277    0 1973    6.74724   10.19277  51.1%     -  212s
     0     0   10.15847    0 2017    6.74724   10.15847  50.6%     -  215s
     0     0   10.15843    0 2094    6.74724   10.15843  50.6%     -  216s
     0     0   10.15389    0 2078    6.74724   10.15389  50.5%     -  218s
     0     0   10.15388    0 2104    6.74724   10.15388  50.5%     -  218s
     0     0   10.15339    0 2036    6.74724   10.15339  50.5%     -  219s
     0     0    9.99025    0 1760    6.74724    9.99025  48.1%     -  230s
     0     0    9.98742    0 1797    6.74724    9.98742  48.0%     -  232s
     0     0    9.98738    0 1765    6.74724    9.98738  48.0%     -  232s
H    0     0                       6.8293722    9.98738  46.2%     -  233s
H    0     0                       6.8780453    9.98738  45.2%     -  233s
H    0     0                       7.0304148    9.98738  42.1%     -  234s
H    0     0                       7.1004568    9.98738  40.7%     -  234s
H    0     0                       7.1072187    9.98738  40.5%     -  236s
     0     0    9.93378    0 2212    7.10722    9.93378  39.8%     -  241s
     0     0    9.93074    0 2175    7.10722    9.93074  39.7%     -  242s
     0     0    9.92595    0 2011    7.10722    9.92595  39.7%     -  243s
     0     0    9.92441    0 2088    7.10722    9.92441  39.6%     -  244s
     0     0    9.92437    0 2076    7.10722    9.92437  39.6%     -  245s
     0     0    9.92403    0 2051    7.10722    9.92403  39.6%     -  245s
     0     0    9.77784    0 1903    7.10722    9.77784  37.6%     -  256s
     0     0    9.77645    0 1936    7.10722    9.77645  37.6%     -  258s
     0     0    9.77644    0 1906    7.10722    9.77644  37.6%     -  258s
     0     0    9.74849    0 2068    7.10722    9.74849  37.2%     -  262s
     0     0    9.74826    0 1946    7.10722    9.74826  37.2%     -  262s
     0     0    9.74825    0 1917    7.10722    9.74825  37.2%     -  263s
     0     0    9.74478    0 1991    7.10722    9.74478  37.1%     -  264s
     0     0    9.74465    0 1960    7.10722    9.74465  37.1%     -  265s
     0     0    9.59831    0 2045    7.10722    9.59831  35.1%     -  275s
     0     0    9.59520    0 2083    7.10722    9.59520  35.0%     -  277s
     0     0    9.59497    0 2047    7.10722    9.59497  35.0%     -  278s
H    0     0                       7.1412173    9.59497  34.4%     -  280s
H    0     0                       7.1435082    9.59497  34.3%     -  281s
     0     0    9.56337    0 1890    7.14351    9.56337  33.9%     -  288s
     0     0    9.56320    0 1983    7.14351    9.56320  33.9%     -  289s
     0     0    9.54909    0 2008    7.14351    9.54909  33.7%     -  294s
     0     0    9.54901    0 2008    7.14351    9.54901  33.7%     -  294s
     0     0    9.54465    0 2004    7.14351    9.54465  33.6%     -  296s
     0     0    9.54447    0 2026    7.14351    9.54447  33.6%     -  296s
     0     0    9.41403    0 2010    7.14351    9.41403  31.8%     -  309s
     0     0    9.40671    0 1900    7.14351    9.40671  31.7%     -  313s
     0     0    9.40657    0 1980    7.14351    9.40657  31.7%     -  313s
     0     0    9.37300    0 2099    7.14351    9.37300  31.2%     -  318s
     0     0    9.37271    0 2171    7.14351    9.37271  31.2%     -  318s
     0     0    9.37271    0 2140    7.14351    9.37271  31.2%     -  318s
     0     0    9.36611    0 2066    7.14351    9.36611  31.1%     -  321s
     0     0    9.36484    0 2185    7.14351    9.36484  31.1%     -  322s
     0     0    9.36484    0 2138    7.14351    9.36484  31.1%     -  322s
     0     0    9.25597    0 2057    7.14351    9.25597  29.6%     -  332s
     0     0    9.25235    0 1941    7.14351    9.25235  29.5%     -  333s
H    0     0                       7.2004808    9.25235  28.5%     -  336s
H    0     0                       7.2010376    9.25235  28.5%     -  337s
H    0     0                       7.2479544    9.25235  27.7%     -  339s
H    0     0                       7.3574071    9.25235  25.8%     -  340s
H    0     0                       7.3604613    9.25235  25.7%     -  341s
H    0     0                       7.3789245    9.25235  25.4%     -  341s
H    0     0                       7.3854070    9.25235  25.3%     -  342s
     0     0    9.24172    0 2219    7.38541    9.24172  25.1%     -  344s
     0     0    9.24167    0 2092    7.38541    9.24167  25.1%     -  345s
     0     0    9.23969    0 2043    7.38541    9.23969  25.1%     -  346s
     0     0    9.12910    0 2066    7.38541    9.12910  23.6%     -  357s
     0     0    9.12905    0 2099    7.38541    9.12905  23.6%     -  357s
H    0     0                       7.3860862    9.12905  23.6%     -  357s
     0     0    9.11517    0 2105    7.38609    9.11517  23.4%     -  360s
     0     0    9.11508    0 2042    7.38609    9.11508  23.4%     -  364s
     0     0    9.11270    0 2220    7.38609    9.11270  23.4%     -  369s
     0     0    9.02449    0 1946    7.38609    9.02449  22.2%     -  378s
     0     0    9.02414    0 1967    7.38609    9.02414  22.2%     -  378s
     0     0    8.98455    0 1892    7.38609    8.98455  21.6%     -  385s
     0     0    8.98429    0 1929    7.38609    8.98429  21.6%     -  385s
     0     0    8.98230    0 2006    7.38609    8.98230  21.6%     -  386s
     0     0    8.98228    0 1973    7.38609    8.98228  21.6%     -  387s
     0     0    8.90048    0 2090    7.38609    8.90048  20.5%     -  394s
     0     0    8.90014    0 1974    7.38609    8.90014  20.5%     -  395s
     0     0    8.87968    0 1972    7.38609    8.87968  20.2%     -  398s
     0     0    8.87941    0 1956    7.38609    8.87941  20.2%     -  400s
     0     0    8.87659    0 2026    7.38609    8.87659  20.2%     -  402s
     0     0    8.87641    0 2035    7.38609    8.87641  20.2%     -  402s
     0     0    8.82158    0 1889    7.38609    8.82158  19.4%     -  408s
     0     0    8.82156    0 1933    7.38609    8.82156  19.4%     -  408s
H    0     0                       7.4198485    8.82156  18.9%     -  409s
H    0     0                       7.4321441    8.82156  18.7%     -  410s
H    0     0                       7.4466129    8.82156  18.5%     -  413s
     0     0    8.79708    0 2105    7.44661    8.79708  18.1%     -  417s
     0     0    8.79696    0 2029    7.44661    8.79696  18.1%     -  418s
     0     0    8.79393    0 1824    7.44661    8.79393  18.1%     -  419s
     0     0    8.74021    0 1993    7.44661    8.74021  17.4%     -  426s
     0     0    8.73953    0 1830    7.44661    8.73953  17.4%     -  427s
H    0     0                       7.4512781    8.73953  17.3%     -  428s
     0     0    8.72757    0 1947    7.45128    8.72757  17.1%     -  431s
     0     0    8.72671    0 1979    7.45128    8.72671  17.1%     -  431s
     0     0    8.72233    0 1904    7.45128    8.72233  17.1%     -  434s
     0     0    8.72233    0 1903    7.45128    8.72233  17.1%     -  434s
     0     0    8.72120    0 1810    7.45128    8.72120  17.0%     -  435s
     0     0    8.68771    0 2040    7.45128    8.68771  16.6%     -  441s
     0     0    8.68737    0 1859    7.45128    8.68737  16.6%     -  441s
     0     0    8.67821    0 1841    7.45128    8.67821  16.5%     -  444s
     0     0    8.67821    0 1780    7.45128    8.67821  16.5%     -  444s
     0     0    8.67651    0 1867    7.45128    8.67651  16.4%     -  444s
     0     0    8.62095    0 1837    7.45128    8.62095  15.7%     -  450s
     0     0    8.61873    0 1820    7.45128    8.61873  15.7%     -  451s
     0     0    8.60888    0 1850    7.45128    8.60888  15.5%     -  454s
     0     0    8.60888    0 1816    7.45128    8.60888  15.5%     -  454s
     0     0    8.60663    0 1918    7.45128    8.60663  15.5%     -  455s
     0     0    8.60662    0 1912    7.45128    8.60662  15.5%     -  455s
     0     0    8.58661    0 1876    7.45128    8.58661  15.2%     -  460s
     0     0    8.58601    0 1849    7.45128    8.58601  15.2%     -  461s
     0     0    8.58601    0 1848    7.45128    8.58601  15.2%     -  461s
H    0     0                       7.4597422    8.58601  15.1%     -  474s
H    0     0                       7.4658900    8.58601  15.0%     -  474s
     0     2    8.58599    0 1848    7.46589    8.58599  15.0%     -  484s
     1     3    8.58551    1 1843    7.46589    8.58551  15.0%  2167  485s
     3     5    8.58215    3 1925    7.46589    8.58551  15.0%  2543  490s
     8    10    8.57955    8 1839    7.46589    8.58551  15.0%  1920  503s
    12    14    8.57667   12 1976    7.46589    8.58551  15.0%  1562  505s
    26    28    8.57455   26 1807    7.46589    8.58551  15.0%   945  515s
    38    40    8.57151   38 1835    7.46589    8.58551  15.0%   940  521s
    43    45    8.16125   42 1539    7.46589    8.58551  15.0%  1044  525s
H   52    52                       7.4976696    8.58551  14.5%   929  533s
H   52    52                       7.5076583    8.58551  14.4%   929  536s
H   52    52                       7.5199539    8.58551  14.2%   929  536s
    59    61    8.56188   58 1812    7.51995    8.58551  14.2%   978  540s
    75    77    8.55871   73 1786    7.51995    8.58551  14.2%   898  545s
    94    96    8.55435   92 1908    7.51995    8.58551  14.2%   835  550s
   115   117    8.55195  113 1782    7.51995    8.58551  14.2%   759  555s
   137   139    8.54859  135 1777    7.51995    8.58551  14.2%   706  560s
   152   154    8.54560  150 1803    7.51995    8.58551  14.2%   705  565s
   166   168    8.53157  163 1715    7.51995    8.58551  14.2%   717  570s
   195   197    8.54057  192 1832    7.51995    8.58551  14.2%   651  575s
   204   206    8.53503  200 1637    7.51995    8.58551  14.2%   681  580s
   214   216    8.48418  209 1626    7.51995    8.58551  14.2%   715  586s
   224   226    8.52950  219 1577    7.51995    8.58551  14.2%   716  590s
   242   244    8.52563  237 1639    7.51995    8.58551  14.2%   703  595s
   251   253    8.46086  245 1716    7.51995    8.58551  14.2%   722  600s
   262   264    8.51447  255 1683    7.51995    8.58551  14.2%   735  605s
   280   282    8.50694  273 1690    7.51995    8.58551  14.2%   718  610s
   285   287    8.50445  278 1765    7.51995    8.58551  14.2%   716  624s
   289   291    8.50330  282 1776    7.51995    8.58551  14.2%   712  625s
H  300   300                       7.5550131    8.58551  13.6%   713  630s
   317   319    8.49887  310 1745    7.55501    8.58551  13.6%   717  636s
   328   330    8.49697  321 1650    7.55501    8.58551  13.6%   708  640s
   349   351    8.49394  342 1814    7.55501    8.58551  13.6%   694  645s
   364   366    8.49155  357 1624    7.55501    8.58551  13.6%   689  650s
   376   378    8.48864  368 1653    7.55501    8.58551  13.6%   687  658s
   382   384    8.48600  373 1806    7.55501    8.58551  13.6%   691  660s
   413   415    8.48362  404 1613    7.55501    8.58551  13.6%   656  665s
   446   448    8.47825  437 1746    7.55501    8.58551  13.6%   627  670s
   463   465    8.47488  454 1740    7.55501    8.58551  13.6%   629  675s
   483   485    8.47195  474 1627    7.55501    8.58551  13.6%   622  680s
   507   509    8.46917  498 1878    7.55501    8.58551  13.6%   611  685s
   536   538    8.46694  527 1741    7.55501    8.58551  13.6%   594  690s
   558   560    8.46602  548 1740    7.55501    8.58551  13.6%   586  695s
   574   576    8.46184  564 1620    7.55501    8.58551  13.6%   591  700s
   596   598    8.45820  586 1696    7.55501    8.58551  13.6%   581  705s
   630   632    8.45397  619 1734    7.55501    8.58551  13.6%   563  710s
   651   653    8.44900  640 1713    7.55501    8.58551  13.6%   557  715s
   681   683    8.44687  670 1689    7.55501    8.58551  13.6%   546  720s
   720   722    8.44366  709 1667    7.55501    8.58551  13.6%   528  725s
   742   744    8.43866  731 1695    7.55501    8.58551  13.6%   523  730s
   770   772    8.43402  759 1647    7.55501    8.58551  13.6%   516  735s
   801   803    8.43042  789 1858    7.55501    8.58551  13.6%   505  740s
   843   845    8.42218  831 1694    7.55501    8.58551  13.6%   489  745s
   846   848    8.42213  834 1748    7.55501    8.58551  13.6%   488  750s
   874   876    8.41908  862 1723    7.55501    8.58551  13.6%   481  755s
   902   904    8.40176  889 1650    7.55501    8.58551  13.6%   476  760s
   938   940    8.38016  924 1521    7.55501    8.58551  13.6%   465  765s
   972   974    8.37619  958 1476    7.55501    8.58551  13.6%   458  770s
   994   996    8.31580  978 1580    7.55501    8.58551  13.6%   458  775s
  1005  1007    8.31924  989 1578    7.55501    8.58551  13.6%   459  795s
  1039  1041    8.31199 1023 1586    7.55501    8.58551  13.6%   452  800s
  1086  1088    8.25593 1070 1591    7.55501    8.58551  13.6%   449  809s
  1089  1089    8.25070 1072 1563    7.55501    8.58551  13.6%   448  810s
  1109  1109    8.24570 1092 1572    7.55501    8.58551  13.6%   451  815s
  1130  1130    8.24049 1113 1545    7.55501    8.58551  13.6%   451  820s
  1160  1160    8.23767 1143 1550    7.55501    8.58551  13.6%   445  825s
  1192  1192    8.23176 1175 1599    7.55501    8.58551  13.6%   439  830s
  1215  1215    8.22627 1197 1630    7.55501    8.58551  13.6%   438  835s
  1242  1240    8.21695 1223 1560    7.55501    8.58551  13.6%   437  840s
  1256  1254    8.20991 1234 1542    7.55501    8.58551  13.6%   441  845s
  1283  1281    8.19530 1260 1256    7.55501    8.58551  13.6%   439  850s
  1313  1311    8.19900 1289 1194    7.55501    8.58551  13.6%   435  855s
  1359  1357    8.19332 1335 1449    7.55501    8.58551  13.6%   427  860s
  1408  1406    8.19008 1384 1430    7.55501    8.58551  13.6%   417  865s
  1463  1461    8.18698 1439 1277    7.55501    8.58551  13.6%   406  870s
  1512  1510    8.16767 1488 1294    7.55501    8.58551  13.6%   399  875s
  1535  1533    8.15262 1510 1370    7.55501    8.58551  13.6%   400  880s
  1571  1569    8.14899 1546 1380    7.55501    8.58551  13.6%   396  885s
  1619  1617    8.14494 1594 1409    7.55501    8.58551  13.6%   389  890s
  1661  1659    8.14244 1636 1388    7.55501    8.58551  13.6%   383  895s
  1698  1696    8.13983 1673 1422    7.55501    8.58551  13.6%   379  900s
  1740  1738    8.13735 1715 1372    7.55501    8.58551  13.6%   373  905s
  1773  1771    8.13126 1748 1471    7.55501    8.58551  13.6%   371  910s
  1809  1807    8.12653 1783 1453    7.55501    8.58551  13.6%   369  915s
  1853  1851    8.12304 1827 1509    7.55501    8.58551  13.6%   364  920s
  1906  1904    8.11625 1880 1501    7.55501    8.58551  13.6%   358  925s
  1958  1956    8.11134 1932 1078    7.55501    8.58551  13.6%   352  930s
  1994  1992    8.10697 1967 1225    7.55501    8.58551  13.6%   348  935s
  2018  2016    8.10338 1991 1352    7.55501    8.58551  13.6%   346  940s
  2072  2070    8.09405 2045 1264    7.55501    8.58551  13.6%   341  945s
  2111  2109    8.03977 2082  987    7.55501    8.58551  13.6%   339  950s
  2141  2139    8.07692 2112 1232    7.55501    8.58551  13.6%   339  955s
  2166  2164    8.05261 2136 1249    7.55501    8.58551  13.6%   342  960s
  2214  2212    8.02610 2184  911    7.55501    8.58551  13.6%   339  965s
  2275  2273    8.00512 2244 1045    7.55501    8.58551  13.6%   333  970s
  2337  2335    7.94880 2306  891    7.55501    8.58551  13.6%   329  975s
  2425  2423    7.94565 2393 1016    7.55501    8.58551  13.6%   319  980s
H 2488  2484                       7.5957354    8.58551  13.0%   313  996s
  2488  2486    7.94179 2455  941    7.59574    8.58551  13.0%   314 1001s
  2551  2548    8.13993 1668 1848    7.59574    8.58551  13.0%   307 1048s
  2553  2549    8.42859    5 1048    7.59574    8.58551  13.0%   307 1056s
  2554  2550    8.19239 1354 1340    7.59574    8.58551  13.0%   307 1062s
  2555  2551    8.53354  208 1632    7.59574    8.58551  13.0%   307 1073s
  2556  2551    8.48413  385 1844    7.59574    8.58551  13.0%   307 1086s
  2557  2552    8.21836 1219 1882    7.59574    8.58551  13.0%   306 1100s
  2558  2553    8.09983 2016 1943    7.59574    8.58551  13.0%   306 1120s
  2559  2553    8.21251 1229 2102    7.59574    8.58551  13.0%   306 1135s
H 2559  2425                       7.6022636    8.58551  12.9%   306 1149s
H 2559  2303                       7.6101273    8.58551  12.8%   306 1149s
  2561  2305    8.37558  966 1584    7.61013    8.58551  12.8%   306 1162s
  2562  2305    8.19879 1295 1824    7.61013    8.58551  12.8%   306 1175s
  2563  2306    8.09503 2044 1746    7.61013    8.58551  12.8%   306 1185s
  2564  2307    8.12598 1798 1640    7.61013    8.53900  12.2%   306 1200s
  2565  2307    8.11842 1724 1584    7.61013    8.45732  11.1%   305 1209s
  2566  2308    8.35108  666 1654    7.61013    8.35108  9.74%   305 1219s
  2567  2309    8.25986  970 1548    7.61013    8.25986  8.54%   305 1228s
  2568  2309    7.94554 2407 1690    7.61013    8.20710  7.84%   305 1239s
  2569  2310    8.16108 1480 1502    7.61013    8.16108  7.24%   305 1246s
  2570  2311    8.05654 2134 1571    7.61013    8.11146  6.59%   305 1254s
  2571  2311    8.07246 1466 1522    7.61013    8.07246  6.08%   305 1262s
  2572  2312    8.03534   55 1476    7.61013    8.03534  5.59%   305 1280s
  2573  2313    7.93277 2490 1365    7.61013    7.99927  5.11%   305 1286s
  2574  2313    7.97350 1350 1466    7.61013    7.97350  4.77%   304 1294s
  2575  2314    7.95675 1210 1240    7.61013    7.95675  4.55%   304 1299s
  2576  2315    7.93895  321 1596    7.61013    7.93895  4.32%   304 1316s
  2577  2315    7.91949  181 1532    7.61013    7.91949  4.07%   304 1321s
  2578  2316    7.89000  404 1444    7.61013    7.89000  3.68%   304 1329s
  2579  2317    7.87511  363 1221    7.61013    7.87511  3.48%   304 1333s
  2580  2317    7.86385  160 1345    7.61013    7.86385  3.33%   304 1339s
  2581  2318    7.84976 1214 1116    7.61013    7.84976  3.15%   304 1344s
  2582  2319    7.84124 2182 1140    7.61013    7.84124  3.04%   303 1351s
  2583  2319    7.83023  819 1261    7.61013    7.83023  2.89%   303 1355s
  2584  2320    7.81258 2475  960    7.61013    7.81258  2.66%   303 1364s
  2585  2321    7.79635  858  900    7.61013    7.79635  2.45%   303 1370s
  2587  2322    7.78066 2181 1010    7.61013    7.78066  2.24%   303 1378s
  2588  2323    7.77643 2076  974    7.61013    7.77643  2.19%   303 1382s
  2589  2323    7.76841  823  902    7.61013    7.76841  2.08%   303 1385s
  2591  2325    7.75396  564  843    7.61013    7.75396  1.89%   302 1390s
  2593  2326    7.74291  404  972    7.61013    7.74291  1.74%   302 1396s
  2594  2327    7.73518 1850  779    7.61013    7.73518  1.64%   302 1403s
  2595  2327    7.72987 1101  880    7.61013    7.72987  1.57%   302 1405s
  2597  2329    7.72284  257  697    7.61013    7.72284  1.48%   302 1411s
  2598  2329    7.71854  292  863    7.61013    7.71854  1.42%   302 1417s
  2599  2330    7.71494  961  828    7.61013    7.71494  1.38%   301 1420s
  2601  2331    7.71101   21  803    7.61013    7.71101  1.33%   301 1425s
H 2601  2214                       7.6446353    7.70630  0.81%   301 1430s
  2606  2219    7.70290 2177 1848    7.64464    7.70290  0.76%   592 1435s
  2608  2220    7.70290 1977 1198    7.64464    7.70290  0.76%   591 1443s
  2609  2221    7.70290 1895 1443    7.64464    7.70290  0.76%   591 1448s
  2610  2222    7.70290 1740 1439    7.64464    7.70290  0.76%   591 1451s
  2612  2224    7.70290 1339 1848    7.64464    7.70290  0.76%   619 1455s
  2615  2226    7.70290 1507 1462    7.64464    7.70290  0.76%   619 1462s
  2616  2227    7.70290 2211 1373    7.64464    7.70290  0.76%   619 1465s
  2618  2228    7.70290 2071 1428    7.64464    7.70290  0.76%   618 1470s
  2622  2231    7.70290 2343 1522    7.64464    7.70290  0.76%   617 1475s
  2628  2235    7.70290 1128 1397    7.64464    7.70290  0.76%   616 1482s
  2632  2237    7.70290 1397 1339    7.64464    7.70290  0.76%   615 1485s
  2634  2239    7.70290 1113 1134    7.64464    7.70290  0.76%   614 1490s
  2639  2242    7.70290 2241 1175    7.64464    7.70290  0.76%   613 1495s
  2644  2245    7.70290  252 1341    7.64464    7.70290  0.76%   612 1503s
  2646  2247    7.70290 2118 1143    7.64464    7.70290  0.76%   611 1505s
  2650  2249    7.70290  535 1047    7.64464    7.70290  0.76%   611 1510s
  2654  2252    7.70290 1354 1077    7.64464    7.70290  0.76%   610 1515s
  2660  2256    7.70290  846 1063    7.64464    7.70290  0.76%   608 1521s
  2665  2259    7.70290 1724  770    7.64464    7.70290  0.76%   607 1526s
H 2668  2147                       7.6453081    7.70290  0.75%   606 1533s
H 2668  2038                       7.6466827    7.70290  0.74%   606 1533s
H 2668  1935                       7.6546386    7.70290  0.63%   606 1533s
H 2668  1838                       7.6717094    7.70290  0.41%   606 1533s
  2672  1841    7.70290   55  656    7.67171    7.70290  0.41%   606 1535s
  2678  1846    7.70290  404 1031    7.67171    7.70290  0.41%   699 1540s
  2684  1850    7.70290 2475  866    7.67171    7.70290  0.41%   698 1545s
  2690  1856    7.70290  720 1243    7.67171    7.70290  0.41%   718 1550s
  2698  1861    7.70290  292  823    7.67171    7.70290  0.41%   716 1555s
  2713  1872    7.70227  223 1193    7.67171    7.70227  0.40%   734 1560s
H 2740  1797                       7.6880374    7.69482  0.09%   734 1564s
H 2749  1714                       7.6885075    7.69426  0.07%   735 1564s
H 2749  1628                       7.6940007    7.69426  0.00%   735 1564s

Cutting planes:
  Gomory: 6
  Implied bound: 10
  Flow cover: 2
  Zero half: 1
  RLT: 4
  Relax-and-lift: 2

Explored 2749 nodes (3017318 simplex iterations) in 1564.33 seconds (3544.85 work units)
Thread count was 1 (of 11 available processors)

Solution count 10: 7.694 7.68851 7.68804 ... 7.61013

Optimal solution found (tolerance 1.00e-04)
Best objective 7.694000655310e+00, best bound 7.694258822115e+00, gap 0.0034%
