
Gurobi 12.0.0 (mac64[arm]) logging started Wed Dec 10 01:07:08 2025

Set parameter LogFile to value "/Users/lennardhansmann/Desktop/Newspaperlayout/newspaperlayout/Instances/Diss/Large/L30P180(A)/sol/L30P180A15(A).log"
Set parameter Threads to value 1
Gurobi Optimizer version 12.0.0 build v12.0.0rc1 (mac64[arm] - Darwin 24.6.0 24G90)

CPU model: Apple M3 Pro
Thread count: 11 physical cores, 11 logical processors, using up to 1 threads

Non-default parameters:
TimeLimit  3600
Threads  1

Optimize a model with 32709 rows, 90495 columns and 1159689 nonzeros
Model fingerprint: 0x4097b2a1
Variable types: 8389 continuous, 82106 integer (82106 binary)
Coefficient statistics:
  Matrix range     [8e-04, 1e+04]
  Objective range  [1e+00, 1e+00]
  Bounds range     [1e+00, 1e+04]
  RHS range        [9e-01, 1e+04]
Presolve removed 2938 rows and 21388 columns
Presolve time: 2.60s
Presolved: 29771 rows, 69107 columns, 840505 nonzeros
Variable types: 3414 continuous, 65693 integer (62455 binary)
Found heuristic solution: objective -14.7781659

Root simplex log...

Iteration    Objective       Primal Inf.    Dual Inf.      Time
   29042    1.4940413e+01   4.195272e+05   0.000000e+00      5s
   38577    1.4166667e+01   0.000000e+00   0.000000e+00      7s
   38577    1.4166667e+01   0.000000e+00   0.000000e+00      7s

Root relaxation: objective 1.416667e+01, 38577 iterations, 4.38 seconds (11.13 work units)

    Nodes    |    Current Node    |     Objective Bounds      |     Work
 Expl Unexpl |  Obj  Depth IntInf | Incumbent    BestBd   Gap | It/Node Time

     0     0   14.16667    0  406  -14.77817   14.16667   196%     -    7s
     0     0   14.16667    0  642  -14.77817   14.16667   196%     -    8s
H    0     0                      -4.9567207   14.16667   386%     -    8s
H    0     0                      -2.8928228   14.16667   590%     -    8s
H    0     0                      -2.7451573   14.16667   616%     -    8s
H    0     0                      -1.9106367   14.16667   841%     -    9s
H    0     0                      -1.0527758   14.16667  1446%     -    9s
H    0     0                      -0.4264592   14.16667  3422%     -    9s
H    0     0                      -0.0514592   14.16667      -     -    9s
H    0     0                       1.4778885   14.16667   859%     -    9s
H    0     0                       1.6489834   14.16667   759%     -    9s
H    0     0                       1.8261251   14.16667   676%     -    9s
H    0     0                       3.1009011   14.16667   357%     -    9s
H    0     0                       3.2710325   14.16667   333%     -    9s
H    0     0                       3.7633319   14.16667   276%     -    9s
H    0     0                       3.9694992   14.16667   257%     -   10s
     0     0   14.16667    0  614    3.96950   14.16667   257%     -   10s
     0     0   14.01716    0  324    3.96950   14.01716   253%     -   24s
     0     0   13.98230    0  661    3.96950   13.98230   252%     -   26s
H    0     0                       4.1120827   13.98230   240%     -   26s
H    0     0                       4.3076710   13.98230   225%     -   26s
H    0     0                       4.5297162   13.98230   209%     -   26s
H    0     0                       4.5870905   13.98230   205%     -   26s
     0     0   13.87329    0  885    4.58709   13.87329   202%     -   31s
     0     0   13.84718    0  802    4.58709   13.84718   202%     -   33s
H    0     0                       5.7476536   13.84602   141%     -   34s
     0     0   13.81683    0  938    5.74765   13.81683   140%     -   35s
     0     0   13.81672    0  817    5.74765   13.81672   140%     -   35s
     0     0   13.49955    0 1121    5.74765   13.49955   135%     -   41s
     0     0   13.49118    0 1109    5.74765   13.49118   135%     -   42s
     0     0   13.49118    0 1107    5.74765   13.49118   135%     -   42s
     0     0   13.49118    0 1103    5.74765   13.49118   135%     -   42s
     0     0   13.49118    0 1101    5.74765   13.49118   135%     -   42s
     0     0   13.49117    0 1101    5.74765   13.49117   135%     -   42s
H    0     0                       5.8384923   13.48733   131%     -   43s
H    0     0                       6.0223328   13.48733   124%     -   43s
H    0     0                       6.0701937   13.48733   122%     -   43s
H    0     0                       6.0778762   13.48733   122%     -   43s
H    0     0                       6.2200001   13.48733   117%     -   43s
H    0     0                       6.2445615   13.48733   116%     -   43s
H    0     0                       6.3900010   13.48733   111%     -   43s
H    0     0                       6.4121768   13.48733   110%     -   43s
     0     0   13.46056    0  927    6.41218   13.46056   110%     -   44s
     0     0   13.14724    0 1196    6.41218   13.14724   105%     -   52s
     0     0   13.13610    0 1036    6.41218   13.13610   105%     -   54s
     0     0   13.13602    0  994    6.41218   13.13602   105%     -   54s
     0     0   13.13602    0 1006    6.41218   13.13602   105%     -   54s
H    0     0                       6.5789566   13.13595   100%     -   54s
     0     0   13.12611    0 1005    6.57896   13.12611   100%     -   55s
     0     0   13.12605    0  916    6.57896   13.12605   100%     -   56s
     0     0   13.12605    0  934    6.57896   13.12605   100%     -   56s
     0     0   13.12605    0  965    6.57896   13.12605   100%     -   56s
     0     0   13.12592    0  903    6.57896   13.12592   100%     -   56s
     0     0   12.95294    0 1241    6.57896   12.95294  96.9%     -   63s
     0     0   12.94931    0 1235    6.57896   12.94931  96.8%     -   64s
     0     0   12.94886    0 1196    6.57896   12.94886  96.8%     -   65s
H    0     0                       6.6755341   12.94865  94.0%     -   65s
H    0     0                       6.9614187   12.94865  86.0%     -   65s
H    0     0                       6.9825557   12.94865  85.4%     -   65s
H    0     0                       7.3496964   12.94865  76.2%     -   65s
H    0     0                       7.4509975   12.94865  73.8%     -   65s
H    0     0                       7.4808799   12.94865  73.1%     -   66s
H    0     0                       7.4878950   12.94865  72.9%     -   66s
H    0     0                       7.6906309   12.94865  68.4%     -   66s
H    0     0                       7.7726667   12.94865  66.6%     -   66s
H    0     0                       7.8890237   12.94865  64.1%     -   66s
     0     0   12.92833    0 1256    7.88902   12.92833  63.9%     -   68s
     0     0   12.92821    0 1203    7.88902   12.92821  63.9%     -   68s
     0     0   12.92454    0 1262    7.88902   12.92454  63.8%     -   68s
     0     0   12.92408    0 1258    7.88902   12.92408  63.8%     -   68s
     0     0   12.92261    0 1243    7.88902   12.92261  63.8%     -   69s
     0     0   12.92261    0 1244    7.88902   12.92261  63.8%     -   69s
     0     0   12.73111    0 1177    7.88902   12.73111  61.4%     -   75s
     0     0   12.72637    0 1062    7.88902   12.72637  61.3%     -   76s
     0     0   12.72206    0 1222    7.88902   12.72206  61.3%     -   79s
H    0     0                       8.0051256   12.72206  58.9%     -   79s
     0     0   12.70417    0 1232    8.00513   12.70417  58.7%     -   80s
     0     0   12.70414    0 1225    8.00513   12.70414  58.7%     -   80s
     0     0   12.70414    0 1224    8.00513   12.70414  58.7%     -   80s
     0     0   12.70411    0 1225    8.00513   12.70411  58.7%     -   80s
     0     0   12.70411    0 1225    8.00513   12.70411  58.7%     -   80s
     0     0   12.70342    0 1171    8.00513   12.70342  58.7%     -   80s
     0     0   12.70342    0 1170    8.00513   12.70342  58.7%     -   80s
     0     0   12.70211    0 1250    8.00513   12.70211  58.7%     -   81s
     0     0   12.70204    0 1245    8.00513   12.70204  58.7%     -   81s
     0     0   12.53035    0 1425    8.00513   12.53035  56.5%     -   88s
     0     0   12.52719    0 1512    8.00513   12.52719  56.5%     -   89s
     0     0   12.52079    0 1422    8.00513   12.52079  56.4%     -   91s
     0     0   12.51399    0 1566    8.00513   12.51399  56.3%     -   93s
     0     0   12.51397    0 1590    8.00513   12.51397  56.3%     -   93s
     0     0   12.51397    0 1590    8.00513   12.51397  56.3%     -   93s
     0     0   12.51397    0 1589    8.00513   12.51397  56.3%     -   93s
     0     0   12.51397    0 1588    8.00513   12.51397  56.3%     -   93s
     0     0   12.49590    0 1673    8.00513   12.49590  56.1%     -   97s
     0     0   12.49590    0 1627    8.00513   12.49590  56.1%     -   98s
     0     0   12.49256    0 1490    8.00513   12.49256  56.1%     -   99s
     0     0   12.49243    0 1559    8.00513   12.49243  56.1%     -   99s
     0     0   12.49243    0 1557    8.00513   12.49243  56.1%     -   99s
     0     0   12.49213    0 1532    8.00513   12.49213  56.1%     -  100s
     0     0   12.49213    0 1530    8.00513   12.49213  56.1%     -  100s
     0     0   12.33556    0 1601    8.00513   12.33556  54.1%     -  109s
     0     0   12.33481    0 1599    8.00513   12.33481  54.1%     -  111s
     0     0   12.33465    0 1563    8.00513   12.33465  54.1%     -  112s
     0     0   12.33442    0 1582    8.00513   12.33442  54.1%     -  113s
     0     0   12.33428    0 1665    8.00513   12.33428  54.1%     -  113s
     0     0   12.31653    0 1631    8.00513   12.31653  53.9%     -  117s
     0     0   12.31620    0 1582    8.00513   12.31620  53.9%     -  117s
     0     0   12.31613    0 1631    8.00513   12.31613  53.9%     -  118s
     0     0   12.31610    0 1614    8.00513   12.31610  53.9%     -  118s
     0     0   12.31610    0 1620    8.00513   12.31610  53.9%     -  118s
     0     0   12.31610    0 1618    8.00513   12.31610  53.9%     -  118s
     0     0   12.31455    0 1587    8.00513   12.31455  53.8%     -  119s
     0     0   12.31448    0 1558    8.00513   12.31448  53.8%     -  119s
     0     0   12.18402    0 1801    8.00513   12.18402  52.2%     -  128s
     0     0   12.18194    0 1749    8.00513   12.18194  52.2%     -  130s
     0     0   12.18192    0 1733    8.00513   12.18192  52.2%     -  130s
H    0     0                       8.0832378   12.18192  50.7%     -  131s
H    0     0                       8.3533010   12.18192  45.8%     -  131s
H    0     0                       8.3843140   12.18192  45.3%     -  131s
H    0     0                       8.4071458   12.18192  44.9%     -  132s
H    0     0                       8.5039530   12.18192  43.3%     -  132s
     0     0   12.17449    0 1779    8.50395   12.17449  43.2%     -  136s
     0     0   12.17445    0 1728    8.50395   12.17445  43.2%     -  136s
     0     0   12.17251    0 1829    8.50395   12.17251  43.1%     -  152s
     0     0   12.17251    0 1810    8.50395   12.17251  43.1%     -  152s
     0     0   12.17211    0 1810    8.50395   12.17211  43.1%     -  153s
     0     0   12.02862    0 1631    8.50395   12.02862  41.4%     -  166s
     0     0   12.02561    0 1703    8.50395   12.02561  41.4%     -  174s
     0     0   12.02533    0 1684    8.50395   12.02533  41.4%     -  175s
     0     0   12.02528    0 1648    8.50395   12.02528  41.4%     -  175s
     0     0   12.02524    0 1646    8.50395   12.02524  41.4%     -  176s
     0     0   12.02522    0 1704    8.50395   12.02522  41.4%     -  176s
     0     0   12.02522    0 1639    8.50395   12.02522  41.4%     -  176s
     0     0   12.00013    0 1699    8.50395   12.00013  41.1%     -  183s
     0     0   11.99930    0 1811    8.50395   11.99930  41.1%     -  184s
     0     0   11.99760    0 1781    8.50395   11.99760  41.1%     -  186s
     0     0   11.99758    0 1857    8.50395   11.99758  41.1%     -  186s
     0     0   11.99708    0 1832    8.50395   11.99708  41.1%     -  186s
     0     0   11.87022    0 1882    8.50395   11.87022  39.6%     -  200s
     0     0   11.86587    0 1962    8.50395   11.86587  39.5%     -  203s
     0     0   11.86578    0 1992    8.50395   11.86578  39.5%     -  203s
     0     0   11.86578    0 1989    8.50395   11.86578  39.5%     -  203s
     0     0   11.86578    0 1885    8.50395   11.86578  39.5%     -  203s
H    0     0                       8.5402999   11.86578  38.9%     -  207s
H    0     0                       8.5714360   11.86578  38.4%     -  207s
     0     0   11.84917    0 1946    8.57144   11.84917  38.2%     -  215s
     0     0   11.84910    0 1938    8.57144   11.84910  38.2%     -  217s
     0     0   11.84892    0 1973    8.57144   11.84892  38.2%     -  218s
     0     0   11.84890    0 1945    8.57144   11.84890  38.2%     -  218s
     0     0   11.84854    0 1996    8.57144   11.84854  38.2%     -  218s
     0     0   11.84853    0 1995    8.57144   11.84853  38.2%     -  218s
     0     0   11.84853    0 1985    8.57144   11.84853  38.2%     -  219s
     0     0   11.84853    0 1980    8.57144   11.84853  38.2%     -  219s
     0     0   11.84712    0 1891    8.57144   11.84712  38.2%     -  219s
     0     0   11.84712    0 1887    8.57144   11.84712  38.2%     -  219s
     0     0   11.84696    0 1936    8.57144   11.84696  38.2%     -  220s
     0     0   11.74376    0 1811    8.57144   11.74376  37.0%     -  233s
     0     0   11.73899    0 1843    8.57144   11.73899  37.0%     -  239s
     0     0   11.73417    0 1911    8.57144   11.73417  36.9%     -  242s
     0     0   11.73262    0 1844    8.57144   11.73262  36.9%     -  244s
     0     0   11.73239    0 1902    8.57144   11.73239  36.9%     -  245s
     0     0   11.73239    0 1903    8.57144   11.73239  36.9%     -  245s
     0     0   11.73239    0 1903    8.57144   11.73239  36.9%     -  245s
     0     0   11.73239    0 1903    8.57144   11.73239  36.9%     -  245s
     0     0   11.71424    0 1720    8.57144   11.71424  36.7%     -  249s
     0     0   11.71401    0 1727    8.57144   11.71401  36.7%     -  250s
     0     0   11.71396    0 1718    8.57144   11.71396  36.7%     -  250s
     0     0   11.71395    0 1729    8.57144   11.71395  36.7%     -  250s
     0     0   11.71395    0 1725    8.57144   11.71395  36.7%     -  250s
     0     0   11.71395    0 1753    8.57144   11.71395  36.7%     -  250s
     0     0   11.71353    0 1703    8.57144   11.71353  36.7%     -  251s
     0     0   11.71352    0 1646    8.57144   11.71352  36.7%     -  251s
     0     0   11.59879    0 1904    8.57144   11.59879  35.3%     -  265s
     0     0   11.59624    0 1999    8.57144   11.59624  35.3%     -  269s
     0     0   11.59587    0 2013    8.57144   11.59587  35.3%     -  270s
     0     0   11.59561    0 1978    8.57144   11.59561  35.3%     -  270s
     0     0   11.59561    0 1938    8.57144   11.59561  35.3%     -  270s
H    0     0                       8.6007491   11.59561  34.8%     -  274s
     0     0   11.58772    0 1898    8.60075   11.58772  34.7%     -  279s
     0     0   11.58742    0 1868    8.60075   11.58742  34.7%     -  280s
     0     0   11.58579    0 1946    8.60075   11.58579  34.7%     -  282s
     0     0   11.58575    0 1969    8.60075   11.58575  34.7%     -  282s
     0     0   11.58569    0 1913    8.60075   11.58569  34.7%     -  283s
     0     0   11.58569    0 1897    8.60075   11.58569  34.7%     -  283s
     0     0   11.58453    0 1906    8.60075   11.58453  34.7%     -  284s
     0     0   11.58451    0 1902    8.60075   11.58451  34.7%     -  284s
     0     0   11.45556    0 1849    8.60075   11.45556  33.2%     -  301s
     0     0   11.45098    0 2049    8.60075   11.45098  33.1%     -  304s
     0     0   11.44878    0 2007    8.60075   11.44878  33.1%     -  307s
     0     0   11.44836    0 1954    8.60075   11.44836  33.1%     -  308s
     0     0   11.44796    0 1947    8.60075   11.44796  33.1%     -  309s
     0     0   11.44795    0 1986    8.60075   11.44795  33.1%     -  309s
     0     0   11.44793    0 1985    8.60075   11.44793  33.1%     -  310s
     0     0   11.43494    0 2082    8.60075   11.43494  33.0%     -  314s
     0     0   11.43452    0 1988    8.60075   11.43452  32.9%     -  315s
     0     0   11.43448    0 2032    8.60075   11.43448  32.9%     -  315s
     0     0   11.43277    0 1946    8.60075   11.43277  32.9%     -  316s
     0     0   11.43277    0 1947    8.60075   11.43277  32.9%     -  316s
     0     0   11.43277    0 1934    8.60075   11.43277  32.9%     -  316s
     0     0   11.43255    0 1984    8.60075   11.43255  32.9%     -  316s
     0     0   11.31810    0 2059    8.60075   11.31810  31.6%     -  333s
     0     0   11.31168    0 1908    8.60075   11.31168  31.5%     -  340s
     0     0   11.31076    0 1858    8.60075   11.31076  31.5%     -  341s
     0     0   11.31075    0 1825    8.60075   11.31075  31.5%     -  341s
H    0     0                       8.6280620   11.31075  31.1%     -  344s
H    0     0                       8.6578223   11.31075  30.6%     -  345s
H    0     0                       8.7066324   11.31075  29.9%     -  346s
     0     0   11.29604    0 2016    8.70663   11.29604  29.7%     -  351s
     0     0   11.29558    0 2009    8.70663   11.29558  29.7%     -  352s
     0     0   11.29549    0 1938    8.70663   11.29549  29.7%     -  353s
     0     0   11.28982    0 1995    8.70663   11.28982  29.7%     -  355s
     0     0   11.28980    0 2035    8.70663   11.28980  29.7%     -  356s
     0     0   11.28918    0 1931    8.70663   11.28918  29.7%     -  356s
     0     0   11.15870    0 1898    8.70663   11.15870  28.2%     -  374s
     0     0   11.15325    0 1834    8.70663   11.15325  28.1%     -  382s
     0     0   11.15142    0 1809    8.70663   11.15142  28.1%     -  384s
     0     0   11.15135    0 1717    8.70663   11.15135  28.1%     -  384s
     0     0   11.15135    0 1765    8.70663   11.15135  28.1%     -  385s
     0     0   11.15130    0 1730    8.70663   11.15130  28.1%     -  385s
     0     0   11.14000    0 1972    8.70663   11.14000  27.9%     -  391s
     0     0   11.14000    0 1948    8.70663   11.14000  27.9%     -  391s
     0     0   11.13999    0 1948    8.70663   11.13999  27.9%     -  391s
     0     0   11.13999    0 1987    8.70663   11.13999  27.9%     -  391s
     0     0   11.13999    0 1983    8.70663   11.13999  27.9%     -  391s
     0     0   11.13998    0 2012    8.70663   11.13998  27.9%     -  391s
     0     0   11.13801    0 1997    8.70663   11.13801  27.9%     -  392s
     0     0   11.01455    0 1854    8.70663   11.01455  26.5%     -  406s
     0     0   11.00154    0 1798    8.70663   11.00154  26.4%     -  415s
     0     0   11.00011    0 1782    8.70663   11.00011  26.3%     -  417s
     0     0   10.99969    0 1795    8.70663   10.99969  26.3%     -  418s
     0     0   10.99959    0 1819    8.70663   10.99959  26.3%     -  418s
     0     0   10.99941    0 1817    8.70663   10.99941  26.3%     -  419s
     0     0   10.99941    0 1812    8.70663   10.99941  26.3%     -  419s
     0     0   10.99941    0 1780    8.70663   10.99941  26.3%     -  420s
H    0     0                       8.7215225   10.99941  26.1%     -  422s
     0     0   10.97886    0 1742    8.72152   10.97886  25.9%     -  432s
     0     0   10.97703    0 1610    8.72152   10.97703  25.9%     -  433s
     0     0   10.97691    0 1632    8.72152   10.97691  25.9%     -  434s
     0     0   10.97688    0 1636    8.72152   10.97688  25.9%     -  434s
     0     0   10.97405    0 1737    8.72152   10.97405  25.8%     -  435s
     0     0   10.97397    0 1708    8.72152   10.97397  25.8%     -  435s
     0     0   10.97397    0 1717    8.72152   10.97397  25.8%     -  435s
     0     0   10.97397    0 1715    8.72152   10.97397  25.8%     -  435s
     0     0   10.97355    0 1736    8.72152   10.97355  25.8%     -  436s
     0     0   10.97352    0 1778    8.72152   10.97352  25.8%     -  436s
     0     0   10.97351    0 1781    8.72152   10.97351  25.8%     -  437s
     0     0   10.97351    0 1782    8.72152   10.97351  25.8%     -  437s
     0     0   10.82725    0 1624    8.72152   10.82725  24.1%     -  449s
     0     0   10.82403    0 1660    8.72152   10.82403  24.1%     -  450s
     0     0   10.82348    0 1627    8.72152   10.82348  24.1%     -  452s
     0     0   10.82293    0 1704    8.72152   10.82293  24.1%     -  452s
     0     0   10.82279    0 1579    8.72152   10.82279  24.1%     -  453s
     0     0   10.80617    0 1811    8.72152   10.80617  23.9%     -  457s
     0     0   10.80506    0 1737    8.72152   10.80506  23.9%     -  458s
     0     0   10.80505    0 1733    8.72152   10.80505  23.9%     -  458s
     0     0   10.80307    0 1575    8.72152   10.80307  23.9%     -  460s
     0     0   10.80299    0 1620    8.72152   10.80299  23.9%     -  460s
     0     0   10.80298    0 1623    8.72152   10.80298  23.9%     -  460s
     0     0   10.80298    0 1621    8.72152   10.80298  23.9%     -  460s
     0     0   10.65162    0 1651    8.72152   10.65162  22.1%     -  475s
     0     0   10.65052    0 1651    8.72152   10.65052  22.1%     -  476s
     0     0   10.65045    0 1646    8.72152   10.65045  22.1%     -  476s
     0     0   10.63458    0 1675    8.72152   10.63458  21.9%     -  489s
     0     0   10.63458    0 1622    8.72152   10.63458  21.9%     -  489s
     0     0   10.63131    0 1530    8.72152   10.63131  21.9%     -  491s
     0     0   10.63120    0 1603    8.72152   10.63120  21.9%     -  491s
     0     0   10.63114    0 1544    8.72152   10.63114  21.9%     -  492s
     0     0   10.49836    0 1709    8.72152   10.49836  20.4%     -  505s
     0     0   10.49564    0 1664    8.72152   10.49564  20.3%     -  507s
     0     0   10.49523    0 1750    8.72152   10.49523  20.3%     -  507s
     0     0   10.49518    0 1684    8.72152   10.49518  20.3%     -  507s
     0     0   10.49517    0 1683    8.72152   10.49517  20.3%     -  508s
     0     0   10.47088    0 1772    8.72152   10.47088  20.1%     -  512s
     0     0   10.47017    0 1762    8.72152   10.47017  20.0%     -  513s
     0     0   10.47017    0 1764    8.72152   10.47017  20.0%     -  513s
     0     0   10.46417    0 1746    8.72152   10.46417  20.0%     -  515s
     0     0   10.46394    0 1749    8.72152   10.46394  20.0%     -  515s
     0     0   10.46394    0 1721    8.72152   10.46394  20.0%     -  516s
     0     0   10.46389    0 1672    8.72152   10.46389  20.0%     -  516s
     0     0   10.46383    0 1670    8.72152   10.46383  20.0%     -  516s
     0     0   10.46366    0 1735    8.72152   10.46366  20.0%     -  518s
     0     0   10.46318    0 1832    8.72152   10.46318  20.0%     -  519s
     0     0   10.46317    0 1790    8.72152   10.46317  20.0%     -  519s
     0     0   10.39311    0 1896    8.72152   10.39311  19.2%     -  532s
     0     0   10.39126    0 1818    8.72152   10.39126  19.1%     -  535s
     0     0   10.39126    0 1846    8.72152   10.39126  19.1%     -  535s
     0     0   10.39126    0 1846    8.72152   10.39126  19.1%     -  535s
     0     0   10.39126    0 1846    8.72152   10.39126  19.1%     -  535s
     0     0   10.39126    0 1846    8.72152   10.39126  19.1%     -  535s
     0     0   10.39126    0 1846    8.72152   10.39126  19.1%     -  535s
     0     0   10.37989    0 1967    8.72152   10.37989  19.0%     -  541s
     0     0   10.37989    0 1965    8.72152   10.37989  19.0%     -  541s
     0     0   10.37820    0 1913    8.72152   10.37820  19.0%     -  543s
     0     0   10.37814    0 1914    8.72152   10.37814  19.0%     -  543s
     0     0   10.37814    0 1914    8.72152   10.37814  19.0%     -  543s
     0     0   10.37814    0 1912    8.72152   10.37814  19.0%     -  543s
     0     0   10.30023    0 1716    8.72152   10.30023  18.1%     -  558s
     0     0   10.29589    0 1766    8.72152   10.29589  18.1%     -  564s
     0     0   10.29483    0 1809    8.72152   10.29483  18.0%     -  565s
     0     0   10.29480    0 1812    8.72152   10.29480  18.0%     -  566s
     0     0   10.29476    0 1765    8.72152   10.29476  18.0%     -  566s
     0     0   10.29476    0 1764    8.72152   10.29476  18.0%     -  566s
     0     0   10.29476    0 1770    8.72152   10.29476  18.0%     -  566s
     0     0   10.29476    0 1769    8.72152   10.29476  18.0%     -  566s
     0     0   10.29476    0 1766    8.72152   10.29476  18.0%     -  566s
     0     0   10.29476    0 1766    8.72152   10.29476  18.0%     -  566s
     0     0   10.29476    0 1764    8.72152   10.29476  18.0%     -  566s
     0     0   10.28565    0 1897    8.72152   10.28565  17.9%     -  569s
     0     0   10.28532    0 1833    8.72152   10.28532  17.9%     -  570s
     0     0   10.28527    0 1882    8.72152   10.28527  17.9%     -  570s
     0     0   10.28526    0 1831    8.72152   10.28526  17.9%     -  570s
     0     0   10.28526    0 1880    8.72152   10.28526  17.9%     -  570s
     0     0   10.28526    0 1853    8.72152   10.28526  17.9%     -  570s
     0     0   10.28090    0 1935    8.72152   10.28090  17.9%     -  572s
     0     0   10.28070    0 1951    8.72152   10.28070  17.9%     -  572s
     0     0   10.28021    0 1963    8.72152   10.28021  17.9%     -  573s
     0     0   10.28021    0 1964    8.72152   10.28021  17.9%     -  573s
     0     0   10.21579    0 1860    8.72152   10.21579  17.1%     -  588s
     0     0   10.20968    0 1809    8.72152   10.20968  17.1%     -  594s
     0     0   10.20886    0 1801    8.72152   10.20886  17.1%     -  595s
     0     0   10.20879    0 1763    8.72152   10.20879  17.1%     -  596s
     0     0   10.20879    0 1733    8.72152   10.20879  17.1%     -  596s
     0     0   10.20879    0 1799    8.72152   10.20879  17.1%     -  597s
     0     0   10.20867    0 1787    8.72152   10.20867  17.1%     -  597s
     0     0   10.20855    0 1796    8.72152   10.20855  17.1%     -  598s
     0     0   10.20853    0 1787    8.72152   10.20853  17.0%     -  598s
H    0     0                       8.7305631   10.20853  16.9%     -  608s
     0     0   10.19895    0 1905    8.73056   10.19895  16.8%     -  611s
     0     0   10.19799    0 1947    8.73056   10.19799  16.8%     -  612s
     0     0   10.19798    0 1863    8.73056   10.19798  16.8%     -  613s
     0     0   10.19417    0 1881    8.73056   10.19417  16.8%     -  615s
     0     0   10.19398    0 1901    8.73056   10.19398  16.8%     -  615s
     0     0   10.19396    0 1947    8.73056   10.19396  16.8%     -  615s
     0     0   10.19393    0 1917    8.73056   10.19393  16.8%     -  615s
     0     0   10.19286    0 1830    8.73056   10.19286  16.7%     -  617s
     0     0   10.19285    0 1828    8.73056   10.19285  16.7%     -  617s
     0     0   10.19284    0 1828    8.73056   10.19284  16.7%     -  617s
     0     0   10.13280    0 1870    8.73056   10.13280  16.1%     -  630s
     0     0   10.12126    0 1875    8.73056   10.12126  15.9%     -  633s
     0     0   10.12072    0 1894    8.73056   10.12072  15.9%     -  634s
     0     0   10.12061    0 1842    8.73056   10.12061  15.9%     -  635s
     0     0   10.12050    0 1832    8.73056   10.12050  15.9%     -  635s
     0     0   10.12035    0 1939    8.73056   10.12035  15.9%     -  636s
     0     0   10.12035    0 1930    8.73056   10.12035  15.9%     -  636s
     0     0   10.12034    0 1928    8.73056   10.12034  15.9%     -  636s
     0     0   10.11404    0 2000    8.73056   10.11404  15.8%     -  641s
     0     0   10.11328    0 1946    8.73056   10.11328  15.8%     -  642s
     0     0   10.11328    0 2101    8.73056   10.11328  15.8%     -  642s
     0     0   10.11325    0 2013    8.73056   10.11325  15.8%     -  642s
     0     0   10.11325    0 2013    8.73056   10.11325  15.8%     -  642s
     0     0   10.11325    0 2013    8.73056   10.11325  15.8%     -  642s
     0     0   10.11013    0 1916    8.73056   10.11013  15.8%     -  644s
     0     0   10.11013    0 1921    8.73056   10.11013  15.8%     -  645s
     0     0   10.11013    0 1883    8.73056   10.11013  15.8%     -  645s
     0     0   10.06561    0 1944    8.73056   10.06561  15.3%     -  657s
     0     0   10.06374    0 2029    8.73056   10.06374  15.3%     -  660s
     0     0   10.06315    0 1950    8.73056   10.06315  15.3%     -  663s
     0     0   10.06315    0 1944    8.73056   10.06315  15.3%     -  663s
     0     0   10.05303    0 2014    8.73056   10.05303  15.1%     -  666s
     0     0   10.05277    0 1848    8.73056   10.05277  15.1%     -  667s
     0     0   10.05276    0 1841    8.73056   10.05276  15.1%     -  667s
     0     0   10.05005    0 1936    8.73056   10.05005  15.1%     -  669s
     0     0   10.04999    0 1822    8.73056   10.04999  15.1%     -  670s
     0     0   10.04989    0 1872    8.73056   10.04989  15.1%     -  673s
     0     0   10.00015    0 1711    8.73056   10.00015  14.5%     -  683s
     0     0    9.99666    0 1921    8.73056    9.99666  14.5%     -  686s
     0     0    9.99666    0 1914    8.73056    9.99666  14.5%     -  687s
     0     0    9.99635    0 1728    8.73056    9.99635  14.5%     -  689s
     0     0    9.98330    0 1974    8.73056    9.98330  14.3%     -  693s
     0     0    9.98291    0 1918    8.73056    9.98291  14.3%     -  694s
     0     0    9.98290    0 1922    8.73056    9.98290  14.3%     -  694s
     0     0    9.98290    0 1913    8.73056    9.98290  14.3%     -  694s
     0     0    9.98034    0 1733    8.73056    9.98034  14.3%     -  696s
     0     0    9.98034    0 1735    8.73056    9.98034  14.3%     -  696s
     0     0    9.93586    0 2041    8.73056    9.93586  13.8%     -  707s
     0     0    9.93360    0 1981    8.73056    9.93360  13.8%     -  708s
     0     0    9.93350    0 1944    8.73056    9.93350  13.8%     -  708s
     0     0    9.92489    0 2042    8.73056    9.92489  13.7%     -  711s
     0     0    9.92477    0 1841    8.73056    9.92477  13.7%     -  712s
     0     0    9.92198    0 1857    8.73056    9.92198  13.6%     -  713s
     0     0    9.87814    0 1963    8.73056    9.87814  13.1%     -  723s
     0     0    9.87568    0 2032    8.73056    9.87568  13.1%     -  726s
     0     0    9.87540    0 2102    8.73056    9.87540  13.1%     -  726s
     0     0    9.87537    0 2054    8.73056    9.87537  13.1%     -  727s
     0     0    9.87536    0 1968    8.73056    9.87536  13.1%     -  727s
     0     0    9.87536    0 2031    8.73056    9.87536  13.1%     -  727s
     0     0    9.86503    0 1866    8.73056    9.86503  13.0%     -  731s
     0     0    9.86440    0 1978    8.73056    9.86440  13.0%     -  732s
     0     0    9.86435    0 1872    8.73056    9.86435  13.0%     -  733s
     0     0    9.86435    0 1886    8.73056    9.86435  13.0%     -  733s
     0     0    9.86087    0 1935    8.73056    9.86087  12.9%     -  734s
     0     0    9.86080    0 1892    8.73056    9.86080  12.9%     -  734s
     0     0    9.86077    0 1997    8.73056    9.86077  12.9%     -  735s
     0     0    9.85993    0 1959    8.73056    9.85993  12.9%     -  742s
     0     0    9.81919    0 1933    8.73056    9.81919  12.5%     -  751s
     0     0    9.81730    0 1969    8.73056    9.81730  12.4%     -  754s
     0     0    9.81641    0 2007    8.73056    9.81641  12.4%     -  758s
     0     0    9.81635    0 1920    8.73056    9.81635  12.4%     -  758s
     0     0    9.80424    0 2025    8.73056    9.80424  12.3%     -  779s
     0     0    9.80278    0 2014    8.73056    9.80278  12.3%     -  781s
     0     0    9.80271    0 2029    8.73056    9.80271  12.3%     -  782s
     0     0    9.80215    0 1983    8.73056    9.80215  12.3%     -  783s
     0     0    9.80169    0 1905    8.73056    9.80169  12.3%     -  783s
     0     0    9.79956    0 2083    8.73056    9.79956  12.2%     -  784s
     0     0    9.79946    0 2107    8.73056    9.79946  12.2%     -  784s
     0     0    9.79945    0 2106    8.73056    9.79945  12.2%     -  784s
     0     0    9.76689    0 2017    8.73056    9.76689  11.9%     -  791s
     0     0    9.76557    0 1923    8.73056    9.76557  11.9%     -  793s
     0     0    9.76144    0 1901    8.73056    9.76144  11.8%     -  795s
     0     0    9.76110    0 1863    8.73056    9.76110  11.8%     -  796s
     0     0    9.76103    0 1832    8.73056    9.76103  11.8%     -  796s
     0     0    9.75941    0 1880    8.73056    9.75941  11.8%     -  797s
     0     0    9.75940    0 1911    8.73056    9.75940  11.8%     -  797s
     0     0    9.75940    0 1909    8.73056    9.75940  11.8%     -  797s
     0     0    9.73723    0 1787    8.73056    9.73723  11.5%     -  805s
     0     0    9.73626    0 1762    8.73056    9.73626  11.5%     -  806s
     0     0    9.73602    0 1722    8.73056    9.73602  11.5%     -  807s
     0     0    9.73599    0 1846    8.73056    9.73599  11.5%     -  807s
     0     0    9.73599    0 1846    8.73056    9.73599  11.5%     -  807s
     0     2    9.73599    0 1846    8.73056    9.73599  11.5%     -  832s
     3     5    9.73410    3 1598    8.73056    9.73599  11.5%  2141  839s
     5     7    9.73340    5 1825    8.73056    9.73599  11.5%  1732  840s
     8    10    9.73080    8 1835    8.73056    9.73599  11.5%  1487  854s
    10    12    9.72874   10 1739    8.73056    9.73599  11.5%  1419  855s
    14    16    9.71966   12 1785    8.73056    9.73599  11.5%  3285  868s
    15    17    9.71922   13 1698    8.73056    9.73599  11.5%  3444  870s
    19    21    9.71694   16 1949    8.73056    9.73599  11.5%  3283  875s
H   26    26                       8.7446232    9.73599  11.3%  2608  885s
H   26    26                       8.7576667    9.73599  11.2%  2608  894s
    26    28    9.71512   23 1709    8.75767    9.73599  11.2%  2689  895s
    31    33    9.71356   28 1673    8.75767    9.73599  11.2%  2456  900s
    37    39    9.70976   34 1757    8.75767    9.73599  11.2%  2483  907s
    40    42    9.70774   37 1743    8.75767    9.73599  11.2%  2463  918s
    43    45    9.70721   40 1697    8.75767    9.73599  11.2%  2388  920s
    50    52    9.70480   47 1617    8.75767    9.73599  11.2%  2332  926s
    53    55    9.70456   50 1519    8.75767    9.73599  11.2%  2405  930s
H   54    54                       8.7730435    9.73599  11.0%  2360  931s
    61    63    9.70293   58 1798    8.77304    9.73599  11.0%  2251  935s
H   70    70                       8.7759926    9.73599  10.9%  2109  941s
H   70    70                       8.8040304    9.73599  10.6%  2109  941s
H   70    70                       8.8425515    9.73599  10.1%  2109  942s
    70    72    9.69947   66 1574    8.84255    9.73599  10.1%  2115  952s
    74    76    9.69804   70 1645    8.84255    9.73599  10.1%  2082  955s
H   81    81                       8.8551129    9.73599  9.95%  1975  958s
    82    84    9.69547   77 1737    8.85511    9.73599  9.95%  2028  961s
    88    90    9.69352   83 1694    8.85511    9.73599  9.95%  2006  965s
    90    92    9.69130   85 1572    8.85511    9.73599  9.95%  2165  973s
    96    98    9.66854   91 1627    8.85511    9.73599  9.95%  2215  980s
   104   106    9.68704   98 1761    8.85511    9.73599  9.95%  2140  985s
   105   107    9.51850   99 1456    8.85511    9.73599  9.95%  2272  992s
   106   108    9.68027   99 1660    8.85511    9.73599  9.95%  2358  997s
   111   113    9.67914  104 1934    8.85511    9.73599  9.95%  2288 1000s
   123   125    9.67665  116 1884    8.85511    9.73599  9.95%  2131 1005s
   135   137    9.67432  128 1918    8.85511    9.73599  9.95%  1999 1010s
   149   151    9.67279  141 1849    8.85511    9.73599  9.95%  1857 1015s
   162   164    9.67086  154 1700    8.85511    9.73599  9.95%  1753 1020s
   171   173    9.65589  162 1679    8.85511    9.73599  9.95%  1726 1027s
   180   182    9.66248  171 1606    8.85511    9.73599  9.95%  1667 1030s
   197   199    9.65743  188 1844    8.85511    9.73599  9.95%  1563 1035s
   210   212    9.65081  201 1789    8.85511    9.73599  9.95%  1502 1040s
   223   225    9.64916  213 1628    8.85511    9.73599  9.95%  1445 1045s
   243   245    9.64596  233 1630    8.85511    9.73599  9.95%  1350 1050s
   251   253    9.63733  241 1788    8.85511    9.73599  9.95%  1334 1055s
H  262   262                       8.8697985    9.73599  9.77%  1288 1060s
   262   264    9.63638  252 1760    8.86980    9.73599  9.77%  1290 1073s
   269   271    9.63514  259 1855    8.86980    9.73599  9.77%  1269 1075s
   282   284    9.63446  272 1821    8.86980    9.73599  9.77%  1222 1083s
   293   295    9.63269  283 1715    8.86980    9.73599  9.77%  1185 1085s
   322   324    9.60268  311 1656    8.86980    9.73599  9.77%  1108 1091s
   330   332    9.62538  317 1569    8.86980    9.73599  9.77%  1110 1095s
   348   350    9.55910  334 1404    8.86980    9.73599  9.77%  1082 1100s
   363   365    9.62061  348 1590    8.86980    9.73599  9.77%  1060 1105s
   376   378    9.61835  360 1810    8.86980    9.73599  9.77%  1053 1110s
   394   396    9.36960  377 1665    8.86980    9.73599  9.77%  1033 1115s
   409   411    9.61123  392 1715    8.86980    9.73599  9.77%  1013 1120s
   432   434    9.60729  415 1724    8.86980    9.73599  9.77%   975 1125s
   461   463    9.60386  444 1614    8.86980    9.73599  9.77%   933 1130s
   486   488    9.59798  468 1509    8.86980    9.73599  9.77%   903 1136s
   513   515    9.59196  495 1570    8.86980    9.73599  9.77%   870 1140s
   537   539    9.58636  518 1449    8.86980    9.73599  9.77%   846 1145s
   554   556    9.58019  534 1444    8.86980    9.73599  9.77%   835 1150s
   590   592    9.57596  569 1408    8.86980    9.73599  9.77%   800 1155s
   606   608    9.56906  584 1357    8.86980    9.73599  9.77%   794 1160s
   634   636    9.56320  612 1380    8.86980    9.73599  9.77%   771 1165s
   658   660    9.55768  635 1340    8.86980    9.73599  9.77%   754 1173s
   660   662    9.55304  637 1266    8.86980    9.73599  9.77%   758 1175s
   672   674    9.41684  647 1269    8.86980    9.73599  9.77%   767 1181s
   689   691    9.54234  664 1416    8.86980    9.73599  9.77%   758 1185s
   720   722    9.48709  694 1455    8.86980    9.73599  9.77%   738 1190s
   740   742    9.52210  713 1374    8.86980    9.73599  9.77%   735 1195s
   755   757    9.49919  726 1313    8.86980    9.73599  9.77%   737 1201s
   771   773    9.51499  741 1439    8.86980    9.73599  9.77%   732 1205s
   804   806    9.51111  773 1452    8.86980    9.73599  9.77%   713 1210s
   815   817    9.50062  782 1423    8.86980    9.73599  9.77%   723 1216s
   830   832    9.32247  795 1255    8.86980    9.73599  9.77%   727 1222s
   841   843    9.49745  806 1364    8.86980    9.73599  9.77%   725 1225s
   855   857    9.48887  819 1258    8.86980    9.73599  9.77%   727 1230s
   872   874    9.33768  834 1179    8.86980    9.73599  9.77%   726 1235s
   880   882    9.14989  840 1418    8.86980    9.73599  9.77%   733 1240s
   886   888    9.23401  845 1300    8.86980    9.73599  9.77%   746 1265s
   908   910    9.42894  866 1319    8.86980    9.73599  9.77%   739 1270s
   926   928    9.42582  884 1488    8.86980    9.73599  9.77%   734 1275s
   943   945    9.30430  900 1552    8.86980    9.73599  9.77%   728 1280s
   949   951    8.99110  905 1355    8.86980    9.73599  9.77%   734 1285s
   961   963    9.29176  916 1467    8.86980    9.73599  9.77%   736 1290s
   978   980    9.28456  933 1415    8.86980    9.73599  9.77%   736 1295s
   999  1001    9.28019  953 1435    8.86980    9.73599  9.77%   730 1300s
  1011  1013    9.27774  965 1500    8.86980    9.73599  9.77%   741 1307s
  1018  1020    9.27215  971 1492    8.86980    9.73599  9.77%   741 1310s
  1036  1038    9.26541  989 1456    8.86980    9.73599  9.77%   737 1315s
  1063  1065    9.24856 1016 1308    8.86980    9.73599  9.77%   728 1320s
  1081  1083    9.20233 1032 1039    8.86980    9.73599  9.77%   726 1325s
  1120  1122    9.20947 1071 1417    8.86980    9.73599  9.77%   710 1331s
  1152  1154    9.20593 1103 1394    8.86980    9.73599  9.77%   697 1335s
  1175  1177    9.20008 1126 1317    8.86980    9.73599  9.77%   690 1340s
  1189  1191    9.19278 1139 1288    8.86980    9.73599  9.77%   693 1345s
  1215  1217    9.18894 1165 1357    8.86980    9.73599  9.77%   685 1350s
  1250  1252    9.18240 1200 1352    8.86980    9.73599  9.77%   673 1355s
  1291  1293    9.17577 1241 1409    8.86980    9.73599  9.77%   657 1360s
  1323  1325    9.17227 1273 1309    8.86980    9.73599  9.77%   647 1365s
  1363  1365    9.16919 1313 1354    8.86980    9.73599  9.77%   635 1370s
  1409  1411    9.15710 1358 1147    8.86980    9.73599  9.77%   620 1375s
  1445  1447    9.15113 1394 1241    8.86980    9.73599  9.77%   611 1380s
  1490  1492    9.14658 1439 1119    8.86980    9.73599  9.77%   597 1385s
  1533  1535    9.14080 1482 1086    8.86980    9.73599  9.77%   586 1390s
  1569  1569    9.02704 1516  934    8.86980    9.73599  9.77%   578 1395s
  1620  1618    9.02254 1567 1186    8.86980    9.73599  9.77%   565 1400s
  1663  1661    9.01977 1610 1125    8.86980    9.73599  9.77%   555 1405s
  1720  1718    8.99517 1666  958    8.86980    9.73599  9.77%   542 1410s
  1748  1746    8.96198 1692 1028    8.86980    9.73599  9.77%   539 1415s
  1790  1788    8.96238 1733  992    8.86980    9.73599  9.77%   533 1420s
  1800  1786    8.95832 1733 1222    8.86980    9.73599  9.77%   539 1425s
  1868  1853    8.95504 1801  901    8.86980    9.73599  9.77%   522 1430s
  1895  1880    8.92551 1827 1207    8.86980    9.73599  9.77%   521 1435s
  1913  1878    9.50963    1 1724    8.86980    9.73482  9.75%   526 1441s
  1915  1879    9.01968 1613  614    8.86980    9.73482  9.75%   525 1490s
  1918  1881    8.95640 1774  948    8.86980    9.73482  9.75%   524 1500s
  1919  1882    9.18892 1154 1089    8.86980    9.73482  9.75%   524 1507s
  1920  1882    9.58001  545 1358    8.86980    9.73482  9.75%   524 1518s
  1921  1883    9.63424  277 1611    8.86980    9.73482  9.75%   524 1534s
  1922  1884    9.29176  917 1588    8.86980    9.73482  9.75%   523 1548s
  1923  1884    9.58703  515 1961    8.86980    9.73482  9.75%   523 1565s
  1924  1885    9.14935 1422 2021    8.86980    9.73482  9.75%   523 1582s
  1925  1886    9.67615  119 1804    8.86980    9.73482  9.75%   523 1597s
  1926  1886    9.59693  473 1890    8.86980    9.73482  9.75%   522 1612s
  1927  1887    9.52033  724 1615    8.86980    9.73482  9.75%   522 1624s
  1928  1888    8.95663 1770 1847    8.86980    9.73482  9.75%   522 1636s
  1929  1888    9.17577 1243 1592    8.86980    9.73482  9.75%   521 1647s
  1930  1889    9.26279 1008 1669    8.86980    9.66386  8.95%   521 1656s
  1931  1890    9.60776  150 1525    8.86980    9.60776  8.32%   521 1662s
  1932  1890    9.14586 1447 1850    8.86980    9.57267  7.92%   521 1668s
  1933  1891    9.55193  282 1603    8.86980    9.55193  7.69%   520 1674s
  1934  1892    9.29493  913 1727    8.86980    9.54235  7.58%   520 1679s
  1935  1892    9.02277 1563 1685    8.86980    9.47407  6.81%   520 1691s
  1936  1893    9.01688 1609 1653    8.86980    9.46328  6.69%   520 1696s
  1937  1894    9.18700 1180 1650    8.86980    9.40585  6.04%   519 1702s
  1942  1898    9.29494  914  493    8.86980    9.40585  6.04%   859 1708s
  1943  1899    9.02276 1564  861    8.86980    9.40585  6.04%   859 1714s
  1944  1900    9.40585  254 1067    8.86980    9.40585  6.04%   859 1720s
  1945  1900    9.40585  202 1493    8.86980    9.40585  6.04%   858 1727s
  1946  1901    9.23750 1043 1555    8.86980    9.40585  6.04%   858 1742s
  1947  1902    9.02279 1561 1819    8.86980    9.40585  6.04%   857 1761s
  1948  1902    9.23396  846 1741    8.86980    9.40585  6.04%   857 1780s
  1949  1903    9.02012 1588 1930    8.86980    9.40585  6.04%   856 1795s
  1950  1904    9.17222 1276 1819    8.86980    9.40585  6.04%   856 1812s
  1951  1904    9.40585  423 1765    8.86980    9.40585  6.04%   856 1827s
  1952  1905    8.98872 1656 1794    8.86980    9.40585  6.04%   855 1842s
  1953  1906    9.40585  553 1918    8.86980    9.40585  6.04%   855 1853s
  1954  1906    9.40585  460 1599    8.86980    9.40585  6.04%   854 1865s
  1955  1907    9.14067 1487 1487    8.86980    9.40585  6.04%   854 1874s
  1956  1908    9.20701 1102 1858    8.86980    9.40585  6.04%   853 1882s
  1957  1908    9.14900 1429 1715    8.86980    9.40162  6.00%   853 1895s
  1958  1909    9.17734 1220 1834    8.86980    9.38263  5.78%   852 1900s
  1959  1910    9.37102  696 1644    8.86980    9.37102  5.65%   852 1905s
  1961  1911    9.33053  353 1610    8.86980    9.33053  5.19%   851 1914s
  1962  1912    9.32418  447 1727    8.86980    9.32418  5.12%   851 1918s
  1963  1912    9.28348  514 1710    8.86980    9.28348  4.66%   850 1926s
  1968  1917    9.28348  127  437    8.86980    9.28348  4.66%  1191 1932s
  1969  1918    9.00157 1636 1013    8.86980    9.28348  4.66%  1190 1939s
  1970  1919    9.26676  983 1061    8.86980    9.28348  4.66%  1189 1947s
  1971  1919    9.28348  335 1511    8.86980    9.28348  4.66%  1189 1959s
  1972  1920    9.28348  343 1489    8.86980    9.28348  4.66%  1188 1972s
  1973  1921    9.20007 1129 1799    8.86980    9.28348  4.66%  1188 1991s
  1974  1921    9.28348  748 1963    8.86980    9.28348  4.66%  1187 2011s
  1975  1922    9.17674 1226 1803    8.86980    9.28348  4.66%  1186 2032s
  1976  1923    9.02004 1592 2124    8.86980    9.28348  4.66%  1186 2049s
  1977  1923    9.28348  345 1867    8.86980    9.28348  4.66%  1185 2066s
  1978  1924    9.28348  730 1751    8.86980    9.28348  4.66%  1185 2078s
  1979  1925    9.17662 1229 1572    8.86980    9.28348  4.66%  1184 2090s
  1980  1925    9.28348  343 1871    8.86980    9.28348  4.66%  1183 2102s
  1981  1926    8.99327 1682 1631    8.86980    9.28348  4.66%  1183 2112s
  1982  1927    9.28348  366 1731    8.86980    9.28348  4.66%  1182 2121s
  1983  1927    9.28348  882 1884    8.86980    9.28348  4.66%  1182 2131s
  1984  1928    9.26185  415 1776    8.86980    9.26185  4.42%  1181 2136s
  1985  1929    9.14051 1493 1442    8.86980    9.25023  4.29%  1180 2141s
  1987  1930    9.05334 1507 1551    8.86980    9.22126  3.96%  1179 2150s
  1989  1931    9.19794  134 1280    8.86980    9.19794  3.70%  1178 2157s
  1994  1936    9.09190 1350  494    8.86980    9.19794  3.70%  1536 2163s
  1995  1937    9.19794  987  933    8.86980    9.19794  3.70%  1535 2171s
  1996  1938    9.19794  553  846    8.86980    9.19794  3.70%  1534 2180s
  1997  1938    9.19794  412 1617    8.86980    9.19794  3.70%  1533 2193s
  1998  1939    9.18574 1190 1408    8.86980    9.19794  3.70%  1533 2206s
  1999  1940    9.19794  479 1547    8.86980    9.19794  3.70%  1532 2222s
  2000  1940    9.19794 1102 1716    8.86980    9.19794  3.70%  1531 2239s
  2001  1941    9.19794   66 1908    8.86980    9.19794  3.70%  1530 2256s
  2002  1942    9.10568 1355 1846    8.86980    9.19794  3.70%  1530 2269s
  2003  1942    9.14080 1483 1766    8.86980    9.19794  3.70%  1529 2286s
  2004  1943    8.97346 1722 1706    8.86980    9.19794  3.70%  1528 2298s
  2005  1944    9.19794   11 1557    8.86980    9.19794  3.70%  1527 2311s
  2006  1944    9.19794 1043 1574    8.86980    9.19794  3.70%  1526 2324s
  2007  1945    9.19794  843 1441    8.86980    9.19794  3.70%  1526 2333s
  2008  1946    9.19794  215 1752    8.86980    9.19794  3.70%  1525 2341s
  2009  1946    9.19794  198 1548    8.86980    9.19794  3.70%  1524 2349s
  2010  1947    9.02354 1543 1626    8.86980    9.19794  3.70%  1523 2355s
  2011  1948    8.95571 1784 1599    8.86980    9.19794  3.70%  1523 2360s
  2013  1949    8.91616 1644 1557    8.86980    9.17626  3.46%  1521 2369s
  2014  1950    9.15669  620 1513    8.86980    9.15669  3.23%  1520 2373s
  2015  1950    9.01968 1613 1570    8.86980    9.15551  3.22%  1520 2376s
  2016  1951    9.13822 1010 1497    8.86980    9.13822  3.03%  1519 2382s
  2017  1952    9.13687 1243 1535    8.86980    9.13687  3.01%  1518 2385s
  2018  1952    8.95640 1774 1287    8.86980    9.11080  2.72%  1517 2390s
  2020  1954    9.09010  545 1468    8.86980    9.09010  2.48%  1516 2398s
  2023  1957    9.09010  515  614    8.86980    9.09010  2.48%  1883 2400s
  2025  1958    9.09010  119  839    8.86980    9.09010  2.48%  1881 2406s
  2026  1959    9.09010  473  951    8.86980    9.09010  2.48%  1880 2410s
  2027  1960    9.09010  724 1244    8.86980    9.09010  2.48%  1879 2418s
  2028  1960    8.95663 1770 1507    8.86980    9.09010  2.48%  1878 2433s
  2029  1961    9.09010 1243 1650    8.86980    9.09010  2.48%  1877 2449s
  2030  1962    9.09010 1008 1575    8.86980    9.09010  2.48%  1876 2468s
  2031  1962    9.09010  150 1919    8.86980    9.09010  2.48%  1875 2483s
  2032  1963    9.09010 1447 1709    8.86980    9.09010  2.48%  1874 2500s
  2033  1964    9.09010  282 1785    8.86980    9.09010  2.48%  1873 2515s
  2034  1964    9.09010  913 1847    8.86980    9.09010  2.48%  1872 2530s
  2035  1965    9.02277 1563 1505    8.86980    9.09010  2.48%  1872 2546s
  2036  1966    9.01688 1609 1406    8.86980    9.09010  2.48%  1871 2556s
  2037  1966    9.09010 1180 1601    8.86980    9.09010  2.48%  1870 2564s
  2038  1967    9.09010  285 1350    8.86980    9.09010  2.48%  1869 2569s
  2039  1968    9.09010  957 1495    8.86980    9.09010  2.48%  1868 2577s
  2040  1968    9.09010 1274 1310    8.86980    9.09010  2.48%  1867 2582s
  2041  1969    9.09010 1151 1379    8.86980    9.09010  2.48%  1866 2586s
  2042  1970    9.08851  914 1203    8.86980    9.08851  2.47%  1865 2590s
  2044  1971    9.07221  254 1409    8.86980    9.07221  2.28%  1863 2596s
  2046  1972    9.05412 1043 1228    8.86980    9.05412  2.08%  1862 2602s
  2047  1973    9.02279 1561 1318    8.86980    9.04188  1.94%  1861 2607s
  2049  1974    9.02012 1588 1245    8.86980    9.02909  1.80%  1859 2612s
  2054  1979    9.02909  460 1142    8.86980    9.02909  1.80%  2183 2624s
  2055  1980    9.02909 1487 1152    8.86980    9.02909  1.80%  2182 2631s
  2056  1981    9.02909 1102 1295    8.86980    9.02909  1.80%  2181 2644s
  2057  1981    9.02909 1429 1808    8.86980    9.02909  1.80%  2180 2658s
  2058  1982    9.02909 1220 1865    8.86980    9.02909  1.80%  2179 2678s
  2059  1983    9.02909  696 1694    8.86980    9.02909  1.80%  2178 2694s
  2060  1983    9.02909  490 1469    8.86980    9.02909  1.80%  2176 2712s
  2061  1984    9.02909  353 1594    8.86980    9.02909  1.80%  2175 2725s
  2062  1985    9.02909  447 1601    8.86980    9.02909  1.80%  2174 2736s
  2063  1985    9.02909  514 1524    8.86980    9.02909  1.80%  2173 2747s
  2064  1986    9.02909  906 1339    8.86980    9.02909  1.80%  2172 2756s
  2065  1987    9.02909  675 1197    8.86980    9.02909  1.80%  2171 2768s
  2066  1987    9.02909  844 1253    8.86980    9.02909  1.80%  2170 2774s
  2067  1988    9.02909  393 1457    8.86980    9.02909  1.80%  2169 2780s
  2069  1989    9.00157 1636 1314    8.86980    9.02909  1.80%  2167 2789s
  2070  1990    9.02909  983 1235    8.86980    9.02909  1.80%  2166 2792s
  2071  1991    9.02909  335 1204    8.86980    9.02909  1.80%  2165 2795s
  2074  1993    9.00231  748 1029    8.86980    9.00231  1.49%  2162 2802s
  2076  1994    8.99505 1592 1218    8.86980    8.99505  1.41%  2160 2808s
  2079  1997    8.99126 1229  614    8.86980    8.99126  1.37%  2464 2812s
  2081  1998    8.99126 1682 1215    8.86980    8.99126  1.37%  2461 2818s
H 2081  1898                       8.8697986    8.99126  1.37%  2461 2827s
  2083  1900    8.99126  882 1407    8.86980    8.99126  1.37%  2459 2835s
  2087  1903    8.99126 1507 1219    8.86980    8.99126  1.37%  2505 2845s
  2088  1904    8.99126  535 1337    8.86980    8.99126  1.37%  2503 2852s
  2089  1905    8.99126  134 1661    8.86980    8.99126  1.37%  2502 2863s
  2090  1905    8.99126  866 1714    8.86980    8.99126  1.37%  2501 2869s
  2091  1906    8.99126  587 1783    8.86980    8.99126  1.37%  2500 2871s
  2092  1907    8.99126  814 1647    8.86980    8.99126  1.37%  2499 2883s
  2093  1907    8.99126  789 1502    8.86980    8.99126  1.37%  2497 2887s
  2094  1908    8.99126 1350 1850    8.86980    8.99126  1.37%  2496 2901s
  2096  1909    8.99126  553 1845    8.86980    8.99126  1.37%  2494 2915s
  2098  1913    8.99126   88 1844    8.86980    8.99126  1.37%  2597 2920s
  2101  1915    8.99126   90 1897    8.86980    8.99126  1.37%  2599 2925s
  2102  1915    8.99126   90 1881    8.86980    8.99126  1.37%  2606 2930s
  2106  1918    8.99126   92 1777    8.86980    8.99126  1.37%  2607 2935s
  2110  1921    8.99126   94 1769    8.86980    8.99126  1.37%  2609 2940s
  2112  1922    8.99126   95 1769    8.86980    8.99126  1.37%  2616 2947s
  2114  1923    8.99126   96 1915    8.86980    8.99126  1.37%  2623 2952s
  2116  1925    8.99126   97 1822    8.86980    8.99126  1.37%  2629 2958s
  2118  1926    8.99126   98 1737    8.86980    8.99126  1.37%  2632 2964s
  2119  1927    8.99126   99 1892    8.86980    8.99126  1.37%  2633 2966s
  2120  1927    8.99126   99 1785    8.86980    8.99126  1.37%  2639 2973s
  2121  1928    8.99126  100 1916    8.86980    8.99126  1.37%  2639 2975s
  2122  1929    8.99126  100 1829    8.86980    8.99126  1.37%  2642 2980s
  2124  1930    8.99126  101 1778    8.86980    8.99126  1.37%  2649 2986s
  2126  1931    8.99126  102 1814    8.86980    8.99126  1.37%  2652 2990s
  2128  1933    8.99126  103 1743    8.86980    8.99126  1.37%  2652 2995s
  2132  1935    8.99126  105 1603    8.86980    8.99126  1.37%  2653 3000s
  2135  1937    8.99126  107 1866    8.86980    8.99126  1.37%  2653 3005s
  2138  1939    8.99126  108 1665    8.86980    8.99126  1.37%  2656 3011s
  2140  1941    8.99126  109 1915    8.86980    8.99126  1.37%  2666 3018s
  2142  1942    8.99126  110 1642    8.86980    8.99126  1.37%  2666 3021s
  2144  1943    8.99126  111 1627    8.86980    8.99126  1.37%  2668 3027s
  2146  1945    8.99126  112 1796    8.86980    8.99126  1.37%  2671 3032s
  2148  1946    8.99126  113 1738    8.86980    8.99126  1.37%  2672 3039s
  2150  1947    8.99126  114 1619    8.86980    8.99126  1.37%  2670 3040s
  2154  1950    8.99126  116 1757    8.86980    8.99126  1.37%  2671 3047s
  2156  1951    8.99126  117 1807    8.86980    8.99126  1.37%  2674 3051s
  2160  1954    8.99126  119 1792    8.86980    8.99126  1.37%  2674 3056s
  2164  1957    8.99126  121 1932    8.86980    8.99126  1.37%  2673 3061s
  2168  1959    8.99126  123 1828    8.86980    8.99126  1.37%  2682 3071s
  2170  1961    8.99126  124 1742    8.86980    8.99126  1.37%  2684 3075s
  2174  1963    8.99126  126 1809    8.86980    8.99126  1.37%  2686 3086s
  2178  1966    8.99126  128 1815    8.86980    8.99126  1.37%  2690 3092s
  2180  1967    8.99126  129 1633    8.86980    8.99126  1.37%  2690 3095s
  2184  1970    8.99126  131 1694    8.86980    8.99126  1.37%  2693 3101s
  2187  1972    8.99126  133 1744    8.86980    8.99126  1.37%  2693 3106s
  2189  1973    8.99126  134 1794    8.86980    8.99126  1.37%  2696 3110s
  2191  1975    8.99126  135 1810    8.86980    8.99126  1.37%  2702 3116s
  2194  1977    8.99126  136 1674    8.86980    8.99126  1.37%  2707 3123s
  2196  1978    8.99126  137 1686    8.86980    8.99126  1.37%  2706 3125s
  2200  1981    8.99126  139 1758    8.86980    8.99126  1.37%  2708 3130s
  2202  1982    8.99126  140 1754    8.86980    8.99126  1.37%  2714 3136s
  2203  1983    8.99126  141 1893    8.86980    8.99126  1.37%  2722 3142s
  2204  1983    8.99126  141 1714    8.86980    8.99126  1.37%  2726 3146s
  2206  1985    8.99126  142 1767    8.86980    8.99126  1.37%  2727 3151s
  2208  1986    8.99126  143 1969    8.86980    8.99126  1.37%  2731 3160s
  2210  1987    8.99126  144 1884    8.86980    8.99126  1.37%  2731 3175s
  2214  1990    8.99126  146 1820    8.86980    8.99126  1.37%  2730 3180s
  2218  1993    8.99126  148 1834    8.86980    8.99126  1.37%  2734 3187s
  2220  1994    8.99126  149 1729    8.86980    8.99126  1.37%  2736 3191s
  2224  1997    8.99126  151 1847    8.86980    8.99126  1.37%  2735 3195s
  2228  1999    8.99126  153 1658    8.86980    8.99126  1.37%  2737 3201s
  2230  2001    8.99126  154 1652    8.86980    8.99126  1.37%  2739 3205s
  2235  2004    8.99126  157 1796    8.86980    8.99126  1.37%  2738 3210s
  2238  2006    8.99126  158 1827    8.86980    8.99126  1.37%  2742 3216s
  2240  2007    8.99126  159 1698    8.86980    8.99126  1.37%  2747 3221s
  2244  2010    8.99126  161 1683    8.86980    8.99126  1.37%  2745 3225s
  2246  2011    8.99126  162 1662    8.86980    8.99126  1.37%  2747 3230s
  2250  2014    8.99126  164 1729    8.86980    8.99126  1.37%  2753 3239s
  2252  2015    8.99126  165 1880    8.86980    8.99126  1.37%  2759 3244s
  2253  2016    8.99126  166 1736    8.86980    8.99126  1.37%  2758 3245s
  2256  2018    8.99126  167 1702    8.86980    8.99126  1.37%  2763 3252s
  2259  2020    8.99126  169 1688    8.86980    8.99126  1.37%  2762 3255s
  2264  2023    8.99126  171 1992    8.86980    8.99126  1.37%  2764 3262s
  2268  2026    8.99126  173 1816    8.86980    8.99126  1.37%  2764 3267s
  2272  2029    8.99126  175 1733    8.86980    8.99126  1.37%  2763 3271s
  2276  2031    8.99126  177 1685    8.86980    8.99126  1.37%  2766 3278s
  2278  2033    8.99126  178 1614    8.86980    8.99126  1.37%  2770 3282s
  2280  2034    8.99126  179 1723    8.86980    8.99126  1.37%  2772 3286s
  2284  2037    8.99126  181 1583    8.86980    8.99126  1.37%  2774 3291s
  2288  2039    8.99126  183 1672    8.86980    8.99126  1.37%  2775 3297s
  2290  2041    8.99126  184 1836    8.86980    8.99126  1.37%  2776 3301s
  2294  2043    8.99126  186 1714    8.86980    8.99126  1.37%  2777 3305s
  2297  2045    8.99126  188 1827    8.86980    8.99126  1.37%  2777 3310s
  2302  2049    8.99126  190 1909    8.86980    8.99126  1.37%  2776 3315s
  2308  2053    8.99126  193 1821    8.86980    8.99126  1.37%  2773 3320s
  2313  2056    8.99126  196 1694    8.86980    8.99126  1.37%  2772 3325s
  2318  2059    8.99126  198 1660    8.86980    8.99126  1.37%  2772 3331s
  2323  2063    8.99126  201 1637    8.86980    8.99126  1.37%  2770 3335s
  2330  2067    8.99126  204 1728    8.86980    8.99126  1.37%  2770 3341s
  2336  2071    8.99126  207 1756    8.86980    8.99126  1.37%  2768 3346s
  2342  2075    8.99126  210 1725    8.86980    8.99126  1.37%  2766 3350s
  2348  2079    8.99126  213 1659    8.86980    8.99126  1.37%  2766 3356s
  2352  2082    8.99126  215 1852    8.86980    8.99126  1.37%  2768 3361s
  2358  2086    8.99126  218 1779    8.86980    8.99126  1.37%  2767 3365s
  2362  2089    8.99126  220 1731    8.86980    8.99126  1.37%  2768 3370s
  2370  2094    8.99126  224 1843    8.86980    8.99126  1.37%  2767 3378s
  2372  2095    8.99126  225 1759    8.86980    8.99126  1.37%  2767 3380s
  2380  2101    8.99126  229 1775    8.86980    8.99126  1.37%  2765 3386s
  2384  2103    8.99126  231 1665    8.86980    8.99126  1.37%  2768 3391s
  2386  2105    8.99126  232 1740    8.86980    8.99126  1.37%  2769 3395s
  2388  2106    8.99126  233 1948    8.86980    8.99126  1.37%  2773 3400s
  2392  2109    8.99126  235 1631    8.86980    8.99126  1.37%  2774 3405s
  2396  2111    8.99126  237 1588    8.86980    8.99126  1.37%  2776 3410s
  2400  2114    8.99126  239 1739    8.86980    8.99126  1.37%  2777 3416s
  2406  2118    8.99126  242 1826    8.86980    8.99126  1.37%  2775 3420s
  2412  2122    8.99126  245 1775    8.86980    8.99126  1.37%  2776 3426s
  2416  2125    8.99126  247 1794    8.86980    8.99126  1.37%  2776 3430s
  2422  2129    8.99126  250 1825    8.86980    8.99126  1.37%  2775 3435s
  2426  2131    8.99126  252 1807    8.86980    8.99126  1.37%  2779 3442s
  2428  2133    8.99126  253 1799    8.86980    8.99126  1.37%  2781 3445s
  2431  2135    8.99126  255 1827    8.86980    8.99126  1.37%  2782 3450s
  2436  2138    8.99126  257 1733    8.86980    8.99126  1.37%  2784 3456s
  2442  2142    8.99126  260 1643    8.86980    8.99126  1.37%  2785 3462s
  2445  2144    8.99126  262 1842    8.86980    8.99126  1.37%  2784 3465s
  2448  2146    8.99126  263 1749    8.86980    8.99126  1.37%  2789 3472s
  2453  2149    8.99126  266 1879    8.86980    8.99126  1.37%  2786 3475s
  2456  2151    8.99126  267 1716    8.86980    8.99126  1.37%  2789 3480s
  2458  2153    8.99126  268 1765    8.86980    8.99126  1.37%  2793 3486s
  2462  2155    8.99126  270 1656    8.86980    8.99126  1.37%  2794 3492s
  2465  2157    8.99126  272 1778    8.86980    8.99126  1.37%  2792 3495s
  2468  2159    8.99126  273 1628    8.86980    8.99126  1.37%  2794 3500s
  2472  2162    8.99126  275 1830    8.86980    8.99126  1.37%  2796 3506s
  2476  2165    8.99126  277 1624    8.86980    8.99126  1.37%  2794 3510s
  2482  2169    8.99126  280 1894    8.86980    8.99126  1.37%  2795 3516s
  2485  2171    8.99126  282 1914    8.86980    8.99126  1.37%  2796 3520s
  2489  2173    8.99126  284 1806    8.86980    8.99126  1.37%  2797 3529s
  2490  2174    8.99126  284 1669    8.86980    8.99126  1.37%  2797 3531s
  2492  2175    8.99126  285 1787    8.86980    8.99126  1.37%  2801 3535s
  2496  2178    8.99126  287 1676    8.86980    8.99126  1.37%  2803 3541s
  2498  2179    8.99126  288 1517    8.86980    8.99126  1.37%  2804 3545s
  2503  2183    8.99126  291 1878    8.86980    8.99126  1.37%  2803 3550s
  2508  2186    8.99126  293 1885    8.86980    8.99126  1.37%  2805 3557s
  2514  2190    8.99126  296 1807    8.86980    8.99126  1.37%  2803 3560s
  2518  2193    8.99126  298 1795    8.86980    8.99126  1.37%  2802 3565s
  2522  2195    8.99126  300 1780    8.86980    8.99126  1.37%  2802 3570s
  2526  2198    8.99126  302 1798    8.86980    8.99126  1.37%  2802 3575s
  2530  2201    8.99126  304 1713    8.86980    8.99126  1.37%  2803 3580s
  2533  2203    8.99126  306 1631    8.86980    8.99126  1.37%  2805 3585s
  2538  2206    8.99126  308 1755    8.86980    8.99126  1.37%  2808 3593s
  2542  2209    8.99126  310 1583    8.86980    8.99126  1.37%  2807 3596s

Cutting planes:
  Learned: 12
  Gomory: 40
  Cover: 338
  Implied bound: 669
  Projected implied bound: 164
  Clique: 638
  MIR: 181
  Mixing: 6
  StrongCG: 21
  Flow cover: 425
  GUB cover: 264
  Zero half: 7
  RLT: 202
  Relax-and-lift: 914
  BQP: 3
  PSD: 1

Explored 2547 nodes (9115431 simplex iterations) in 3600.01 seconds (9040.56 work units)
Thread count was 1 (of 11 available processors)

Solution count 10: 8.8698 8.8698 8.85511 ... 8.73056

Time limit reached
Best objective 8.869798605438e+00, best bound 8.991261201412e+00, gap 1.3694%
