
Gurobi 12.0.0 (mac64[arm]) logging started Wed Dec 10 03:22:12 2025

Set parameter LogFile to value "/Users/lennardhansmann/Desktop/Newspaperlayout/newspaperlayout/Instances/Diss/Large/L30P180(A)/sol/L30P180A14(A).log"
Set parameter Threads to value 1
Gurobi Optimizer version 12.0.0 build v12.0.0rc1 (mac64[arm] - Darwin 24.6.0 24G90)

CPU model: Apple M3 Pro
Thread count: 11 physical cores, 11 logical processors, using up to 1 threads

Non-default parameters:
TimeLimit  3600
Threads  1

Optimize a model with 32427 rows, 86860 columns and 1104320 nonzeros
Model fingerprint: 0x241f25c2
Variable types: 8444 continuous, 78416 integer (78416 binary)
Coefficient statistics:
  Matrix range     [2e-03, 1e+04]
  Objective range  [1e+00, 1e+00]
  Bounds range     [1e+00, 1e+04]
  RHS range        [9e-01, 1e+04]
Presolve removed 2694 rows and 17569 columns
Presolve time: 2.42s
Presolved: 29733 rows, 69291 columns, 847870 nonzeros
Variable types: 3398 continuous, 65893 integer (62583 binary)
Found heuristic solution: objective -14.6460847
Found heuristic solution: objective -14.1169195

Root simplex log...

Iteration    Objective       Primal Inf.    Dual Inf.      Time
   29197    1.4940444e+01   4.151884e+04   0.000000e+00      5s
   36571    1.4489527e+01   0.000000e+00   0.000000e+00      7s
   36571    1.4489527e+01   0.000000e+00   0.000000e+00      7s

Root relaxation: objective 1.448953e+01, 36571 iterations, 4.25 seconds (10.35 work units)

    Nodes    |    Current Node    |     Objective Bounds      |     Work
 Expl Unexpl |  Obj  Depth IntInf | Incumbent    BestBd   Gap | It/Node Time

     0     0   14.48953    0  397  -14.11692   14.48953   203%     -    7s
     0     0   14.48953    0  797  -14.11692   14.48953   203%     -    8s
     0     0   14.45833    0  826  -14.11692   14.45833   202%     -    9s
H    0     0                      -3.0101731   14.45833   580%     -    9s
H    0     0                      -1.6800496   14.45833   961%     -    9s
H    0     0                      -1.5353749   14.45833  1042%     -    9s
H    0     0                      -1.5112475   14.45833  1057%     -   10s
H    0     0                      -1.3269959   14.45833  1190%     -   10s
H    0     0                      -1.3028686   14.45833  1210%     -   10s
H    0     0                      -1.0254140   14.45833  1510%     -   10s
H    0     0                      -0.8566120   14.45833  1788%     -   10s
H    0     0                      -0.8154695   14.45833  1873%     -   10s
H    0     0                      -0.7137184   14.45833  2126%     -   10s
H    0     0                      -0.6819091   14.45833  2220%     -   10s
H    0     0                      -0.4373399   14.45833  3406%     -   10s
H    0     0                      -0.4111785   14.45833  3616%     -   10s
H    0     0                      -0.0973324   14.45833      -     -   10s
H    0     0                      -0.0260226   14.45833      -     -   10s
H    0     0                       0.0989774   14.45833      -     -   10s
H    0     0                       0.2559325   14.45833  5549%     -   10s
H    0     0                       0.7845033   14.45833  1743%     -   10s
H    0     0                       0.9576945   14.45833  1410%     -   10s
H    0     0                       1.3601901   14.45833   963%     -   10s
H    0     0                       1.8442711   14.45833   684%     -   10s
H    0     0                       1.8747378   14.45833   671%     -   11s
H    0     0                       1.9538273   14.45833   640%     -   11s
H    0     0                       1.9758327   14.45833   632%     -   11s
H    0     0                       2.6602299   14.45833   443%     -   11s
H    0     0                       2.9879263   14.45833   384%     -   11s
H    0     0                       3.3606953   14.45833   330%     -   11s
H    0     0                       3.6306995   14.45833   298%     -   11s
H    0     0                       3.6479718   14.45833   296%     -   11s
     0     0   14.45833    0  783    3.64797   14.45833   296%     -   11s
     0     0   14.25000    0  521    3.64797   14.25000   291%     -   24s
H    0     0                       3.6737989   14.25000   288%     -   25s
H    0     0                       3.7518768   14.25000   280%     -   25s
H    0     0                       4.4800308   14.25000   218%     -   25s
H    0     0                       4.6401264   14.25000   207%     -   25s
H    0     0                       5.0810341   14.25000   180%     -   25s
     0     0   14.23579    0  807    5.08103   14.23579   180%     -   29s
H    0     0                       5.2699698   14.23579   170%     -   30s
     0     0   14.23023    0  729    5.26997   14.23023   170%     -   30s
     0     0   14.08365    0 1017    5.26997   14.08365   167%     -   35s
     0     0   14.08330    0  971    5.26997   14.08330   167%     -   35s
H    0     0                       5.2779104   14.08330   167%     -   36s
H    0     0                       6.0270500   14.08330   134%     -   36s
H    0     0                       6.2061578   14.08330   127%     -   36s
H    0     0                       6.2561817   14.08330   125%     -   36s
H    0     0                       6.2791531   14.08330   124%     -   37s
     0     0   14.06937    0  956    6.27915   14.06937   124%     -   38s
     0     0   13.68966    0 1150    6.27915   13.68966   118%     -   44s
     0     0   13.68959    0 1139    6.27915   13.68959   118%     -   44s
     0     0   13.65937    0 1077    6.27915   13.65937   118%     -   45s
     0     0   13.65933    0 1081    6.27915   13.65933   118%     -   45s
     0     0   13.65398    0 1138    6.27915   13.65398   117%     -   46s
     0     0   13.65333    0 1115    6.27915   13.65333   117%     -   46s
     0     0   13.65333    0 1120    6.27915   13.65333   117%     -   46s
     0     0   13.24118    0 1297    6.27915   13.24118   111%     -   55s
     0     0   13.24085    0 1321    6.27915   13.24085   111%     -   57s
H    0     0                       6.5872649   13.24085   101%     -   58s
H    0     0                       6.7875103   13.24085  95.1%     -   59s
H    0     0                       6.9708437   13.24085  89.9%     -   59s
H    0     0                       7.0564170   13.24085  87.6%     -   59s
H    0     0                       7.1200608   13.24085  86.0%     -   60s
H    0     0                       7.1511835   13.24085  85.2%     -   60s
H    0     0                       7.1543765   13.24085  85.1%     -   60s
H    0     0                       7.1811819   13.24085  84.4%     -   60s
     0     0   13.20135    0 1465    7.18118   13.20135  83.8%     -   63s
     0     0   13.19487    0 1562    7.18118   13.19487  83.7%     -   64s
     0     0   13.19407    0 1584    7.18118   13.19407  83.7%     -   64s
     0     0   13.19372    0 1586    7.18118   13.19372  83.7%     -   65s
     0     0   13.19372    0 1585    7.18118   13.19372  83.7%     -   65s
     0     0   12.97612    0 1529    7.18118   12.97612  80.7%     -   72s
H    0     0                       7.2212996   12.97612  79.7%     -   72s
     0     0   12.95668    0 1534    7.22130   12.95668  79.4%     -   74s
     0     0   12.95017    0 1400    7.22130   12.95017  79.3%     -   77s
     0     0   12.94812    0 1524    7.22130   12.94812  79.3%     -   78s
     0     0   12.94800    0 1600    7.22130   12.94800  79.3%     -   78s
     0     0   12.71780    0 1512    7.22130   12.71780  76.1%     -   87s
     0     0   12.71737    0 1543    7.22130   12.71737  76.1%     -   87s
     0     0   12.70397    0 1592    7.22130   12.70397  75.9%     -   89s
     0     0   12.70141    0 1590    7.22130   12.70141  75.9%     -   90s
     0     0   12.70073    0 1550    7.22130   12.70073  75.9%     -   90s
     0     0   12.70068    0 1552    7.22130   12.70068  75.9%     -   90s
     0     0   12.52325    0 1593    7.22130   12.52325  73.4%     -   98s
     0     0   12.52213    0 1583    7.22130   12.52213  73.4%     -   98s
H    0     0                       7.2354432   12.52213  73.1%     -   99s
H    0     0                       7.2658955   12.52213  72.3%     -   99s
     0     0   12.50592    0 1723    7.26590   12.50592  72.1%     -  101s
     0     0   12.50587    0 1748    7.26590   12.50587  72.1%     -  101s
     0     0   12.50583    0 1723    7.26590   12.50583  72.1%     -  102s
     0     0   12.50230    0 1534    7.26590   12.50230  72.1%     -  103s
     0     0   12.50221    0 1601    7.26590   12.50221  72.1%     -  103s
     0     0   12.30928    0 1714    7.26590   12.30928  69.4%     -  113s
     0     0   12.30849    0 1650    7.26590   12.30849  69.4%     -  114s
     0     0   12.30811    0 1574    7.26590   12.30811  69.4%     -  116s
H    0     0                       7.3761609   12.30811  66.9%     -  117s
H    0     0                       7.3954959   12.30811  66.4%     -  117s
     0     0   12.29544    0 1666    7.39550   12.29544  66.3%     -  121s
     0     0   12.29544    0 1672    7.39550   12.29544  66.3%     -  121s
     0     0   12.29241    0 1706    7.39550   12.29241  66.2%     -  122s
     0     0   12.29230    0 1686    7.39550   12.29230  66.2%     -  122s
     0     0   12.11893    0 1727    7.39550   12.11893  63.9%     -  132s
     0     0   12.11041    0 1676    7.39550   12.11041  63.8%     -  138s
     0     0   12.10893    0 1612    7.39550   12.10893  63.7%     -  139s
     0     0   12.10860    0 1589    7.39550   12.10860  63.7%     -  139s
     0     0   11.95703    0 1807    7.39550   11.95703  61.7%     -  150s
     0     0   11.95597    0 1813    7.39550   11.95597  61.7%     -  152s
H    0     0                       7.4004917   11.95597  61.6%     -  153s
H    0     0                       7.5644900   11.95597  58.1%     -  154s
     0     0   11.92925    0 2001    7.56449   11.92925  57.7%     -  161s
     0     0   11.92910    0 2021    7.56449   11.92910  57.7%     -  162s
     0     0   11.92909    0 2018    7.56449   11.92909  57.7%     -  162s
     0     0   11.92906    0 1981    7.56449   11.92906  57.7%     -  162s
     0     0   11.92906    0 2018    7.56449   11.92906  57.7%     -  162s
     0     0   11.92302    0 1907    7.56449   11.92302  57.6%     -  165s
     0     0   11.92302    0 1928    7.56449   11.92302  57.6%     -  165s
     0     0   11.92302    0 1879    7.56449   11.92302  57.6%     -  165s
     0     0   11.92205    0 2004    7.56449   11.92205  57.6%     -  165s
     0     0   11.77439    0 1929    7.56449   11.77439  55.7%     -  179s
     0     0   11.77180    0 2013    7.56449   11.77180  55.6%     -  182s
     0     0   11.77100    0 1996    7.56449   11.77100  55.6%     -  184s
     0     0   11.77074    0 1975    7.56449   11.77074  55.6%     -  184s
     0     0   11.77074    0 1999    7.56449   11.77074  55.6%     -  184s
H    0     0                       7.5898087   11.76758  55.0%     -  185s
     0     0   11.74413    0 2112    7.58981   11.74413  54.7%     -  190s
     0     0   11.74384    0 2076    7.58981   11.74384  54.7%     -  191s
     0     0   11.74384    0 2081    7.58981   11.74384  54.7%     -  191s
     0     0   11.74086    0 2115    7.58981   11.74086  54.7%     -  193s
     0     0   11.74026    0 2110    7.58981   11.74026  54.7%     -  194s
     0     0   11.74026    0 2110    7.58981   11.74026  54.7%     -  194s
     0     0   11.60380    0 1861    7.58981   11.60380  52.9%     -  210s
     0     0   11.60314    0 1861    7.58981   11.60314  52.9%     -  211s
H    0     0                       7.6475478   11.60314  51.7%     -  212s
H    0     0                       7.7485534   11.60314  49.7%     -  213s
H    0     0                       7.7640405   11.60314  49.4%     -  214s
H    0     0                       7.8163344   11.60314  48.4%     -  215s
H    0     0                       7.8257846   11.60314  48.3%     -  216s
     0     0   11.58080    0 1908    7.82578   11.58080  48.0%     -  222s
     0     0   11.58043    0 1963    7.82578   11.58043  48.0%     -  222s
     0     0   11.58042    0 1940    7.82578   11.58042  48.0%     -  222s
     0     0   11.58042    0 1935    7.82578   11.58042  48.0%     -  222s
     0     0   11.57824    0 1919    7.82578   11.57824  47.9%     -  223s
     0     0   11.57734    0 1865    7.82578   11.57734  47.9%     -  224s
     0     0   11.41021    0 1971    7.82578   11.41021  45.8%     -  237s
     0     0   11.40753    0 1839    7.82578   11.40753  45.8%     -  238s
     0     0   11.40741    0 1854    7.82578   11.40741  45.8%     -  239s
     0     0   11.40736    0 1887    7.82578   11.40736  45.8%     -  239s
     0     0   11.40690    0 1877    7.82578   11.40690  45.8%     -  240s
     0     0   11.40686    0 1862    7.82578   11.40686  45.8%     -  240s
H    0     0                       7.8339729   11.40686  45.6%     -  240s
     0     0   11.39031    0 1827    7.83397   11.39031  45.4%     -  244s
     0     0   11.39028    0 1847    7.83397   11.39028  45.4%     -  244s
     0     0   11.38642    0 1859    7.83397   11.38642  45.3%     -  246s
     0     0   11.38622    0 1752    7.83397   11.38622  45.3%     -  246s
     0     0   11.38552    0 1792    7.83397   11.38552  45.3%     -  247s
     0     0   11.23642    0 2025    7.83397   11.23642  43.4%     -  262s
     0     0   11.23591    0 1961    7.83397   11.23591  43.4%     -  263s
     0     0   11.23522    0 1851    7.83397   11.23522  43.4%     -  265s
H    0     0                       7.8531496   11.23522  43.1%     -  270s
H    0     0                       7.8857602   11.23522  42.5%     -  271s
H    0     0                       7.8907560   11.23522  42.4%     -  271s
H    0     0                       8.0838642   11.23522  39.0%     -  272s
H    0     0                       8.0885124   11.23522  38.9%     -  272s
     0     0   11.20917    0 1977    8.08851   11.20917  38.6%     -  277s
     0     0   11.20896    0 2005    8.08851   11.20896  38.6%     -  278s
     0     0   11.20255    0 1990    8.08851   11.20255  38.5%     -  281s
     0     0   11.20255    0 1951    8.08851   11.20255  38.5%     -  281s
     0     0   11.20129    0 1984    8.08851   11.20129  38.5%     -  282s
     0     0   11.05517    0 1798    8.08851   11.05517  36.7%     -  295s
     0     0   11.05172    0 1753    8.08851   11.05172  36.6%     -  298s
     0     0   11.05095    0 1766    8.08851   11.05095  36.6%     -  299s
     0     0   11.05093    0 1736    8.08851   11.05093  36.6%     -  299s
     0     0   11.01921    0 1817    8.08851   11.01921  36.2%     -  305s
     0     0   11.01921    0 1802    8.08851   11.01921  36.2%     -  305s
     0     0   11.01713    0 1692    8.08851   11.01713  36.2%     -  307s
     0     0   10.89017    0 2019    8.08851   10.89017  34.6%     -  321s
     0     0   10.88503    0 1967    8.08851   10.88503  34.6%     -  324s
     0     0   10.88500    0 1971    8.08851   10.88500  34.6%     -  324s
     0     0   10.88473    0 1998    8.08851   10.88473  34.6%     -  324s
     0     0   10.87029    0 2023    8.08851   10.87029  34.4%     -  330s
     0     0   10.86314    0 1892    8.08851   10.86314  34.3%     -  333s
     0     0   10.85993    0 1909    8.08851   10.85993  34.3%     -  334s
     0     0   10.85931    0 1892    8.08851   10.85931  34.3%     -  335s
     0     0   10.72352    0 2139    8.08851   10.72352  32.6%     -  348s
     0     0   10.72323    0 2154    8.08851   10.72323  32.6%     -  349s
     0     0   10.70509    0 2090    8.08851   10.70509  32.3%     -  354s
     0     0   10.70188    0 1982    8.08851   10.70188  32.3%     -  356s
     0     0   10.70077    0 2051    8.08851   10.70077  32.3%     -  357s
     0     0   10.60476    0 1921    8.08851   10.60476  31.1%     -  370s
     0     0   10.60297    0 1946    8.08851   10.60297  31.1%     -  373s
H    0     0                       8.0954317   10.60295  31.0%     -  378s
     0     0   10.58423    0 2019    8.09543   10.58423  30.7%     -  384s
     0     0   10.58421    0 2019    8.09543   10.58421  30.7%     -  384s
     0     0   10.58413    0 2019    8.09543   10.58413  30.7%     -  384s
     0     0   10.58372    0 1997    8.09543   10.58372  30.7%     -  385s
     0     0   10.58096    0 1915    8.09543   10.58096  30.7%     -  386s
     0     0   10.50562    0 1896    8.09543   10.50562  29.8%     -  398s
     0     0   10.50157    0 1914    8.09543   10.50157  29.7%     -  402s
     0     0   10.50157    0 1914    8.09543   10.50157  29.7%     -  402s
     0     0   10.50157    0 1914    8.09543   10.50157  29.7%     -  402s
     0     0   10.50157    0 1914    8.09543   10.50157  29.7%     -  402s
     0     0   10.47285    0 1926    8.09543   10.47285  29.4%     -  408s
     0     0   10.46818    0 1962    8.09543   10.46818  29.3%     -  411s
     0     0   10.46800    0 1950    8.09543   10.46800  29.3%     -  411s
     0     0   10.46800    0 1950    8.09543   10.46800  29.3%     -  411s
     0     0   10.46727    0 1916    8.09543   10.46727  29.3%     -  412s
     0     0   10.38767    0 2146    8.09543   10.38767  28.3%     -  425s
     0     0   10.38619    0 2128    8.09543   10.38619  28.3%     -  429s
     0     0   10.38559    0 2116    8.09543   10.38559  28.3%     -  433s
     0     0   10.38553    0 2111    8.09543   10.38553  28.3%     -  441s
     0     0   10.36311    0 2031    8.09543   10.36311  28.0%     -  446s
     0     0   10.36306    0 2026    8.09543   10.36306  28.0%     -  447s
     0     0   10.35679    0 1943    8.09543   10.35679  27.9%     -  452s
     0     0   10.35664    0 1912    8.09543   10.35664  27.9%     -  452s
     0     0   10.35468    0 2023    8.09543   10.35468  27.9%     -  454s
     0     0   10.35468    0 1986    8.09543   10.35468  27.9%     -  454s
     0     0   10.26780    0 2011    8.09543   10.26780  26.8%     -  466s
     0     0   10.26649    0 1984    8.09543   10.26649  26.8%     -  468s
     0     0   10.26627    0 1940    8.09543   10.26627  26.8%     -  469s
     0     0   10.26602    0 1933    8.09543   10.26602  26.8%     -  469s
     0     0   10.26573    0 1959    8.09543   10.26573  26.8%     -  469s
     0     0   10.26573    0 1929    8.09543   10.26573  26.8%     -  470s
     0     0   10.24195    0 2036    8.09543   10.24195  26.5%     -  478s
     0     0   10.24193    0 1973    8.09543   10.24193  26.5%     -  478s
     0     0   10.23625    0 2204    8.09543   10.23625  26.4%     -  481s
     0     0   10.23610    0 2177    8.09543   10.23610  26.4%     -  481s
     0     0   10.23432    0 2181    8.09543   10.23432  26.4%     -  482s
     0     0   10.23432    0 2189    8.09543   10.23432  26.4%     -  482s
     0     0   10.17797    0 2134    8.09543   10.17797  25.7%     -  492s
     0     0   10.17785    0 2148    8.09543   10.17785  25.7%     -  492s
H    0     0                       8.1264660   10.17785  25.2%     -  497s
     0     0   10.15485    0 2100    8.12647   10.15485  25.0%     -  504s
     0     0   10.15099    0 1957    8.12647   10.15099  24.9%     -  506s
     0     0   10.15092    0 2005    8.12647   10.15092  24.9%     -  506s
     0     0   10.14453    0 2090    8.12647   10.14453  24.8%     -  509s
     0     0   10.14450    0 2163    8.12647   10.14450  24.8%     -  509s
     0     0   10.14203    0 2076    8.12647   10.14203  24.8%     -  512s
     0     0   10.14203    0 2026    8.12647   10.14203  24.8%     -  512s
     0     0   10.06695    0 2052    8.12647   10.06695  23.9%     -  523s
     0     0   10.06550    0 2018    8.12647   10.06550  23.9%     -  526s
     0     0   10.06541    0 2007    8.12647   10.06541  23.9%     -  527s
     0     0   10.06541    0 2007    8.12647   10.06541  23.9%     -  527s
     0     0   10.06540    0 2007    8.12647   10.06540  23.9%     -  527s
     0     0   10.06540    0 2005    8.12647   10.06540  23.9%     -  527s
     0     0   10.05352    0 2161    8.12647   10.05352  23.7%     -  531s
     0     0   10.05351    0 2087    8.12647   10.05351  23.7%     -  532s
     0     0   10.05211    0 2093    8.12647   10.05211  23.7%     -  533s
     0     0   10.05205    0 2085    8.12647   10.05205  23.7%     -  533s
     0     0    9.98586    0 2119    8.12647    9.98586  22.9%     -  543s
     0     0    9.98524    0 2152    8.12647    9.98524  22.9%     -  544s
     0     0    9.98516    0 2156    8.12647    9.98516  22.9%     -  544s
     0     0    9.98516    0 2130    8.12647    9.98516  22.9%     -  544s
     0     0    9.98515    0 2149    8.12647    9.98515  22.9%     -  545s
     0     0    9.98515    0 2147    8.12647    9.98515  22.9%     -  545s
H    0     0                       8.1283790    9.98498  22.8%     -  556s
H    0     0                       8.1620312    9.98498  22.3%     -  558s
H    0     0                       8.2034103    9.98498  21.7%     -  559s
H    0     0                       8.2147157    9.98498  21.5%     -  559s
H    0     0                       8.2186981    9.98498  21.5%     -  560s
H    0     0                       8.2261297    9.98498  21.4%     -  560s
     0     0    9.96863    0 2256    8.22613    9.96863  21.2%     -  566s
     0     0    9.96855    0 2211    8.22613    9.96855  21.2%     -  567s
     0     0    9.96292    0 2104    8.22613    9.96292  21.1%     -  569s
     0     0    9.96264    0 2211    8.22613    9.96264  21.1%     -  570s
     0     0    9.96210    0 2093    8.22613    9.96210  21.1%     -  570s
     0     0    9.96210    0 2094    8.22613    9.96210  21.1%     -  570s
     0     0    9.91329    0 2126    8.22613    9.91329  20.5%     -  578s
     0     0    9.91238    0 2074    8.22613    9.91238  20.5%     -  579s
     0     0    9.89678    0 2170    8.22613    9.89678  20.3%     -  587s
     0     0    9.89440    0 2039    8.22613    9.89440  20.3%     -  589s
     0     0    9.83975    0 2280    8.22613    9.83975  19.6%     -  598s
     0     0    9.83948    0 2229    8.22613    9.83948  19.6%     -  599s
     0     0    9.83948    0 2229    8.22613    9.83948  19.6%     -  599s
     0     0    9.83948    0 2200    8.22613    9.83948  19.6%     -  599s
     0     0    9.82964    0 2182    8.22613    9.82964  19.5%     -  603s
     0     0    9.82924    0 2267    8.22613    9.82924  19.5%     -  604s
     0     0    9.82924    0 2216    8.22613    9.82924  19.5%     -  604s
     0     0    9.82574    0 2225    8.22613    9.82574  19.4%     -  607s
     0     0    9.82574    0 2223    8.22613    9.82574  19.4%     -  607s
     0     0    9.78355    0 1986    8.22613    9.78355  18.9%     -  616s
     0     0    9.78334    0 2120    8.22613    9.78334  18.9%     -  619s
     0     0    9.78334    0 2121    8.22613    9.78334  18.9%     -  619s
     0     0    9.77025    0 2180    8.22613    9.77025  18.8%     -  625s
     0     0    9.76988    0 2157    8.22613    9.76988  18.8%     -  626s
     0     0    9.76662    0 2078    8.22613    9.76662  18.7%     -  628s
     0     0    9.73239    0 2317    8.22613    9.73239  18.3%     -  638s
     0     0    9.73183    0 2350    8.22613    9.73183  18.3%     -  639s
     0     0    9.73183    0 2350    8.22613    9.73183  18.3%     -  639s
     0     0    9.73182    0 2297    8.22613    9.73182  18.3%     -  639s
     0     0    9.73182    0 2295    8.22613    9.73182  18.3%     -  639s
     0     0    9.73182    0 2292    8.22613    9.73182  18.3%     -  639s
     0     0    9.71902    0 2159    8.22613    9.71902  18.1%     -  642s
     0     0    9.71869    0 2204    8.22613    9.71869  18.1%     -  643s
     0     0    9.71869    0 2173    8.22613    9.71869  18.1%     -  643s
     0     0    9.71541    0 2267    8.22613    9.71541  18.1%     -  645s
     0     0    9.71538    0 2238    8.22613    9.71538  18.1%     -  645s
     0     0    9.69432    0 2211    8.22613    9.69432  17.8%     -  652s
     0     0    9.69392    0 2188    8.22613    9.69392  17.8%     -  653s
     0     0    9.69362    0 2187    8.22613    9.69362  17.8%     -  653s
     0     0    9.69332    0 2124    8.22613    9.69332  17.8%     -  653s
     0     0    9.69324    0 2179    8.22613    9.69324  17.8%     -  653s
     0     0    9.69324    0 2178    8.22613    9.69324  17.8%     -  654s
H    0     0                       8.2933067    9.69200  16.9%     -  676s
     0     2    9.69200    0 2178    8.29331    9.69200  16.9%     -  679s
     1     3    9.68777    1 2110    8.29331    9.68777  16.8%  3899  680s
     3     5    9.68566    3 2084    8.29331    9.68777  16.8%  3420  689s
     5     7    9.68445    5 2052    8.29331    9.68777  16.8%  2252  690s
     9    11    9.68280    9 2112    8.29331    9.68777  16.8%  1621  695s
    17    19    9.67799   17 1948    8.29331    9.68777  16.8%  1675  701s
    21    23    9.67554   20 1783    8.29331    9.68777  16.8%  1623  705s
    26    28    9.67420   25 1992    8.29331    9.68777  16.8%  1472  716s
    29    31    9.67212   28 2007    8.29331    9.68777  16.8%  1479  720s
    37    39    9.67110   35 1985    8.29331    9.68777  16.8%  1347  725s
    41    43    9.66960   38 1890    8.29331    9.68777  16.8%  1462  730s
    47    49    9.65829   43 1799    8.29331    9.68777  16.8%  1471  736s
    48    50    9.62128   43 1873    8.29331    9.68777  16.8%  1529  747s
    49    51    9.65699   44 1918    8.29331    9.68777  16.8%  1625  750s
H   52    52                       8.2957686    9.68777  16.8%  1574  753s
    52    54    9.65644   47 1919    8.29577    9.68777  16.8%  1587  762s
    55    57    9.65250   50 1731    8.29577    9.68777  16.8%  1603  766s
    59    61    9.65041   54 1724    8.29577    9.68777  16.8%  1629  770s
    66    68    9.63623   61 1719    8.29577    9.68777  16.8%  1654  777s
    78    80    9.63430   73 1876    8.29577    9.68777  16.8%  1461  780s
    79    81    9.63286   74 1789    8.29577    9.68777  16.8%  1493  795s
    83    85    9.63193   77 1889    8.29577    9.68777  16.8%  1533  800s
    94    96    9.62996   88 1948    8.29577    9.68777  16.8%  1421  805s
   111   113    9.62892  105 1635    8.29577    9.68777  16.8%  1263  810s
   122   124    9.61508  116 1689    8.29577    9.68777  16.8%  1207  815s
   145   147    9.61252  139 1569    8.29577    9.68777  16.8%  1068  820s
   161   163    9.60933  155 1706    8.29577    9.68777  16.8%  1006  825s
   176   178    9.60590  169 1687    8.29577    9.68777  16.8%   957  830s
   184   186    9.60260  177 1744    8.29577    9.68777  16.8%   965  835s
   194   196    9.60097  187 1859    8.29577    9.68777  16.8%   968  842s
   200   202    9.59896  193 1919    8.29577    9.68777  16.8%   959  845s
   203   205    9.59838  196 1872    8.29577    9.68777  16.8%   983  850s
   211   213    9.59743  204 1725    8.29577    9.68777  16.8%   986  855s
   218   220    9.59648  211 1804    8.29577    9.68777  16.8%   999  860s
   225   227    9.59487  218 1980    8.29577    9.68777  16.8%  1194  879s
   227   229    9.59485  220 1957    8.29577    9.68777  16.8%  1191  880s
   228   230    9.59469  221 1967    8.29577    9.68777  16.8%  1194  895s
   236   238    9.59342  229 1945    8.29577    9.68777  16.8%  1224  903s
   237   239    9.59334  230 1922    8.29577    9.68777  16.8%  1228  905s
   241   243    9.56654  233 1749    8.29577    9.68777  16.8%  1245  910s
   251   253    9.59033  243 1821    8.29577    9.68777  16.8%  1219  915s
   260   262    9.58856  251 1750    8.29577    9.68777  16.8%  1212  921s
   264   266    9.58702  255 1778    8.29577    9.68777  16.8%  1252  928s
   268   270    9.58364  259 1790    8.29577    9.68777  16.8%  1248  931s
   273   275    9.52646  262 1410    8.29577    9.68777  16.8%  1260  937s
   279   281    9.58197  268 1691    8.29577    9.68777  16.8%  1248  940s
   282   284    9.58157  271 1654    8.29577    9.68777  16.8%  1240  949s
   286   288    9.58095  275 1619    8.29577    9.68777  16.8%  1228  950s
   298   300    9.57727  287 1603    8.29577    9.68777  16.8%  1199  955s
   307   309    9.55989  296 1615    8.29577    9.68777  16.8%  1190  960s
   316   318    9.55534  305 1719    8.29577    9.68777  16.8%  1181  965s
   325   327    9.55318  314 1869    8.29577    9.68777  16.8%  1171  970s
   337   339    9.55174  326 1772    8.29577    9.68777  16.8%  1150  975s
   352   354    9.54949  341 1737    8.29577    9.68777  16.8%  1120  980s
   370   372    9.54769  359 1850    8.29577    9.68777  16.8%  1085  985s
   376   378    9.54492  365 1859    8.29577    9.68777  16.8%  1078  994s
   377   379    9.54424  366 1908    8.29577    9.68777  16.8%  1079  995s
   396   398    9.54151  385 1859    8.29577    9.68777  16.8%  1044 1000s
   415   417    9.54054  404 1721    8.29577    9.68777  16.8%  1012 1005s
   416   418    9.54048  405 1635    8.29577    9.68777  16.8%  1010 1027s
   423   425    9.53991  412 1712    8.29577    9.68777  16.8%  1003 1030s
   442   444    9.53882  431 1791    8.29577    9.68777  16.8%   971 1035s
   454   456    9.53551  443 1778    8.29577    9.68777  16.8%   963 1040s
   470   472    9.53117  459 1914    8.29577    9.68777  16.8%   944 1045s
   492   494    9.52873  481 1726    8.29577    9.68777  16.8%   916 1050s
   508   510    9.52611  497 1657    8.29577    9.68777  16.8%   901 1055s
   526   528    9.52280  515 1675    8.29577    9.68777  16.8%   884 1060s
   542   544    9.52123  531 1591    8.29577    9.68777  16.8%   871 1065s
   559   561    9.51890  548 1816    8.29577    9.68777  16.8%   859 1070s
   574   576    9.51794  563 1831    8.29577    9.68777  16.8%   847 1075s
   584   586    9.50432  572 1783    8.29577    9.68777  16.8%   845 1080s
   595   597    9.50283  583 1690    8.29577    9.68777  16.8%   841 1085s
   601   603    9.50258  589 1676    8.29577    9.68777  16.8%   844 1090s
   612   614    9.50053  600 1793    8.29577    9.68777  16.8%   838 1095s
   618   620    9.49726  605 1675    8.29577    9.68777  16.8%   844 1100s
   623   625    9.49676  610 1777    8.29577    9.68777  16.8%   849 1105s
   633   635    9.49339  620 1694    8.29577    9.68777  16.8%   849 1111s
   639   641    9.49038  626 1623    8.29577    9.68777  16.8%   852 1115s
   653   655    9.48776  640 1620    8.29577    9.68777  16.8%   844 1120s
   658   660    9.48689  644 1552    8.29577    9.68777  16.8%   844 1131s
   674   676    9.48560  660 1563    8.29577    9.68777  16.8%   832 1135s
   678   680    9.48502  664 1706    8.29577    9.68777  16.8%   840 1140s
   703   705    9.48380  689 1684    8.29577    9.68777  16.8%   818 1145s
   727   729    9.48265  713 1731    8.29577    9.68777  16.8%   802 1150s
   738   740    9.48052  724 1660    8.29577    9.68777  16.8%   798 1155s
   758   760    9.47913  744 1736    8.29577    9.68777  16.8%   786 1160s
   776   778    9.47744  762 1750    8.29577    9.68777  16.8%   777 1165s
   792   794    9.47535  778 1657    8.29577    9.68777  16.8%   769 1170s
   806   808    9.47267  791 1621    8.29577    9.68777  16.8%   766 1175s
   824   826    9.46924  808 1758    8.29577    9.68777  16.8%   758 1180s
   845   847    9.46769  829 1615    8.29577    9.68777  16.8%   745 1185s
   864   866    9.46366  848 1418    8.29577    9.68777  16.8%   739 1191s
   874   876    9.46254  858 1597    8.29577    9.68777  16.8%   736 1195s
   894   896    9.46047  878 1699    8.29577    9.68777  16.8%   728 1200s
   901   903    9.45962  885 1547    8.29577    9.68777  16.8%   725 1218s
   908   910    9.45919  892 1463    8.29577    9.68777  16.8%   723 1220s
   927   929    9.45675  911 1565    8.29577    9.68777  16.8%   717 1225s
   940   942    9.45449  924 1507    8.29577    9.68777  16.8%   715 1235s
   964   966    9.45075  948 1552    8.29577    9.68777  16.8%   704 1240s
   977   979    9.44830  961 1640    8.29577    9.68777  16.8%   701 1245s
   999  1001    9.44602  983 1559    8.29577    9.68777  16.8%   692 1250s
  1023  1025    9.44149 1006 1333    8.29577    9.68777  16.8%   683 1255s
  1037  1039    9.44050 1019 1280    8.29577    9.68777  16.8%   681 1260s
  1050  1052    9.43698 1031 1311    8.29577    9.68777  16.8%   679 1265s
  1061  1063    9.43051 1042 1345    8.29577    9.68777  16.8%   679 1270s
  1069  1071    9.42542 1048 1441    8.29577    9.68777  16.8%   681 1275s
  1094  1096    9.42029 1073 1396    8.29577    9.68777  16.8%   672 1280s
  1117  1119    9.41665 1096 1425    8.29577    9.68777  16.8%   664 1285s
  1142  1144    9.41238 1121 1398    8.29577    9.68777  16.8%   656 1290s
  1158  1160    9.40916 1137 1433    8.29577    9.68777  16.8%   654 1295s
  1175  1177    9.40654 1153 1431    8.29577    9.68777  16.8%   651 1300s
  1199  1201    9.40493 1177 1320    8.29577    9.68777  16.8%   644 1305s
  1222  1224    9.40330 1200 1397    8.29577    9.68777  16.8%   638 1310s
  1243  1245    9.40112 1221 1491    8.29577    9.68777  16.8%   632 1315s
  1275  1277    9.39895 1253 1426    8.29577    9.68777  16.8%   622 1320s
  1296  1298    9.39523 1273 1346    8.29577    9.68777  16.8%   618 1325s
  1305  1307    9.38875 1282 1510    8.29577    9.68777  16.8%   619 1330s
  1319  1321    9.38409 1296 1472    8.29577    9.68777  16.8%   618 1335s
  1337  1339    9.38099 1314 1527    8.29577    9.68777  16.8%   613 1356s
  1352  1354    9.37698 1329 1492    8.29577    9.68777  16.8%   610 1360s
  1363  1365    9.37057 1339 1582    8.29577    9.68777  16.8%   611 1365s
  1382  1384    9.36614 1358 1483    8.29577    9.68777  16.8%   608 1370s
  1410  1412    9.36044 1386 1499    8.29577    9.68777  16.8%   600 1375s
  1433  1435    9.35802 1408 1460    8.29577    9.68777  16.8%   596 1380s
  1459  1461    9.35452 1434 1385    8.29577    9.68777  16.8%   590 1385s
  1480  1482    9.34756 1455 1416    8.29577    9.68777  16.8%   587 1390s
  1511  1513    9.34404 1486 1477    8.29577    9.68777  16.8%   579 1395s
  1514  1516    9.34398 1489 1526    8.29577    9.68777  16.8%   584 1401s
  1526  1528    9.34229 1501 1415    8.29577    9.68777  16.8%   586 1407s
  1539  1541    9.34066 1514 1464    8.29577    9.68777  16.8%   584 1410s
  1557  1559    9.32927 1531 1486    8.29577    9.68777  16.8%   582 1415s
  1566  1568    9.31969 1540 1509    8.29577    9.68777  16.8%   583 1420s
  1585  1587    9.31552 1559 1460    8.29577    9.68777  16.8%   582 1425s
  1597  1599    9.30061 1570 1521    8.29577    9.68777  16.8%   582 1430s
  1620  1622    9.30950 1593 1590    8.29577    9.68777  16.8%   577 1435s
  1647  1649    9.30480 1620 1508    8.29577    9.68777  16.8%   573 1440s
  1670  1672    9.30174 1643 1641    8.29577    9.68777  16.8%   569 1445s
  1698  1700    9.29895 1671 1558    8.29577    9.68777  16.8%   563 1450s
  1728  1730    9.29681 1701 1643    8.29577    9.68777  16.8%   557 1455s
  1763  1765    9.29403 1736 1652    8.29577    9.68777  16.8%   549 1460s
  1795  1797    9.28954 1768 1622    8.29577    9.68777  16.8%   543 1465s
  1824  1826    9.28649 1797 1640    8.29577    9.68777  16.8%   537 1470s
  1850  1852    9.28196 1823 1454    8.29577    9.68777  16.8%   533 1475s
  1874  1876    9.27902 1847 1418    8.29577    9.68777  16.8%   530 1480s
  1901  1903    9.27337 1873 1615    8.29577    9.68777  16.8%   527 1485s
  1916  1918    9.27165 1887 1641    8.29577    9.68777  16.8%   527 1490s
  1943  1945    9.26992 1914 1510    8.29577    9.68777  16.8%   523 1495s
  1958  1960    9.26708 1929 1422    8.29577    9.68777  16.8%   522 1531s
H 1975  1975                       8.2997206    9.68777  16.7%   519 1534s
  1977  1979    9.26557 1948 1473    8.29972    9.68777  16.7%   519 1535s
  1994  1996    9.26454 1965 1530    8.29972    9.68777  16.7%   517 1543s
  1998  2000    9.26445 1969 1449    8.29972    9.68777  16.7%   516 1545s
  2004  2006    9.26019 1974 1435    8.29972    9.68777  16.7%   519 1551s
  2024  2026    9.25716 1994 1449    8.29972    9.68777  16.7%   517 1555s
  2059  2061    9.25495 2029 1332    8.29972    9.68777  16.7%   510 1560s
  2091  2093    9.25200 2060 1488    8.29972    9.68777  16.7%   506 1565s
  2115  2117    9.24496 2084 1517    8.29972    9.68777  16.7%   504 1570s
  2155  2157    9.24310 2124 1464    8.29972    9.68777  16.7%   497 1575s
  2179  2181    9.23898 2147 1425    8.29972    9.68777  16.7%   495 1580s
  2214  2216    9.23642 2182 1314    8.29972    9.68777  16.7%   490 1585s
  2251  2253    9.22857 2219 1478    8.29972    9.68777  16.7%   485 1590s
  2293  2295    9.22618 2261 1386    8.29972    9.68777  16.7%   478 1595s
  2335  2337    9.22422 2303 1462    8.29972    9.68777  16.7%   472 1600s
  2377  2379    9.21971 2345 1423    8.29972    9.68777  16.7%   466 1605s
  2410  2412    9.21778 2378 1446    8.29972    9.68777  16.7%   462 1610s
  2437  2439    9.21141 2405 1432    8.29972    9.68777  16.7%   460 1615s
  2472  2474    9.20807 2440 1428    8.29972    9.68777  16.7%   456 1620s
  2509  2511    9.20273 2477 1374    8.29972    9.68777  16.7%   452 1625s
  2546  2548    9.19396 2514 1240    8.29972    9.68777  16.7%   447 1630s
  2551  2552    9.46515  841  783    8.29972    9.68777  16.7%   447 1677s
  2553  2553    9.38438 1295  565    8.29972    9.68777  16.7%   446 1682s
  2554  2554    9.27000 1912  760    8.29972    9.68777  16.7%   446 1687s
  2555  2555    9.26634 1947 1093    8.29972    9.68777  16.7%   446 1695s
  2556  2555    9.50283  584 1449    8.29972    9.68777  16.7%   446 1704s
  2557  2556    9.35452 1436 1651    8.29972    9.68777  16.7%   446 1715s
  2558  2557    9.47917  744 1813    8.29972    9.68777  16.7%   445 1732s
  2559  2557    9.39524 1273 1791    8.29972    9.68777  16.7%   445 1746s
  2560  2558    9.21784 2377 2027    8.29972    9.68777  16.7%   445 1764s
  2561  2559    9.26766 1924 1832    8.29972    9.68777  16.7%   445 1780s
  2562  2559    9.52256  519 1982    8.29972    9.68777  16.7%   445 1797s
  2563  2560    9.40112 1222 2093    8.29972    9.68777  16.7%   445 1812s
  2564  2561    9.55288  318 1951    8.29972    9.68777  16.7%   444 1826s
  2565  2561    9.46643  845 2207    8.29972    9.68777  16.7%   444 1839s
  2566  2562    9.29314 1759 1910    8.29972    9.68487  16.7%   444 1852s
  2567  2563    9.31259 1576 1820    8.29972    9.61008  15.8%   444 1861s
  2568  2563    9.26019 1975 1854    8.29972    9.56461  15.2%   444 1870s
  2569  2564    9.20917 2423 1981    8.29972    9.53201  14.8%   443 1877s
  2570  2565    9.27048 1911 1931    8.29972    9.52136  14.7%   443 1880s
  2572  2566    9.51191  543 1795    8.29972    9.51191  14.6%   443 1886s
  2573  2567    9.21011 2413 1986    8.29972    9.42658  13.6%   443 1898s
  2574  2567    9.20973 2416 1895    8.29972    9.40292  13.3%   443 1905s
  2575  2568    9.35800  957 1744    8.29972    9.35800  12.8%   442 1913s
  2578  2571    9.35800  720  783    8.29972    9.35800  12.8%   705 1915s
  2581  2573    9.35800  882  737    8.29972    9.35800  12.8%   704 1925s
  2582  2574    9.35800 1367 1111    8.29972    9.35800  12.8%   704 1933s
  2583  2574    9.20714 2457 1195    8.29972    9.35800  12.8%   704 1941s
  2584  2575    9.35800   14 1608    8.29972    9.35800  12.8%   703 1954s
  2585  2576    9.35800 1215 1750    8.29972    9.35800  12.8%   703 1968s
  2586  2576    9.35800 1181 1887    8.29972    9.35800  12.8%   703 1985s
  2587  2577    9.35800 1117 2015    8.29972    9.35800  12.8%   703 2004s
  2588  2578    9.27311 1880 1976    8.29972    9.35800  12.8%   702 2021s
  2589  2578    9.35800 1195 1767    8.29972    9.35800  12.8%   702 2039s
  2590  2579    9.35800   40 2205    8.29972    9.35800  12.8%   702 2055s
  2591  2580    9.35800  938 2066    8.29972    9.35800  12.8%   702 2068s
  2592  2580    9.35800 1252 1897    8.29972    9.35800  12.8%   701 2080s
  2593  2581    9.34600 1468 2239    8.29972    9.35800  12.8%   701 2091s
  2594  2582    9.29367 1750 1813    8.29972    9.35800  12.8%   701 2102s
  2595  2582    9.35800   25 1803    8.29972    9.35800  12.8%   700 2111s
  2596  2583    9.34699  815 1639    8.29972    9.34699  12.6%   700 2122s
  2597  2584    9.32452 1252 2140    8.29972    9.32452  12.3%   700 2127s
  2598  2584    9.30998 1270 1953    8.29972    9.30998  12.2%   700 2131s
  2600  2586    9.29964 1610 1835    8.29972    9.29964  12.0%   699 2141s
  2601  2586    9.25846 1183 1737    8.29972    9.25846  11.6%   699 2151s
  2602  2587    9.20395 2466 1893    8.29972    9.24909  11.4%   699 2158s
  2603  2588    9.21647  978 1701    8.29972    9.21647  11.0%   698 2166s
  2604  2588    9.20028  330 1894    8.29972    9.20028  10.9%   698 2171s
  2605  2589    9.14607  975 1797    8.29972    9.14607  10.2%   698 2180s
  2610  2593    9.14607 1924  785    8.29972    9.14607  10.2%   985 2185s
  2611  2594    9.14607 1918  842    8.29972    9.14607  10.2%   984 2192s
  2612  2595    9.14607 1294 1276    8.29972    9.14607  10.2%   984 2199s
  2613  2595    9.14607 2171 1321    8.29972    9.14607  10.2%   984 2207s
  2614  2596    9.14607  454 1580    8.29972    9.14607  10.2%   983 2219s
  2615  2597    9.14607 1528 1796    8.29972    9.14607  10.2%   983 2236s
  2616  2597    9.14607 2168 1923    8.29972    9.14607  10.2%   983 2252s
  2617  2598    9.14607  389 1809    8.29972    9.14607  10.2%   982 2267s
  2618  2599    9.14607 1675 2019    8.29972    9.14607  10.2%   982 2284s
  2619  2599    9.14607 1568 1746    8.29972    9.14607  10.2%   981 2301s
  2620  2600    9.14607 1504 1853    8.29972    9.14607  10.2%   981 2314s
  2621  2601    9.14607  523 1779    8.29972    9.14607  10.2%   981 2328s
  2622  2601    9.14607 1774 1959    8.29972    9.14607  10.2%   980 2339s
  2623  2602    9.14607  713 1927    8.29972    9.14607  10.2%   980 2351s
  2624  2603    9.14607 1594 1843    8.29972    9.14607  10.2%   980 2361s
  2625  2603    9.14607  507 1827    8.29972    9.14607  10.2%   979 2370s
  2626  2604    9.14607 1214 2044    8.29972    9.14607  10.2%   979 2379s
  2627  2605    9.12732    1 1801    8.29972    9.12732  10.0%   978 2389s
  2628  2605    9.10772 1908 1910    8.29972    9.10772  9.74%   978 2393s
  2629  2606    9.10227 2354 1887    8.29972    9.10227  9.67%   978 2402s
  2630  2607    9.06463  301 2004    8.29972    9.06463  9.22%   977 2410s
  2631  2607    9.04917 1318 1697    8.29972    9.04917  9.03%   977 2415s
  2632  2608    9.00972  539 1762    8.29972    9.00972  8.55%   977 2424s
  2635  2611    9.00972 1566  783    8.29972    9.00972  8.55%  1238 2425s
  2637  2612    9.00972   38  782    8.29972    9.00972  8.55%  1237 2430s
  2638  2613    9.00972  650  890    8.29972    9.00972  8.55%  1236 2437s
  2639  2614    9.00972 1604 1136    8.29972    9.00972  8.55%  1236 2443s
  2640  2614    9.00972  384 1293    8.29972    9.00972  8.55%  1235 2452s
  2641  2615    9.00972 1854 1327    8.29972    9.00972  8.55%  1235 2465s
  2642  2616    9.00972  781 1696    8.29972    9.00972  8.55%  1234 2481s
  2643  2616    9.00972 1632 2150    8.29972    9.00972  8.55%  1234 2500s
  2644  2617    9.00972 1132 1743    8.29972    9.00972  8.55%  1234 2516s
  2645  2618    9.00972  144 1889    8.29972    9.00972  8.55%  1233 2529s
  2646  2618    9.00972   27 1809    8.29972    9.00972  8.55%  1233 2547s
  2647  2619    9.00972 1688 2011    8.29972    9.00972  8.55%  1232 2566s
  2648  2620    9.00972 1525 1881    8.29972    9.00972  8.55%  1232 2583s
  2649  2620    9.00972   12 1945    8.29972    9.00972  8.55%  1231 2596s
  2650  2621    9.00972 1725 1943    8.29972    9.00972  8.55%  1231 2606s
  2651  2622    9.00972  841 1864    8.29972    9.00972  8.55%  1230 2618s
  2652  2622    9.00972  408 1636    8.29972    9.00972  8.55%  1230 2627s
  2653  2623    9.00972 1295 1700    8.29972    9.00972  8.55%  1229 2634s
  2654  2624    9.00465 1912 1578    8.29972    9.00465  8.49%  1229 2639s
  2655  2624    8.98477 1947 1871    8.29972    8.98477  8.25%  1228 2644s
  2656  2625    8.97804  584 1774    8.29972    8.97804  8.17%  1228 2648s
  2657  2626    8.97597 1436 1784    8.29972    8.97597  8.15%  1228 2651s
  2658  2626    8.94626  744 1778    8.29972    8.94626  7.79%  1227 2660s
  2659  2627    8.93930 1273 1757    8.29972    8.93930  7.71%  1227 2669s
  2660  2628    8.91006 2377 1907    8.29972    8.91006  7.35%  1226 2674s
  2661  2628    8.90137 1924 2025    8.29972    8.90137  7.25%  1226 2678s
  2662  2629    8.86930  519 1554    8.29972    8.86930  6.86%  1225 2685s
  2664  2630    8.83170  318 1755    8.29972    8.83170  6.41%  1224 2693s
  2667  2634    8.83170 1576  783    8.29972    8.83170  6.41%  1509 2695s
  2669  2635    8.83170 2423  834    8.29972    8.83170  6.41%  1507 2700s
  2670  2636    8.83170 1911 1047    8.29972    8.83170  6.41%  1507 2707s
  2671  2637    8.83170 1511 1146    8.29972    8.83170  6.41%  1506 2713s
  2672  2637    8.83170  543 1443    8.29972    8.83170  6.41%  1506 2723s
  2673  2638    8.83170 2413 1560    8.29972    8.83170  6.41%  1505 2736s
  2674  2639    8.83170 2416 1842    8.29972    8.83170  6.41%  1505 2753s
  2675  2639    8.83170  957 1831    8.29972    8.83170  6.41%  1504 2771s
  2676  2640    8.83170 2345 1923    8.29972    8.83170  6.41%  1503 2787s
  2677  2641    8.83170 1927 1763    8.29972    8.83170  6.41%  1503 2809s
  2678  2641    8.83170  720 1888    8.29972    8.83170  6.41%  1502 2827s
  2679  2642    8.83170 1268 1830    8.29972    8.83170  6.41%  1502 2843s
  2680  2643    8.83170 1369 1693    8.29972    8.83170  6.41%  1501 2860s
  2681  2643    8.83170  882 1719    8.29972    8.83170  6.41%  1501 2874s
  2682  2644    8.83170 1367 1768    8.29972    8.83170  6.41%  1500 2885s
  2683  2645    8.83170 2457 2086    8.29972    8.83170  6.41%  1500 2897s
  2684  2645    8.83170   14 1727    8.29972    8.83170  6.41%  1499 2905s
  2685  2646    8.83170 1215 1728    8.29972    8.83170  6.41%  1498 2912s
  2686  2647    8.83170 1181 1789    8.29972    8.83170  6.41%  1498 2918s
  2687  2647    8.83130 1117 1542    8.29972    8.83130  6.40%  1497 2922s
  2688  2648    8.81976 1880 1688    8.29972    8.81976  6.27%  1497 2925s
  2690  2649    8.81136   40 1565    8.29972    8.81136  6.16%  1496 2930s
  2691  2650    8.79014  938 1559    8.29972    8.79014  5.91%  1495 2936s
  2693  2651    8.76399 1468 1555    8.29972    8.76399  5.59%  1494 2944s
  2696  2655    8.76399  815  783    8.29972    8.76399  5.59%  1765 2946s
  2698  2656    8.76399 1270  666    8.29972    8.76399  5.59%  1764 2951s
  2699  2657    8.76399 1642  956    8.29972    8.76399  5.59%  1763 2960s
  2700  2658    8.76399 1610 1309    8.29972    8.76399  5.59%  1763 2965s
  2701  2658    8.76399 1183 1323    8.29972    8.76399  5.59%  1762 2975s
  2702  2659    8.76399 2466 1484    8.29972    8.76399  5.59%  1761 2988s
  2703  2660    8.76399  978 1583    8.29972    8.76399  5.59%  1761 3001s
  2704  2660    8.76399  330 2010    8.29972    8.76399  5.59%  1760 3020s
  2705  2661    8.76399  975 1798    8.29972    8.76399  5.59%  1760 3035s
  2706  2662    8.76399 1230 1721    8.29972    8.76399  5.59%  1759 3054s
  2707  2662    8.76399 1005 1626    8.29972    8.76399  5.59%  1758 3072s
  2708  2663    8.76399  200 2010    8.29972    8.76399  5.59%  1758 3087s
  2709  2664    8.76399  289 1932    8.29972    8.76399  5.59%  1757 3103s
  2710  2664    8.76399 1924 1938    8.29972    8.76399  5.59%  1756 3114s
  2711  2665    8.76399 1918 1660    8.29972    8.76399  5.59%  1756 3124s
  2712  2666    8.76399 1294 1986    8.29972    8.76399  5.59%  1755 3132s
  2713  2666    8.76399 2171 1640    8.29972    8.76399  5.59%  1754 3142s
  2714  2667    8.76399  454 1743    8.29972    8.76399  5.59%  1754 3151s
  2715  2668    8.76399 1528 1720    8.29972    8.76399  5.59%  1753 3158s
  2716  2668    8.76390 2168 1712    8.29972    8.76390  5.59%  1752 3163s
  2717  2669    8.75552  389 1582    8.29972    8.75552  5.49%  1752 3166s
  2719  2670    8.74890 1568 1596    8.29972    8.74890  5.41%  1750 3170s
  2720  2671    8.73076 1504 1754    8.29972    8.73076  5.19%  1750 3177s
  2721  2672    8.72749  523 1987    8.29972    8.72749  5.15%  1749 3182s
  2722  2672    8.70806 1774 1478    8.29972    8.70806  4.92%  1749 3187s
  2724  2674    8.68799 1594 1707    8.29972    8.68799  4.68%  1747 3195s
  2726  2675    8.65438 1214 1595    8.29972    8.65438  4.27%  1746 3204s
  2729  2678    8.65438 2354  783    8.29972    8.65438  4.27%  2018 3205s
  2731  2679    8.65438 1318  881    8.29972    8.65438  4.27%  2016 3211s
  2732  2680    8.65438  539  968    8.29972    8.65438  4.27%  2016 3218s
  2733  2681    8.65438 1347 1101    8.29972    8.65438  4.27%  2015 3225s
  2734  2681    8.65438 1085 1331    8.29972    8.65438  4.27%  2014 3237s
  2735  2682    8.65438 1566 1629    8.29972    8.65438  4.27%  2013 3248s
  2736  2683    8.65438 1305 1673    8.29972    8.65438  4.27%  2013 3265s
  2737  2683    8.65438   38 1740    8.29972    8.65438  4.27%  2012 3283s
  2738  2684    8.65438  650 1876    8.29972    8.65438  4.27%  2011 3302s
  2739  2685    8.65438 1604 1810    8.29972    8.65438  4.27%  2010 3317s
  2740  2685    8.65438  384 1850    8.29972    8.65438  4.27%  2010 3332s
  2741  2686    8.65438 1854 1730    8.29972    8.65438  4.27%  2009 3350s
  2742  2687    8.65438  781 1751    8.29972    8.65438  4.27%  2008 3362s
  2743  2687    8.65438 1632 1748    8.29972    8.65438  4.27%  2008 3373s
  2744  2688    8.65438 1132 1773    8.29972    8.65438  4.27%  2007 3386s
  2745  2689    8.65438  144 1531    8.29972    8.65438  4.27%  2006 3395s
  2746  2689    8.65438   27 1614    8.29972    8.65438  4.27%  2005 3403s
  2747  2690    8.65438 1688 1510    8.29972    8.65438  4.27%  2005 3409s
  2748  2691    8.65438 1525 1724    8.29972    8.65438  4.27%  2004 3416s
  2749  2691    8.65438   12 1649    8.29972    8.65438  4.27%  2003 3424s
  2750  2692    8.65438 1725 1671    8.29972    8.65438  4.27%  2002 3430s
  2751  2693    8.65438  841 1489    8.29972    8.65438  4.27%  2002 3435s
  2753  2694    8.63899 1295 1391    8.29972    8.63899  4.09%  2000 3440s
  2755  2695    8.62095 1947 1380    8.29972    8.62095  3.87%  1999 3448s
  2756  2696    8.60848  584 1489    8.29972    8.60848  3.72%  1998 3451s
  2761  2700    8.60848 1924  787    8.29972    8.60848  3.72%  2258 3458s
  2762  2701    8.60848  519  951    8.29972    8.60848  3.72%  2257 3462s
  2763  2702    8.60848 1222 1197    8.29972    8.60848  3.72%  2256 3468s
  2764  2702    8.60848  318 1384    8.29972    8.60848  3.72%  2255 3478s
  2765  2703    8.60848  845 1588    8.29972    8.60848  3.72%  2254 3496s
  2766  2704    8.60848 1759 1759    8.29972    8.60848  3.72%  2254 3513s
  2767  2704    8.60848 1576 1714    8.29972    8.60848  3.72%  2253 3529s
  2768  2705    8.60848 1975 1826    8.29972    8.60848  3.72%  2252 3543s
  2769  2706    8.60848 2423 1935    8.29972    8.60848  3.72%  2251 3559s
  2770  2706    8.60848 1911 1579    8.29972    8.60848  3.72%  2250 3575s
  2771  2707    8.60848 1511 1705    8.29972    8.60848  3.72%  2250 3588s

Cutting planes:
  Learned: 70
  Gomory: 53
  Cover: 479
  Implied bound: 1066
  Projected implied bound: 179
  Clique: 1286
  MIR: 312
  Mixing: 11
  StrongCG: 22
  Flow cover: 519
  GUB cover: 453
  Zero half: 12
  RLT: 516
  Relax-and-lift: 1797
  BQP: 7
  PSD: 2

Explored 2771 nodes (8195590 simplex iterations) in 3600.01 seconds (9784.39 work units)
Thread count was 1 (of 11 available processors)

Solution count 10: 8.29972 8.29577 8.29331 ... 8.12647

Time limit reached
Best objective 8.299720572091e+00, best bound 8.608479191100e+00, gap 3.7201%
