
Gurobi 12.0.0 (mac64[arm]) logging started Tue Dec  9 23:13:52 2025

Set parameter LogFile to value "/Users/lennardhansmann/Desktop/Newspaperlayout/newspaperlayout/Instances/Diss/Large/L30P180(A)/sol/L30P180A6(A).log"
Set parameter Threads to value 1
Gurobi Optimizer version 12.0.0 build v12.0.0rc1 (mac64[arm] - Darwin 24.6.0 24G90)

CPU model: Apple M3 Pro
Thread count: 11 physical cores, 11 logical processors, using up to 1 threads

Non-default parameters:
TimeLimit  3600
Threads  1

Optimize a model with 30753 rows, 82719 columns and 1054145 nonzeros
Model fingerprint: 0x890653c5
Variable types: 8033 continuous, 74686 integer (74686 binary)
Coefficient statistics:
  Matrix range     [1e-03, 1e+04]
  Objective range  [1e+00, 1e+00]
  Bounds range     [1e+00, 1e+04]
  RHS range        [9e-01, 1e+04]
Presolve removed 3266 rows and 21291 columns (presolve time = 5s)...
Presolve removed 3950 rows and 41448 columns
Presolve time: 9.37s
Presolved: 26803 rows, 41271 columns, 462535 nonzeros
Variable types: 3233 continuous, 38038 integer (34965 binary)
Found heuristic solution: objective -15.0000000
Found heuristic solution: objective -14.8789913

Root simplex log...

Iteration    Objective       Primal Inf.    Dual Inf.      Time
       0    1.3384231e+02   2.219798e+02   0.000000e+00     10s
   17371    1.7581093e+01   6.709886e+04   0.000000e+00     10s
   41517    1.4090464e+01   0.000000e+00   0.000000e+00     15s
   41517    1.4090464e+01   0.000000e+00   0.000000e+00     15s

Root relaxation: objective 1.409046e+01, 41517 iterations, 5.00 seconds (11.04 work units)
Total elapsed time = 15.03s (DegenMoves)

    Nodes    |    Current Node    |     Objective Bounds      |     Work
 Expl Unexpl |  Obj  Depth IntInf | Incumbent    BestBd   Gap | It/Node Time

     0     0   14.09046    0  755  -14.87899   14.09046   195%     -   15s
H    0     0                      -1.8206216   14.09046   874%     -   15s
H    0     0                      -1.4233273   14.09046  1090%     -   15s
H    0     0                      -0.7636840   14.09046  1945%     -   15s
H    0     0                      -0.1024201   14.09046      -     -   15s
H    0     0                       0.2178407   14.09046  6368%     -   15s
H    0     0                       0.4689662   14.09046  2905%     -   15s
H    0     0                       0.6478802   14.09046  2075%     -   15s
     0     0   13.94903    0  897    0.64788   13.94903  2053%     -   19s
H    0     0                       1.5769603   13.94903   785%     -   19s
H    0     0                       2.5684375   13.94903   443%     -   19s
     0     0   13.93205    0  785    2.56844   13.93205   442%     -   20s
     0     0   13.63007    0  974    2.56844   13.63007   431%     -   23s
     0     0   13.62974    0  934    2.56844   13.62974   431%     -   23s
H    0     0                       2.8434375   13.62907   379%     -   23s
H    0     0                       3.1184375   13.62907   337%     -   23s
H    0     0                       3.3934375   13.62907   302%     -   23s
H    0     0                       3.5809208   13.62907   281%     -   23s
H    0     0                       3.8119978   13.62907   258%     -   23s
H    0     0                       4.0110839   13.62907   240%     -   23s
H    0     0                       4.0463742   13.62907   237%     -   23s
H    0     0                       4.0550410   13.62907   236%     -   23s
H    0     0                       4.3147937   13.62907   216%     -   23s
H    0     0                       4.4031402   13.62907   210%     -   23s
     0     0   13.60931    0  990    4.40314   13.60931   209%     -   25s
     0     0   12.99180    0 1317    4.40314   12.99180   195%     -   32s
H    0     0                       4.4753731   12.99180   190%     -   32s
     0     0   12.98251    0 1365    4.47537   12.98251   190%     -   33s
     0     0   12.97931    0 1264    4.47537   12.97931   190%     -   34s
     0     0   12.97885    0 1289    4.47537   12.97885   190%     -   34s
     0     0   12.97873    0 1331    4.47537   12.97873   190%     -   34s
     0     0   12.61513    0 1539    4.47537   12.61513   182%     -   43s
     0     0   12.61511    0 1539    4.47537   12.61511   182%     -   43s
H    0     0                       4.5078987   12.61511   180%     -   43s
H    0     0                       4.9626814   12.61511   154%     -   44s
H    0     0                       5.0452600   12.61511   150%     -   44s
H    0     0                       5.2883820   12.61511   139%     -   44s
H    0     0                       5.2937158   12.61511   138%     -   44s
H    0     0                       5.8914936   12.61511   114%     -   44s
     0     0   12.57794    0 1505    5.89149   12.57794   113%     -   47s
     0     0   12.57337    0 1577    5.89149   12.57337   113%     -   50s
     0     0   12.57026    0 1572    5.89149   12.57026   113%     -   50s
     0     0   12.57017    0 1556    5.89149   12.57017   113%     -   50s
     0     0   12.31130    0 1582    5.89149   12.31130   109%     -   57s
H    0     0                       6.1199797   12.31130   101%     -   57s
H    0     0                       6.3879189   12.31130  92.7%     -   57s
     0     0   12.29210    0 1690    6.38792   12.29210  92.4%     -   60s
     0     0   12.29138    0 1607    6.38792   12.29138  92.4%     -   60s
     0     0   12.28153    0 1559    6.38792   12.28153  92.3%     -   61s
     0     0   12.27972    0 1560    6.38792   12.27972  92.2%     -   62s
     0     0   12.27968    0 1570    6.38792   12.27968  92.2%     -   62s
     0     0   12.02700    0 1621    6.38792   12.02700  88.3%     -   69s
H    0     0                       6.4244117   12.02700  87.2%     -   71s
H    0     0                       6.8810576   12.02700  74.8%     -   71s
H    0     0                       7.1853690   12.02700  67.4%     -   71s
H    0     0                       7.2079460   12.02700  66.9%     -   72s
     0     0   11.99679    0 1662    7.20795   11.99679  66.4%     -   75s
     0     0   11.99373    0 1683    7.20795   11.99373  66.4%     -   76s
     0     0   11.99357    0 1733    7.20795   11.99357  66.4%     -   77s
     0     0   11.78937    0 1646    7.20795   11.78937  63.6%     -   89s
H    0     0                       7.3344998   11.78937  60.7%     -   89s
     0     0   11.72999    0 1749    7.33450   11.72999  59.9%     -   94s
     0     0   11.71364    0 1756    7.33450   11.71364  59.7%     -   96s
     0     0   11.71153    0 1747    7.33450   11.71153  59.7%     -   97s
     0     0   11.71116    0 1735    7.33450   11.71116  59.7%     -   97s
     0     0   11.49501    0 1634    7.33450   11.49501  56.7%     -  108s
H    0     0                       7.6024391   11.49501  51.2%     -  109s
H    0     0                       7.7325710   11.49501  48.7%     -  109s
H    0     0                       7.7808731   11.49501  47.7%     -  109s
H    0     0                       7.8709117   11.49501  46.0%     -  110s
H    0     0                       7.9119897   11.49501  45.3%     -  110s
     0     0   11.47745    0 1652    7.91199   11.47745  45.1%     -  114s
     0     0   11.47589    0 1611    7.91199   11.47589  45.0%     -  115s
     0     0   11.47588    0 1586    7.91199   11.47588  45.0%     -  115s
     0     0   11.31639    0 1862    7.91199   11.31639  43.0%     -  123s
     0     0   11.29550    0 1859    7.91199   11.29550  42.8%     -  129s
     0     0   11.29197    0 1966    7.91199   11.29197  42.7%     -  131s
     0     0   11.29059    0 1827    7.91199   11.29059  42.7%     -  133s
     0     0   11.14961    0 1799    7.91199   11.14961  40.9%     -  148s
H    0     0                       8.0076643   11.14961  39.2%     -  149s
H    0     0                       8.1340288   11.14961  37.1%     -  149s
     0     0   11.13046    0 1783    8.13403   11.13046  36.8%     -  155s
     0     0   11.12726    0 1751    8.13403   11.12726  36.8%     -  157s
     0     0   11.12675    0 1764    8.13403   11.12675  36.8%     -  158s
     0     0   10.95840    0 1956    8.13403   10.95840  34.7%     -  167s
H    0     0                       8.1353115   10.95840  34.7%     -  167s
     0     0   10.94043    0 1841    8.13531   10.94043  34.5%     -  171s
     0     0   10.93662    0 2021    8.13531   10.93662  34.4%     -  173s
     0     0   10.93576    0 2032    8.13531   10.93576  34.4%     -  174s
     0     0   10.75844    0 1737    8.13531   10.75844  32.2%     -  183s
     0     0   10.73148    0 1649    8.13531   10.73148  31.9%     -  187s
     0     0   10.72862    0 1786    8.13531   10.72862  31.9%     -  188s
     0     0   10.72824    0 1856    8.13531   10.72824  31.9%     -  189s
     0     0   10.58197    0 1656    8.13531   10.58197  30.1%     -  198s
H    0     0                       8.1564618   10.58197  29.7%     -  198s
     0     0   10.56290    0 1684    8.15646   10.56290  29.5%     -  202s
     0     0   10.55185    0 1514    8.15646   10.55185  29.4%     -  204s
     0     0   10.54947    0 1594    8.15646   10.54947  29.3%     -  206s
     0     0   10.41275    0 1725    8.15646   10.41275  27.7%     -  213s
H    0     0                       8.2207935   10.41275  26.7%     -  214s
H    0     0                       8.2766062   10.41275  25.8%     -  216s
H    0     0                       8.2783465   10.41275  25.8%     -  216s
H    0     0                       8.3754065   10.41275  24.3%     -  217s
H    0     0                       8.4079285   10.41275  23.8%     -  217s
H    0     0                       8.4274812   10.41275  23.6%     -  217s
     0     0   10.38485    0 1635    8.42748   10.38485  23.2%     -  221s
     0     0   10.37346    0 1578    8.42748   10.37346  23.1%     -  223s
     0     0   10.37259    0 1719    8.42748   10.37259  23.1%     -  224s
     0     0   10.25284    0 1614    8.42748   10.25284  21.7%     -  231s
     0     0   10.23188    0 1674    8.42748   10.23188  21.4%     -  234s
     0     0   10.22374    0 1771    8.42748   10.22374  21.3%     -  236s
     0     0   10.22244    0 1615    8.42748   10.22244  21.3%     -  237s
     0     0   10.10245    0 1678    8.42748   10.10245  19.9%     -  246s
     0     0   10.07485    0 1840    8.42748   10.07485  19.5%     -  249s
     0     0   10.07002    0 1949    8.42748   10.07002  19.5%     -  250s
     0     0   10.06826    0 1802    8.42748   10.06826  19.5%     -  251s
     0     0    9.98287    0 1610    8.42748    9.98287  18.5%     -  258s
     0     0    9.95876    0 1587    8.42748    9.95876  18.2%     -  261s
     0     0    9.95344    0 1642    8.42748    9.95344  18.1%     -  263s
     0     0    9.95238    0 1562    8.42748    9.95238  18.1%     -  264s
     0     0    9.89075    0 1702    8.42748    9.89075  17.4%     -  270s
     0     0    9.89071    0 1710    8.42748    9.89071  17.4%     -  270s
     0     0    9.88138    0 1622    8.42748    9.88138  17.3%     -  272s
     0     0    9.87859    0 1660    8.42748    9.87859  17.2%     -  273s
     0     0    9.78973    0 1779    8.42748    9.78973  16.2%     -  282s
     0     0    9.77251    0 1595    8.42748    9.77251  16.0%     -  286s
     0     0    9.76798    0 1652    8.42748    9.76798  15.9%     -  287s
     0     0    9.76784    0 1662    8.42748    9.76784  15.9%     -  287s
     0     0    9.70071    0 1426    8.42748    9.70071  15.1%     -  293s
     0     0    9.67532    0 1500    8.42748    9.67532  14.8%     -  296s
     0     0    9.66871    0 1609    8.42748    9.66871  14.7%     -  297s
     0     0    9.66734    0 1635    8.42748    9.66734  14.7%     -  298s
     0     0    9.62002    0 1491    8.42748    9.62002  14.2%     -  302s
     0     0    9.60742    0 1454    8.42748    9.60742  14.0%     -  305s
     0     0    9.60266    0 1376    8.42748    9.60266  13.9%     -  307s
     0     0    9.60171    0 1509    8.42748    9.60171  13.9%     -  308s
     0     0    9.54936    0 1676    8.42748    9.54936  13.3%     -  312s
H    0     0                       8.4454574    9.54927  13.1%     -  313s
     0     0    9.53741    0 1497    8.44546    9.53741  12.9%     -  317s
     0     0    9.53487    0 1602    8.44546    9.53487  12.9%     -  318s
     0     0    9.50001    0 1433    8.44546    9.50001  12.5%     -  322s
     0     0    9.49339    0 1438    8.44546    9.49339  12.4%     -  325s
     0     0    9.49229    0 1380    8.44546    9.49229  12.4%     -  326s
     0     0    9.46342    0 1419    8.44546    9.46342  12.1%     -  330s
     0     0    9.46342    0 1402    8.44546    9.46342  12.1%     -  331s
H    0     0                       8.5025756    9.46342  11.3%     -  347s
H    0     0                       8.5103047    9.46342  11.2%     -  347s
H    0     0                       8.5363465    9.46342  10.9%     -  347s
     0     2    9.46342    0 1401    8.53635    9.46342  10.9%     -  349s
     1     3    9.46158    1 1405    8.53635    9.46158  10.8%  4350  351s
     3     5    9.45760    3 1283    8.53635    9.45778  10.8%  3887  356s
     5     7    9.45665    5 1354    8.53635    9.45778  10.8%  2807  360s
     8    10    9.45264    8 1340    8.53635    9.45778  10.8%  3264  366s
    11    13    9.45025   11 1440    8.53635    9.45778  10.8%  3860  372s
    13    15    9.44816   13 1443    8.53635    9.45778  10.8%  3703  375s
H   26    26                       8.5503502    9.45778  10.6%  2191  384s
H   26    26                       8.5604367    9.45778  10.5%  2191  386s
H   26    26                       8.5726368    9.45778  10.3%  2191  386s
    31    33    9.44206   30 1390    8.57264    9.45778  10.3%  1988  390s
    46    48    9.43942   44 1332    8.57264    9.45778  10.3%  1489  395s
    52    54    9.43886   50 1408    8.57264    9.45778  10.3%  1378  404s
    53    55    9.43863   51 1407    8.57264    9.45778  10.3%  1371  405s
    71    73    9.43346   69 1411    8.57264    9.45778  10.3%  1187  410s
    78    80    9.43023   76 1793    8.57264    9.45778  10.3%  1133  418s
    81    83    9.42919   79 1593    8.57264    9.45778  10.3%  1112  422s
    93    95    9.42610   91 1548    8.57264    9.45778  10.3%  1019  425s
H  104   104                       8.5749338    9.45778  10.3%   967  434s
   104   106    9.42269  102 1620    8.57493    9.45778  10.3%   971  436s
   123   125    9.41775  121 1269    8.57493    9.45778  10.3%   894  440s
   146   148    9.41105  144 1332    8.57493    9.45778  10.3%   833  445s
   172   174    9.40841  170 1361    8.57493    9.45778  10.3%   768  450s
   188   190    9.40484  186 1388    8.57493    9.45778  10.3%   751  456s
   194   196    9.39260  191 1353    8.57493    9.45778  10.3%   776  460s
   210   212    9.38539  205 1233    8.57493    9.45778  10.3%   772  465s
   240   242    9.37946  235 1374    8.57493    9.45778  10.3%   725  470s
   269   271    9.37380  264 1442    8.57493    9.45778  10.3%   686  475s
   300   302    9.37159  295 1265    8.57493    9.45778  10.3%   652  480s
   322   324    9.36507  317 1297    8.57493    9.45778  10.3%   649  485s
   344   346    9.36212  339 1412    8.57493    9.45778  10.3%   629  497s
   367   369    9.35985  362 1385    8.57493    9.45778  10.3%   602  500s
   396   398    9.35606  391 1426    8.57493    9.45778  10.3%   608  507s
   409   411    9.35423  404 1555    8.57493    9.45778  10.3%   602  510s
   440   442    9.35121  434 1292    8.57493    9.45778  10.3%   584  515s
   470   472    9.34848  464 1454    8.57493    9.45778  10.3%   568  522s
   480   482    9.34718  473 1296    8.57493    9.45778  10.3%   570  525s
   529   531    9.33777  522 1426    8.57493    9.45778  10.3%   537  530s
   569   571    9.33364  562 1211    8.57493    9.45778  10.3%   515  535s
   609   611    9.32946  602 1328    8.57493    9.45778  10.3%   498  540s
   656   658    9.32451  649 1445    8.57493    9.45778  10.3%   479  545s
   698   700    9.31858  691 1525    8.57493    9.45778  10.3%   465  550s
   741   743    9.31388  734 1509    8.57493    9.45778  10.3%   450  555s
   770   772    9.31115  763 1438    8.57493    9.45778  10.3%   449  560s
   804   806    9.30760  796 1338    8.57493    9.45778  10.3%   443  565s
   846   848    9.29700  838 1472    8.57493    9.45778  10.3%   432  570s
   877   879    9.29218  868 1411    8.57493    9.45778  10.3%   429  575s
   928   930    9.28447  919 1166    8.57493    9.45778  10.3%   417  580s
   955   957    9.26994  945 1445    8.57493    9.45778  10.3%   419  585s
   979   981    9.26336  968 1284    8.57493    9.45778  10.3%   420  590s
  1010  1012    9.26021  999 1384    8.57493    9.45778  10.3%   411  595s
  1034  1036    9.25127 1020 1159    8.57493    9.45778  10.3%   415  600s
  1064  1066    9.24157 1050 1409    8.57493    9.45778  10.3%   413  605s
  1079  1081    9.23917 1065 1259    8.57493    9.45778  10.3%   410  618s
  1090  1092    9.23607 1076 1186    8.57493    9.45778  10.3%   411  620s
  1130  1132    9.22489 1116 1154    8.57493    9.45778  10.3%   404  625s
  1183  1185    9.21459 1169 1209    8.57493    9.45778  10.3%   396  630s
  1216  1218    9.21054 1202 1198    8.57493    9.45778  10.3%   395  635s
  1274  1276    9.20761 1260 1169    8.57493    9.45778  10.3%   385  640s
  1315  1317    9.15642 1299 1239    8.57493    9.45778  10.3%   384  645s
  1353  1355    9.18040 1336 1236    8.57493    9.45778  10.3%   382  650s
  1393  1395    9.17389 1375 1213    8.57493    9.45778  10.3%   379  655s
  1449  1451    9.16469 1430  989    8.57493    9.45778  10.3%   372  660s
  1509  1511    9.15297 1489 1312    8.57493    9.45778  10.3%   364  665s
  1573  1575    9.14270 1553 1109    8.57493    9.45778  10.3%   355  670s
  1626  1628    9.13112 1604 1259    8.57493    9.45778  10.3%   351  675s
  1676  1678    9.12384 1652  976    8.57493    9.45778  10.3%   347  680s
  1729  1731    9.09935 1702 1091    8.57493    9.45778  10.3%   343  685s
  1797  1799    9.08518 1768  981    8.57493    9.45778  10.3%   336  690s
  1848  1850    9.05813 1816 1093    8.57493    9.45778  10.3%   333  695s
  1918  1920    9.04244 1884  866    8.57493    9.45778  10.3%   327  700s
  1986  1988    9.02588 1952  871    8.57493    9.45778  10.3%   320  705s
  2040  2042    8.98856 2003  773    8.57493    9.45778  10.3%   317  710s
  2115  2117    8.96109 2075  860    8.57493    9.45778  10.3%   312  715s
  2200  2200    8.92130 2157  843    8.57493    9.45778  10.3%   306  720s
  2322  2322    8.89741 2277  698    8.57493    9.45778  10.3%   293  725s
  2454  2452    8.77638 2402  442    8.57493    9.45778  10.3%   281  730s
  2551  2544    9.14270 1552 1402    8.57493    9.45778  10.3%   273  760s
  2553  2545    9.04705 1855 1048    8.57493    9.45778  10.3%   272  766s
  2554  2546    9.02543 1955 1323    8.57493    9.45778  10.3%   272  771s
  2555  2547    9.18160 1331 1440    8.57493    9.45778  10.3%   272  780s
  2556  2547    9.08527 1765 1773    8.57493    9.45778  10.3%   272  792s
  2557  2548    8.91798 2176 1588    8.57493    9.45778  10.3%   272  804s
  2558  2549    9.31813  699 1823    8.57493    9.45778  10.3%   272  818s
  2559  2549    9.19748 1088 1727    8.57493    9.45778  10.3%   272  828s
H 2559  2421                       8.5782335    9.45778  10.3%   272  838s
H 2559  2300                       8.5960459    9.45778  10.0%   272  839s
  2561  2302    9.15851 1452 1673    8.59605    9.45778  10.0%   271  848s
  2562  2302    9.15932 1448 1673    8.59605    9.45778  10.0%   271  859s
  2563  2303    8.90979 2197 1468    8.59605    9.45778  10.0%   271  867s
  2564  2304    8.71865 2432 1217    8.59605    9.38363  9.16%   271  875s
  2565  2304    9.28410  825 1274    8.59605    9.28410  8.00%   271  882s
  2566  2305    9.21159  856 1241    8.59605    9.21159  7.16%   271  889s
  2567  2306    9.11888 1689 1094    8.59605    9.14744  6.41%   271  894s
  2568  2306    9.10847 1430 1094    8.59605    9.10847  5.96%   271  901s
  2569  2307    8.84982 2356 1093    8.59605    9.07546  5.58%   271  905s
  2570  2308    9.05250  217  829    8.59605    9.05250  5.31%   271  910s
H 2571  2192                       8.5979292    9.00680  4.76%   270  921s
H 2571  2082                       8.6034369    9.00680  4.69%   270  922s
  2573  2084    8.98739 1477  977    8.60344    8.98739  4.46%   270  925s
H 2573  1979                       8.6072123    8.96316  4.14%   270  930s
  2576  1981    8.90796 2197 1008    8.60721    8.90796  3.49%   270  940s
  2578  1982    8.87222  479  904    8.60721    8.87222  3.08%   270  947s
  2580  1983    8.84740 2241  841    8.60721    8.84740  2.79%   269  954s
  2581  1984    8.83094  715  855    8.60721    8.83094  2.60%   269  957s
  2582  1985    8.81438 1969  787    8.60721    8.81438  2.41%   269  963s
  2583  1985    8.79875 1426  748    8.60721    8.79875  2.23%   269  966s
  2584  1986    8.76944 1193  742    8.60721    8.76944  1.88%   269  976s
  2585  1987    8.75509  200  585    8.60721    8.75509  1.72%   269  980s
  2587  1988    8.72292  890  521    8.60721    8.72292  1.34%   269  986s
  2589  1989    8.70051 1850  588    8.60721    8.70051  1.08%   269  990s
  2592  1993    8.69396 1859 1402    8.60721    8.69396  1.01%   468  996s
  2595  1995    8.69396 2233 1246    8.60721    8.69396  1.01%   468 1003s
  2596  1996    8.69396   79 1435    8.60721    8.69396  1.01%   468 1007s
  2597  1996    8.69396 1338 1559    8.60721    8.69396  1.01%   467 1012s
  2598  1997    8.69396 2276 1540    8.60721    8.69396  1.01%   467 1017s
  2599  1998    8.69396 1650 1412    8.60721    8.69396  1.01%   467 1023s
  2600  1998    8.69396 1861 1478    8.60721    8.69396  1.01%   467 1029s
  2601  1999    8.60721 2460 1108    8.60721    8.69396  1.01%   467 1033s
  2602  2000    8.69396  176 1010    8.60721    8.69396  1.01%   466 1036s
  2604  2001    8.69396 2038 1043    8.60721    8.69396  1.01%   466 1042s
  2605  2002    8.69396 1354 1035    8.60721    8.69396  1.01%   466 1045s
  2608  2004    8.69396  340  748    8.60721    8.69396  1.01%   465 1051s
  2609  2004    8.69396 1718  647    8.60721    8.69396  1.01%   465 1055s
  2612  2006    8.68567 1065  518    8.60721    8.68567  0.91%   465 1060s
  2616  2010    8.66485  740 1402    8.60721    8.66485  0.67%   545 1066s
  2618  2011    8.66485 1678 1127    8.60721    8.66485  0.67%   545 1070s
  2622  2014    8.66485 1136 1294    8.60721    8.66485  0.67%   544 1076s
  2624  2015    8.66485 2043 1236    8.60721    8.66485  0.67%   544 1080s
  2628  2018    8.66485 1085  570    8.60721    8.66485  0.67%   543 1085s
  2633  2021    8.65302 1054  281    8.60721    8.65302  0.53%   542 1090s
  2652  2036    8.61687  446 1402    8.60721    8.61687  0.11%   586 1095s
H 2658  1937                       8.6086408    8.61687  0.10%   584 1095s
H 2660  1841                       8.6134241    8.61438  0.01%   584 1095s

Cutting planes:
  Gomory: 16
  Implied bound: 86
  Projected implied bound: 1
  Clique: 4
  MIR: 22
  Flow cover: 46
  GUB cover: 1
  Zero half: 1
  Mod-K: 1
  RLT: 43
  Relax-and-lift: 82

Explored 2660 nodes (2430807 simplex iterations) in 1095.81 seconds (2432.61 work units)
Thread count was 1 (of 11 available processors)

Solution count 10: 8.61342 8.60864 8.60721 ... 8.56044

Optimal solution found (tolerance 1.00e-04)
Best objective 8.613424138127e+00, best bound 8.613424138127e+00, gap 0.0000%
