
Gurobi 12.0.0 (mac64[arm]) logging started Fri Feb 13 16:07:54 2026

Set parameter LogFile to value "/Users/lennardhansmann/Desktop/TNLAP/Instances/sol/G30P180A1(A).log"
Set parameter Threads to value 1
Gurobi Optimizer version 12.0.0 build v12.0.0rc1 (mac64[arm] - Darwin 25.2.0 25C56)

CPU model: Apple M3 Pro
Thread count: 11 physical cores, 11 logical processors, using up to 1 threads

Non-default parameters:
TimeLimit  3600
Threads  1

Optimize a model with 23512 rows, 17629 columns and 92200 nonzeros
Model fingerprint: 0x812b2103
Variable types: 7907 continuous, 9722 integer (9722 binary)
Coefficient statistics:
  Matrix range     [3e-04, 1e+04]
  Objective range  [1e+00, 1e+00]
  Bounds range     [1e+00, 1e+04]
  RHS range        [5e-01, 1e+04]
Presolve removed 20946 rows and 15242 columns
Presolve time: 0.28s
Presolved: 2566 rows, 2387 columns, 8844 nonzeros
Variable types: 67 continuous, 2320 integer (1846 binary)
Found heuristic solution: objective 2.9169900
Found heuristic solution: objective 2.9294307

Root relaxation: objective 9.371942e+00, 1258 iterations, 0.01 seconds (0.01 work units)

    Nodes    |    Current Node    |     Objective Bounds      |     Work
 Expl Unexpl |  Obj  Depth IntInf | Incumbent    BestBd   Gap | It/Node Time

     0     0    9.37194    0  291    2.92943    9.37194   220%     -    0s
H    0     0                       3.3083381    9.37194   183%     -    0s
H    0     0                       8.3403746    9.37194  12.4%     -    0s
H    0     0                       8.7903746    9.37194  6.62%     -    0s
H    0     0                       8.8828675    9.37194  5.51%     -    0s
H    0     0                       9.0383925    9.37194  3.69%     -    0s
     0     0    9.16169    0  272    9.03839    9.16169  1.36%     -    0s
     0     0    9.16148    0  209    9.03839    9.16148  1.36%     -    0s
     0     0    9.16051    0  179    9.03839    9.16051  1.35%     -    0s
     0     0    9.14087    0  197    9.03839    9.14087  1.13%     -    0s
     0     0    9.14087    0  121    9.03839    9.14087  1.13%     -    0s
H    0     0                       9.1293366    9.14087  0.13%     -    0s
     0     0    9.14087    0   22    9.12934    9.14087  0.13%     -    0s
     0     0    9.14087    0   14    9.12934    9.14087  0.13%     -    0s
     0     0     cutoff    0         9.12934    9.12934  0.00%     -    0s

Cutting planes:
  Gomory: 3
  Clique: 2

Explored 1 nodes (2546 simplex iterations) in 0.43 seconds (0.56 work units)
Thread count was 1 (of 11 available processors)

Solution count 10: 9.12934 9.03839 9.03839 ... 2.92943

Optimal solution found (tolerance 1.00e-04)
Best objective 9.129336566754e+00, best bound 9.129336566754e+00, gap 0.0000%

Gurobi 12.0.0 (mac64[arm]) logging started Fri Feb 13 16:08:11 2026

Set parameter LogFile to value "/Users/lennardhansmann/Desktop/TNLAP/Instances/sol/G30P180A1(A).log"
Set parameter Threads to value 1
Gurobi Optimizer version 12.0.0 build v12.0.0rc1 (mac64[arm] - Darwin 25.2.0 25C56)

CPU model: Apple M3 Pro
Thread count: 11 physical cores, 11 logical processors, using up to 1 threads

Non-default parameters:
TimeLimit  3600
Threads  1

Optimize a model with 23512 rows, 17629 columns and 91130 nonzeros
Model fingerprint: 0x1f4e0e6e
Variable types: 7907 continuous, 9722 integer (9722 binary)
Coefficient statistics:
  Matrix range     [3e-04, 1e+04]
  Objective range  [1e+00, 1e+00]
  Bounds range     [1e+00, 1e+04]
  RHS range        [5e-01, 1e+04]
Presolve removed 21275 rows and 15549 columns
Presolve time: 0.30s
Presolved: 2237 rows, 2080 columns, 7770 nonzeros
Variable types: 63 continuous, 2017 integer (1608 binary)
Found heuristic solution: objective 2.1174270

Root relaxation: objective 1.541535e+01, 850 iterations, 0.01 seconds (0.01 work units)

    Nodes    |    Current Node    |     Objective Bounds      |     Work
 Expl Unexpl |  Obj  Depth IntInf | Incumbent    BestBd   Gap | It/Node Time

     0     0   15.41535    0  340    2.11743   15.41535   628%     -    0s
H    0     0                      10.3882906   15.41535  48.4%     -    0s
H    0     0                      11.0491074   15.41535  39.5%     -    0s
H    0     0                      11.1487591   15.41535  38.3%     -    0s
H    0     0                      11.3862468   15.41535  35.4%     -    0s
H    0     0                      11.5018239   15.41535  34.0%     -    0s
     0     0   14.70729    0  216   11.50182   14.70729  27.9%     -    0s
H    0     0                      13.5598488   14.70670  8.46%     -    0s
H    0     0                      13.8474411   14.70670  6.21%     -    0s
     0     0   14.56293    0  161   13.84744   14.56293  5.17%     -    0s
     0     0   14.54995    0  156   13.84744   14.54995  5.07%     -    0s
     0     0   14.54672    0  156   13.84744   14.54672  5.05%     -    0s
     0     0   14.30938    0   51   13.84744   14.30938  3.34%     -    0s
H    0     0                      14.0639875   14.30581  1.72%     -    0s
     0     0   14.16936    0   49   14.06399   14.16936  0.75%     -    0s
     0     0   14.10509    0   22   14.06399   14.10509  0.29%     -    0s
     0     0   14.10509    0   12   14.06399   14.10509  0.29%     -    0s
     0     0   14.10509    0   20   14.06399   14.10509  0.29%     -    0s
*    0     0               0      14.0681823   14.06818  0.00%     -    0s

Cutting planes:
  Gomory: 1
  Implied bound: 1
  Clique: 1
  MIR: 2
  GUB cover: 1
  RLT: 1

Explored 1 nodes (1612 simplex iterations) in 0.42 seconds (0.53 work units)
Thread count was 1 (of 11 available processors)

Solution count 10: 14.0682 14.064 14.064 ... 11.0491

Optimal solution found (tolerance 1.00e-04)
Best objective 1.406818228634e+01, best bound 1.406818228634e+01, gap 0.0000%

Gurobi 12.0.0 (mac64[arm]) logging started Fri Feb 13 16:09:29 2026

Set parameter LogFile to value "/Users/lennardhansmann/Desktop/TNLAP/Instances/sol/G30P180A1(A).log"
Set parameter Threads to value 1
Gurobi Optimizer version 12.0.0 build v12.0.0rc1 (mac64[arm] - Darwin 25.2.0 25C56)

CPU model: Apple M3 Pro
Thread count: 11 physical cores, 11 logical processors, using up to 1 threads

Non-default parameters:
TimeLimit  3600
Threads  1

Optimize a model with 23512 rows, 17629 columns and 91130 nonzeros
Model fingerprint: 0x1f4e0e6e
Variable types: 7907 continuous, 9722 integer (9722 binary)
Coefficient statistics:
  Matrix range     [3e-04, 1e+04]
  Objective range  [1e+00, 1e+00]
  Bounds range     [1e+00, 1e+04]
  RHS range        [5e-01, 1e+04]
Presolve removed 21275 rows and 15549 columns
Presolve time: 0.31s
Presolved: 2237 rows, 2080 columns, 7770 nonzeros
Variable types: 63 continuous, 2017 integer (1608 binary)
Found heuristic solution: objective 2.1174270

Root relaxation: objective 1.541535e+01, 850 iterations, 0.01 seconds (0.01 work units)

    Nodes    |    Current Node    |     Objective Bounds      |     Work
 Expl Unexpl |  Obj  Depth IntInf | Incumbent    BestBd   Gap | It/Node Time

     0     0   15.41535    0  340    2.11743   15.41535   628%     -    0s
H    0     0                      10.3882906   15.41535  48.4%     -    0s
H    0     0                      11.0491074   15.41535  39.5%     -    0s
H    0     0                      11.1487591   15.41535  38.3%     -    0s
H    0     0                      11.3862468   15.41535  35.4%     -    0s
H    0     0                      11.5018239   15.41535  34.0%     -    0s
     0     0   14.70729    0  216   11.50182   14.70729  27.9%     -    0s
H    0     0                      13.5598488   14.70670  8.46%     -    0s
H    0     0                      13.8474411   14.70670  6.21%     -    0s
     0     0   14.56293    0  161   13.84744   14.56293  5.17%     -    0s
     0     0   14.54995    0  156   13.84744   14.54995  5.07%     -    0s
     0     0   14.54672    0  156   13.84744   14.54672  5.05%     -    0s
     0     0   14.30938    0   51   13.84744   14.30938  3.34%     -    0s
H    0     0                      14.0639875   14.30581  1.72%     -    0s
     0     0   14.16936    0   49   14.06399   14.16936  0.75%     -    0s
     0     0   14.10509    0   22   14.06399   14.10509  0.29%     -    0s
     0     0   14.10509    0   12   14.06399   14.10509  0.29%     -    0s
     0     0   14.10509    0   20   14.06399   14.10509  0.29%     -    0s
*    0     0               0      14.0681823   14.06818  0.00%     -    0s

Cutting planes:
  Gomory: 1
  Implied bound: 1
  Clique: 1
  MIR: 2
  GUB cover: 1
  RLT: 1

Explored 1 nodes (1612 simplex iterations) in 0.43 seconds (0.53 work units)
Thread count was 1 (of 11 available processors)

Solution count 10: 14.0682 14.064 14.064 ... 11.0491

Optimal solution found (tolerance 1.00e-04)
Best objective 1.406818228634e+01, best bound 1.406818228634e+01, gap 0.0000%

Gurobi 12.0.0 (mac64[arm]) logging started Mon Feb 16 16:15:05 2026

Set parameter LogFile to value "/Users/lennardhansmann/Desktop/TNLAP/Instances/sol/G30P180A1(A).log"
Set parameter Threads to value 1
Gurobi Optimizer version 12.0.0 build v12.0.0rc1 (mac64[arm] - Darwin 25.2.0 25C56)

CPU model: Apple M3 Pro
Thread count: 11 physical cores, 11 logical processors, using up to 1 threads

Non-default parameters:
TimeLimit  3600
Threads  1

Optimize a model with 342496 rows, 345497 columns and 5523538 nonzeros
Model fingerprint: 0x96a24901
Variable types: 8355 continuous, 337142 integer (337142 binary)
Coefficient statistics:
  Matrix range     [2e-04, 2e+04]
  Objective range  [1e+00, 1e+00]
  Bounds range     [1e+00, 2e+04]
  RHS range        [5e-01, 2e+04]
Presolve removed 310998 rows and 184501 columns
Presolve time: 1.55s
Presolved: 31498 rows, 160996 columns, 2180059 nonzeros
Variable types: 2228 continuous, 158768 integer (156502 binary)
Found heuristic solution: objective 0.0000000
Performing another presolve...
Presolve removed 189 rows and 2055 columns
Presolve time: 3.06s

Root simplex log...

Iteration    Objective       Primal Inf.    Dual Inf.      Time
       0    3.0000000e+01   1.210000e+02   0.000000e+00      6s
    8789    3.0000000e+01   0.000000e+00   0.000000e+00      6s
    8789    3.0000000e+01   0.000000e+00   0.000000e+00      6s

Root relaxation: objective 3.000000e+01, 8789 iterations, 0.72 seconds (1.85 work units)
Total elapsed time = 6.40s (DegenMoves)

    Nodes    |    Current Node    |     Objective Bounds      |     Work
 Expl Unexpl |  Obj  Depth IntInf | Incumbent    BestBd   Gap | It/Node Time

     0     0   30.00000    0   77    0.00000   30.00000      -     -    7s
     0     0   30.00000    0  113    0.00000   30.00000      -     -    7s
     0     0   30.00000    0  129    0.00000   30.00000      -     -    7s
     0     0   30.00000    0  106    0.00000   30.00000      -     -    7s
     0     0   30.00000    0  215    0.00000   30.00000      -     -    7s
     0     0   30.00000    0  261    0.00000   30.00000      -     -    8s
     0     0   30.00000    0  173    0.00000   30.00000      -     -    8s
     0     0   30.00000    0  247    0.00000   30.00000      -     -    8s
     0     0   30.00000    0  291    0.00000   30.00000      -     -    8s
     0     0   30.00000    0  215    0.00000   30.00000      -     -    8s
     0     0   30.00000    0  271    0.00000   30.00000      -     -    8s
H    0     0                      13.5666667   30.00000   121%     -    8s
H    0     0                      18.1163096   30.00000  65.6%     -    8s
H    0     0                      18.4509206   30.00000  62.6%     -    9s
H    0     0                      25.3331651   30.00000  18.4%     -    9s
H    0     0                      26.6014552   30.00000  12.8%     -    9s
H    0     0                      27.6005990   30.00000  8.69%     -    9s
H    0     0                      27.9569645   30.00000  7.31%     -    9s
H    0     0                      28.1309569   30.00000  6.64%     -    9s
H    0     0                      28.4588200   30.00000  5.42%     -    9s
H    0     0                      28.5056203   30.00000  5.24%     -    9s
H    0     0                      28.7222023   30.00000  4.45%     -    9s
H    0     0                      28.7461131   30.00000  4.36%     -    9s
H    0     0                      28.7656383   30.00000  4.29%     -    9s
H    0     0                      28.7685152   30.00000  4.28%     -    9s
H    0     0                      28.7782869   30.00000  4.25%     -    9s
H    0     0                      28.8005779   30.00000  4.16%     -    9s
H    0     0                      28.8089783   30.00000  4.13%     -    9s
H    0     0                      29.7432348   30.00000  0.86%     -   10s
H    0     0                      29.8622319   30.00000  0.46%     -   10s
H    0     0                      29.9002761   30.00000  0.33%     -   10s
     0     0   30.00000    0  437   29.90028   30.00000  0.33%     -   12s
     0     0   30.00000    0  354   29.90028   30.00000  0.33%     -   12s
     0     0   30.00000    0  302   29.90028   30.00000  0.33%     -   12s
     0     0   30.00000    0  196   29.90028   30.00000  0.33%     -   13s
     0     0   30.00000    0  185   29.90028   30.00000  0.33%     -   13s
     0     0   30.00000    0  141   29.90028   30.00000  0.33%     -   13s
     0     0   30.00000    0  165   29.90028   30.00000  0.33%     -   13s
     0     0   30.00000    0  246   29.90028   30.00000  0.33%     -   13s
     0     0   30.00000    0  145   29.90028   30.00000  0.33%     -   14s
     0     0   30.00000    0  107   29.90028   30.00000  0.33%     -   14s
     0     0   30.00000    0  101   29.90028   30.00000  0.33%     -   14s
H    0     0                      29.9842334   30.00000  0.05%     -   15s
H    0     0                      29.9860018   30.00000  0.05%     -   15s
H    0     0                      30.0000000   30.00000  0.00%     -   15s
     0     0   30.00000    0  101   30.00000   30.00000  0.00%     -   15s

Cutting planes:
  Gomory: 2
  Cover: 60
  Implied bound: 16
  Clique: 5
  MIR: 28
  StrongCG: 18
  Flow cover: 11
  GUB cover: 16
  RLT: 9
  Relax-and-lift: 8

Explored 1 nodes (34867 simplex iterations) in 15.10 seconds (40.84 work units)
Thread count was 1 (of 11 available processors)

Solution count 10: 30 29.986 29.9842 ... 28.7685

Optimal solution found (tolerance 1.00e-04)
Best objective 3.000000000000e+01, best bound 3.000000000000e+01, gap 0.0000%

Gurobi 12.0.0 (mac64[arm]) logging started Mon Feb 16 16:15:58 2026

Set parameter LogFile to value "/Users/lennardhansmann/Desktop/TNLAP/Instances/sol/G30P180A1(A).log"
Set parameter Threads to value 1
Gurobi Optimizer version 12.0.0 build v12.0.0rc1 (mac64[arm] - Darwin 25.2.0 25C56)

CPU model: Apple M3 Pro
Thread count: 11 physical cores, 11 logical processors, using up to 1 threads

Non-default parameters:
TimeLimit  3600
Threads  1

Optimize a model with 342496 rows, 345497 columns and 5524671 nonzeros
Model fingerprint: 0xff9e3ab3
Variable types: 8355 continuous, 337142 integer (337142 binary)
Coefficient statistics:
  Matrix range     [2e-04, 2e+04]
  Objective range  [1e+00, 1e+00]
  Bounds range     [1e+00, 2e+04]
  RHS range        [5e-01, 2e+04]
Presolve removed 310998 rows and 184501 columns
Presolve time: 1.53s
Presolved: 31498 rows, 160996 columns, 2180059 nonzeros
Variable types: 2228 continuous, 158768 integer (156502 binary)
Found heuristic solution: objective 0.0000000
Performing another presolve...
Presolve removed 183 rows and 2000 columns
Presolve time: 3.09s

Root simplex log...

Iteration    Objective       Primal Inf.    Dual Inf.      Time
       0    3.1350000e+01   1.078470e+05   0.000000e+00      6s
   35265    2.7994947e+01   5.600984e+05   0.000000e+00     10s
   51887    2.7762304e+01   2.298612e+06   0.000000e+00     15s
   89225    2.0623804e+01   1.201412e+06   0.000000e+00     20s
   98872    2.0482840e+01   1.175221e+04   0.000000e+00     25s
   99454    2.0550000e+01   0.000000e+00   0.000000e+00     26s
   99454    2.0550000e+01   0.000000e+00   0.000000e+00     26s

Root relaxation: objective 2.055000e+01, 99454 iterations, 19.95 seconds (55.11 work units)
Total elapsed time = 25.61s (DegenMoves)

    Nodes    |    Current Node    |     Objective Bounds      |     Work
 Expl Unexpl |  Obj  Depth IntInf | Incumbent    BestBd   Gap | It/Node Time

     0     0   20.55000    0  129    0.00000   20.55000      -     -   26s
     0     0   20.55000    0  573    0.00000   20.55000      -     -   28s
     0     0   20.55000    0  782    0.00000   20.55000      -     -   30s
     0     0   20.55000    0  695    0.00000   20.55000      -     -   31s
     0     0   20.55000    0  641    0.00000   20.55000      -     -   32s
     0     0   20.55000    0  598    0.00000   20.55000      -     -   33s
     0     0   20.55000    0  531    0.00000   20.55000      -     -   35s
     0     0   20.55000    0  707    0.00000   20.55000      -     -   36s
     0     0   20.55000    0  885    0.00000   20.55000      -     -   37s
     0     0   20.55000    0  613    0.00000   20.55000      -     -   39s
     0     0   20.55000    0  619    0.00000   20.55000      -     -   40s
H    0     0                       6.2383333   20.55000   229%     -   40s
H    0     0                      16.4863720   20.55000  24.6%     -   40s
H    0     0                      19.2431461   20.55000  6.79%     -   40s
H    0     0                      19.4467743   20.55000  5.67%     -   40s
H    0     0                      19.5228690   20.55000  5.26%     -   40s
H    0     0                      19.6639161   20.55000  4.51%     -   40s
H    0     0                      19.7349323   20.55000  4.13%     -   40s
H    0     0                      19.7613534   20.55000  3.99%     -   40s
H    0     0                      19.7907066   20.55000  3.84%     -   40s
H    0     0                      19.8277567   20.55000  3.64%     -   41s
H    0     0                      19.8302184   20.55000  3.63%     -   41s
H    0     0                      19.8376119   20.55000  3.59%     -   41s
H    0     0                      19.8631883   20.55000  3.46%     -   41s
H    0     0                      19.8732096   20.55000  3.41%     -   41s
H    0     0                      19.8741039   20.55000  3.40%     -   41s
H    0     0                      19.8768770   20.55000  3.39%     -   41s
H    0     0                      19.8785354   20.55000  3.38%     -   41s
H    0     0                      19.8974318   20.55000  3.28%     -   41s
H    0     0                      19.9001837   20.55000  3.27%     -   41s
H    0     0                      19.9029274   20.55000  3.25%     -   41s
H    0     0                      19.9923837   20.55000  2.79%     -   42s
H    0     0                      20.1553881   20.55000  1.96%     -   42s
H    0     0                      20.2396722   20.55000  1.53%     -   43s
H    0     0                      20.2854483   20.55000  1.30%     -   43s
H    0     0                      20.3119028   20.55000  1.17%     -   43s
H    0     0                      20.3438161   20.55000  1.01%     -   43s
H    0     0                      20.3483243   20.55000  0.99%     -   43s
H    0     0                      20.3854391   20.55000  0.81%     -   44s
H    0     0                      20.3864577   20.55000  0.80%     -   44s
H    0     0                      20.3960140   20.55000  0.75%     -   44s
     0     0   20.55000    0 1136   20.39601   20.55000  0.75%     -   49s
     0     0   20.55000    0  769   20.39601   20.55000  0.75%     -   52s
     0     0   20.55000    0  698   20.39601   20.55000  0.75%     -   54s
     0     0   20.55000    0  581   20.39601   20.55000  0.75%     -   55s
     0     0   20.55000    0  919   20.39601   20.55000  0.75%     -   57s
     0     0   20.55000    0  628   20.39601   20.55000  0.75%     -   59s
     0     0   20.55000    0  676   20.39601   20.55000  0.75%     -   60s
     0     0   20.55000    0  547   20.39601   20.55000  0.75%     -   61s
     0     0   20.55000    0  620   20.39601   20.55000  0.75%     -   62s
     0     0   20.55000    0  513   20.39601   20.55000  0.75%     -   63s
     0     0   20.55000    0  439   20.39601   20.55000  0.75%     -   63s
H    0     0                      20.4779697   20.55000  0.35%     -   65s
H    0     0                      20.5500000   20.55000  0.00%     -   65s
     0     0   20.55000    0  439   20.55000   20.55000  0.00%     -   65s

Cutting planes:
  Learned: 1
  Gomory: 6
  Cover: 147
  Implied bound: 55
  Clique: 52
  MIR: 82
  StrongCG: 36
  Flow cover: 39
  GUB cover: 43
  Zero half: 5
  RLT: 91
  Relax-and-lift: 32

Explored 1 nodes (173070 simplex iterations) in 65.78 seconds (192.02 work units)
Thread count was 1 (of 11 available processors)

Solution count 10: 20.55 20.478 20.396 ... 20.2397

Optimal solution found (tolerance 1.00e-04)
Best objective 2.055000000000e+01, best bound 2.055000000000e+01, gap 0.0000%

Gurobi 12.0.0 (mac64[arm]) logging started Mon Feb 16 16:19:16 2026

Set parameter LogFile to value "/Users/lennardhansmann/Desktop/TNLAP/Instances/sol/G30P180A1(A).log"
Set parameter Threads to value 1
Gurobi Optimizer version 12.0.0 build v12.0.0rc1 (mac64[arm] - Darwin 25.2.0 25C56)

CPU model: Apple M3 Pro
Thread count: 11 physical cores, 11 logical processors, using up to 1 threads

Non-default parameters:
TimeLimit  3600
Threads  1

Optimize a model with 50634 rows, 53635 columns and 563121 nonzeros
Model fingerprint: 0xad032893
Variable types: 8355 continuous, 45280 integer (45280 binary)
Coefficient statistics:
  Matrix range     [2e-04, 2e+04]
  Objective range  [1e+00, 1e+00]
  Bounds range     [1e+00, 2e+04]
  RHS range        [5e-01, 2e+04]
Presolve removed 28662 rows and 28409 columns
Presolve time: 3.31s
Presolved: 21972 rows, 25226 columns, 219853 nonzeros
Variable types: 1678 continuous, 23548 integer (21388 binary)
Found heuristic solution: objective 1.7415031
Found heuristic solution: objective 1.7451183

Root relaxation: objective 2.788190e+01, 23395 iterations, 1.30 seconds (2.34 work units)

    Nodes    |    Current Node    |     Objective Bounds      |     Work
 Expl Unexpl |  Obj  Depth IntInf | Incumbent    BestBd   Gap | It/Node Time

     0     0   27.88190    0  517    1.74512   27.88190  1498%     -    4s
H    0     0                      19.3067061   27.88190  44.4%     -    5s
H    0     0                      20.5116829   27.88190  35.9%     -    5s
H    0     0                      20.9116829   27.88190  33.3%     -    5s
H    0     0                      21.4343949   27.88190  30.1%     -    5s
H    0     0                      22.0688123   27.88190  26.3%     -    5s
H    0     0                      22.3055369   27.88190  25.0%     -    5s
H    0     0                      23.2229166   27.88190  20.1%     -    5s
H    0     0                      23.4173792   27.88190  19.1%     -    5s
H    0     0                      23.4522707   27.88190  18.9%     -    5s
H    0     0                      23.4824371   27.88190  18.7%     -    5s
H    0     0                      23.7056040   27.88190  17.6%     -    5s
H    0     0                      23.8586747   27.88190  16.9%     -    5s
H    0     0                      24.3921732   27.88190  14.3%     -    5s
H    0     0                      24.9544698   27.88190  11.7%     -    5s
H    0     0                      25.0059536   27.88190  11.5%     -    5s
     0     0   27.79436    0 1001   25.00595   27.79436  11.2%     -    5s
     0     0   27.79278    0  885   25.00595   27.79278  11.1%     -    5s
H    0     0                      25.2806798   27.79278  9.94%     -    5s
H    0     0                      25.3348632   27.79278  9.70%     -    5s
H    0     0                      25.6455317   27.79278  8.37%     -    5s
H    0     0                      25.8348591   27.79278  7.58%     -    5s
H    0     0                      26.0061491   27.79278  6.87%     -    5s
     0     0   27.78905    0  927   26.00615   27.78905  6.86%     -    5s
     0     0   27.62022    0 1001   26.00615   27.62022  6.21%     -    6s
H    0     0                      26.0466222   27.61965  6.04%     -    6s
H    0     0                      26.1299326   27.61965  5.70%     -    6s
H    0     0                      26.1480516   27.61965  5.63%     -    7s
     0     0   27.57087    0  984   26.14805   27.57087  5.44%     -    7s
     0     0   27.56792    0 1030   26.14805   27.56792  5.43%     -    7s
     0     0   27.36460    0  840   26.14805   27.36460  4.65%     -    8s
H    0     0                      26.1995870   27.36310  4.44%     -    8s
H    0     0                      26.2871880   27.36310  4.09%     -    8s
H    0     0                      26.4813637   27.36310  3.33%     -    8s
H    0     0                      26.4955003   27.36310  3.27%     -    8s
     0     0   27.32857    0  847   26.49550   27.32857  3.14%     -    8s
     0     0   27.32664    0  858   26.49550   27.32664  3.14%     -    8s
     0     0   27.17733    0  883   26.49550   27.17733  2.57%     -    8s
     0     0   27.17167    0  843   26.49550   27.17167  2.55%     -    8s
     0     0   27.15789    0  778   26.49550   27.15789  2.50%     -    8s
     0     0   27.15763    0  749   26.49550   27.15763  2.50%     -    8s
     0     0   27.15440    0  819   26.49550   27.15440  2.49%     -    9s
     0     0   27.15379    0  753   26.49550   27.15379  2.48%     -    9s
     0     0   27.15379    0  754   26.49550   27.15379  2.48%     -    9s
     0     0   27.01292    0  805   26.49550   27.01292  1.95%     -    9s
     0     0   27.01057    0  748   26.49550   27.01057  1.94%     -    9s
H    0     0                      26.5526222   27.01057  1.72%     -    9s
H    0     0                      26.5937285   27.01057  1.57%     -    9s
H    0     0                      26.6750572   27.01057  1.26%     -    9s
H    0     0                      26.6816084   27.01057  1.23%     -    9s
H    0     0                      26.6886874   27.01057  1.21%     -    9s
H    0     0                      26.6897074   27.01057  1.20%     -    9s
H    0     0                      26.6947251   27.01057  1.18%     -    9s
     0     0   27.00296    0  532   26.69473   27.00296  1.15%     -    9s
     0     0   27.00117    0  477   26.69473   27.00117  1.15%     -    9s
     0     0   27.00005    0  629   26.69473   27.00005  1.14%     -    9s
     0     0   27.00005    0  919   26.69473   27.00005  1.14%     -   13s
     0     0   27.00005    0 1263   26.69473   27.00005  1.14%     -   14s
     0     0   27.00005    0 1073   26.69473   27.00005  1.14%     -   14s
     0     0   26.88720    0  722   26.69473   26.88720  0.72%     -   15s
     0     0   26.88433    0  652   26.69473   26.88433  0.71%     -   15s
     0     0   26.88416    0  655   26.69473   26.88416  0.71%     -   15s
     0     0   26.88416    0  641   26.69473   26.88416  0.71%     -   15s
H    0     0                      26.7106128   26.88416  0.65%     -   15s
     0     0   26.84782    0  529   26.71061   26.84782  0.51%     -   15s
     0     0   26.84312    0  503   26.71061   26.84312  0.50%     -   15s
     0     0   26.84289    0  495   26.71061   26.84289  0.50%     -   15s
     0     0   26.83968    0  358   26.71061   26.83968  0.48%     -   15s
     0     0   26.83708    0  390   26.71061   26.83708  0.47%     -   15s
     0     0   26.83658    0  181   26.71061   26.83658  0.47%     -   15s
     0     0   26.83658    0  184   26.71061   26.83658  0.47%     -   15s
     0     0   26.82079    0  394   26.71061   26.82079  0.41%     -   15s
     0     0   26.82079    0  560   26.71061   26.82079  0.41%     -   16s
H    0     0                      26.7225944   26.82079  0.37%     -   17s
     0     0   26.82079    0  250   26.72259   26.82079  0.37%     -   17s
     0     0   26.82079    0  278   26.72259   26.82079  0.37%     -   17s
H    0     0                      26.7795279   26.82079  0.15%     -   17s
*    0     0               0      26.8105712   26.81057  0.00%     -   17s

Cutting planes:
  Gomory: 9
  Cover: 4
  Implied bound: 133
  Clique: 2
  MIR: 10
  Flow cover: 35
  RLT: 42
  Relax-and-lift: 6

Explored 1 nodes (68125 simplex iterations) in 17.13 seconds (35.56 work units)
Thread count was 1 (of 11 available processors)

Solution count 10: 26.8106 26.8106 26.7795 ... 26.6887

Optimal solution found (tolerance 1.00e-04)
Best objective 2.681057120547e+01, best bound 2.681057120547e+01, gap 0.0000%

Gurobi 12.0.0 (mac64[arm]) logging started Mon Feb 16 16:19:50 2026

Set parameter LogFile to value "/Users/lennardhansmann/Desktop/TNLAP/Instances/sol/G30P180A1(A).log"
Set parameter Threads to value 1
Gurobi Optimizer version 12.0.0 build v12.0.0rc1 (mac64[arm] - Darwin 25.2.0 25C56)

CPU model: Apple M3 Pro
Thread count: 11 physical cores, 11 logical processors, using up to 1 threads

Non-default parameters:
TimeLimit  3600
Threads  1

Optimize a model with 50634 rows, 53635 columns and 563121 nonzeros
Model fingerprint: 0x49da8f6c
Variable types: 8355 continuous, 45280 integer (45280 binary)
Coefficient statistics:
  Matrix range     [2e-04, 2e+04]
  Objective range  [1e+00, 1e+00]
  Bounds range     [1e+00, 2e+04]
  RHS range        [5e-01, 2e+04]
Presolve removed 28662 rows and 28409 columns
Presolve time: 3.33s
Presolved: 21972 rows, 25226 columns, 219853 nonzeros
Variable types: 1678 continuous, 23548 integer (21388 binary)
Found heuristic solution: objective 1.7146520
Found heuristic solution: objective 1.8070081

Root simplex log...

Iteration    Objective       Primal Inf.    Dual Inf.      Time
   23061    2.9200174e+01   7.535341e+04   0.000000e+00      5s
   31317    2.8940951e+01   0.000000e+00   0.000000e+00      6s
   31317    2.8940951e+01   0.000000e+00   0.000000e+00      6s

Root relaxation: objective 2.894095e+01, 31317 iterations, 2.61 seconds (5.34 work units)

    Nodes    |    Current Node    |     Objective Bounds      |     Work
 Expl Unexpl |  Obj  Depth IntInf | Incumbent    BestBd   Gap | It/Node Time

     0     0   28.94095    0  475    1.80701   28.94095  1502%     -    6s
H    0     0                      20.4634077   28.94095  41.4%     -    6s
H    0     0                      21.3930532   28.94095  35.3%     -    6s
H    0     0                      21.7174176   28.94095  33.3%     -    6s
H    0     0                      22.9464703   28.94095  26.1%     -    6s
H    0     0                      23.2200665   28.94095  24.6%     -    6s
H    0     0                      23.4505098   28.94095  23.4%     -    6s
H    0     0                      24.1570157   28.94095  19.8%     -    6s
H    0     0                      24.4640576   28.94095  18.3%     -    6s
H    0     0                      25.2907774   28.94095  14.4%     -    6s
H    0     0                      25.5487035   28.94095  13.3%     -    6s
H    0     0                      25.7536645   28.94095  12.4%     -    6s
H    0     0                      26.0872610   28.94095  10.9%     -    6s
H    0     0                      26.1377037   28.94095  10.7%     -    6s
H    0     0                      26.1544067   28.94095  10.7%     -    6s
     0     0   28.90281    0 1048   26.15441   28.90281  10.5%     -    7s
H    0     0                      26.4634737   28.90281  9.22%     -    7s
H    0     0                      26.8618270   28.90281  7.60%     -    7s
H    0     0                      26.8777592   28.90281  7.53%     -    7s
     0     0   28.90035    0  976   26.87776   28.90035  7.53%     -    7s
     0     0   28.79645    0 1134   26.87776   28.79645  7.14%     -    8s
     0     0   28.77873    0 1088   26.87776   28.77873  7.07%     -    8s
H    0     0                      27.0407869   28.77873  6.43%     -    8s
H    0     0                      27.1173798   28.77873  6.13%     -    8s
H    0     0                      27.1966089   28.77873  5.82%     -    8s
     0     0   28.76933    0 1116   27.19661   28.76933  5.78%     -    9s
     0     0   28.66924    0  676   27.19661   28.66924  5.41%     -    9s
     0     0   28.65846    0  707   27.19661   28.65846  5.38%     -    9s
H    0     0                      27.2652507   28.65846  5.11%     -    9s
H    0     0                      27.3946634   28.65846  4.61%     -    9s
H    0     0                      27.4624054   28.65846  4.36%     -    9s
H    0     0                      27.5891772   28.65846  3.88%     -    9s
H    0     0                      27.6646084   28.65846  3.59%     -    9s
H    0     0                      27.7803595   28.65846  3.16%     -    9s
H    0     0                      27.8240671   28.65846  3.00%     -    9s
H    0     0                      27.8453779   28.65846  2.92%     -    9s
     0     0   28.64929    0  723   27.84538   28.64929  2.89%     -   10s
     0     0   28.54799    0  756   27.84538   28.54799  2.52%     -   10s
     0     0   28.54195    0  662   27.84538   28.54195  2.50%     -   10s
     0     0   28.51863    0  625   27.84538   28.51863  2.42%     -   10s
     0     0   28.42284    0  720   27.84538   28.42284  2.07%     -   10s
     0     0   28.42203    0  572   27.84538   28.42203  2.07%     -   10s
H    0     0                      28.0142882   28.42203  1.46%     -   11s
     0     0   28.40479    0  649   28.01429   28.40479  1.39%     -   11s
     0     0   28.40400    0  661   28.01429   28.40400  1.39%     -   11s
     0     0   28.40117    0  704   28.01429   28.40117  1.38%     -   11s
     0     0   28.40117    0  957   28.01429   28.40117  1.38%     -   15s
     0     0   28.40117    0  956   28.01429   28.40117  1.38%     -   15s
     0     0   28.40117    0 1247   28.01429   28.40117  1.38%     -   16s
     0     0   28.40117    0 1062   28.01429   28.40117  1.38%     -   16s
     0     0   28.33658    0  542   28.01429   28.33658  1.15%     -   17s
     0     0   28.31982    0  488   28.01429   28.31982  1.09%     -   17s
     0     0   28.31823    0  522   28.01429   28.31823  1.08%     -   17s
H    0     0                      28.0299779   28.31823  1.03%     -   17s
     0     0   28.27382    0  618   28.02998   28.27382  0.87%     -   18s
     0     0   28.26401    0  667   28.02998   28.26401  0.83%     -   18s
     0     0   28.26387    0  664   28.02998   28.26387  0.83%     -   18s
     0     0   28.26387    0  662   28.02998   28.26387  0.83%     -   18s
     0     0   28.25673    0  643   28.02998   28.25673  0.81%     -   18s
     0     0   28.25599    0  686   28.02998   28.25599  0.81%     -   18s
     0     0   28.25520    0  757   28.02998   28.25520  0.80%     -   18s
     0     0   28.25502    0  567   28.02998   28.25502  0.80%     -   18s
     0     0   28.25502    0  565   28.02998   28.25502  0.80%     -   18s
     0     0   28.22185    0  426   28.02998   28.22185  0.68%     -   18s
     0     0   28.22169    0  396   28.02998   28.22169  0.68%     -   18s
     0     0   28.22169    0  396   28.02998   28.22169  0.68%     -   18s
H    0     0                      28.1180324   28.22169  0.37%     -   18s
H    0     0                      28.1272742   28.22169  0.34%     -   18s
     0     0   28.21866    0  324   28.12727   28.21866  0.32%     -   18s
     0     0   28.21560    0  264   28.12727   28.21560  0.31%     -   18s
     0     0   28.21560    0  143   28.12727   28.21560  0.31%     -   18s
     0     0   28.21016    0  214   28.12727   28.21016  0.29%     -   19s
     0     0   28.21016    0  394   28.12727   28.21016  0.29%     -   19s
H    0     0                      28.1706500   28.21016  0.14%     -   19s
     0     0   28.21016    0  220   28.17065   28.21016  0.14%     -   19s
     0     0   28.21016    0  222   28.17065   28.21016  0.14%     -   19s
H    0     0                      28.1920001   28.21016  0.06%     -   19s
H    0     0                      28.2012448   28.21016  0.03%     -   19s
     0     0   28.20778    0  161   28.20124   28.20778  0.02%     -   19s
     0     0   28.20756    0   86   28.20124   28.20756  0.02%     -   19s
     0     0   28.20746    0   55   28.20124   28.20746  0.02%     -   19s
     0     0   28.20717    0   85   28.20124   28.20717  0.02%     -   19s
H    0     0                      28.2061332   28.20717  0.00%     -   19s
H    0     0                      28.2070001   28.20717  0.00%     -   19s

Explored 1 nodes (91587 simplex iterations) in 19.79 seconds (41.21 work units)
Thread count was 1 (of 11 available processors)

Solution count 10: 28.207 28.2061 28.2012 ... 27.8454

Optimal solution found (tolerance 1.00e-04)
Best objective 2.820700009284e+01, best bound 2.820717346772e+01, gap 0.0006%

Gurobi 12.0.0 (mac64[arm]) logging started Mon Feb 16 16:21:42 2026

Set parameter LogFile to value "/Users/lennardhansmann/Desktop/TNLAP/Instances/sol/G30P180A1(A).log"
Set parameter Threads to value 1
Gurobi Optimizer version 12.0.0 build v12.0.0rc1 (mac64[arm] - Darwin 25.2.0 25C56)

CPU model: Apple M3 Pro
Thread count: 11 physical cores, 11 logical processors, using up to 1 threads

Non-default parameters:
TimeLimit  3600
Threads  1

Optimize a model with 24182 rows, 24084 columns and 238166 nonzeros
Model fingerprint: 0xfe4e0ce2
Variable types: 4698 continuous, 19386 integer (19386 binary)
Coefficient statistics:
  Matrix range     [4e-04, 2e+04]
  Objective range  [1e+00, 1e+00]
  Bounds range     [1e+00, 2e+04]
  RHS range        [5e-01, 2e+04]
Presolve removed 14452 rows and 14090 columns
Presolve time: 1.10s
Presolved: 9730 rows, 9994 columns, 83601 nonzeros
Variable types: 701 continuous, 9293 integer (8198 binary)
Found heuristic solution: objective 0.4081981
Found heuristic solution: objective 2.0467843

Root relaxation: objective 2.722354e+01, 7741 iterations, 0.24 seconds (0.42 work units)

    Nodes    |    Current Node    |     Objective Bounds      |     Work
 Expl Unexpl |  Obj  Depth IntInf | Incumbent    BestBd   Gap | It/Node Time

     0     0   27.22354    0  619    2.04678   27.22354  1230%     -    1s
     0     0   27.17863    0  614    2.04678   27.17863  1228%     -    1s
H    0     0                      15.5520174   27.17863  74.8%     -    1s
H    0     0                      15.6095849   27.17863  74.1%     -    1s
H    0     0                      15.9086404   27.17863  70.8%     -    1s
H    0     0                      16.6195169   27.17863  63.5%     -    1s
H    0     0                      16.6374574   27.17863  63.4%     -    1s
H    0     0                      16.7382098   27.17863  62.4%     -    1s
H    0     0                      16.7407098   27.17863  62.4%     -    1s
H    0     0                      16.8847752   27.17863  61.0%     -    1s
H    0     0                      17.0664280   27.17863  59.3%     -    1s
H    0     0                      17.0755873   27.17863  59.2%     -    1s
H    0     0                      19.1363662   27.17863  42.0%     -    1s
H    0     0                      20.9023680   27.17863  30.0%     -    1s
H    0     0                      20.9703636   27.17863  29.6%     -    1s
H    0     0                      21.6744481   27.17863  25.4%     -    1s
     0     0   26.09266    0  844   21.67445   26.09266  20.4%     -    1s
H    0     0                      22.1319173   26.09266  17.9%     -    1s
H    0     0                      22.7731938   26.09266  14.6%     -    1s
     0     0   25.94120    0  789   22.77319   25.94120  13.9%     -    1s
     0     0   25.93842    0  790   22.77319   25.93842  13.9%     -    2s
     0     0   25.28170    0  861   22.77319   25.28170  11.0%     -    2s
H    0     0                      23.0767215   25.28092  9.55%     -    2s
H    0     0                      23.0805380   25.28092  9.53%     -    2s
H    0     0                      23.1309721   25.28092  9.29%     -    2s
H    0     0                      23.3146981   25.28092  8.43%     -    2s
H    0     0                      23.5663661   25.28092  7.28%     -    2s
H    0     0                      23.6128277   25.28092  7.06%     -    2s
H    0     0                      23.6134087   25.28092  7.06%     -    2s
H    0     0                      23.6327449   25.28092  6.97%     -    2s
     0     0   25.09178    0  909   23.63274   25.09178  6.17%     -    2s
     0     0   25.07538    0  829   23.63274   25.07538  6.10%     -    2s
     0     0   25.07332    0  895   23.63274   25.07332  6.10%     -    2s
     0     0   25.07272    0  930   23.63274   25.07272  6.09%     -    2s
     0     0   25.07268    0  919   23.63274   25.07268  6.09%     -    2s
     0     0   24.70124    0  592   23.63274   24.70124  4.52%     -    2s
H    0     0                      23.7191480   24.70124  4.14%     -    2s
H    0     0                      24.0224813   24.70124  2.83%     -    2s
H    0     0                      24.0270304   24.70124  2.81%     -    2s
H    0     0                      24.4037108   24.70124  1.22%     -    2s
H    0     0                      24.4800644   24.70124  0.90%     -    2s
     0     0   24.68172    0  560   24.48006   24.68172  0.82%     -    3s
     0     0   24.67799    0  486   24.48006   24.67799  0.81%     -    3s
     0     0   24.67799    0  487   24.48006   24.67799  0.81%     -    3s
     0     0   24.67799    0  493   24.48006   24.67799  0.81%     -    3s
     0     0   24.64329    0  610   24.48006   24.64329  0.67%     -    3s
     0     0   24.64329    0  454   24.48006   24.64329  0.67%     -    3s
     0     0   24.64329    0  453   24.48006   24.64329  0.67%     -    3s
     0     0   24.61732    0  386   24.48006   24.61732  0.56%     -    3s
     0     0   24.61732    0  380   24.48006   24.61732  0.56%     -    3s
     0     0   24.60717    0  295   24.48006   24.60717  0.52%     -    3s
     0     0   24.60717    0  295   24.48006   24.60717  0.52%     -    3s
     0     0   24.60717    0  295   24.48006   24.60717  0.52%     -    3s
     0     0   24.60717    0  291   24.48006   24.60717  0.52%     -    4s
H    0     0                      24.5416378   24.60717  0.27%     -    4s
     0     0   24.60717    0  309   24.54164   24.60717  0.27%     -    4s
     0     0   24.60717    0  139   24.54164   24.60717  0.27%     -    4s
     0     0   24.60717    0  156   24.54164   24.60717  0.27%     -    4s
     0     0   24.60627    0  164   24.54164   24.60627  0.26%     -    4s
H    0     0                      24.5450243   24.60473  0.24%     -    4s
H    0     0                      24.5959246   24.60473  0.04%     -    4s
     0     0     cutoff    0        24.59592   24.59592  0.00%     -    4s

Cutting planes:
  Gomory: 3
  Implied bound: 2
  Clique: 1
  MIR: 2
  Flow cover: 1
  GUB cover: 1
  Zero half: 2

Explored 1 nodes (20551 simplex iterations) in 4.30 seconds (7.22 work units)
Thread count was 1 (of 11 available processors)

Solution count 10: 24.5959 24.545 24.5416 ... 23.6134

Optimal solution found (tolerance 1.00e-04)
Best objective 2.459592457140e+01, best bound 2.459592457140e+01, gap 0.0000%

Gurobi 12.0.0 (mac64[arm]) logging started Tue Feb 17 08:59:23 2026

Set parameter LogFile to value "/Users/lennardhansmann/Desktop/TNLAP/Instances/sol/G30P180A1(A).log"
Set parameter Threads to value 1
Gurobi Optimizer version 12.0.0 build v12.0.0rc1 (mac64[arm] - Darwin 25.2.0 25C56)

CPU model: Apple M3 Pro
Thread count: 11 physical cores, 11 logical processors, using up to 1 threads

Non-default parameters:
TimeLimit  3600
Threads  1

Optimize a model with 28415 rows, 28420 columns and 206128 nonzeros
Model fingerprint: 0x3ce03add
Variable types: 7542 continuous, 20878 integer (20878 binary)
Coefficient statistics:
  Matrix range     [4e-04, 2e+04]
  Objective range  [1e+00, 1e+00]
  Bounds range     [1e+00, 2e+04]
  RHS range        [5e-01, 2e+04]
Presolve removed 15612 rows and 15388 columns
Presolve time: 1.06s
Presolved: 12803 rows, 13032 columns, 90597 nonzeros
Variable types: 860 continuous, 12172 integer (10677 binary)
Found heuristic solution: objective 1.4490379

Root relaxation: objective 2.696044e+01, 9187 iterations, 0.25 seconds (0.36 work units)

    Nodes    |    Current Node    |     Objective Bounds      |     Work
 Expl Unexpl |  Obj  Depth IntInf | Incumbent    BestBd   Gap | It/Node Time

     0     0   26.96044    0  748    1.44904   26.96044  1761%     -    1s
H    0     0                      20.0708937   26.96044  34.3%     -    1s
H    0     0                      20.1508806   26.96044  33.8%     -    1s
H    0     0                      20.7786737   26.96044  29.8%     -    1s
H    0     0                      20.9777650   26.96044  28.5%     -    1s
H    0     0                      21.1784034   26.96044  27.3%     -    1s
     0     0   25.39167    0 1316   21.17840   25.39167  19.9%     -    1s
     0     0   25.39087    0 1227   21.17840   25.39087  19.9%     -    1s
H    0     0                      21.4153194   25.38890  18.6%     -    2s
H    0     0                      22.0246213   25.38890  15.3%     -    2s
H    0     0                      22.0937597   25.38890  14.9%     -    2s
     0     0   24.72506    0 1146   22.09376   24.72506  11.9%     -    2s
     0     0   24.64044    0 1419   22.09376   24.64044  11.5%     -    2s
     0     0   24.64037    0 1375   22.09376   24.64037  11.5%     -    2s
     0     0   24.63204    0 1169   22.09376   24.63204  11.5%     -    2s
     0     0   23.66420    0  471   22.09376   23.66420  7.11%     -    2s
     0     0   23.66418    0  457   22.09376   23.66418  7.11%     -    2s
H    0     0                      22.4382964   23.66411  5.46%     -    2s
H    0     0                      22.7443446   23.66411  4.04%     -    2s
     0     0   23.61689    0  432   22.74434   23.61689  3.84%     -    2s
     0     0   23.61198    0  472   22.74434   23.61198  3.81%     -    2s
     0     0   23.61173    0  424   22.74434   23.61173  3.81%     -    2s
     0     0   23.39304    0  393   22.74434   23.39304  2.85%     -    2s
H    0     0                      23.1176206   23.38794  1.17%     -    2s
H    0     0                      23.1716414   23.38794  0.93%     -    2s
H    0     0                      23.3187924   23.38794  0.30%     -    2s
     0     0   23.34422    0   34   23.31879   23.34422  0.11%     -    2s
     0     0   23.33645    0    8   23.31879   23.33645  0.08%     -    2s
     0     0   23.33645    0    1   23.31879   23.33645  0.08%     -    2s
*    0     0               0      23.3364466   23.33645  0.00%     -    2s

Cutting planes:
  Learned: 147
  Gomory: 5
  Cover: 104
  Implied bound: 314
  Clique: 90
  MIR: 37
  StrongCG: 2
  Flow cover: 42
  GUB cover: 11
  Zero half: 3
  Mod-K: 1
  RLT: 51
  Relax-and-lift: 22
  BQP: 23
  PSD: 4

Explored 1 nodes (16015 simplex iterations) in 2.96 seconds (4.84 work units)
Thread count was 1 (of 11 available processors)

Solution count 10: 23.3364 23.3188 23.1716 ... 21.1784

Optimal solution found (tolerance 1.00e-04)
Best objective 2.333644656873e+01, best bound 2.333644656873e+01, gap 0.0000%

Gurobi 12.0.0 (mac64[arm]) logging started Tue Feb 17 09:16:32 2026

Set parameter LogFile to value "/Users/lennardhansmann/Desktop/TNLAP/Instances/sol/G30P180A1(A).log"
Set parameter Threads to value 1
Gurobi Optimizer version 12.0.0 build v12.0.0rc1 (mac64[arm] - Darwin 25.2.0 25C56)

CPU model: Apple M3 Pro
Thread count: 11 physical cores, 11 logical processors, using up to 1 threads

Non-default parameters:
TimeLimit  3600
Threads  1

Optimize a model with 28415 rows, 28420 columns and 206124 nonzeros
Model fingerprint: 0x67beff69
Variable types: 7542 continuous, 20878 integer (20878 binary)
Coefficient statistics:
  Matrix range     [9e-04, 2e+04]
  Objective range  [1e+00, 1e+00]
  Bounds range     [1e+00, 2e+04]
  RHS range        [5e-01, 2e+04]
Presolve removed 15209 rows and 15112 columns
Presolve time: 1.01s
Presolved: 13206 rows, 13308 columns, 95484 nonzeros
Variable types: 904 continuous, 12404 integer (10890 binary)
Found heuristic solution: objective 1.1953341

Root relaxation: objective 2.658295e+01, 7626 iterations, 0.15 seconds (0.22 work units)

    Nodes    |    Current Node    |     Objective Bounds      |     Work
 Expl Unexpl |  Obj  Depth IntInf | Incumbent    BestBd   Gap | It/Node Time

     0     0   26.58295    0  941    1.19533   26.58295  2124%     -    1s
     0     0   26.58145    0  929    1.19533   26.58145  2124%     -    1s
H    0     0                      20.1058657   26.58145  32.2%     -    1s
H    0     0                      21.2084219   26.58145  25.3%     -    1s
H    0     0                      21.5978463   26.58145  23.1%     -    1s
H    0     0                      21.6455884   26.58145  22.8%     -    1s
     0     0   25.02504    0 1102   21.64559   25.02504  15.6%     -    1s
     0     0   24.94193    0 1140   21.64559   24.94193  15.2%     -    1s
H    0     0                      21.9221788   24.94137  13.8%     -    1s
H    0     0                      22.9763169   24.94137  8.55%     -    1s
     0     0   24.63106    0 1305   22.97632   24.63106  7.20%     -    2s
     0     0   24.59924    0 1243   22.97632   24.59924  7.06%     -    2s
     0     0   24.59922    0 1203   22.97632   24.59922  7.06%     -    2s
     0     0   24.59906    0 1149   22.97632   24.59906  7.06%     -    2s
     0     0   24.14903    0  450   22.97632   24.14903  5.10%     -    2s
H    0     0                      23.0045909   24.14892  4.97%     -    2s
H    0     0                      23.0558702   24.14892  4.74%     -    2s
H    0     0                      23.1373029   24.14892  4.37%     -    2s
     0     0   24.08475    0  270   23.13730   24.08475  4.09%     -    2s
     0     0   24.06784    0  497   23.13730   24.06784  4.02%     -    2s
     0     0   24.06381    0  506   23.13730   24.06381  4.00%     -    2s
     0     0   23.86977    0  197   23.13730   23.86977  3.17%     -    2s
H    0     0                      23.8163578   23.86964  0.22%     -    2s
     0     0   23.85918    0   55   23.81636   23.85918  0.18%     -    2s
     0     0   23.84071    0    1   23.81636   23.84071  0.10%     -    2s
     0     0   23.84071    0    1   23.81636   23.84071  0.10%     -    2s
     0     0          -    0        23.81636   23.81833  0.01%     -    2s

Cutting planes:
  Learned: 128
  Gomory: 15
  Cover: 105
  Implied bound: 353
  Clique: 114
  MIR: 33
  StrongCG: 6
  Flow cover: 54
  GUB cover: 9
  Zero half: 1
  RLT: 65
  Relax-and-lift: 30
  BQP: 31
  PSD: 3

Explored 1 nodes (14894 simplex iterations) in 2.89 seconds (4.92 work units)
Thread count was 1 (of 11 available processors)

Solution count 10: 23.8164 23.1373 23.0559 ... 20.1059

Optimal solution found (tolerance 1.00e-04)
Best objective 2.381635783027e+01, best bound 2.381832920287e+01, gap 0.0083%

Gurobi 12.0.0 (mac64[arm]) logging started Tue Feb 17 09:18:27 2026

Set parameter LogFile to value "/Users/lennardhansmann/Desktop/TNLAP/Instances/sol/G30P180A1(A).log"
Set parameter Threads to value 1
Gurobi Optimizer version 12.0.0 build v12.0.0rc1 (mac64[arm] - Darwin 25.2.0 25C56)

CPU model: Apple M3 Pro
Thread count: 11 physical cores, 11 logical processors, using up to 1 threads

Non-default parameters:
TimeLimit  3600
Threads  1

Optimize a model with 23216 rows, 23221 columns and 117743 nonzeros
Model fingerprint: 0x5a80692b
Variable types: 7542 continuous, 15679 integer (15679 binary)
Coefficient statistics:
  Matrix range     [3e-03, 2e+04]
  Objective range  [1e+00, 1e+00]
  Bounds range     [1e+00, 2e+04]
  RHS range        [5e-01, 2e+04]
Presolve removed 16584 rows and 16258 columns
Presolve time: 0.45s
Presolved: 6632 rows, 6963 columns, 30265 nonzeros
Variable types: 437 continuous, 6526 integer (5739 binary)
Found heuristic solution: objective 3.8052931
Found heuristic solution: objective 4.3986843

Root relaxation: objective 2.341247e+01, 1642 iterations, 0.01 seconds (0.02 work units)

    Nodes    |    Current Node    |     Objective Bounds      |     Work
 Expl Unexpl |  Obj  Depth IntInf | Incumbent    BestBd   Gap | It/Node Time

     0     0   23.41247    0  550    4.39868   23.41247   432%     -    0s
     0     0   23.40411    0  548    4.39868   23.40411   432%     -    0s
H    0     0                      11.9928914   23.40411  95.1%     -    0s
H    0     0                      13.4354802   23.40411  74.2%     -    0s
H    0     0                      13.7426427   23.40411  70.3%     -    0s
H    0     0                      14.2345778   23.40411  64.4%     -    0s
     0     0   18.76952    0  445   14.23458   18.76952  31.9%     -    0s
H    0     0                      14.3151888   18.75152  31.0%     -    0s
H    0     0                      14.5142457   18.75152  29.2%     -    0s
H    0     0                      14.8098411   18.75152  26.6%     -    0s
H    0     0                      15.6820011   18.75152  19.6%     -    0s
H    0     0                      16.1768568   18.75152  15.9%     -    0s
     0     0   18.63624    0  516   16.17686   18.63624  15.2%     -    0s
     0     0   18.63418    0  516   16.17686   18.63418  15.2%     -    0s
     0     0   17.04919    0  236   16.17686   17.04919  5.39%     -    0s
H    0     0                      16.3994437   17.04690  3.95%     -    0s
     0     0   16.89588    0  246   16.39944   16.89588  3.03%     -    0s
     0     0   16.89588    0  246   16.39944   16.89588  3.03%     -    0s
     0     0   16.79086    0   12   16.39944   16.79086  2.39%     -    0s
H    0     0                      16.6014107   16.79086  1.14%     -    0s
     0     0   16.78035    0   50   16.60141   16.78035  1.08%     -    0s
     0     0   16.70879    0   66   16.60141   16.70879  0.65%     -    0s
*    0     0               0      16.6960958   16.69610  0.00%     -    0s

Cutting planes:
  Learned: 28
  Gomory: 18
  Lift-and-project: 5
  Cover: 134
  Implied bound: 134
  Clique: 121
  MIR: 56
  StrongCG: 11
  Flow cover: 20
  GUB cover: 7
  Zero half: 7
  RLT: 22
  Relax-and-lift: 18
  BQP: 5

Explored 1 nodes (3396 simplex iterations) in 0.86 seconds (1.21 work units)
Thread count was 1 (of 11 available processors)

Solution count 10: 16.6961 16.6014 16.3994 ... 13.7426

Optimal solution found (tolerance 1.00e-04)
Best objective 1.669609578652e+01, best bound 1.669609578652e+01, gap 0.0000%
